[ 2018-07-31 17:51:37,163][cascade_classifier.fit_transform] X_groups_train.shape=[(12528, 8)],y_train.shape=(12528,),X_groups_test.shape=[(5370, 8)],y_test.shape=(5370,)
[ 2018-07-31 17:51:37,165][cascade_classifier.fit_transform] group_dims=[8]
[ 2018-07-31 17:51:37,167][cascade_classifier.fit_transform] group_starts=[0]
[ 2018-07-31 17:51:37,168][cascade_classifier.fit_transform] group_ends=[8]
[ 2018-07-31 17:51:37,169][cascade_classifier.fit_transform] X_train.shape=(12528, 8),X_test.shape=(5370, 8)
[ 2018-07-31 17:51:37,170][cascade_classifier.fit_transform] [layer=0] look_indexs=[0], X_cur_train.shape=(12528, 8), X_cur_test.shape=(5370, 8)
[ 2018-07-31 17:51:38,165][kfold_wrapper.log_eval_metrics] Accuracy(layer_0 - estimator_0 - 10_folds.train_0.predict)=98.41%
[ 2018-07-31 17:51:39,719][kfold_wrapper.log_eval_metrics] Accuracy(layer_0 - estimator_0 - 10_folds.train_1.predict)=97.85%
[ 2018-07-31 17:51:41,260][kfold_wrapper.log_eval_metrics] Accuracy(layer_0 - estimator_0 - 10_folds.train_2.predict)=98.80%
[ 2018-07-31 17:51:42,455][kfold_wrapper.log_eval_metrics] Accuracy(layer_0 - estimator_0 - 10_folds.train_3.predict)=97.45%
[ 2018-07-31 17:51:43,515][kfold_wrapper.log_eval_metrics] Accuracy(layer_0 - estimator_0 - 10_folds.train_4.predict)=97.45%
[ 2018-07-31 17:51:44,558][kfold_wrapper.log_eval_metrics] Accuracy(layer_0 - estimator_0 - 10_folds.train_5.predict)=98.08%
[ 2018-07-31 17:51:45,598][kfold_wrapper.log_eval_metrics] Accuracy(layer_0 - estimator_0 - 10_folds.train_6.predict)=97.76%
[ 2018-07-31 17:51:46,658][kfold_wrapper.log_eval_metrics] Accuracy(layer_0 - estimator_0 - 10_folds.train_7.predict)=97.52%
[ 2018-07-31 17:51:47,719][kfold_wrapper.log_eval_metrics] Accuracy(layer_0 - estimator_0 - 10_folds.train_8.predict)=97.76%
[ 2018-07-31 17:51:48,772][kfold_wrapper.log_eval_metrics] Accuracy(layer_0 - estimator_0 - 10_folds.train_9.predict)=98.16%
[ 2018-07-31 17:51:49,002][kfold_wrapper.log_eval_metrics] Accuracy(layer_0 - estimator_0 - 10_folds.train_cv.predict)=97.92%
[ 2018-07-31 17:51:49,003][kfold_wrapper.log_eval_metrics] Accuracy(layer_0 - estimator_0 - 10_folds.test.predict)=98.04%
[ 2018-07-31 17:51:49,632][kfold_wrapper.log_eval_metrics] Accuracy(layer_0 - estimator_1 - 10_folds.train_0.predict)=97.61%
[ 2018-07-31 17:51:50,476][kfold_wrapper.log_eval_metrics] Accuracy(layer_0 - estimator_1 - 10_folds.train_1.predict)=97.37%
[ 2018-07-31 17:51:51,323][kfold_wrapper.log_eval_metrics] Accuracy(layer_0 - estimator_1 - 10_folds.train_2.predict)=98.01%
[ 2018-07-31 17:51:52,050][kfold_wrapper.log_eval_metrics] Accuracy(layer_0 - estimator_1 - 10_folds.train_3.predict)=98.64%
[ 2018-07-31 17:51:52,892][kfold_wrapper.log_eval_metrics] Accuracy(layer_0 - estimator_1 - 10_folds.train_4.predict)=97.92%
[ 2018-07-31 17:51:53,741][kfold_wrapper.log_eval_metrics] Accuracy(layer_0 - estimator_1 - 10_folds.train_5.predict)=98.40%
[ 2018-07-31 17:51:54,577][kfold_wrapper.log_eval_metrics] Accuracy(layer_0 - estimator_1 - 10_folds.train_6.predict)=98.08%
[ 2018-07-31 17:51:55,426][kfold_wrapper.log_eval_metrics] Accuracy(layer_0 - estimator_1 - 10_folds.train_7.predict)=97.52%
[ 2018-07-31 17:51:56,327][kfold_wrapper.log_eval_metrics] Accuracy(layer_0 - estimator_1 - 10_folds.train_8.predict)=97.60%
[ 2018-07-31 17:51:57,343][kfold_wrapper.log_eval_metrics] Accuracy(layer_0 - estimator_1 - 10_folds.train_9.predict)=97.52%
[ 2018-07-31 17:51:57,593][kfold_wrapper.log_eval_metrics] Accuracy(layer_0 - estimator_1 - 10_folds.train_cv.predict)=97.87%
[ 2018-07-31 17:51:57,594][kfold_wrapper.log_eval_metrics] Accuracy(layer_0 - estimator_1 - 10_folds.test.predict)=98.10%
[ 2018-07-31 17:51:57,761][kfold_wrapper.log_eval_metrics] Accuracy(layer_0 - estimator_2 - 10_folds.train_0.predict)=98.01%
[ 2018-07-31 17:51:57,895][kfold_wrapper.log_eval_metrics] Accuracy(layer_0 - estimator_2 - 10_folds.train_1.predict)=97.93%
[ 2018-07-31 17:51:58,017][kfold_wrapper.log_eval_metrics] Accuracy(layer_0 - estimator_2 - 10_folds.train_2.predict)=97.85%
[ 2018-07-31 17:51:58,179][kfold_wrapper.log_eval_metrics] Accuracy(layer_0 - estimator_2 - 10_folds.train_3.predict)=98.08%
[ 2018-07-31 17:51:58,313][kfold_wrapper.log_eval_metrics] Accuracy(layer_0 - estimator_2 - 10_folds.train_4.predict)=97.21%
[ 2018-07-31 17:51:58,447][kfold_wrapper.log_eval_metrics] Accuracy(layer_0 - estimator_2 - 10_folds.train_5.predict)=97.68%
[ 2018-07-31 17:51:58,557][kfold_wrapper.log_eval_metrics] Accuracy(layer_0 - estimator_2 - 10_folds.train_6.predict)=97.04%
[ 2018-07-31 17:51:58,678][kfold_wrapper.log_eval_metrics] Accuracy(layer_0 - estimator_2 - 10_folds.train_7.predict)=98.48%
[ 2018-07-31 17:51:58,798][kfold_wrapper.log_eval_metrics] Accuracy(layer_0 - estimator_2 - 10_folds.train_8.predict)=98.16%
[ 2018-07-31 17:51:58,924][kfold_wrapper.log_eval_metrics] Accuracy(layer_0 - estimator_2 - 10_folds.train_9.predict)=97.84%
[ 2018-07-31 17:51:58,927][kfold_wrapper.log_eval_metrics] Accuracy(layer_0 - estimator_2 - 10_folds.train_cv.predict)=97.83%
[ 2018-07-31 17:51:58,938][kfold_wrapper.log_eval_metrics] Accuracy(layer_0 - estimator_2 - 10_folds.test.predict)=97.97%
[ 2018-07-31 17:51:58,942][cascade_classifier.calc_accuracy] Accuracy(layer_0 - train.classifier_average)=97.91%
[ 2018-07-31 17:51:58,946][cascade_classifier.calc_accuracy] Accuracy(layer_0 - test.classifier_average)=98.08%
[ 2018-07-31 17:51:58,950][cascade_classifier.fit_transform] [layer=1] look_indexs=[0], X_cur_train.shape=(12528, 14), X_cur_test.shape=(5370, 14)
[ 2018-07-31 17:52:00,293][kfold_wrapper.log_eval_metrics] Accuracy(layer_1 - estimator_0 - 10_folds.train_0.predict)=98.72%
[ 2018-07-31 17:52:01,804][kfold_wrapper.log_eval_metrics] Accuracy(layer_1 - estimator_0 - 10_folds.train_1.predict)=98.01%
[ 2018-07-31 17:52:02,973][kfold_wrapper.log_eval_metrics] Accuracy(layer_1 - estimator_0 - 10_folds.train_2.predict)=97.69%
[ 2018-07-31 17:52:04,135][kfold_wrapper.log_eval_metrics] Accuracy(layer_1 - estimator_0 - 10_folds.train_3.predict)=97.61%
[ 2018-07-31 17:52:05,279][kfold_wrapper.log_eval_metrics] Accuracy(layer_1 - estimator_0 - 10_folds.train_4.predict)=98.24%
[ 2018-07-31 17:52:06,470][kfold_wrapper.log_eval_metrics] Accuracy(layer_1 - estimator_0 - 10_folds.train_5.predict)=97.92%
[ 2018-07-31 17:52:07,642][kfold_wrapper.log_eval_metrics] Accuracy(layer_1 - estimator_0 - 10_folds.train_6.predict)=98.00%
[ 2018-07-31 17:52:08,786][kfold_wrapper.log_eval_metrics] Accuracy(layer_1 - estimator_0 - 10_folds.train_7.predict)=97.76%
[ 2018-07-31 17:52:09,955][kfold_wrapper.log_eval_metrics] Accuracy(layer_1 - estimator_0 - 10_folds.train_8.predict)=97.92%
[ 2018-07-31 17:52:11,159][kfold_wrapper.log_eval_metrics] Accuracy(layer_1 - estimator_0 - 10_folds.train_9.predict)=97.92%
[ 2018-07-31 17:52:11,391][kfold_wrapper.log_eval_metrics] Accuracy(layer_1 - estimator_0 - 10_folds.train_cv.predict)=97.98%
[ 2018-07-31 17:52:11,392][kfold_wrapper.log_eval_metrics] Accuracy(layer_1 - estimator_0 - 10_folds.test.predict)=98.06%
[ 2018-07-31 17:52:12,008][kfold_wrapper.log_eval_metrics] Accuracy(layer_1 - estimator_1 - 10_folds.train_0.predict)=98.41%
[ 2018-07-31 17:52:12,849][kfold_wrapper.log_eval_metrics] Accuracy(layer_1 - estimator_1 - 10_folds.train_1.predict)=98.17%
[ 2018-07-31 17:52:13,732][kfold_wrapper.log_eval_metrics] Accuracy(layer_1 - estimator_1 - 10_folds.train_2.predict)=98.09%
[ 2018-07-31 17:52:14,681][kfold_wrapper.log_eval_metrics] Accuracy(layer_1 - estimator_1 - 10_folds.train_3.predict)=98.00%
[ 2018-07-31 17:52:15,523][kfold_wrapper.log_eval_metrics] Accuracy(layer_1 - estimator_1 - 10_folds.train_4.predict)=98.00%
[ 2018-07-31 17:52:16,480][kfold_wrapper.log_eval_metrics] Accuracy(layer_1 - estimator_1 - 10_folds.train_5.predict)=98.24%
[ 2018-07-31 17:52:17,489][kfold_wrapper.log_eval_metrics] Accuracy(layer_1 - estimator_1 - 10_folds.train_6.predict)=97.84%
[ 2018-07-31 17:52:18,553][kfold_wrapper.log_eval_metrics] Accuracy(layer_1 - estimator_1 - 10_folds.train_7.predict)=97.92%
[ 2018-07-31 17:52:19,655][kfold_wrapper.log_eval_metrics] Accuracy(layer_1 - estimator_1 - 10_folds.train_8.predict)=97.92%
[ 2018-07-31 17:52:20,775][kfold_wrapper.log_eval_metrics] Accuracy(layer_1 - estimator_1 - 10_folds.train_9.predict)=97.76%
[ 2018-07-31 17:52:21,008][kfold_wrapper.log_eval_metrics] Accuracy(layer_1 - estimator_1 - 10_folds.train_cv.predict)=98.04%
[ 2018-07-31 17:52:21,009][kfold_wrapper.log_eval_metrics] Accuracy(layer_1 - estimator_1 - 10_folds.test.predict)=98.08%
[ 2018-07-31 17:52:21,151][kfold_wrapper.log_eval_metrics] Accuracy(layer_1 - estimator_2 - 10_folds.train_0.predict)=98.09%
[ 2018-07-31 17:52:21,329][kfold_wrapper.log_eval_metrics] Accuracy(layer_1 - estimator_2 - 10_folds.train_1.predict)=98.33%
[ 2018-07-31 17:52:21,461][kfold_wrapper.log_eval_metrics] Accuracy(layer_1 - estimator_2 - 10_folds.train_2.predict)=97.85%
[ 2018-07-31 17:52:21,607][kfold_wrapper.log_eval_metrics] Accuracy(layer_1 - estimator_2 - 10_folds.train_3.predict)=97.77%
[ 2018-07-31 17:52:21,781][kfold_wrapper.log_eval_metrics] Accuracy(layer_1 - estimator_2 - 10_folds.train_4.predict)=98.08%
[ 2018-07-31 17:52:21,946][kfold_wrapper.log_eval_metrics] Accuracy(layer_1 - estimator_2 - 10_folds.train_5.predict)=97.92%
[ 2018-07-31 17:52:22,094][kfold_wrapper.log_eval_metrics] Accuracy(layer_1 - estimator_2 - 10_folds.train_6.predict)=97.68%
[ 2018-07-31 17:52:22,232][kfold_wrapper.log_eval_metrics] Accuracy(layer_1 - estimator_2 - 10_folds.train_7.predict)=98.16%
[ 2018-07-31 17:52:22,362][kfold_wrapper.log_eval_metrics] Accuracy(layer_1 - estimator_2 - 10_folds.train_8.predict)=98.08%
[ 2018-07-31 17:52:22,470][kfold_wrapper.log_eval_metrics] Accuracy(layer_1 - estimator_2 - 10_folds.train_9.predict)=97.44%
[ 2018-07-31 17:52:22,472][kfold_wrapper.log_eval_metrics] Accuracy(layer_1 - estimator_2 - 10_folds.train_cv.predict)=97.94%
[ 2018-07-31 17:52:22,473][kfold_wrapper.log_eval_metrics] Accuracy(layer_1 - estimator_2 - 10_folds.test.predict)=98.04%
[ 2018-07-31 17:52:22,474][cascade_classifier.calc_accuracy] Accuracy(layer_1 - train.classifier_average)=98.00%
[ 2018-07-31 17:52:22,476][cascade_classifier.calc_accuracy] Accuracy(layer_1 - test.classifier_average)=98.06%
[ 2018-07-31 17:52:22,478][cascade_classifier.fit_transform] [layer=2] look_indexs=[0], X_cur_train.shape=(12528, 14), X_cur_test.shape=(5370, 14)
[ 2018-07-31 17:52:23,431][kfold_wrapper.log_eval_metrics] Accuracy(layer_2 - estimator_0 - 10_folds.train_0.predict)=97.77%
[ 2018-07-31 17:52:24,566][kfold_wrapper.log_eval_metrics] Accuracy(layer_2 - estimator_0 - 10_folds.train_1.predict)=97.93%
[ 2018-07-31 17:52:25,752][kfold_wrapper.log_eval_metrics] Accuracy(layer_2 - estimator_0 - 10_folds.train_2.predict)=97.53%
[ 2018-07-31 17:52:26,815][kfold_wrapper.log_eval_metrics] Accuracy(layer_2 - estimator_0 - 10_folds.train_3.predict)=97.92%
[ 2018-07-31 17:52:27,963][kfold_wrapper.log_eval_metrics] Accuracy(layer_2 - estimator_0 - 10_folds.train_4.predict)=98.32%
[ 2018-07-31 17:52:29,157][kfold_wrapper.log_eval_metrics] Accuracy(layer_2 - estimator_0 - 10_folds.train_5.predict)=97.68%
[ 2018-07-31 17:52:30,480][kfold_wrapper.log_eval_metrics] Accuracy(layer_2 - estimator_0 - 10_folds.train_6.predict)=98.08%
[ 2018-07-31 17:52:31,574][kfold_wrapper.log_eval_metrics] Accuracy(layer_2 - estimator_0 - 10_folds.train_7.predict)=97.68%
[ 2018-07-31 17:52:32,933][kfold_wrapper.log_eval_metrics] Accuracy(layer_2 - estimator_0 - 10_folds.train_8.predict)=97.92%
[ 2018-07-31 17:52:34,171][kfold_wrapper.log_eval_metrics] Accuracy(layer_2 - estimator_0 - 10_folds.train_9.predict)=98.00%
[ 2018-07-31 17:52:34,400][kfold_wrapper.log_eval_metrics] Accuracy(layer_2 - estimator_0 - 10_folds.train_cv.predict)=97.88%
[ 2018-07-31 17:52:34,401][kfold_wrapper.log_eval_metrics] Accuracy(layer_2 - estimator_0 - 10_folds.test.predict)=98.08%
[ 2018-07-31 17:52:35,024][kfold_wrapper.log_eval_metrics] Accuracy(layer_2 - estimator_1 - 10_folds.train_0.predict)=97.61%
[ 2018-07-31 17:52:36,017][kfold_wrapper.log_eval_metrics] Accuracy(layer_2 - estimator_1 - 10_folds.train_1.predict)=98.25%
[ 2018-07-31 17:52:37,065][kfold_wrapper.log_eval_metrics] Accuracy(layer_2 - estimator_1 - 10_folds.train_2.predict)=97.61%
[ 2018-07-31 17:52:38,016][kfold_wrapper.log_eval_metrics] Accuracy(layer_2 - estimator_1 - 10_folds.train_3.predict)=97.85%
[ 2018-07-31 17:52:39,105][kfold_wrapper.log_eval_metrics] Accuracy(layer_2 - estimator_1 - 10_folds.train_4.predict)=97.77%
[ 2018-07-31 17:52:40,190][kfold_wrapper.log_eval_metrics] Accuracy(layer_2 - estimator_1 - 10_folds.train_5.predict)=98.48%
[ 2018-07-31 17:52:41,128][kfold_wrapper.log_eval_metrics] Accuracy(layer_2 - estimator_1 - 10_folds.train_6.predict)=97.44%
[ 2018-07-31 17:52:42,120][kfold_wrapper.log_eval_metrics] Accuracy(layer_2 - estimator_1 - 10_folds.train_7.predict)=98.08%
[ 2018-07-31 17:52:43,118][kfold_wrapper.log_eval_metrics] Accuracy(layer_2 - estimator_1 - 10_folds.train_8.predict)=98.16%
[ 2018-07-31 17:52:44,085][kfold_wrapper.log_eval_metrics] Accuracy(layer_2 - estimator_1 - 10_folds.train_9.predict)=97.68%
[ 2018-07-31 17:52:44,329][kfold_wrapper.log_eval_metrics] Accuracy(layer_2 - estimator_1 - 10_folds.train_cv.predict)=97.89%
[ 2018-07-31 17:52:44,330][kfold_wrapper.log_eval_metrics] Accuracy(layer_2 - estimator_1 - 10_folds.test.predict)=98.01%
[ 2018-07-31 17:52:44,487][kfold_wrapper.log_eval_metrics] Accuracy(layer_2 - estimator_2 - 10_folds.train_0.predict)=97.53%
[ 2018-07-31 17:52:44,635][kfold_wrapper.log_eval_metrics] Accuracy(layer_2 - estimator_2 - 10_folds.train_1.predict)=97.77%
[ 2018-07-31 17:52:44,767][kfold_wrapper.log_eval_metrics] Accuracy(layer_2 - estimator_2 - 10_folds.train_2.predict)=97.69%
[ 2018-07-31 17:52:44,907][kfold_wrapper.log_eval_metrics] Accuracy(layer_2 - estimator_2 - 10_folds.train_3.predict)=97.92%
[ 2018-07-31 17:52:45,034][kfold_wrapper.log_eval_metrics] Accuracy(layer_2 - estimator_2 - 10_folds.train_4.predict)=98.08%
[ 2018-07-31 17:52:45,216][kfold_wrapper.log_eval_metrics] Accuracy(layer_2 - estimator_2 - 10_folds.train_5.predict)=98.24%
[ 2018-07-31 17:52:45,385][kfold_wrapper.log_eval_metrics] Accuracy(layer_2 - estimator_2 - 10_folds.train_6.predict)=98.00%
[ 2018-07-31 17:52:45,554][kfold_wrapper.log_eval_metrics] Accuracy(layer_2 - estimator_2 - 10_folds.train_7.predict)=98.40%
[ 2018-07-31 17:52:45,699][kfold_wrapper.log_eval_metrics] Accuracy(layer_2 - estimator_2 - 10_folds.train_8.predict)=97.28%
[ 2018-07-31 17:52:45,834][kfold_wrapper.log_eval_metrics] Accuracy(layer_2 - estimator_2 - 10_folds.train_9.predict)=98.96%
[ 2018-07-31 17:52:45,836][kfold_wrapper.log_eval_metrics] Accuracy(layer_2 - estimator_2 - 10_folds.train_cv.predict)=97.99%
[ 2018-07-31 17:52:45,837][kfold_wrapper.log_eval_metrics] Accuracy(layer_2 - estimator_2 - 10_folds.test.predict)=98.01%
[ 2018-07-31 17:52:45,839][cascade_classifier.calc_accuracy] Accuracy(layer_2 - train.classifier_average)=97.96%
[ 2018-07-31 17:52:45,840][cascade_classifier.calc_accuracy] Accuracy(layer_2 - test.classifier_average)=98.12%
[ 2018-07-31 17:52:45,842][cascade_classifier.fit_transform] [layer=3] look_indexs=[0], X_cur_train.shape=(12528, 14), X_cur_test.shape=(5370, 14)
[ 2018-07-31 17:52:46,789][kfold_wrapper.log_eval_metrics] Accuracy(layer_3 - estimator_0 - 10_folds.train_0.predict)=98.41%
[ 2018-07-31 17:52:47,981][kfold_wrapper.log_eval_metrics] Accuracy(layer_3 - estimator_0 - 10_folds.train_1.predict)=98.33%
[ 2018-07-31 17:52:49,176][kfold_wrapper.log_eval_metrics] Accuracy(layer_3 - estimator_0 - 10_folds.train_2.predict)=97.93%
[ 2018-07-31 17:52:50,366][kfold_wrapper.log_eval_metrics] Accuracy(layer_3 - estimator_0 - 10_folds.train_3.predict)=98.40%
[ 2018-07-31 17:52:51,553][kfold_wrapper.log_eval_metrics] Accuracy(layer_3 - estimator_0 - 10_folds.train_4.predict)=97.53%
[ 2018-07-31 17:52:52,813][kfold_wrapper.log_eval_metrics] Accuracy(layer_3 - estimator_0 - 10_folds.train_5.predict)=98.08%
[ 2018-07-31 17:52:53,962][kfold_wrapper.log_eval_metrics] Accuracy(layer_3 - estimator_0 - 10_folds.train_6.predict)=97.92%
[ 2018-07-31 17:52:55,150][kfold_wrapper.log_eval_metrics] Accuracy(layer_3 - estimator_0 - 10_folds.train_7.predict)=98.08%
[ 2018-07-31 17:52:56,343][kfold_wrapper.log_eval_metrics] Accuracy(layer_3 - estimator_0 - 10_folds.train_8.predict)=97.92%
[ 2018-07-31 17:52:57,504][kfold_wrapper.log_eval_metrics] Accuracy(layer_3 - estimator_0 - 10_folds.train_9.predict)=97.44%
[ 2018-07-31 17:52:57,743][kfold_wrapper.log_eval_metrics] Accuracy(layer_3 - estimator_0 - 10_folds.train_cv.predict)=98.00%
[ 2018-07-31 17:52:57,744][kfold_wrapper.log_eval_metrics] Accuracy(layer_3 - estimator_0 - 10_folds.test.predict)=97.82%
[ 2018-07-31 17:52:58,475][kfold_wrapper.log_eval_metrics] Accuracy(layer_3 - estimator_1 - 10_folds.train_0.predict)=97.77%
[ 2018-07-31 17:52:59,448][kfold_wrapper.log_eval_metrics] Accuracy(layer_3 - estimator_1 - 10_folds.train_1.predict)=98.01%
[ 2018-07-31 17:53:00,422][kfold_wrapper.log_eval_metrics] Accuracy(layer_3 - estimator_1 - 10_folds.train_2.predict)=98.56%
[ 2018-07-31 17:53:01,266][kfold_wrapper.log_eval_metrics] Accuracy(layer_3 - estimator_1 - 10_folds.train_3.predict)=98.40%
[ 2018-07-31 17:53:02,106][kfold_wrapper.log_eval_metrics] Accuracy(layer_3 - estimator_1 - 10_folds.train_4.predict)=98.24%
[ 2018-07-31 17:53:03,121][kfold_wrapper.log_eval_metrics] Accuracy(layer_3 - estimator_1 - 10_folds.train_5.predict)=97.92%
[ 2018-07-31 17:53:04,115][kfold_wrapper.log_eval_metrics] Accuracy(layer_3 - estimator_1 - 10_folds.train_6.predict)=98.24%
[ 2018-07-31 17:53:05,110][kfold_wrapper.log_eval_metrics] Accuracy(layer_3 - estimator_1 - 10_folds.train_7.predict)=97.12%
[ 2018-07-31 17:53:06,122][kfold_wrapper.log_eval_metrics] Accuracy(layer_3 - estimator_1 - 10_folds.train_8.predict)=98.24%
[ 2018-07-31 17:53:07,068][kfold_wrapper.log_eval_metrics] Accuracy(layer_3 - estimator_1 - 10_folds.train_9.predict)=97.44%
[ 2018-07-31 17:53:07,325][kfold_wrapper.log_eval_metrics] Accuracy(layer_3 - estimator_1 - 10_folds.train_cv.predict)=98.00%
[ 2018-07-31 17:53:07,326][kfold_wrapper.log_eval_metrics] Accuracy(layer_3 - estimator_1 - 10_folds.test.predict)=97.91%
[ 2018-07-31 17:53:07,477][kfold_wrapper.log_eval_metrics] Accuracy(layer_3 - estimator_2 - 10_folds.train_0.predict)=98.17%
[ 2018-07-31 17:53:07,647][kfold_wrapper.log_eval_metrics] Accuracy(layer_3 - estimator_2 - 10_folds.train_1.predict)=97.61%
[ 2018-07-31 17:53:07,852][kfold_wrapper.log_eval_metrics] Accuracy(layer_3 - estimator_2 - 10_folds.train_2.predict)=98.01%
[ 2018-07-31 17:53:07,969][kfold_wrapper.log_eval_metrics] Accuracy(layer_3 - estimator_2 - 10_folds.train_3.predict)=98.16%
[ 2018-07-31 17:53:08,096][kfold_wrapper.log_eval_metrics] Accuracy(layer_3 - estimator_2 - 10_folds.train_4.predict)=97.61%
[ 2018-07-31 17:53:08,225][kfold_wrapper.log_eval_metrics] Accuracy(layer_3 - estimator_2 - 10_folds.train_5.predict)=98.00%
[ 2018-07-31 17:53:08,347][kfold_wrapper.log_eval_metrics] Accuracy(layer_3 - estimator_2 - 10_folds.train_6.predict)=97.60%
[ 2018-07-31 17:53:08,486][kfold_wrapper.log_eval_metrics] Accuracy(layer_3 - estimator_2 - 10_folds.train_7.predict)=98.00%
[ 2018-07-31 17:53:08,630][kfold_wrapper.log_eval_metrics] Accuracy(layer_3 - estimator_2 - 10_folds.train_8.predict)=98.48%
[ 2018-07-31 17:53:08,770][kfold_wrapper.log_eval_metrics] Accuracy(layer_3 - estimator_2 - 10_folds.train_9.predict)=98.08%
[ 2018-07-31 17:53:08,772][kfold_wrapper.log_eval_metrics] Accuracy(layer_3 - estimator_2 - 10_folds.train_cv.predict)=97.97%
[ 2018-07-31 17:53:08,773][kfold_wrapper.log_eval_metrics] Accuracy(layer_3 - estimator_2 - 10_folds.test.predict)=98.06%
[ 2018-07-31 17:53:08,775][cascade_classifier.calc_accuracy] Accuracy(layer_3 - train.classifier_average)=98.00%
[ 2018-07-31 17:53:08,776][cascade_classifier.calc_accuracy] Accuracy(layer_3 - test.classifier_average)=98.04%
[ 2018-07-31 17:53:08,777][cascade_classifier.fit_transform] [layer=4] look_indexs=[0], X_cur_train.shape=(12528, 14), X_cur_test.shape=(5370, 14)
[ 2018-07-31 17:53:09,701][kfold_wrapper.log_eval_metrics] Accuracy(layer_4 - estimator_0 - 10_folds.train_0.predict)=98.17%
[ 2018-07-31 17:53:10,863][kfold_wrapper.log_eval_metrics] Accuracy(layer_4 - estimator_0 - 10_folds.train_1.predict)=97.61%
[ 2018-07-31 17:53:12,058][kfold_wrapper.log_eval_metrics] Accuracy(layer_4 - estimator_0 - 10_folds.train_2.predict)=98.48%
[ 2018-07-31 17:53:13,249][kfold_wrapper.log_eval_metrics] Accuracy(layer_4 - estimator_0 - 10_folds.train_3.predict)=98.24%
[ 2018-07-31 17:53:14,448][kfold_wrapper.log_eval_metrics] Accuracy(layer_4 - estimator_0 - 10_folds.train_4.predict)=98.24%
[ 2018-07-31 17:53:15,646][kfold_wrapper.log_eval_metrics] Accuracy(layer_4 - estimator_0 - 10_folds.train_5.predict)=97.12%
[ 2018-07-31 17:53:16,830][kfold_wrapper.log_eval_metrics] Accuracy(layer_4 - estimator_0 - 10_folds.train_6.predict)=97.76%
[ 2018-07-31 17:53:18,018][kfold_wrapper.log_eval_metrics] Accuracy(layer_4 - estimator_0 - 10_folds.train_7.predict)=97.52%
[ 2018-07-31 17:53:19,211][kfold_wrapper.log_eval_metrics] Accuracy(layer_4 - estimator_0 - 10_folds.train_8.predict)=98.08%
[ 2018-07-31 17:53:20,245][kfold_wrapper.log_eval_metrics] Accuracy(layer_4 - estimator_0 - 10_folds.train_9.predict)=98.24%
[ 2018-07-31 17:53:20,477][kfold_wrapper.log_eval_metrics] Accuracy(layer_4 - estimator_0 - 10_folds.train_cv.predict)=97.95%
[ 2018-07-31 17:53:20,478][kfold_wrapper.log_eval_metrics] Accuracy(layer_4 - estimator_0 - 10_folds.test.predict)=97.90%
[ 2018-07-31 17:53:21,206][kfold_wrapper.log_eval_metrics] Accuracy(layer_4 - estimator_1 - 10_folds.train_0.predict)=97.85%
[ 2018-07-31 17:53:22,188][kfold_wrapper.log_eval_metrics] Accuracy(layer_4 - estimator_1 - 10_folds.train_1.predict)=98.56%
[ 2018-07-31 17:53:23,026][kfold_wrapper.log_eval_metrics] Accuracy(layer_4 - estimator_1 - 10_folds.train_2.predict)=97.37%
[ 2018-07-31 17:53:23,980][kfold_wrapper.log_eval_metrics] Accuracy(layer_4 - estimator_1 - 10_folds.train_3.predict)=97.77%
[ 2018-07-31 17:53:24,938][kfold_wrapper.log_eval_metrics] Accuracy(layer_4 - estimator_1 - 10_folds.train_4.predict)=97.77%
[ 2018-07-31 17:53:25,890][kfold_wrapper.log_eval_metrics] Accuracy(layer_4 - estimator_1 - 10_folds.train_5.predict)=98.24%
[ 2018-07-31 17:53:26,849][kfold_wrapper.log_eval_metrics] Accuracy(layer_4 - estimator_1 - 10_folds.train_6.predict)=97.60%
[ 2018-07-31 17:53:27,803][kfold_wrapper.log_eval_metrics] Accuracy(layer_4 - estimator_1 - 10_folds.train_7.predict)=98.08%
[ 2018-07-31 17:53:28,764][kfold_wrapper.log_eval_metrics] Accuracy(layer_4 - estimator_1 - 10_folds.train_8.predict)=97.76%
[ 2018-07-31 17:53:29,791][kfold_wrapper.log_eval_metrics] Accuracy(layer_4 - estimator_1 - 10_folds.train_9.predict)=98.16%
[ 2018-07-31 17:53:30,026][kfold_wrapper.log_eval_metrics] Accuracy(layer_4 - estimator_1 - 10_folds.train_cv.predict)=97.92%
[ 2018-07-31 17:53:30,028][kfold_wrapper.log_eval_metrics] Accuracy(layer_4 - estimator_1 - 10_folds.test.predict)=97.84%
[ 2018-07-31 17:53:30,163][kfold_wrapper.log_eval_metrics] Accuracy(layer_4 - estimator_2 - 10_folds.train_0.predict)=98.56%
[ 2018-07-31 17:53:30,295][kfold_wrapper.log_eval_metrics] Accuracy(layer_4 - estimator_2 - 10_folds.train_1.predict)=97.77%
[ 2018-07-31 17:53:30,411][kfold_wrapper.log_eval_metrics] Accuracy(layer_4 - estimator_2 - 10_folds.train_2.predict)=98.09%
[ 2018-07-31 17:53:30,543][kfold_wrapper.log_eval_metrics] Accuracy(layer_4 - estimator_2 - 10_folds.train_3.predict)=97.85%
[ 2018-07-31 17:53:30,675][kfold_wrapper.log_eval_metrics] Accuracy(layer_4 - estimator_2 - 10_folds.train_4.predict)=97.77%
[ 2018-07-31 17:53:30,826][kfold_wrapper.log_eval_metrics] Accuracy(layer_4 - estimator_2 - 10_folds.train_5.predict)=97.92%
[ 2018-07-31 17:53:30,958][kfold_wrapper.log_eval_metrics] Accuracy(layer_4 - estimator_2 - 10_folds.train_6.predict)=98.48%
[ 2018-07-31 17:53:31,096][kfold_wrapper.log_eval_metrics] Accuracy(layer_4 - estimator_2 - 10_folds.train_7.predict)=98.00%
[ 2018-07-31 17:53:31,227][kfold_wrapper.log_eval_metrics] Accuracy(layer_4 - estimator_2 - 10_folds.train_8.predict)=97.60%
[ 2018-07-31 17:53:31,357][kfold_wrapper.log_eval_metrics] Accuracy(layer_4 - estimator_2 - 10_folds.train_9.predict)=98.08%
[ 2018-07-31 17:53:31,359][kfold_wrapper.log_eval_metrics] Accuracy(layer_4 - estimator_2 - 10_folds.train_cv.predict)=98.01%
[ 2018-07-31 17:53:31,360][kfold_wrapper.log_eval_metrics] Accuracy(layer_4 - estimator_2 - 10_folds.test.predict)=97.91%
[ 2018-07-31 17:53:31,362][cascade_classifier.calc_accuracy] Accuracy(layer_4 - train.classifier_average)=97.95%
[ 2018-07-31 17:53:31,363][cascade_classifier.calc_accuracy] Accuracy(layer_4 - test.classifier_average)=97.97%
[ 2018-07-31 17:53:31,363][cascade_classifier.fit_transform] [Result][Optimal Level Detected] opt_layer_num=2, accuracy_train=98.00%, accuracy_test=98.06%
[ 2018-07-31 17:53:31,388][cascade_classifier.transform] X_groups_test.shape=[(5370, 8)]
[ 2018-07-31 17:53:31,389][cascade_classifier.transform] group_dims=[8]
[ 2018-07-31 17:53:31,391][cascade_classifier.transform] X_test.shape=(5370, 8)
[ 2018-07-31 17:53:31,393][cascade_classifier.transform] [layer=0] look_indexs=[0], X_cur_test.shape=(5370, 8)
[ 2018-07-31 17:53:36,031][cascade_classifier.transform] [layer=1] look_indexs=[0], X_cur_test.shape=(5370, 14)
