[ 2018-08-02 15:14:03,221][cascade_classifier.fit_transform] X_groups_train.shape=[(60000, 784)],y_train.shape=(60000,),X_groups_test.shape=[(10000, 784)],y_test.shape=(10000,)
[ 2018-08-02 15:14:03,244][cascade_classifier.fit_transform] group_dims=[784]
[ 2018-08-02 15:14:03,245][cascade_classifier.fit_transform] group_starts=[0]
[ 2018-08-02 15:14:03,246][cascade_classifier.fit_transform] group_ends=[784]
[ 2018-08-02 15:14:03,246][cascade_classifier.fit_transform] X_train.shape=(60000, 784),X_test.shape=(10000, 784)
[ 2018-08-02 15:14:03,354][cascade_classifier.fit_transform] [layer=0] look_indexs=[0], X_cur_train.shape=(60000, 784), X_cur_test.shape=(10000, 784)
[ 2018-08-02 15:14:11,096][kfold_wrapper.log_eval_metrics] Accuracy(layer_0 - estimator_0 - 10_folds.train_0.predict)=97.04%
[ 2018-08-02 15:14:19,241][kfold_wrapper.log_eval_metrics] Accuracy(layer_0 - estimator_0 - 10_folds.train_1.predict)=96.83%
[ 2018-08-02 15:14:28,776][kfold_wrapper.log_eval_metrics] Accuracy(layer_0 - estimator_0 - 10_folds.train_2.predict)=97.12%
[ 2018-08-02 15:14:36,881][kfold_wrapper.log_eval_metrics] Accuracy(layer_0 - estimator_0 - 10_folds.train_3.predict)=96.90%
[ 2018-08-02 15:14:46,548][kfold_wrapper.log_eval_metrics] Accuracy(layer_0 - estimator_0 - 10_folds.train_4.predict)=96.97%
[ 2018-08-02 15:14:55,286][kfold_wrapper.log_eval_metrics] Accuracy(layer_0 - estimator_0 - 10_folds.train_5.predict)=96.30%
[ 2018-08-02 15:15:05,918][kfold_wrapper.log_eval_metrics] Accuracy(layer_0 - estimator_0 - 10_folds.train_6.predict)=97.10%
[ 2018-08-02 15:15:15,118][kfold_wrapper.log_eval_metrics] Accuracy(layer_0 - estimator_0 - 10_folds.train_7.predict)=96.63%
[ 2018-08-02 15:15:22,600][kfold_wrapper.log_eval_metrics] Accuracy(layer_0 - estimator_0 - 10_folds.train_8.predict)=96.55%
[ 2018-08-02 15:15:31,310][kfold_wrapper.log_eval_metrics] Accuracy(layer_0 - estimator_0 - 10_folds.train_9.predict)=96.26%
[ 2018-08-02 15:15:31,543][kfold_wrapper.log_eval_metrics] Accuracy(layer_0 - estimator_0 - 10_folds.train_cv.predict)=96.77%
[ 2018-08-02 15:15:31,545][kfold_wrapper.log_eval_metrics] Accuracy(layer_0 - estimator_0 - 10_folds.test.predict)=97.05%
[ 2018-08-02 15:15:38,153][kfold_wrapper.log_eval_metrics] Accuracy(layer_0 - estimator_1 - 10_folds.train_0.predict)=96.72%
[ 2018-08-02 15:15:44,947][kfold_wrapper.log_eval_metrics] Accuracy(layer_0 - estimator_1 - 10_folds.train_1.predict)=97.48%
[ 2018-08-02 15:15:51,788][kfold_wrapper.log_eval_metrics] Accuracy(layer_0 - estimator_1 - 10_folds.train_2.predict)=97.02%
[ 2018-08-02 15:15:58,563][kfold_wrapper.log_eval_metrics] Accuracy(layer_0 - estimator_1 - 10_folds.train_3.predict)=97.12%
[ 2018-08-02 15:16:06,787][kfold_wrapper.log_eval_metrics] Accuracy(layer_0 - estimator_1 - 10_folds.train_4.predict)=97.07%
[ 2018-08-02 15:16:14,221][kfold_wrapper.log_eval_metrics] Accuracy(layer_0 - estimator_1 - 10_folds.train_5.predict)=97.25%
[ 2018-08-02 15:16:20,892][kfold_wrapper.log_eval_metrics] Accuracy(layer_0 - estimator_1 - 10_folds.train_6.predict)=96.95%
[ 2018-08-02 15:16:28,433][kfold_wrapper.log_eval_metrics] Accuracy(layer_0 - estimator_1 - 10_folds.train_7.predict)=97.00%
[ 2018-08-02 15:16:35,741][kfold_wrapper.log_eval_metrics] Accuracy(layer_0 - estimator_1 - 10_folds.train_8.predict)=97.08%
[ 2018-08-02 15:16:42,439][kfold_wrapper.log_eval_metrics] Accuracy(layer_0 - estimator_1 - 10_folds.train_9.predict)=97.46%
[ 2018-08-02 15:16:42,667][kfold_wrapper.log_eval_metrics] Accuracy(layer_0 - estimator_1 - 10_folds.train_cv.predict)=97.11%
[ 2018-08-02 15:16:42,669][kfold_wrapper.log_eval_metrics] Accuracy(layer_0 - estimator_1 - 10_folds.test.predict)=97.38%
[ 2018-08-02 15:16:42,675][cascade_classifier.calc_accuracy] Accuracy(layer_0 - train.classifier_average)=97.11%
[ 2018-08-02 15:16:42,676][cascade_classifier.calc_accuracy] Accuracy(layer_0 - test.classifier_average)=97.30%
[ 2018-08-02 15:16:42,789][cascade_classifier.fit_transform] [layer=1] look_indexs=[0], X_cur_train.shape=(60000, 804), X_cur_test.shape=(10000, 804)
[ 2018-08-02 15:16:49,895][kfold_wrapper.log_eval_metrics] Accuracy(layer_1 - estimator_0 - 10_folds.train_0.predict)=98.04%
[ 2018-08-02 15:16:57,117][kfold_wrapper.log_eval_metrics] Accuracy(layer_1 - estimator_0 - 10_folds.train_1.predict)=97.50%
[ 2018-08-02 15:17:04,428][kfold_wrapper.log_eval_metrics] Accuracy(layer_1 - estimator_0 - 10_folds.train_2.predict)=97.62%
[ 2018-08-02 15:17:11,634][kfold_wrapper.log_eval_metrics] Accuracy(layer_1 - estimator_0 - 10_folds.train_3.predict)=97.87%
[ 2018-08-02 15:17:18,880][kfold_wrapper.log_eval_metrics] Accuracy(layer_1 - estimator_0 - 10_folds.train_4.predict)=97.43%
[ 2018-08-02 15:17:26,717][kfold_wrapper.log_eval_metrics] Accuracy(layer_1 - estimator_0 - 10_folds.train_5.predict)=97.38%
[ 2018-08-02 15:17:35,119][kfold_wrapper.log_eval_metrics] Accuracy(layer_1 - estimator_0 - 10_folds.train_6.predict)=97.37%
[ 2018-08-02 15:17:42,354][kfold_wrapper.log_eval_metrics] Accuracy(layer_1 - estimator_0 - 10_folds.train_7.predict)=97.40%
[ 2018-08-02 15:17:49,563][kfold_wrapper.log_eval_metrics] Accuracy(layer_1 - estimator_0 - 10_folds.train_8.predict)=97.75%
[ 2018-08-02 15:17:56,818][kfold_wrapper.log_eval_metrics] Accuracy(layer_1 - estimator_0 - 10_folds.train_9.predict)=97.52%
[ 2018-08-02 15:17:57,087][kfold_wrapper.log_eval_metrics] Accuracy(layer_1 - estimator_0 - 10_folds.train_cv.predict)=97.59%
[ 2018-08-02 15:17:57,088][kfold_wrapper.log_eval_metrics] Accuracy(layer_1 - estimator_0 - 10_folds.test.predict)=97.80%
[ 2018-08-02 15:18:03,711][kfold_wrapper.log_eval_metrics] Accuracy(layer_1 - estimator_1 - 10_folds.train_0.predict)=97.70%
[ 2018-08-02 15:18:10,521][kfold_wrapper.log_eval_metrics] Accuracy(layer_1 - estimator_1 - 10_folds.train_1.predict)=98.10%
[ 2018-08-02 15:18:17,312][kfold_wrapper.log_eval_metrics] Accuracy(layer_1 - estimator_1 - 10_folds.train_2.predict)=97.83%
[ 2018-08-02 15:18:24,260][kfold_wrapper.log_eval_metrics] Accuracy(layer_1 - estimator_1 - 10_folds.train_3.predict)=98.05%
[ 2018-08-02 15:18:31,827][kfold_wrapper.log_eval_metrics] Accuracy(layer_1 - estimator_1 - 10_folds.train_4.predict)=97.50%
[ 2018-08-02 15:18:38,710][kfold_wrapper.log_eval_metrics] Accuracy(layer_1 - estimator_1 - 10_folds.train_5.predict)=97.73%
[ 2018-08-02 15:18:45,536][kfold_wrapper.log_eval_metrics] Accuracy(layer_1 - estimator_1 - 10_folds.train_6.predict)=97.83%
[ 2018-08-02 15:18:52,219][kfold_wrapper.log_eval_metrics] Accuracy(layer_1 - estimator_1 - 10_folds.train_7.predict)=97.42%
[ 2018-08-02 15:19:02,594][kfold_wrapper.log_eval_metrics] Accuracy(layer_1 - estimator_1 - 10_folds.train_8.predict)=97.87%
[ 2018-08-02 15:19:12,114][kfold_wrapper.log_eval_metrics] Accuracy(layer_1 - estimator_1 - 10_folds.train_9.predict)=97.73%
[ 2018-08-02 15:19:12,347][kfold_wrapper.log_eval_metrics] Accuracy(layer_1 - estimator_1 - 10_folds.train_cv.predict)=97.78%
[ 2018-08-02 15:19:12,348][kfold_wrapper.log_eval_metrics] Accuracy(layer_1 - estimator_1 - 10_folds.test.predict)=97.88%
[ 2018-08-02 15:19:12,354][cascade_classifier.calc_accuracy] Accuracy(layer_1 - train.classifier_average)=97.68%
[ 2018-08-02 15:19:12,355][cascade_classifier.calc_accuracy] Accuracy(layer_1 - test.classifier_average)=97.84%
[ 2018-08-02 15:19:12,461][cascade_classifier.fit_transform] [layer=2] look_indexs=[0], X_cur_train.shape=(60000, 804), X_cur_test.shape=(10000, 804)
[ 2018-08-02 15:19:19,395][kfold_wrapper.log_eval_metrics] Accuracy(layer_2 - estimator_0 - 10_folds.train_0.predict)=98.02%
[ 2018-08-02 15:19:28,137][kfold_wrapper.log_eval_metrics] Accuracy(layer_2 - estimator_0 - 10_folds.train_1.predict)=97.97%
[ 2018-08-02 15:19:35,830][kfold_wrapper.log_eval_metrics] Accuracy(layer_2 - estimator_0 - 10_folds.train_2.predict)=97.78%
[ 2018-08-02 15:19:42,948][kfold_wrapper.log_eval_metrics] Accuracy(layer_2 - estimator_0 - 10_folds.train_3.predict)=97.72%
[ 2018-08-02 15:19:50,878][kfold_wrapper.log_eval_metrics] Accuracy(layer_2 - estimator_0 - 10_folds.train_4.predict)=97.65%
[ 2018-08-02 15:19:58,888][kfold_wrapper.log_eval_metrics] Accuracy(layer_2 - estimator_0 - 10_folds.train_5.predict)=97.50%
[ 2018-08-02 15:20:06,124][kfold_wrapper.log_eval_metrics] Accuracy(layer_2 - estimator_0 - 10_folds.train_6.predict)=98.00%
[ 2018-08-02 15:20:14,066][kfold_wrapper.log_eval_metrics] Accuracy(layer_2 - estimator_0 - 10_folds.train_7.predict)=98.33%
[ 2018-08-02 15:20:22,093][kfold_wrapper.log_eval_metrics] Accuracy(layer_2 - estimator_0 - 10_folds.train_8.predict)=97.78%
[ 2018-08-02 15:20:29,554][kfold_wrapper.log_eval_metrics] Accuracy(layer_2 - estimator_0 - 10_folds.train_9.predict)=97.93%
[ 2018-08-02 15:20:29,826][kfold_wrapper.log_eval_metrics] Accuracy(layer_2 - estimator_0 - 10_folds.train_cv.predict)=97.87%
[ 2018-08-02 15:20:29,827][kfold_wrapper.log_eval_metrics] Accuracy(layer_2 - estimator_0 - 10_folds.test.predict)=97.99%
[ 2018-08-02 15:20:36,857][kfold_wrapper.log_eval_metrics] Accuracy(layer_2 - estimator_1 - 10_folds.train_0.predict)=97.99%
[ 2018-08-02 15:20:44,932][kfold_wrapper.log_eval_metrics] Accuracy(layer_2 - estimator_1 - 10_folds.train_1.predict)=97.67%
[ 2018-08-02 15:20:51,687][kfold_wrapper.log_eval_metrics] Accuracy(layer_2 - estimator_1 - 10_folds.train_2.predict)=97.93%
[ 2018-08-02 15:20:59,164][kfold_wrapper.log_eval_metrics] Accuracy(layer_2 - estimator_1 - 10_folds.train_3.predict)=98.22%
[ 2018-08-02 15:21:09,442][kfold_wrapper.log_eval_metrics] Accuracy(layer_2 - estimator_1 - 10_folds.train_4.predict)=97.62%
[ 2018-08-02 15:21:17,433][kfold_wrapper.log_eval_metrics] Accuracy(layer_2 - estimator_1 - 10_folds.train_5.predict)=98.08%
[ 2018-08-02 15:21:24,272][kfold_wrapper.log_eval_metrics] Accuracy(layer_2 - estimator_1 - 10_folds.train_6.predict)=97.97%
[ 2018-08-02 15:21:32,001][kfold_wrapper.log_eval_metrics] Accuracy(layer_2 - estimator_1 - 10_folds.train_7.predict)=97.92%
[ 2018-08-02 15:21:38,700][kfold_wrapper.log_eval_metrics] Accuracy(layer_2 - estimator_1 - 10_folds.train_8.predict)=98.10%
[ 2018-08-02 15:21:45,366][kfold_wrapper.log_eval_metrics] Accuracy(layer_2 - estimator_1 - 10_folds.train_9.predict)=98.07%
[ 2018-08-02 15:21:45,596][kfold_wrapper.log_eval_metrics] Accuracy(layer_2 - estimator_1 - 10_folds.train_cv.predict)=97.95%
[ 2018-08-02 15:21:45,597][kfold_wrapper.log_eval_metrics] Accuracy(layer_2 - estimator_1 - 10_folds.test.predict)=98.01%
[ 2018-08-02 15:21:45,604][cascade_classifier.calc_accuracy] Accuracy(layer_2 - train.classifier_average)=97.92%
[ 2018-08-02 15:21:45,605][cascade_classifier.calc_accuracy] Accuracy(layer_2 - test.classifier_average)=98.00%
[ 2018-08-02 15:21:45,712][cascade_classifier.fit_transform] [layer=3] look_indexs=[0], X_cur_train.shape=(60000, 804), X_cur_test.shape=(10000, 804)
[ 2018-08-02 15:21:52,424][kfold_wrapper.log_eval_metrics] Accuracy(layer_3 - estimator_0 - 10_folds.train_0.predict)=98.10%
[ 2018-08-02 15:21:59,463][kfold_wrapper.log_eval_metrics] Accuracy(layer_3 - estimator_0 - 10_folds.train_1.predict)=98.25%
[ 2018-08-02 15:22:08,510][kfold_wrapper.log_eval_metrics] Accuracy(layer_3 - estimator_0 - 10_folds.train_2.predict)=97.90%
[ 2018-08-02 15:22:15,919][kfold_wrapper.log_eval_metrics] Accuracy(layer_3 - estimator_0 - 10_folds.train_3.predict)=98.02%
[ 2018-08-02 15:22:23,081][kfold_wrapper.log_eval_metrics] Accuracy(layer_3 - estimator_0 - 10_folds.train_4.predict)=98.15%
[ 2018-08-02 15:22:31,040][kfold_wrapper.log_eval_metrics] Accuracy(layer_3 - estimator_0 - 10_folds.train_5.predict)=97.70%
[ 2018-08-02 15:22:38,129][kfold_wrapper.log_eval_metrics] Accuracy(layer_3 - estimator_0 - 10_folds.train_6.predict)=98.03%
[ 2018-08-02 15:22:45,274][kfold_wrapper.log_eval_metrics] Accuracy(layer_3 - estimator_0 - 10_folds.train_7.predict)=97.68%
[ 2018-08-02 15:22:52,289][kfold_wrapper.log_eval_metrics] Accuracy(layer_3 - estimator_0 - 10_folds.train_8.predict)=98.03%
[ 2018-08-02 15:22:59,327][kfold_wrapper.log_eval_metrics] Accuracy(layer_3 - estimator_0 - 10_folds.train_9.predict)=98.18%
[ 2018-08-02 15:22:59,601][kfold_wrapper.log_eval_metrics] Accuracy(layer_3 - estimator_0 - 10_folds.train_cv.predict)=98.00%
[ 2018-08-02 15:22:59,602][kfold_wrapper.log_eval_metrics] Accuracy(layer_3 - estimator_0 - 10_folds.test.predict)=98.13%
[ 2018-08-02 15:23:06,328][kfold_wrapper.log_eval_metrics] Accuracy(layer_3 - estimator_1 - 10_folds.train_0.predict)=97.82%
[ 2018-08-02 15:23:12,998][kfold_wrapper.log_eval_metrics] Accuracy(layer_3 - estimator_1 - 10_folds.train_1.predict)=98.02%
[ 2018-08-02 15:23:19,667][kfold_wrapper.log_eval_metrics] Accuracy(layer_3 - estimator_1 - 10_folds.train_2.predict)=97.98%
[ 2018-08-02 15:23:26,916][kfold_wrapper.log_eval_metrics] Accuracy(layer_3 - estimator_1 - 10_folds.train_3.predict)=98.03%
[ 2018-08-02 15:23:34,352][kfold_wrapper.log_eval_metrics] Accuracy(layer_3 - estimator_1 - 10_folds.train_4.predict)=98.22%
[ 2018-08-02 15:23:40,929][kfold_wrapper.log_eval_metrics] Accuracy(layer_3 - estimator_1 - 10_folds.train_5.predict)=97.57%
[ 2018-08-02 15:23:47,738][kfold_wrapper.log_eval_metrics] Accuracy(layer_3 - estimator_1 - 10_folds.train_6.predict)=98.08%
[ 2018-08-02 15:23:55,678][kfold_wrapper.log_eval_metrics] Accuracy(layer_3 - estimator_1 - 10_folds.train_7.predict)=97.95%
[ 2018-08-02 15:24:05,941][kfold_wrapper.log_eval_metrics] Accuracy(layer_3 - estimator_1 - 10_folds.train_8.predict)=98.00%
[ 2018-08-02 15:24:12,630][kfold_wrapper.log_eval_metrics] Accuracy(layer_3 - estimator_1 - 10_folds.train_9.predict)=98.22%
[ 2018-08-02 15:24:12,859][kfold_wrapper.log_eval_metrics] Accuracy(layer_3 - estimator_1 - 10_folds.train_cv.predict)=97.99%
[ 2018-08-02 15:24:12,861][kfold_wrapper.log_eval_metrics] Accuracy(layer_3 - estimator_1 - 10_folds.test.predict)=98.11%
[ 2018-08-02 15:24:12,867][cascade_classifier.calc_accuracy] Accuracy(layer_3 - train.classifier_average)=98.04%
[ 2018-08-02 15:24:12,869][cascade_classifier.calc_accuracy] Accuracy(layer_3 - test.classifier_average)=98.10%
[ 2018-08-02 15:24:12,976][cascade_classifier.fit_transform] [layer=4] look_indexs=[0], X_cur_train.shape=(60000, 804), X_cur_test.shape=(10000, 804)
[ 2018-08-02 15:24:19,912][kfold_wrapper.log_eval_metrics] Accuracy(layer_4 - estimator_0 - 10_folds.train_0.predict)=98.33%
[ 2018-08-02 15:24:29,260][kfold_wrapper.log_eval_metrics] Accuracy(layer_4 - estimator_0 - 10_folds.train_1.predict)=98.13%
[ 2018-08-02 15:24:36,251][kfold_wrapper.log_eval_metrics] Accuracy(layer_4 - estimator_0 - 10_folds.train_2.predict)=98.08%
[ 2018-08-02 15:24:43,407][kfold_wrapper.log_eval_metrics] Accuracy(layer_4 - estimator_0 - 10_folds.train_3.predict)=97.95%
[ 2018-08-02 15:24:51,826][kfold_wrapper.log_eval_metrics] Accuracy(layer_4 - estimator_0 - 10_folds.train_4.predict)=97.93%
[ 2018-08-02 15:24:59,209][kfold_wrapper.log_eval_metrics] Accuracy(layer_4 - estimator_0 - 10_folds.train_5.predict)=98.08%
[ 2018-08-02 15:25:08,199][kfold_wrapper.log_eval_metrics] Accuracy(layer_4 - estimator_0 - 10_folds.train_6.predict)=98.00%
[ 2018-08-02 15:25:17,588][kfold_wrapper.log_eval_metrics] Accuracy(layer_4 - estimator_0 - 10_folds.train_7.predict)=97.77%
[ 2018-08-02 15:25:24,564][kfold_wrapper.log_eval_metrics] Accuracy(layer_4 - estimator_0 - 10_folds.train_8.predict)=97.98%
[ 2018-08-02 15:25:31,654][kfold_wrapper.log_eval_metrics] Accuracy(layer_4 - estimator_0 - 10_folds.train_9.predict)=98.32%
[ 2018-08-02 15:25:31,924][kfold_wrapper.log_eval_metrics] Accuracy(layer_4 - estimator_0 - 10_folds.train_cv.predict)=98.06%
[ 2018-08-02 15:25:31,926][kfold_wrapper.log_eval_metrics] Accuracy(layer_4 - estimator_0 - 10_folds.test.predict)=98.20%
[ 2018-08-02 15:25:39,610][kfold_wrapper.log_eval_metrics] Accuracy(layer_4 - estimator_1 - 10_folds.train_0.predict)=97.92%
[ 2018-08-02 15:25:46,787][kfold_wrapper.log_eval_metrics] Accuracy(layer_4 - estimator_1 - 10_folds.train_1.predict)=98.10%
[ 2018-08-02 15:25:53,626][kfold_wrapper.log_eval_metrics] Accuracy(layer_4 - estimator_1 - 10_folds.train_2.predict)=98.15%
[ 2018-08-02 15:26:01,444][kfold_wrapper.log_eval_metrics] Accuracy(layer_4 - estimator_1 - 10_folds.train_3.predict)=98.05%
[ 2018-08-02 15:26:10,134][kfold_wrapper.log_eval_metrics] Accuracy(layer_4 - estimator_1 - 10_folds.train_4.predict)=98.33%
[ 2018-08-02 15:26:17,324][kfold_wrapper.log_eval_metrics] Accuracy(layer_4 - estimator_1 - 10_folds.train_5.predict)=98.17%
[ 2018-08-02 15:26:25,050][kfold_wrapper.log_eval_metrics] Accuracy(layer_4 - estimator_1 - 10_folds.train_6.predict)=97.95%
[ 2018-08-02 15:26:33,602][kfold_wrapper.log_eval_metrics] Accuracy(layer_4 - estimator_1 - 10_folds.train_7.predict)=98.02%
[ 2018-08-02 15:26:40,987][kfold_wrapper.log_eval_metrics] Accuracy(layer_4 - estimator_1 - 10_folds.train_8.predict)=98.15%
[ 2018-08-02 15:26:47,666][kfold_wrapper.log_eval_metrics] Accuracy(layer_4 - estimator_1 - 10_folds.train_9.predict)=97.87%
[ 2018-08-02 15:26:47,893][kfold_wrapper.log_eval_metrics] Accuracy(layer_4 - estimator_1 - 10_folds.train_cv.predict)=98.07%
[ 2018-08-02 15:26:47,895][kfold_wrapper.log_eval_metrics] Accuracy(layer_4 - estimator_1 - 10_folds.test.predict)=98.21%
[ 2018-08-02 15:26:47,901][cascade_classifier.calc_accuracy] Accuracy(layer_4 - train.classifier_average)=98.07%
[ 2018-08-02 15:26:47,902][cascade_classifier.calc_accuracy] Accuracy(layer_4 - test.classifier_average)=98.22%
[ 2018-08-02 15:26:48,008][cascade_classifier.fit_transform] [layer=5] look_indexs=[0], X_cur_train.shape=(60000, 804), X_cur_test.shape=(10000, 804)
[ 2018-08-02 15:26:54,721][kfold_wrapper.log_eval_metrics] Accuracy(layer_5 - estimator_0 - 10_folds.train_0.predict)=98.57%
[ 2018-08-02 15:27:01,844][kfold_wrapper.log_eval_metrics] Accuracy(layer_5 - estimator_0 - 10_folds.train_1.predict)=98.13%
[ 2018-08-02 15:27:08,837][kfold_wrapper.log_eval_metrics] Accuracy(layer_5 - estimator_0 - 10_folds.train_2.predict)=98.05%
[ 2018-08-02 15:27:15,906][kfold_wrapper.log_eval_metrics] Accuracy(layer_5 - estimator_0 - 10_folds.train_3.predict)=98.25%
[ 2018-08-02 15:27:23,066][kfold_wrapper.log_eval_metrics] Accuracy(layer_5 - estimator_0 - 10_folds.train_4.predict)=97.87%
[ 2018-08-02 15:27:31,016][kfold_wrapper.log_eval_metrics] Accuracy(layer_5 - estimator_0 - 10_folds.train_5.predict)=97.48%
[ 2018-08-02 15:27:38,226][kfold_wrapper.log_eval_metrics] Accuracy(layer_5 - estimator_0 - 10_folds.train_6.predict)=98.12%
[ 2018-08-02 15:27:45,297][kfold_wrapper.log_eval_metrics] Accuracy(layer_5 - estimator_0 - 10_folds.train_7.predict)=98.12%
[ 2018-08-02 15:27:52,214][kfold_wrapper.log_eval_metrics] Accuracy(layer_5 - estimator_0 - 10_folds.train_8.predict)=98.08%
[ 2018-08-02 15:27:59,217][kfold_wrapper.log_eval_metrics] Accuracy(layer_5 - estimator_0 - 10_folds.train_9.predict)=98.10%
[ 2018-08-02 15:27:59,490][kfold_wrapper.log_eval_metrics] Accuracy(layer_5 - estimator_0 - 10_folds.train_cv.predict)=98.08%
[ 2018-08-02 15:27:59,491][kfold_wrapper.log_eval_metrics] Accuracy(layer_5 - estimator_0 - 10_folds.test.predict)=98.23%
[ 2018-08-02 15:28:07,818][kfold_wrapper.log_eval_metrics] Accuracy(layer_5 - estimator_1 - 10_folds.train_0.predict)=98.10%
[ 2018-08-02 15:28:14,815][kfold_wrapper.log_eval_metrics] Accuracy(layer_5 - estimator_1 - 10_folds.train_1.predict)=98.03%
[ 2018-08-02 15:28:21,493][kfold_wrapper.log_eval_metrics] Accuracy(layer_5 - estimator_1 - 10_folds.train_2.predict)=98.25%
[ 2018-08-02 15:28:28,757][kfold_wrapper.log_eval_metrics] Accuracy(layer_5 - estimator_1 - 10_folds.train_3.predict)=98.02%
[ 2018-08-02 15:28:36,266][kfold_wrapper.log_eval_metrics] Accuracy(layer_5 - estimator_1 - 10_folds.train_4.predict)=98.23%
[ 2018-08-02 15:28:42,962][kfold_wrapper.log_eval_metrics] Accuracy(layer_5 - estimator_1 - 10_folds.train_5.predict)=98.32%
[ 2018-08-02 15:28:49,884][kfold_wrapper.log_eval_metrics] Accuracy(layer_5 - estimator_1 - 10_folds.train_6.predict)=98.12%
[ 2018-08-02 15:28:56,805][kfold_wrapper.log_eval_metrics] Accuracy(layer_5 - estimator_1 - 10_folds.train_7.predict)=98.02%
[ 2018-08-02 15:29:07,147][kfold_wrapper.log_eval_metrics] Accuracy(layer_5 - estimator_1 - 10_folds.train_8.predict)=97.82%
[ 2018-08-02 15:29:14,944][kfold_wrapper.log_eval_metrics] Accuracy(layer_5 - estimator_1 - 10_folds.train_9.predict)=98.10%
[ 2018-08-02 15:29:15,172][kfold_wrapper.log_eval_metrics] Accuracy(layer_5 - estimator_1 - 10_folds.train_cv.predict)=98.10%
[ 2018-08-02 15:29:15,173][kfold_wrapper.log_eval_metrics] Accuracy(layer_5 - estimator_1 - 10_folds.test.predict)=98.23%
[ 2018-08-02 15:29:15,180][cascade_classifier.calc_accuracy] Accuracy(layer_5 - train.classifier_average)=98.11%
[ 2018-08-02 15:29:15,181][cascade_classifier.calc_accuracy] Accuracy(layer_5 - test.classifier_average)=98.25%
[ 2018-08-02 15:29:15,289][cascade_classifier.fit_transform] [layer=6] look_indexs=[0], X_cur_train.shape=(60000, 804), X_cur_test.shape=(10000, 804)
[ 2018-08-02 15:29:22,127][kfold_wrapper.log_eval_metrics] Accuracy(layer_6 - estimator_0 - 10_folds.train_0.predict)=98.40%
[ 2018-08-02 15:29:30,253][kfold_wrapper.log_eval_metrics] Accuracy(layer_6 - estimator_0 - 10_folds.train_1.predict)=98.10%
[ 2018-08-02 15:29:38,301][kfold_wrapper.log_eval_metrics] Accuracy(layer_6 - estimator_0 - 10_folds.train_2.predict)=98.32%
[ 2018-08-02 15:29:45,353][kfold_wrapper.log_eval_metrics] Accuracy(layer_6 - estimator_0 - 10_folds.train_3.predict)=98.02%
[ 2018-08-02 15:29:52,535][kfold_wrapper.log_eval_metrics] Accuracy(layer_6 - estimator_0 - 10_folds.train_4.predict)=98.23%
[ 2018-08-02 15:30:01,067][kfold_wrapper.log_eval_metrics] Accuracy(layer_6 - estimator_0 - 10_folds.train_5.predict)=98.38%
[ 2018-08-02 15:30:08,014][kfold_wrapper.log_eval_metrics] Accuracy(layer_6 - estimator_0 - 10_folds.train_6.predict)=98.15%
[ 2018-08-02 15:30:15,135][kfold_wrapper.log_eval_metrics] Accuracy(layer_6 - estimator_0 - 10_folds.train_7.predict)=97.92%
[ 2018-08-02 15:30:23,816][kfold_wrapper.log_eval_metrics] Accuracy(layer_6 - estimator_0 - 10_folds.train_8.predict)=97.90%
[ 2018-08-02 15:30:31,171][kfold_wrapper.log_eval_metrics] Accuracy(layer_6 - estimator_0 - 10_folds.train_9.predict)=97.87%
[ 2018-08-02 15:30:31,441][kfold_wrapper.log_eval_metrics] Accuracy(layer_6 - estimator_0 - 10_folds.train_cv.predict)=98.13%
[ 2018-08-02 15:30:31,443][kfold_wrapper.log_eval_metrics] Accuracy(layer_6 - estimator_0 - 10_folds.test.predict)=98.30%
[ 2018-08-02 15:30:38,129][kfold_wrapper.log_eval_metrics] Accuracy(layer_6 - estimator_1 - 10_folds.train_0.predict)=98.00%
[ 2018-08-02 15:30:46,901][kfold_wrapper.log_eval_metrics] Accuracy(layer_6 - estimator_1 - 10_folds.train_1.predict)=98.12%
[ 2018-08-02 15:30:53,722][kfold_wrapper.log_eval_metrics] Accuracy(layer_6 - estimator_1 - 10_folds.train_2.predict)=98.17%
[ 2018-08-02 15:31:00,510][kfold_wrapper.log_eval_metrics] Accuracy(layer_6 - estimator_1 - 10_folds.train_3.predict)=97.98%
[ 2018-08-02 15:31:12,235][kfold_wrapper.log_eval_metrics] Accuracy(layer_6 - estimator_1 - 10_folds.train_4.predict)=98.17%
[ 2018-08-02 15:31:21,041][kfold_wrapper.log_eval_metrics] Accuracy(layer_6 - estimator_1 - 10_folds.train_5.predict)=98.20%
[ 2018-08-02 15:31:29,366][kfold_wrapper.log_eval_metrics] Accuracy(layer_6 - estimator_1 - 10_folds.train_6.predict)=98.28%
[ 2018-08-02 15:31:36,792][kfold_wrapper.log_eval_metrics] Accuracy(layer_6 - estimator_1 - 10_folds.train_7.predict)=98.12%
[ 2018-08-02 15:31:43,484][kfold_wrapper.log_eval_metrics] Accuracy(layer_6 - estimator_1 - 10_folds.train_8.predict)=97.98%
[ 2018-08-02 15:31:50,179][kfold_wrapper.log_eval_metrics] Accuracy(layer_6 - estimator_1 - 10_folds.train_9.predict)=98.15%
[ 2018-08-02 15:31:50,405][kfold_wrapper.log_eval_metrics] Accuracy(layer_6 - estimator_1 - 10_folds.train_cv.predict)=98.12%
[ 2018-08-02 15:31:50,407][kfold_wrapper.log_eval_metrics] Accuracy(layer_6 - estimator_1 - 10_folds.test.predict)=98.23%
[ 2018-08-02 15:31:50,413][cascade_classifier.calc_accuracy] Accuracy(layer_6 - train.classifier_average)=98.12%
[ 2018-08-02 15:31:50,415][cascade_classifier.calc_accuracy] Accuracy(layer_6 - test.classifier_average)=98.30%
[ 2018-08-02 15:31:50,526][cascade_classifier.fit_transform] [layer=7] look_indexs=[0], X_cur_train.shape=(60000, 804), X_cur_test.shape=(10000, 804)
[ 2018-08-02 15:31:57,353][kfold_wrapper.log_eval_metrics] Accuracy(layer_7 - estimator_0 - 10_folds.train_0.predict)=98.15%
[ 2018-08-02 15:32:04,502][kfold_wrapper.log_eval_metrics] Accuracy(layer_7 - estimator_0 - 10_folds.train_1.predict)=98.27%
[ 2018-08-02 15:32:11,531][kfold_wrapper.log_eval_metrics] Accuracy(layer_7 - estimator_0 - 10_folds.train_2.predict)=98.00%
[ 2018-08-02 15:32:18,570][kfold_wrapper.log_eval_metrics] Accuracy(layer_7 - estimator_0 - 10_folds.train_3.predict)=98.03%
[ 2018-08-02 15:32:25,643][kfold_wrapper.log_eval_metrics] Accuracy(layer_7 - estimator_0 - 10_folds.train_4.predict)=98.28%
[ 2018-08-02 15:32:33,536][kfold_wrapper.log_eval_metrics] Accuracy(layer_7 - estimator_0 - 10_folds.train_5.predict)=98.23%
[ 2018-08-02 15:32:40,556][kfold_wrapper.log_eval_metrics] Accuracy(layer_7 - estimator_0 - 10_folds.train_6.predict)=97.93%
[ 2018-08-02 15:32:47,620][kfold_wrapper.log_eval_metrics] Accuracy(layer_7 - estimator_0 - 10_folds.train_7.predict)=97.98%
[ 2018-08-02 15:32:54,544][kfold_wrapper.log_eval_metrics] Accuracy(layer_7 - estimator_0 - 10_folds.train_8.predict)=98.15%
[ 2018-08-02 15:33:01,566][kfold_wrapper.log_eval_metrics] Accuracy(layer_7 - estimator_0 - 10_folds.train_9.predict)=98.17%
[ 2018-08-02 15:33:01,839][kfold_wrapper.log_eval_metrics] Accuracy(layer_7 - estimator_0 - 10_folds.train_cv.predict)=98.12%
[ 2018-08-02 15:33:01,841][kfold_wrapper.log_eval_metrics] Accuracy(layer_7 - estimator_0 - 10_folds.test.predict)=98.27%
[ 2018-08-02 15:33:08,370][kfold_wrapper.log_eval_metrics] Accuracy(layer_7 - estimator_1 - 10_folds.train_0.predict)=98.10%
[ 2018-08-02 15:33:15,072][kfold_wrapper.log_eval_metrics] Accuracy(layer_7 - estimator_1 - 10_folds.train_1.predict)=98.35%
[ 2018-08-02 15:33:21,849][kfold_wrapper.log_eval_metrics] Accuracy(layer_7 - estimator_1 - 10_folds.train_2.predict)=98.10%
[ 2018-08-02 15:33:29,059][kfold_wrapper.log_eval_metrics] Accuracy(layer_7 - estimator_1 - 10_folds.train_3.predict)=98.35%
[ 2018-08-02 15:33:36,668][kfold_wrapper.log_eval_metrics] Accuracy(layer_7 - estimator_1 - 10_folds.train_4.predict)=98.37%
[ 2018-08-02 15:33:43,387][kfold_wrapper.log_eval_metrics] Accuracy(layer_7 - estimator_1 - 10_folds.train_5.predict)=98.33%
[ 2018-08-02 15:33:49,961][kfold_wrapper.log_eval_metrics] Accuracy(layer_7 - estimator_1 - 10_folds.train_6.predict)=97.75%
[ 2018-08-02 15:33:56,761][kfold_wrapper.log_eval_metrics] Accuracy(layer_7 - estimator_1 - 10_folds.train_7.predict)=98.10%
[ 2018-08-02 15:34:04,473][kfold_wrapper.log_eval_metrics] Accuracy(layer_7 - estimator_1 - 10_folds.train_8.predict)=98.13%
[ 2018-08-02 15:34:16,373][kfold_wrapper.log_eval_metrics] Accuracy(layer_7 - estimator_1 - 10_folds.train_9.predict)=98.17%
[ 2018-08-02 15:34:16,599][kfold_wrapper.log_eval_metrics] Accuracy(layer_7 - estimator_1 - 10_folds.train_cv.predict)=98.17%
[ 2018-08-02 15:34:16,601][kfold_wrapper.log_eval_metrics] Accuracy(layer_7 - estimator_1 - 10_folds.test.predict)=98.24%
[ 2018-08-02 15:34:16,608][cascade_classifier.calc_accuracy] Accuracy(layer_7 - train.classifier_average)=98.16%
[ 2018-08-02 15:34:16,610][cascade_classifier.calc_accuracy] Accuracy(layer_7 - test.classifier_average)=98.28%
[ 2018-08-02 15:34:16,716][cascade_classifier.fit_transform] [layer=8] look_indexs=[0], X_cur_train.shape=(60000, 804), X_cur_test.shape=(10000, 804)
[ 2018-08-02 15:34:23,833][kfold_wrapper.log_eval_metrics] Accuracy(layer_8 - estimator_0 - 10_folds.train_0.predict)=98.30%
[ 2018-08-02 15:34:31,384][kfold_wrapper.log_eval_metrics] Accuracy(layer_8 - estimator_0 - 10_folds.train_1.predict)=98.32%
[ 2018-08-02 15:34:39,780][kfold_wrapper.log_eval_metrics] Accuracy(layer_8 - estimator_0 - 10_folds.train_2.predict)=98.00%
[ 2018-08-02 15:34:47,165][kfold_wrapper.log_eval_metrics] Accuracy(layer_8 - estimator_0 - 10_folds.train_3.predict)=98.27%
[ 2018-08-02 15:34:54,193][kfold_wrapper.log_eval_metrics] Accuracy(layer_8 - estimator_0 - 10_folds.train_4.predict)=98.02%
[ 2018-08-02 15:35:02,622][kfold_wrapper.log_eval_metrics] Accuracy(layer_8 - estimator_0 - 10_folds.train_5.predict)=98.43%
[ 2018-08-02 15:35:10,335][kfold_wrapper.log_eval_metrics] Accuracy(layer_8 - estimator_0 - 10_folds.train_6.predict)=98.22%
[ 2018-08-02 15:35:17,495][kfold_wrapper.log_eval_metrics] Accuracy(layer_8 - estimator_0 - 10_folds.train_7.predict)=98.15%
[ 2018-08-02 15:35:25,629][kfold_wrapper.log_eval_metrics] Accuracy(layer_8 - estimator_0 - 10_folds.train_8.predict)=97.78%
[ 2018-08-02 15:35:33,828][kfold_wrapper.log_eval_metrics] Accuracy(layer_8 - estimator_0 - 10_folds.train_9.predict)=97.88%
[ 2018-08-02 15:35:34,101][kfold_wrapper.log_eval_metrics] Accuracy(layer_8 - estimator_0 - 10_folds.train_cv.predict)=98.14%
[ 2018-08-02 15:35:34,103][kfold_wrapper.log_eval_metrics] Accuracy(layer_8 - estimator_0 - 10_folds.test.predict)=98.29%
[ 2018-08-02 15:35:40,616][kfold_wrapper.log_eval_metrics] Accuracy(layer_8 - estimator_1 - 10_folds.train_0.predict)=98.37%
[ 2018-08-02 15:35:47,583][kfold_wrapper.log_eval_metrics] Accuracy(layer_8 - estimator_1 - 10_folds.train_1.predict)=98.17%
[ 2018-08-02 15:35:55,820][kfold_wrapper.log_eval_metrics] Accuracy(layer_8 - estimator_1 - 10_folds.train_2.predict)=98.08%
[ 2018-08-02 15:36:02,617][kfold_wrapper.log_eval_metrics] Accuracy(layer_8 - estimator_1 - 10_folds.train_3.predict)=98.27%
[ 2018-08-02 15:36:09,268][kfold_wrapper.log_eval_metrics] Accuracy(layer_8 - estimator_1 - 10_folds.train_4.predict)=98.27%
[ 2018-08-02 15:36:18,599][kfold_wrapper.log_eval_metrics] Accuracy(layer_8 - estimator_1 - 10_folds.train_5.predict)=98.17%
[ 2018-08-02 15:36:27,129][kfold_wrapper.log_eval_metrics] Accuracy(layer_8 - estimator_1 - 10_folds.train_6.predict)=98.20%
[ 2018-08-02 15:36:35,897][kfold_wrapper.log_eval_metrics] Accuracy(layer_8 - estimator_1 - 10_folds.train_7.predict)=98.07%
[ 2018-08-02 15:36:42,911][kfold_wrapper.log_eval_metrics] Accuracy(layer_8 - estimator_1 - 10_folds.train_8.predict)=97.90%
[ 2018-08-02 15:36:49,594][kfold_wrapper.log_eval_metrics] Accuracy(layer_8 - estimator_1 - 10_folds.train_9.predict)=97.97%
[ 2018-08-02 15:36:49,826][kfold_wrapper.log_eval_metrics] Accuracy(layer_8 - estimator_1 - 10_folds.train_cv.predict)=98.15%
[ 2018-08-02 15:36:49,827][kfold_wrapper.log_eval_metrics] Accuracy(layer_8 - estimator_1 - 10_folds.test.predict)=98.27%
[ 2018-08-02 15:36:49,834][cascade_classifier.calc_accuracy] Accuracy(layer_8 - train.classifier_average)=98.16%
[ 2018-08-02 15:36:49,835][cascade_classifier.calc_accuracy] Accuracy(layer_8 - test.classifier_average)=98.29%
[ 2018-08-02 15:36:49,948][cascade_classifier.fit_transform] [layer=9] look_indexs=[0], X_cur_train.shape=(60000, 804), X_cur_test.shape=(10000, 804)
[ 2018-08-02 15:36:56,671][kfold_wrapper.log_eval_metrics] Accuracy(layer_9 - estimator_0 - 10_folds.train_0.predict)=98.09%
[ 2018-08-02 15:37:04,711][kfold_wrapper.log_eval_metrics] Accuracy(layer_9 - estimator_0 - 10_folds.train_1.predict)=98.03%
[ 2018-08-02 15:37:12,904][kfold_wrapper.log_eval_metrics] Accuracy(layer_9 - estimator_0 - 10_folds.train_2.predict)=97.93%
[ 2018-08-02 15:37:19,938][kfold_wrapper.log_eval_metrics] Accuracy(layer_9 - estimator_0 - 10_folds.train_3.predict)=98.45%
[ 2018-08-02 15:37:26,948][kfold_wrapper.log_eval_metrics] Accuracy(layer_9 - estimator_0 - 10_folds.train_4.predict)=98.33%
[ 2018-08-02 15:37:34,974][kfold_wrapper.log_eval_metrics] Accuracy(layer_9 - estimator_0 - 10_folds.train_5.predict)=98.25%
[ 2018-08-02 15:37:41,968][kfold_wrapper.log_eval_metrics] Accuracy(layer_9 - estimator_0 - 10_folds.train_6.predict)=97.93%
[ 2018-08-02 15:37:49,027][kfold_wrapper.log_eval_metrics] Accuracy(layer_9 - estimator_0 - 10_folds.train_7.predict)=98.38%
[ 2018-08-02 15:37:56,066][kfold_wrapper.log_eval_metrics] Accuracy(layer_9 - estimator_0 - 10_folds.train_8.predict)=98.17%
[ 2018-08-02 15:38:03,275][kfold_wrapper.log_eval_metrics] Accuracy(layer_9 - estimator_0 - 10_folds.train_9.predict)=98.17%
[ 2018-08-02 15:38:03,550][kfold_wrapper.log_eval_metrics] Accuracy(layer_9 - estimator_0 - 10_folds.train_cv.predict)=98.17%
[ 2018-08-02 15:38:03,552][kfold_wrapper.log_eval_metrics] Accuracy(layer_9 - estimator_0 - 10_folds.test.predict)=98.28%
[ 2018-08-02 15:38:09,969][kfold_wrapper.log_eval_metrics] Accuracy(layer_9 - estimator_1 - 10_folds.train_0.predict)=98.27%
[ 2018-08-02 15:38:16,762][kfold_wrapper.log_eval_metrics] Accuracy(layer_9 - estimator_1 - 10_folds.train_1.predict)=98.07%
[ 2018-08-02 15:38:23,584][kfold_wrapper.log_eval_metrics] Accuracy(layer_9 - estimator_1 - 10_folds.train_2.predict)=98.35%
[ 2018-08-02 15:38:30,988][kfold_wrapper.log_eval_metrics] Accuracy(layer_9 - estimator_1 - 10_folds.train_3.predict)=98.02%
[ 2018-08-02 15:38:38,509][kfold_wrapper.log_eval_metrics] Accuracy(layer_9 - estimator_1 - 10_folds.train_4.predict)=98.25%
[ 2018-08-02 15:38:45,303][kfold_wrapper.log_eval_metrics] Accuracy(layer_9 - estimator_1 - 10_folds.train_5.predict)=97.88%
[ 2018-08-02 15:38:52,089][kfold_wrapper.log_eval_metrics] Accuracy(layer_9 - estimator_1 - 10_folds.train_6.predict)=97.92%
[ 2018-08-02 15:38:59,215][kfold_wrapper.log_eval_metrics] Accuracy(layer_9 - estimator_1 - 10_folds.train_7.predict)=98.27%
[ 2018-08-02 15:39:06,405][kfold_wrapper.log_eval_metrics] Accuracy(layer_9 - estimator_1 - 10_folds.train_8.predict)=98.32%
[ 2018-08-02 15:39:14,394][kfold_wrapper.log_eval_metrics] Accuracy(layer_9 - estimator_1 - 10_folds.train_9.predict)=98.28%
[ 2018-08-02 15:39:14,747][kfold_wrapper.log_eval_metrics] Accuracy(layer_9 - estimator_1 - 10_folds.train_cv.predict)=98.16%
[ 2018-08-02 15:39:14,749][kfold_wrapper.log_eval_metrics] Accuracy(layer_9 - estimator_1 - 10_folds.test.predict)=98.25%
[ 2018-08-02 15:39:14,758][cascade_classifier.calc_accuracy] Accuracy(layer_9 - train.classifier_average)=98.18%
[ 2018-08-02 15:39:14,760][cascade_classifier.calc_accuracy] Accuracy(layer_9 - test.classifier_average)=98.26%
[ 2018-08-02 15:39:14,874][cascade_classifier.fit_transform] [layer=10] look_indexs=[0], X_cur_train.shape=(60000, 804), X_cur_test.shape=(10000, 804)
[ 2018-08-02 15:39:24,827][kfold_wrapper.log_eval_metrics] Accuracy(layer_10 - estimator_0 - 10_folds.train_0.predict)=98.22%
[ 2018-08-02 15:39:32,231][kfold_wrapper.log_eval_metrics] Accuracy(layer_10 - estimator_0 - 10_folds.train_1.predict)=98.43%
[ 2018-08-02 15:39:39,394][kfold_wrapper.log_eval_metrics] Accuracy(layer_10 - estimator_0 - 10_folds.train_2.predict)=97.88%
[ 2018-08-02 15:39:48,094][kfold_wrapper.log_eval_metrics] Accuracy(layer_10 - estimator_0 - 10_folds.train_3.predict)=98.15%
[ 2018-08-02 15:39:55,160][kfold_wrapper.log_eval_metrics] Accuracy(layer_10 - estimator_0 - 10_folds.train_4.predict)=98.02%
[ 2018-08-02 15:40:02,875][kfold_wrapper.log_eval_metrics] Accuracy(layer_10 - estimator_0 - 10_folds.train_5.predict)=98.13%
[ 2018-08-02 15:40:13,511][kfold_wrapper.log_eval_metrics] Accuracy(layer_10 - estimator_0 - 10_folds.train_6.predict)=98.22%
[ 2018-08-02 15:40:20,441][kfold_wrapper.log_eval_metrics] Accuracy(layer_10 - estimator_0 - 10_folds.train_7.predict)=98.17%
[ 2018-08-02 15:40:27,680][kfold_wrapper.log_eval_metrics] Accuracy(layer_10 - estimator_0 - 10_folds.train_8.predict)=97.93%
[ 2018-08-02 15:40:36,677][kfold_wrapper.log_eval_metrics] Accuracy(layer_10 - estimator_0 - 10_folds.train_9.predict)=98.17%
[ 2018-08-02 15:40:36,948][kfold_wrapper.log_eval_metrics] Accuracy(layer_10 - estimator_0 - 10_folds.train_cv.predict)=98.13%
[ 2018-08-02 15:40:36,950][kfold_wrapper.log_eval_metrics] Accuracy(layer_10 - estimator_0 - 10_folds.test.predict)=98.27%
[ 2018-08-02 15:40:43,489][kfold_wrapper.log_eval_metrics] Accuracy(layer_10 - estimator_1 - 10_folds.train_0.predict)=98.10%
[ 2018-08-02 15:40:50,164][kfold_wrapper.log_eval_metrics] Accuracy(layer_10 - estimator_1 - 10_folds.train_1.predict)=98.17%
[ 2018-08-02 15:40:58,161][kfold_wrapper.log_eval_metrics] Accuracy(layer_10 - estimator_1 - 10_folds.train_2.predict)=98.10%
[ 2018-08-02 15:41:05,319][kfold_wrapper.log_eval_metrics] Accuracy(layer_10 - estimator_1 - 10_folds.train_3.predict)=98.53%
[ 2018-08-02 15:41:12,072][kfold_wrapper.log_eval_metrics] Accuracy(layer_10 - estimator_1 - 10_folds.train_4.predict)=98.05%
[ 2018-08-02 15:41:19,956][kfold_wrapper.log_eval_metrics] Accuracy(layer_10 - estimator_1 - 10_folds.train_5.predict)=98.08%
[ 2018-08-02 15:41:29,497][kfold_wrapper.log_eval_metrics] Accuracy(layer_10 - estimator_1 - 10_folds.train_6.predict)=98.40%
[ 2018-08-02 15:41:37,514][kfold_wrapper.log_eval_metrics] Accuracy(layer_10 - estimator_1 - 10_folds.train_7.predict)=98.13%
[ 2018-08-02 15:41:44,638][kfold_wrapper.log_eval_metrics] Accuracy(layer_10 - estimator_1 - 10_folds.train_8.predict)=98.28%
[ 2018-08-02 15:41:51,334][kfold_wrapper.log_eval_metrics] Accuracy(layer_10 - estimator_1 - 10_folds.train_9.predict)=97.68%
[ 2018-08-02 15:41:51,607][kfold_wrapper.log_eval_metrics] Accuracy(layer_10 - estimator_1 - 10_folds.train_cv.predict)=98.15%
[ 2018-08-02 15:41:51,608][kfold_wrapper.log_eval_metrics] Accuracy(layer_10 - estimator_1 - 10_folds.test.predict)=98.28%
[ 2018-08-02 15:41:51,614][cascade_classifier.calc_accuracy] Accuracy(layer_10 - train.classifier_average)=98.14%
[ 2018-08-02 15:41:51,616][cascade_classifier.calc_accuracy] Accuracy(layer_10 - test.classifier_average)=98.27%
[ 2018-08-02 15:41:51,722][cascade_classifier.fit_transform] [layer=11] look_indexs=[0], X_cur_train.shape=(60000, 804), X_cur_test.shape=(10000, 804)
[ 2018-08-02 15:41:58,439][kfold_wrapper.log_eval_metrics] Accuracy(layer_11 - estimator_0 - 10_folds.train_0.predict)=98.25%
[ 2018-08-02 15:42:05,643][kfold_wrapper.log_eval_metrics] Accuracy(layer_11 - estimator_0 - 10_folds.train_1.predict)=98.38%
[ 2018-08-02 15:42:12,672][kfold_wrapper.log_eval_metrics] Accuracy(layer_11 - estimator_0 - 10_folds.train_2.predict)=98.30%
[ 2018-08-02 15:42:19,622][kfold_wrapper.log_eval_metrics] Accuracy(layer_11 - estimator_0 - 10_folds.train_3.predict)=98.10%
[ 2018-08-02 15:42:26,778][kfold_wrapper.log_eval_metrics] Accuracy(layer_11 - estimator_0 - 10_folds.train_4.predict)=97.97%
[ 2018-08-02 15:42:34,650][kfold_wrapper.log_eval_metrics] Accuracy(layer_11 - estimator_0 - 10_folds.train_5.predict)=97.92%
[ 2018-08-02 15:42:41,834][kfold_wrapper.log_eval_metrics] Accuracy(layer_11 - estimator_0 - 10_folds.train_6.predict)=98.08%
[ 2018-08-02 15:42:48,765][kfold_wrapper.log_eval_metrics] Accuracy(layer_11 - estimator_0 - 10_folds.train_7.predict)=98.23%
[ 2018-08-02 15:42:55,601][kfold_wrapper.log_eval_metrics] Accuracy(layer_11 - estimator_0 - 10_folds.train_8.predict)=98.10%
[ 2018-08-02 15:43:03,118][kfold_wrapper.log_eval_metrics] Accuracy(layer_11 - estimator_0 - 10_folds.train_9.predict)=98.10%
[ 2018-08-02 15:43:03,469][kfold_wrapper.log_eval_metrics] Accuracy(layer_11 - estimator_0 - 10_folds.train_cv.predict)=98.14%
[ 2018-08-02 15:43:03,472][kfold_wrapper.log_eval_metrics] Accuracy(layer_11 - estimator_0 - 10_folds.test.predict)=98.28%
[ 2018-08-02 15:43:11,442][kfold_wrapper.log_eval_metrics] Accuracy(layer_11 - estimator_1 - 10_folds.train_0.predict)=98.24%
[ 2018-08-02 15:43:18,324][kfold_wrapper.log_eval_metrics] Accuracy(layer_11 - estimator_1 - 10_folds.train_1.predict)=98.08%
[ 2018-08-02 15:43:25,004][kfold_wrapper.log_eval_metrics] Accuracy(layer_11 - estimator_1 - 10_folds.train_2.predict)=97.68%
[ 2018-08-02 15:43:32,273][kfold_wrapper.log_eval_metrics] Accuracy(layer_11 - estimator_1 - 10_folds.train_3.predict)=97.83%
[ 2018-08-02 15:43:39,686][kfold_wrapper.log_eval_metrics] Accuracy(layer_11 - estimator_1 - 10_folds.train_4.predict)=98.38%
[ 2018-08-02 15:43:46,479][kfold_wrapper.log_eval_metrics] Accuracy(layer_11 - estimator_1 - 10_folds.train_5.predict)=98.22%
[ 2018-08-02 15:43:53,209][kfold_wrapper.log_eval_metrics] Accuracy(layer_11 - estimator_1 - 10_folds.train_6.predict)=98.42%
[ 2018-08-02 15:43:59,784][kfold_wrapper.log_eval_metrics] Accuracy(layer_11 - estimator_1 - 10_folds.train_7.predict)=98.10%
[ 2018-08-02 15:44:06,476][kfold_wrapper.log_eval_metrics] Accuracy(layer_11 - estimator_1 - 10_folds.train_8.predict)=98.37%
[ 2018-08-02 15:44:13,218][kfold_wrapper.log_eval_metrics] Accuracy(layer_11 - estimator_1 - 10_folds.train_9.predict)=98.23%
[ 2018-08-02 15:44:13,452][kfold_wrapper.log_eval_metrics] Accuracy(layer_11 - estimator_1 - 10_folds.train_cv.predict)=98.16%
[ 2018-08-02 15:44:13,453][kfold_wrapper.log_eval_metrics] Accuracy(layer_11 - estimator_1 - 10_folds.test.predict)=98.28%
[ 2018-08-02 15:44:13,459][cascade_classifier.calc_accuracy] Accuracy(layer_11 - train.classifier_average)=98.16%
[ 2018-08-02 15:44:13,461][cascade_classifier.calc_accuracy] Accuracy(layer_11 - test.classifier_average)=98.28%
[ 2018-08-02 15:44:13,566][cascade_classifier.fit_transform] [layer=12] look_indexs=[0], X_cur_train.shape=(60000, 804), X_cur_test.shape=(10000, 804)
[ 2018-08-02 15:44:20,514][kfold_wrapper.log_eval_metrics] Accuracy(layer_12 - estimator_0 - 10_folds.train_0.predict)=98.40%
[ 2018-08-02 15:44:27,770][kfold_wrapper.log_eval_metrics] Accuracy(layer_12 - estimator_0 - 10_folds.train_1.predict)=98.08%
[ 2018-08-02 15:44:35,501][kfold_wrapper.log_eval_metrics] Accuracy(layer_12 - estimator_0 - 10_folds.train_2.predict)=98.05%
[ 2018-08-02 15:44:42,692][kfold_wrapper.log_eval_metrics] Accuracy(layer_12 - estimator_0 - 10_folds.train_3.predict)=98.08%
[ 2018-08-02 15:44:49,756][kfold_wrapper.log_eval_metrics] Accuracy(layer_12 - estimator_0 - 10_folds.train_4.predict)=98.05%
[ 2018-08-02 15:44:56,923][kfold_wrapper.log_eval_metrics] Accuracy(layer_12 - estimator_0 - 10_folds.train_5.predict)=97.68%
[ 2018-08-02 15:45:04,080][kfold_wrapper.log_eval_metrics] Accuracy(layer_12 - estimator_0 - 10_folds.train_6.predict)=98.48%
