[ 2018-08-02 16:46:04,821][cascade_classifier.fit_transform] X_groups_train.shape=[(60000, 784)],y_train.shape=(60000,),X_groups_test.shape=[(10000, 784)],y_test.shape=(10000,)
[ 2018-08-02 16:46:04,842][cascade_classifier.fit_transform] group_dims=[784]
[ 2018-08-02 16:46:04,843][cascade_classifier.fit_transform] group_starts=[0]
[ 2018-08-02 16:46:04,844][cascade_classifier.fit_transform] group_ends=[784]
[ 2018-08-02 16:46:04,844][cascade_classifier.fit_transform] X_train.shape=(60000, 784),X_test.shape=(10000, 784)
[ 2018-08-02 16:46:04,948][cascade_classifier.fit_transform] [layer=0] look_indexs=[0], X_cur_train.shape=(60000, 784), X_cur_test.shape=(10000, 784)
[ 2018-08-02 16:46:13,546][kfold_wrapper.log_eval_metrics] Accuracy(layer_0 - estimator_0 - 10_folds.train_0.predict)=97.04%
[ 2018-08-02 16:46:21,475][kfold_wrapper.log_eval_metrics] Accuracy(layer_0 - estimator_0 - 10_folds.train_1.predict)=96.83%
[ 2018-08-02 16:46:28,847][kfold_wrapper.log_eval_metrics] Accuracy(layer_0 - estimator_0 - 10_folds.train_2.predict)=97.12%
[ 2018-08-02 16:46:36,290][kfold_wrapper.log_eval_metrics] Accuracy(layer_0 - estimator_0 - 10_folds.train_3.predict)=96.90%
[ 2018-08-02 16:46:43,659][kfold_wrapper.log_eval_metrics] Accuracy(layer_0 - estimator_0 - 10_folds.train_4.predict)=96.97%
[ 2018-08-02 16:46:51,162][kfold_wrapper.log_eval_metrics] Accuracy(layer_0 - estimator_0 - 10_folds.train_5.predict)=96.30%
[ 2018-08-02 16:46:58,650][kfold_wrapper.log_eval_metrics] Accuracy(layer_0 - estimator_0 - 10_folds.train_6.predict)=97.10%
[ 2018-08-02 16:47:06,361][kfold_wrapper.log_eval_metrics] Accuracy(layer_0 - estimator_0 - 10_folds.train_7.predict)=96.63%
[ 2018-08-02 16:47:14,827][kfold_wrapper.log_eval_metrics] Accuracy(layer_0 - estimator_0 - 10_folds.train_8.predict)=96.55%
[ 2018-08-02 16:47:22,327][kfold_wrapper.log_eval_metrics] Accuracy(layer_0 - estimator_0 - 10_folds.train_9.predict)=96.26%
[ 2018-08-02 16:47:22,559][kfold_wrapper.log_eval_metrics] Accuracy(layer_0 - estimator_0 - 10_folds.train_cv.predict)=96.77%
[ 2018-08-02 16:47:22,560][kfold_wrapper.log_eval_metrics] Accuracy(layer_0 - estimator_0 - 10_folds.test.predict)=97.05%
[ 2018-08-02 16:47:29,178][kfold_wrapper.log_eval_metrics] Accuracy(layer_0 - estimator_1 - 10_folds.train_0.predict)=96.72%
[ 2018-08-02 16:47:35,963][kfold_wrapper.log_eval_metrics] Accuracy(layer_0 - estimator_1 - 10_folds.train_1.predict)=97.48%
[ 2018-08-02 16:47:42,855][kfold_wrapper.log_eval_metrics] Accuracy(layer_0 - estimator_1 - 10_folds.train_2.predict)=97.02%
[ 2018-08-02 16:47:49,659][kfold_wrapper.log_eval_metrics] Accuracy(layer_0 - estimator_1 - 10_folds.train_3.predict)=97.12%
[ 2018-08-02 16:47:59,781][kfold_wrapper.log_eval_metrics] Accuracy(layer_0 - estimator_1 - 10_folds.train_4.predict)=97.07%
[ 2018-08-02 16:48:07,903][kfold_wrapper.log_eval_metrics] Accuracy(layer_0 - estimator_1 - 10_folds.train_5.predict)=97.25%
[ 2018-08-02 16:48:14,832][kfold_wrapper.log_eval_metrics] Accuracy(layer_0 - estimator_1 - 10_folds.train_6.predict)=96.95%
[ 2018-08-02 16:48:22,290][kfold_wrapper.log_eval_metrics] Accuracy(layer_0 - estimator_1 - 10_folds.train_7.predict)=97.00%
[ 2018-08-02 16:48:30,057][kfold_wrapper.log_eval_metrics] Accuracy(layer_0 - estimator_1 - 10_folds.train_8.predict)=97.08%
[ 2018-08-02 16:48:36,866][kfold_wrapper.log_eval_metrics] Accuracy(layer_0 - estimator_1 - 10_folds.train_9.predict)=97.46%
[ 2018-08-02 16:48:37,100][kfold_wrapper.log_eval_metrics] Accuracy(layer_0 - estimator_1 - 10_folds.train_cv.predict)=97.11%
[ 2018-08-02 16:48:37,101][kfold_wrapper.log_eval_metrics] Accuracy(layer_0 - estimator_1 - 10_folds.test.predict)=97.38%
[ 2018-08-02 16:48:37,107][cascade_classifier.calc_accuracy] Accuracy(layer_0 - train.classifier_average)=97.11%
[ 2018-08-02 16:48:37,109][cascade_classifier.calc_accuracy] Accuracy(layer_0 - test.classifier_average)=97.30%
[ 2018-08-02 16:48:37,221][cascade_classifier.fit_transform] [layer=1] look_indexs=[0], X_cur_train.shape=(60000, 804), X_cur_test.shape=(10000, 804)
[ 2018-08-02 16:48:44,627][kfold_wrapper.log_eval_metrics] Accuracy(layer_1 - estimator_0 - 10_folds.train_0.predict)=98.04%
[ 2018-08-02 16:48:53,007][kfold_wrapper.log_eval_metrics] Accuracy(layer_1 - estimator_0 - 10_folds.train_1.predict)=97.50%
[ 2018-08-02 16:49:00,321][kfold_wrapper.log_eval_metrics] Accuracy(layer_1 - estimator_0 - 10_folds.train_2.predict)=97.62%
[ 2018-08-02 16:49:11,220][kfold_wrapper.log_eval_metrics] Accuracy(layer_1 - estimator_0 - 10_folds.train_3.predict)=97.87%
[ 2018-08-02 16:49:19,274][kfold_wrapper.log_eval_metrics] Accuracy(layer_1 - estimator_0 - 10_folds.train_4.predict)=97.43%
[ 2018-08-02 16:49:26,479][kfold_wrapper.log_eval_metrics] Accuracy(layer_1 - estimator_0 - 10_folds.train_5.predict)=97.38%
[ 2018-08-02 16:49:34,682][kfold_wrapper.log_eval_metrics] Accuracy(layer_1 - estimator_0 - 10_folds.train_6.predict)=97.37%
[ 2018-08-02 16:49:42,920][kfold_wrapper.log_eval_metrics] Accuracy(layer_1 - estimator_0 - 10_folds.train_7.predict)=97.40%
[ 2018-08-02 16:49:50,150][kfold_wrapper.log_eval_metrics] Accuracy(layer_1 - estimator_0 - 10_folds.train_8.predict)=97.75%
[ 2018-08-02 16:49:58,609][kfold_wrapper.log_eval_metrics] Accuracy(layer_1 - estimator_0 - 10_folds.train_9.predict)=97.52%
[ 2018-08-02 16:49:58,842][kfold_wrapper.log_eval_metrics] Accuracy(layer_1 - estimator_0 - 10_folds.train_cv.predict)=97.59%
[ 2018-08-02 16:49:58,844][kfold_wrapper.log_eval_metrics] Accuracy(layer_1 - estimator_0 - 10_folds.test.predict)=97.80%
[ 2018-08-02 16:50:08,480][kfold_wrapper.log_eval_metrics] Accuracy(layer_1 - estimator_1 - 10_folds.train_0.predict)=97.70%
[ 2018-08-02 16:50:17,382][kfold_wrapper.log_eval_metrics] Accuracy(layer_1 - estimator_1 - 10_folds.train_1.predict)=98.10%
[ 2018-08-02 16:50:24,049][kfold_wrapper.log_eval_metrics] Accuracy(layer_1 - estimator_1 - 10_folds.train_2.predict)=97.83%
[ 2018-08-02 16:50:30,774][kfold_wrapper.log_eval_metrics] Accuracy(layer_1 - estimator_1 - 10_folds.train_3.predict)=98.05%
[ 2018-08-02 16:50:37,467][kfold_wrapper.log_eval_metrics] Accuracy(layer_1 - estimator_1 - 10_folds.train_4.predict)=97.50%
[ 2018-08-02 16:50:44,165][kfold_wrapper.log_eval_metrics] Accuracy(layer_1 - estimator_1 - 10_folds.train_5.predict)=97.73%
[ 2018-08-02 16:50:50,783][kfold_wrapper.log_eval_metrics] Accuracy(layer_1 - estimator_1 - 10_folds.train_6.predict)=97.83%
[ 2018-08-02 16:50:57,536][kfold_wrapper.log_eval_metrics] Accuracy(layer_1 - estimator_1 - 10_folds.train_7.predict)=97.42%
[ 2018-08-02 16:51:04,346][kfold_wrapper.log_eval_metrics] Accuracy(layer_1 - estimator_1 - 10_folds.train_8.predict)=97.87%
[ 2018-08-02 16:51:11,807][kfold_wrapper.log_eval_metrics] Accuracy(layer_1 - estimator_1 - 10_folds.train_9.predict)=97.73%
[ 2018-08-02 16:51:12,037][kfold_wrapper.log_eval_metrics] Accuracy(layer_1 - estimator_1 - 10_folds.train_cv.predict)=97.78%
[ 2018-08-02 16:51:12,038][kfold_wrapper.log_eval_metrics] Accuracy(layer_1 - estimator_1 - 10_folds.test.predict)=97.88%
[ 2018-08-02 16:51:12,044][cascade_classifier.calc_accuracy] Accuracy(layer_1 - train.classifier_average)=97.68%
[ 2018-08-02 16:51:12,046][cascade_classifier.calc_accuracy] Accuracy(layer_1 - test.classifier_average)=97.84%
[ 2018-08-02 16:51:12,159][cascade_classifier.fit_transform] [layer=2] look_indexs=[0], X_cur_train.shape=(60000, 804), X_cur_test.shape=(10000, 804)
[ 2018-08-02 16:51:19,705][kfold_wrapper.log_eval_metrics] Accuracy(layer_2 - estimator_0 - 10_folds.train_0.predict)=98.02%
[ 2018-08-02 16:51:26,819][kfold_wrapper.log_eval_metrics] Accuracy(layer_2 - estimator_0 - 10_folds.train_1.predict)=97.97%
[ 2018-08-02 16:51:33,871][kfold_wrapper.log_eval_metrics] Accuracy(layer_2 - estimator_0 - 10_folds.train_2.predict)=97.78%
[ 2018-08-02 16:51:40,993][kfold_wrapper.log_eval_metrics] Accuracy(layer_2 - estimator_0 - 10_folds.train_3.predict)=97.72%
[ 2018-08-02 16:51:48,015][kfold_wrapper.log_eval_metrics] Accuracy(layer_2 - estimator_0 - 10_folds.train_4.predict)=97.65%
[ 2018-08-02 16:51:55,166][kfold_wrapper.log_eval_metrics] Accuracy(layer_2 - estimator_0 - 10_folds.train_5.predict)=97.50%
[ 2018-08-02 16:52:02,577][kfold_wrapper.log_eval_metrics] Accuracy(layer_2 - estimator_0 - 10_folds.train_6.predict)=98.00%
[ 2018-08-02 16:52:12,124][kfold_wrapper.log_eval_metrics] Accuracy(layer_2 - estimator_0 - 10_folds.train_7.predict)=98.33%
[ 2018-08-02 16:52:19,930][kfold_wrapper.log_eval_metrics] Accuracy(layer_2 - estimator_0 - 10_folds.train_8.predict)=97.78%
[ 2018-08-02 16:52:26,848][kfold_wrapper.log_eval_metrics] Accuracy(layer_2 - estimator_0 - 10_folds.train_9.predict)=97.93%
[ 2018-08-02 16:52:27,119][kfold_wrapper.log_eval_metrics] Accuracy(layer_2 - estimator_0 - 10_folds.train_cv.predict)=97.87%
[ 2018-08-02 16:52:27,120][kfold_wrapper.log_eval_metrics] Accuracy(layer_2 - estimator_0 - 10_folds.test.predict)=97.99%
[ 2018-08-02 16:52:33,530][kfold_wrapper.log_eval_metrics] Accuracy(layer_2 - estimator_1 - 10_folds.train_0.predict)=97.99%
[ 2018-08-02 16:52:40,240][kfold_wrapper.log_eval_metrics] Accuracy(layer_2 - estimator_1 - 10_folds.train_1.predict)=97.67%
[ 2018-08-02 16:52:46,917][kfold_wrapper.log_eval_metrics] Accuracy(layer_2 - estimator_1 - 10_folds.train_2.predict)=97.93%
[ 2018-08-02 16:52:53,531][kfold_wrapper.log_eval_metrics] Accuracy(layer_2 - estimator_1 - 10_folds.train_3.predict)=98.22%
[ 2018-08-02 16:53:00,255][kfold_wrapper.log_eval_metrics] Accuracy(layer_2 - estimator_1 - 10_folds.train_4.predict)=97.62%
[ 2018-08-02 16:53:06,958][kfold_wrapper.log_eval_metrics] Accuracy(layer_2 - estimator_1 - 10_folds.train_5.predict)=98.08%
[ 2018-08-02 16:53:14,652][kfold_wrapper.log_eval_metrics] Accuracy(layer_2 - estimator_1 - 10_folds.train_6.predict)=97.97%
[ 2018-08-02 16:53:21,780][kfold_wrapper.log_eval_metrics] Accuracy(layer_2 - estimator_1 - 10_folds.train_7.predict)=97.92%
[ 2018-08-02 16:53:28,388][kfold_wrapper.log_eval_metrics] Accuracy(layer_2 - estimator_1 - 10_folds.train_8.predict)=98.10%
[ 2018-08-02 16:53:35,004][kfold_wrapper.log_eval_metrics] Accuracy(layer_2 - estimator_1 - 10_folds.train_9.predict)=98.07%
[ 2018-08-02 16:53:35,229][kfold_wrapper.log_eval_metrics] Accuracy(layer_2 - estimator_1 - 10_folds.train_cv.predict)=97.95%
[ 2018-08-02 16:53:35,231][kfold_wrapper.log_eval_metrics] Accuracy(layer_2 - estimator_1 - 10_folds.test.predict)=98.01%
[ 2018-08-02 16:53:35,237][cascade_classifier.calc_accuracy] Accuracy(layer_2 - train.classifier_average)=97.92%
[ 2018-08-02 16:53:35,238][cascade_classifier.calc_accuracy] Accuracy(layer_2 - test.classifier_average)=98.00%
[ 2018-08-02 16:53:35,344][cascade_classifier.fit_transform] [layer=3] look_indexs=[0], X_cur_train.shape=(60000, 804), X_cur_test.shape=(10000, 804)
[ 2018-08-02 16:53:42,183][kfold_wrapper.log_eval_metrics] Accuracy(layer_3 - estimator_0 - 10_folds.train_0.predict)=98.10%
[ 2018-08-02 16:53:49,167][kfold_wrapper.log_eval_metrics] Accuracy(layer_3 - estimator_0 - 10_folds.train_1.predict)=98.25%
[ 2018-08-02 16:53:56,191][kfold_wrapper.log_eval_metrics] Accuracy(layer_3 - estimator_0 - 10_folds.train_2.predict)=97.90%
[ 2018-08-02 16:54:03,331][kfold_wrapper.log_eval_metrics] Accuracy(layer_3 - estimator_0 - 10_folds.train_3.predict)=98.02%
[ 2018-08-02 16:54:10,770][kfold_wrapper.log_eval_metrics] Accuracy(layer_3 - estimator_0 - 10_folds.train_4.predict)=98.15%
[ 2018-08-02 16:54:18,562][kfold_wrapper.log_eval_metrics] Accuracy(layer_3 - estimator_0 - 10_folds.train_5.predict)=97.70%
[ 2018-08-02 16:54:25,478][kfold_wrapper.log_eval_metrics] Accuracy(layer_3 - estimator_0 - 10_folds.train_6.predict)=98.03%
[ 2018-08-02 16:54:32,395][kfold_wrapper.log_eval_metrics] Accuracy(layer_3 - estimator_0 - 10_folds.train_7.predict)=97.68%
[ 2018-08-02 16:54:39,319][kfold_wrapper.log_eval_metrics] Accuracy(layer_3 - estimator_0 - 10_folds.train_8.predict)=98.03%
[ 2018-08-02 16:54:46,366][kfold_wrapper.log_eval_metrics] Accuracy(layer_3 - estimator_0 - 10_folds.train_9.predict)=98.18%
[ 2018-08-02 16:54:46,634][kfold_wrapper.log_eval_metrics] Accuracy(layer_3 - estimator_0 - 10_folds.train_cv.predict)=98.00%
[ 2018-08-02 16:54:46,636][kfold_wrapper.log_eval_metrics] Accuracy(layer_3 - estimator_0 - 10_folds.test.predict)=98.13%
[ 2018-08-02 16:54:53,077][kfold_wrapper.log_eval_metrics] Accuracy(layer_3 - estimator_1 - 10_folds.train_0.predict)=97.82%
[ 2018-08-02 16:54:59,643][kfold_wrapper.log_eval_metrics] Accuracy(layer_3 - estimator_1 - 10_folds.train_1.predict)=98.02%
[ 2018-08-02 16:55:08,366][kfold_wrapper.log_eval_metrics] Accuracy(layer_3 - estimator_1 - 10_folds.train_2.predict)=97.98%
[ 2018-08-02 16:55:16,111][kfold_wrapper.log_eval_metrics] Accuracy(layer_3 - estimator_1 - 10_folds.train_3.predict)=98.03%
[ 2018-08-02 16:55:22,856][kfold_wrapper.log_eval_metrics] Accuracy(layer_3 - estimator_1 - 10_folds.train_4.predict)=98.22%
[ 2018-08-02 16:55:29,565][kfold_wrapper.log_eval_metrics] Accuracy(layer_3 - estimator_1 - 10_folds.train_5.predict)=97.57%
[ 2018-08-02 16:55:36,283][kfold_wrapper.log_eval_metrics] Accuracy(layer_3 - estimator_1 - 10_folds.train_6.predict)=98.08%
[ 2018-08-02 16:55:42,980][kfold_wrapper.log_eval_metrics] Accuracy(layer_3 - estimator_1 - 10_folds.train_7.predict)=97.95%
[ 2018-08-02 16:55:49,687][kfold_wrapper.log_eval_metrics] Accuracy(layer_3 - estimator_1 - 10_folds.train_8.predict)=98.00%
[ 2018-08-02 16:55:56,268][kfold_wrapper.log_eval_metrics] Accuracy(layer_3 - estimator_1 - 10_folds.train_9.predict)=98.22%
[ 2018-08-02 16:55:56,498][kfold_wrapper.log_eval_metrics] Accuracy(layer_3 - estimator_1 - 10_folds.train_cv.predict)=97.99%
[ 2018-08-02 16:55:56,499][kfold_wrapper.log_eval_metrics] Accuracy(layer_3 - estimator_1 - 10_folds.test.predict)=98.11%
[ 2018-08-02 16:55:56,505][cascade_classifier.calc_accuracy] Accuracy(layer_3 - train.classifier_average)=98.04%
[ 2018-08-02 16:55:56,507][cascade_classifier.calc_accuracy] Accuracy(layer_3 - test.classifier_average)=98.10%
[ 2018-08-02 16:55:56,618][cascade_classifier.fit_transform] [layer=4] look_indexs=[0], X_cur_train.shape=(60000, 804), X_cur_test.shape=(10000, 804)
[ 2018-08-02 16:56:03,553][kfold_wrapper.log_eval_metrics] Accuracy(layer_4 - estimator_0 - 10_folds.train_0.predict)=98.33%
[ 2018-08-02 16:56:10,945][kfold_wrapper.log_eval_metrics] Accuracy(layer_4 - estimator_0 - 10_folds.train_1.predict)=98.13%
[ 2018-08-02 16:56:19,047][kfold_wrapper.log_eval_metrics] Accuracy(layer_4 - estimator_0 - 10_folds.train_2.predict)=98.08%
[ 2018-08-02 16:56:26,073][kfold_wrapper.log_eval_metrics] Accuracy(layer_4 - estimator_0 - 10_folds.train_3.predict)=97.95%
[ 2018-08-02 16:56:33,006][kfold_wrapper.log_eval_metrics] Accuracy(layer_4 - estimator_0 - 10_folds.train_4.predict)=97.93%
[ 2018-08-02 16:56:40,040][kfold_wrapper.log_eval_metrics] Accuracy(layer_4 - estimator_0 - 10_folds.train_5.predict)=98.08%
[ 2018-08-02 16:56:46,963][kfold_wrapper.log_eval_metrics] Accuracy(layer_4 - estimator_0 - 10_folds.train_6.predict)=98.00%
[ 2018-08-02 16:56:53,893][kfold_wrapper.log_eval_metrics] Accuracy(layer_4 - estimator_0 - 10_folds.train_7.predict)=97.77%
[ 2018-08-02 16:57:00,969][kfold_wrapper.log_eval_metrics] Accuracy(layer_4 - estimator_0 - 10_folds.train_8.predict)=97.98%
[ 2018-08-02 16:57:07,966][kfold_wrapper.log_eval_metrics] Accuracy(layer_4 - estimator_0 - 10_folds.train_9.predict)=98.32%
[ 2018-08-02 16:57:08,204][kfold_wrapper.log_eval_metrics] Accuracy(layer_4 - estimator_0 - 10_folds.train_cv.predict)=98.06%
[ 2018-08-02 16:57:08,205][kfold_wrapper.log_eval_metrics] Accuracy(layer_4 - estimator_0 - 10_folds.test.predict)=98.20%
[ 2018-08-02 16:57:15,684][kfold_wrapper.log_eval_metrics] Accuracy(layer_4 - estimator_1 - 10_folds.train_0.predict)=97.92%
[ 2018-08-02 16:57:22,371][kfold_wrapper.log_eval_metrics] Accuracy(layer_4 - estimator_1 - 10_folds.train_1.predict)=98.10%
[ 2018-08-02 16:57:29,078][kfold_wrapper.log_eval_metrics] Accuracy(layer_4 - estimator_1 - 10_folds.train_2.predict)=98.15%
[ 2018-08-02 16:57:35,792][kfold_wrapper.log_eval_metrics] Accuracy(layer_4 - estimator_1 - 10_folds.train_3.predict)=98.05%
[ 2018-08-02 16:57:42,471][kfold_wrapper.log_eval_metrics] Accuracy(layer_4 - estimator_1 - 10_folds.train_4.predict)=98.33%
[ 2018-08-02 16:57:49,260][kfold_wrapper.log_eval_metrics] Accuracy(layer_4 - estimator_1 - 10_folds.train_5.predict)=98.17%
[ 2018-08-02 16:57:55,959][kfold_wrapper.log_eval_metrics] Accuracy(layer_4 - estimator_1 - 10_folds.train_6.predict)=97.95%
[ 2018-08-02 16:58:03,011][kfold_wrapper.log_eval_metrics] Accuracy(layer_4 - estimator_1 - 10_folds.train_7.predict)=98.02%
[ 2018-08-02 16:58:11,975][kfold_wrapper.log_eval_metrics] Accuracy(layer_4 - estimator_1 - 10_folds.train_8.predict)=98.15%
[ 2018-08-02 16:58:19,578][kfold_wrapper.log_eval_metrics] Accuracy(layer_4 - estimator_1 - 10_folds.train_9.predict)=97.87%
[ 2018-08-02 16:58:19,803][kfold_wrapper.log_eval_metrics] Accuracy(layer_4 - estimator_1 - 10_folds.train_cv.predict)=98.07%
[ 2018-08-02 16:58:19,805][kfold_wrapper.log_eval_metrics] Accuracy(layer_4 - estimator_1 - 10_folds.test.predict)=98.21%
[ 2018-08-02 16:58:19,811][cascade_classifier.calc_accuracy] Accuracy(layer_4 - train.classifier_average)=98.07%
[ 2018-08-02 16:58:19,812][cascade_classifier.calc_accuracy] Accuracy(layer_4 - test.classifier_average)=98.22%
[ 2018-08-02 16:58:19,813][cascade_classifier.fit_transform] [Result][Reach Max Layer] opt_layer_num=5, accuracy_train=98.07%, accuracy_test=98.22%
[ 2018-08-02 17:00:43,923][cascade_classifier.transform] X_groups_test.shape=[(10000, 784)]
[ 2018-08-02 17:00:43,927][cascade_classifier.transform] group_dims=[784]
[ 2018-08-02 17:00:43,927][cascade_classifier.transform] X_test.shape=(10000, 784)
[ 2018-08-02 17:00:43,937][cascade_classifier.transform] [layer=0] look_indexs=[0], X_cur_test.shape=(10000, 784)
[ 2018-08-02 17:00:48,497][cascade_classifier.transform] [layer=1] look_indexs=[0], X_cur_test.shape=(10000, 804)
[ 2018-08-02 17:00:53,578][cascade_classifier.transform] [layer=2] look_indexs=[0], X_cur_test.shape=(10000, 804)
[ 2018-08-02 17:00:58,803][cascade_classifier.transform] [layer=3] look_indexs=[0], X_cur_test.shape=(10000, 804)
[ 2018-08-02 17:01:04,249][cascade_classifier.transform] [layer=4] look_indexs=[0], X_cur_test.shape=(10000, 804)
