[ 2018-08-02 13:43:28,400][cascade_classifier.fit_transform] X_groups_train.shape=[(60000, 784)],y_train.shape=(60000,),X_groups_test.shape=[(10000, 784)],y_test.shape=(10000,)
[ 2018-08-02 13:43:28,423][cascade_classifier.fit_transform] group_dims=[784]
[ 2018-08-02 13:43:28,424][cascade_classifier.fit_transform] group_starts=[0]
[ 2018-08-02 13:43:28,424][cascade_classifier.fit_transform] group_ends=[784]
[ 2018-08-02 13:43:28,425][cascade_classifier.fit_transform] X_train.shape=(60000, 784),X_test.shape=(10000, 784)
[ 2018-08-02 13:43:28,533][cascade_classifier.fit_transform] [layer=0] look_indexs=[0], X_cur_train.shape=(60000, 784), X_cur_test.shape=(10000, 784)
[ 2018-08-02 13:43:36,064][kfold_wrapper.log_eval_metrics] Accuracy(layer_0 - estimator_0 - 10_folds.train_0.predict)=97.04%
[ 2018-08-02 13:43:45,473][kfold_wrapper.log_eval_metrics] Accuracy(layer_0 - estimator_0 - 10_folds.train_1.predict)=96.83%
[ 2018-08-02 13:43:53,059][kfold_wrapper.log_eval_metrics] Accuracy(layer_0 - estimator_0 - 10_folds.train_2.predict)=97.12%
[ 2018-08-02 13:44:00,998][kfold_wrapper.log_eval_metrics] Accuracy(layer_0 - estimator_0 - 10_folds.train_3.predict)=96.90%
[ 2018-08-02 13:44:09,879][kfold_wrapper.log_eval_metrics] Accuracy(layer_0 - estimator_0 - 10_folds.train_4.predict)=96.97%
[ 2018-08-02 13:44:17,298][kfold_wrapper.log_eval_metrics] Accuracy(layer_0 - estimator_0 - 10_folds.train_5.predict)=96.30%
[ 2018-08-02 13:44:25,420][kfold_wrapper.log_eval_metrics] Accuracy(layer_0 - estimator_0 - 10_folds.train_6.predict)=97.10%
[ 2018-08-02 13:44:33,974][kfold_wrapper.log_eval_metrics] Accuracy(layer_0 - estimator_0 - 10_folds.train_7.predict)=96.63%
[ 2018-08-02 13:44:41,407][kfold_wrapper.log_eval_metrics] Accuracy(layer_0 - estimator_0 - 10_folds.train_8.predict)=96.55%
[ 2018-08-02 13:44:50,295][kfold_wrapper.log_eval_metrics] Accuracy(layer_0 - estimator_0 - 10_folds.train_9.predict)=96.26%
[ 2018-08-02 13:44:50,657][kfold_wrapper.log_eval_metrics] Accuracy(layer_0 - estimator_0 - 10_folds.train_cv.predict)=96.77%
[ 2018-08-02 13:44:50,659][kfold_wrapper.log_eval_metrics] Accuracy(layer_0 - estimator_0 - 10_folds.test.predict)=97.05%
[ 2018-08-02 13:44:58,035][kfold_wrapper.log_eval_metrics] Accuracy(layer_0 - estimator_1 - 10_folds.train_0.predict)=96.72%
[ 2018-08-02 13:45:05,009][kfold_wrapper.log_eval_metrics] Accuracy(layer_0 - estimator_1 - 10_folds.train_1.predict)=97.48%
[ 2018-08-02 13:45:12,365][kfold_wrapper.log_eval_metrics] Accuracy(layer_0 - estimator_1 - 10_folds.train_2.predict)=97.02%
[ 2018-08-02 13:45:20,340][kfold_wrapper.log_eval_metrics] Accuracy(layer_0 - estimator_1 - 10_folds.train_3.predict)=97.12%
[ 2018-08-02 13:45:28,691][kfold_wrapper.log_eval_metrics] Accuracy(layer_0 - estimator_1 - 10_folds.train_4.predict)=97.07%
[ 2018-08-02 13:45:36,788][kfold_wrapper.log_eval_metrics] Accuracy(layer_0 - estimator_1 - 10_folds.train_5.predict)=97.25%
[ 2018-08-02 13:45:46,091][kfold_wrapper.log_eval_metrics] Accuracy(layer_0 - estimator_1 - 10_folds.train_6.predict)=96.95%
[ 2018-08-02 13:45:54,012][kfold_wrapper.log_eval_metrics] Accuracy(layer_0 - estimator_1 - 10_folds.train_7.predict)=97.00%
[ 2018-08-02 13:46:01,287][kfold_wrapper.log_eval_metrics] Accuracy(layer_0 - estimator_1 - 10_folds.train_8.predict)=97.08%
[ 2018-08-02 13:46:09,993][kfold_wrapper.log_eval_metrics] Accuracy(layer_0 - estimator_1 - 10_folds.train_9.predict)=97.46%
[ 2018-08-02 13:46:10,222][kfold_wrapper.log_eval_metrics] Accuracy(layer_0 - estimator_1 - 10_folds.train_cv.predict)=97.11%
[ 2018-08-02 13:46:10,224][kfold_wrapper.log_eval_metrics] Accuracy(layer_0 - estimator_1 - 10_folds.test.predict)=97.38%
[ 2018-08-02 13:46:10,230][cascade_classifier.calc_accuracy] Accuracy(layer_0 - train.classifier_average)=97.11%
[ 2018-08-02 13:46:10,232][cascade_classifier.calc_accuracy] Accuracy(layer_0 - test.classifier_average)=97.30%
[ 2018-08-02 13:46:10,345][cascade_classifier.fit_transform] [layer=1] look_indexs=[0], X_cur_train.shape=(60000, 804), X_cur_test.shape=(10000, 804)
[ 2018-08-02 13:46:17,478][kfold_wrapper.log_eval_metrics] Accuracy(layer_1 - estimator_0 - 10_folds.train_0.predict)=98.04%
[ 2018-08-02 13:46:24,816][kfold_wrapper.log_eval_metrics] Accuracy(layer_1 - estimator_0 - 10_folds.train_1.predict)=97.50%
[ 2018-08-02 13:46:32,149][kfold_wrapper.log_eval_metrics] Accuracy(layer_1 - estimator_0 - 10_folds.train_2.predict)=97.62%
[ 2018-08-02 13:46:39,392][kfold_wrapper.log_eval_metrics] Accuracy(layer_1 - estimator_0 - 10_folds.train_3.predict)=97.87%
[ 2018-08-02 13:46:46,741][kfold_wrapper.log_eval_metrics] Accuracy(layer_1 - estimator_0 - 10_folds.train_4.predict)=97.43%
[ 2018-08-02 13:46:54,793][kfold_wrapper.log_eval_metrics] Accuracy(layer_1 - estimator_0 - 10_folds.train_5.predict)=97.38%
[ 2018-08-02 13:47:02,210][kfold_wrapper.log_eval_metrics] Accuracy(layer_1 - estimator_0 - 10_folds.train_6.predict)=97.37%
[ 2018-08-02 13:47:09,394][kfold_wrapper.log_eval_metrics] Accuracy(layer_1 - estimator_0 - 10_folds.train_7.predict)=97.40%
[ 2018-08-02 13:47:16,721][kfold_wrapper.log_eval_metrics] Accuracy(layer_1 - estimator_0 - 10_folds.train_8.predict)=97.75%
[ 2018-08-02 13:47:23,961][kfold_wrapper.log_eval_metrics] Accuracy(layer_1 - estimator_0 - 10_folds.train_9.predict)=97.52%
[ 2018-08-02 13:47:24,227][kfold_wrapper.log_eval_metrics] Accuracy(layer_1 - estimator_0 - 10_folds.train_cv.predict)=97.59%
[ 2018-08-02 13:47:24,229][kfold_wrapper.log_eval_metrics] Accuracy(layer_1 - estimator_0 - 10_folds.test.predict)=97.80%
[ 2018-08-02 13:47:30,761][kfold_wrapper.log_eval_metrics] Accuracy(layer_1 - estimator_1 - 10_folds.train_0.predict)=97.70%
[ 2018-08-02 13:47:37,487][kfold_wrapper.log_eval_metrics] Accuracy(layer_1 - estimator_1 - 10_folds.train_1.predict)=98.10%
[ 2018-08-02 13:47:44,259][kfold_wrapper.log_eval_metrics] Accuracy(layer_1 - estimator_1 - 10_folds.train_2.predict)=97.83%
[ 2018-08-02 13:47:52,057][kfold_wrapper.log_eval_metrics] Accuracy(layer_1 - estimator_1 - 10_folds.train_3.predict)=98.05%
[ 2018-08-02 13:47:59,432][kfold_wrapper.log_eval_metrics] Accuracy(layer_1 - estimator_1 - 10_folds.train_4.predict)=97.50%
[ 2018-08-02 13:48:06,265][kfold_wrapper.log_eval_metrics] Accuracy(layer_1 - estimator_1 - 10_folds.train_5.predict)=97.73%
[ 2018-08-02 13:48:13,072][kfold_wrapper.log_eval_metrics] Accuracy(layer_1 - estimator_1 - 10_folds.train_6.predict)=97.83%
[ 2018-08-02 13:48:19,789][kfold_wrapper.log_eval_metrics] Accuracy(layer_1 - estimator_1 - 10_folds.train_7.predict)=97.42%
[ 2018-08-02 13:48:27,326][kfold_wrapper.log_eval_metrics] Accuracy(layer_1 - estimator_1 - 10_folds.train_8.predict)=97.87%
[ 2018-08-02 13:48:37,729][kfold_wrapper.log_eval_metrics] Accuracy(layer_1 - estimator_1 - 10_folds.train_9.predict)=97.73%
[ 2018-08-02 13:48:37,953][kfold_wrapper.log_eval_metrics] Accuracy(layer_1 - estimator_1 - 10_folds.train_cv.predict)=97.78%
[ 2018-08-02 13:48:37,955][kfold_wrapper.log_eval_metrics] Accuracy(layer_1 - estimator_1 - 10_folds.test.predict)=97.88%
[ 2018-08-02 13:48:37,961][cascade_classifier.calc_accuracy] Accuracy(layer_1 - train.classifier_average)=97.68%
[ 2018-08-02 13:48:37,962][cascade_classifier.calc_accuracy] Accuracy(layer_1 - test.classifier_average)=97.84%
[ 2018-08-02 13:48:38,074][cascade_classifier.fit_transform] [layer=2] look_indexs=[0], X_cur_train.shape=(60000, 804), X_cur_test.shape=(10000, 804)
[ 2018-08-02 13:48:44,983][kfold_wrapper.log_eval_metrics] Accuracy(layer_2 - estimator_0 - 10_folds.train_0.predict)=98.02%
[ 2018-08-02 13:48:52,549][kfold_wrapper.log_eval_metrics] Accuracy(layer_2 - estimator_0 - 10_folds.train_1.predict)=97.97%
[ 2018-08-02 13:49:02,171][kfold_wrapper.log_eval_metrics] Accuracy(layer_2 - estimator_0 - 10_folds.train_2.predict)=97.78%
[ 2018-08-02 13:49:11,284][kfold_wrapper.log_eval_metrics] Accuracy(layer_2 - estimator_0 - 10_folds.train_3.predict)=97.72%
[ 2018-08-02 13:49:18,619][kfold_wrapper.log_eval_metrics] Accuracy(layer_2 - estimator_0 - 10_folds.train_4.predict)=97.65%
[ 2018-08-02 13:49:27,297][kfold_wrapper.log_eval_metrics] Accuracy(layer_2 - estimator_0 - 10_folds.train_5.predict)=97.50%
[ 2018-08-02 13:49:34,358][kfold_wrapper.log_eval_metrics] Accuracy(layer_2 - estimator_0 - 10_folds.train_6.predict)=98.00%
[ 2018-08-02 13:49:41,450][kfold_wrapper.log_eval_metrics] Accuracy(layer_2 - estimator_0 - 10_folds.train_7.predict)=98.33%
[ 2018-08-02 13:49:50,782][kfold_wrapper.log_eval_metrics] Accuracy(layer_2 - estimator_0 - 10_folds.train_8.predict)=97.78%
[ 2018-08-02 13:49:57,660][kfold_wrapper.log_eval_metrics] Accuracy(layer_2 - estimator_0 - 10_folds.train_9.predict)=97.93%
[ 2018-08-02 13:49:57,931][kfold_wrapper.log_eval_metrics] Accuracy(layer_2 - estimator_0 - 10_folds.train_cv.predict)=97.87%
[ 2018-08-02 13:49:57,932][kfold_wrapper.log_eval_metrics] Accuracy(layer_2 - estimator_0 - 10_folds.test.predict)=97.99%
[ 2018-08-02 13:50:04,547][kfold_wrapper.log_eval_metrics] Accuracy(layer_2 - estimator_1 - 10_folds.train_0.predict)=97.99%
[ 2018-08-02 13:50:13,053][kfold_wrapper.log_eval_metrics] Accuracy(layer_2 - estimator_1 - 10_folds.train_1.predict)=97.67%
[ 2018-08-02 13:50:19,796][kfold_wrapper.log_eval_metrics] Accuracy(layer_2 - estimator_1 - 10_folds.train_2.predict)=97.93%
[ 2018-08-02 13:50:26,613][kfold_wrapper.log_eval_metrics] Accuracy(layer_2 - estimator_1 - 10_folds.train_3.predict)=98.22%
[ 2018-08-02 13:50:34,802][kfold_wrapper.log_eval_metrics] Accuracy(layer_2 - estimator_1 - 10_folds.train_4.predict)=97.62%
[ 2018-08-02 13:50:44,042][kfold_wrapper.log_eval_metrics] Accuracy(layer_2 - estimator_1 - 10_folds.train_5.predict)=98.08%
[ 2018-08-02 13:50:52,982][kfold_wrapper.log_eval_metrics] Accuracy(layer_2 - estimator_1 - 10_folds.train_6.predict)=97.97%
[ 2018-08-02 13:51:00,733][kfold_wrapper.log_eval_metrics] Accuracy(layer_2 - estimator_1 - 10_folds.train_7.predict)=97.92%
[ 2018-08-02 13:51:07,415][kfold_wrapper.log_eval_metrics] Accuracy(layer_2 - estimator_1 - 10_folds.train_8.predict)=98.10%
[ 2018-08-02 13:51:14,105][kfold_wrapper.log_eval_metrics] Accuracy(layer_2 - estimator_1 - 10_folds.train_9.predict)=98.07%
[ 2018-08-02 13:51:14,337][kfold_wrapper.log_eval_metrics] Accuracy(layer_2 - estimator_1 - 10_folds.train_cv.predict)=97.95%
[ 2018-08-02 13:51:14,338][kfold_wrapper.log_eval_metrics] Accuracy(layer_2 - estimator_1 - 10_folds.test.predict)=98.01%
[ 2018-08-02 13:51:14,344][cascade_classifier.calc_accuracy] Accuracy(layer_2 - train.classifier_average)=97.92%
[ 2018-08-02 13:51:14,345][cascade_classifier.calc_accuracy] Accuracy(layer_2 - test.classifier_average)=98.00%
[ 2018-08-02 13:51:14,452][cascade_classifier.fit_transform] [layer=3] look_indexs=[0], X_cur_train.shape=(60000, 804), X_cur_test.shape=(10000, 804)
[ 2018-08-02 13:51:21,300][kfold_wrapper.log_eval_metrics] Accuracy(layer_3 - estimator_0 - 10_folds.train_0.predict)=98.10%
[ 2018-08-02 13:51:28,455][kfold_wrapper.log_eval_metrics] Accuracy(layer_3 - estimator_0 - 10_folds.train_1.predict)=98.25%
[ 2018-08-02 13:51:35,585][kfold_wrapper.log_eval_metrics] Accuracy(layer_3 - estimator_0 - 10_folds.train_2.predict)=97.90%
[ 2018-08-02 13:51:42,579][kfold_wrapper.log_eval_metrics] Accuracy(layer_3 - estimator_0 - 10_folds.train_3.predict)=98.02%
[ 2018-08-02 13:51:49,928][kfold_wrapper.log_eval_metrics] Accuracy(layer_3 - estimator_0 - 10_folds.train_4.predict)=98.15%
[ 2018-08-02 13:51:58,148][kfold_wrapper.log_eval_metrics] Accuracy(layer_3 - estimator_0 - 10_folds.train_5.predict)=97.70%
[ 2018-08-02 13:52:06,521][kfold_wrapper.log_eval_metrics] Accuracy(layer_3 - estimator_0 - 10_folds.train_6.predict)=98.03%
[ 2018-08-02 13:52:14,404][kfold_wrapper.log_eval_metrics] Accuracy(layer_3 - estimator_0 - 10_folds.train_7.predict)=97.68%
[ 2018-08-02 13:52:21,466][kfold_wrapper.log_eval_metrics] Accuracy(layer_3 - estimator_0 - 10_folds.train_8.predict)=98.03%
[ 2018-08-02 13:52:28,520][kfold_wrapper.log_eval_metrics] Accuracy(layer_3 - estimator_0 - 10_folds.train_9.predict)=98.18%
[ 2018-08-02 13:52:28,745][kfold_wrapper.log_eval_metrics] Accuracy(layer_3 - estimator_0 - 10_folds.train_cv.predict)=98.00%
[ 2018-08-02 13:52:28,746][kfold_wrapper.log_eval_metrics] Accuracy(layer_3 - estimator_0 - 10_folds.test.predict)=98.13%
[ 2018-08-02 13:52:35,152][kfold_wrapper.log_eval_metrics] Accuracy(layer_3 - estimator_1 - 10_folds.train_0.predict)=97.82%
[ 2018-08-02 13:52:41,774][kfold_wrapper.log_eval_metrics] Accuracy(layer_3 - estimator_1 - 10_folds.train_1.predict)=98.02%
[ 2018-08-02 13:52:48,670][kfold_wrapper.log_eval_metrics] Accuracy(layer_3 - estimator_1 - 10_folds.train_2.predict)=97.98%
[ 2018-08-02 13:52:56,132][kfold_wrapper.log_eval_metrics] Accuracy(layer_3 - estimator_1 - 10_folds.train_3.predict)=98.03%
[ 2018-08-02 13:53:02,948][kfold_wrapper.log_eval_metrics] Accuracy(layer_3 - estimator_1 - 10_folds.train_4.predict)=98.22%
[ 2018-08-02 13:53:09,524][kfold_wrapper.log_eval_metrics] Accuracy(layer_3 - estimator_1 - 10_folds.train_5.predict)=97.57%
[ 2018-08-02 13:53:16,449][kfold_wrapper.log_eval_metrics] Accuracy(layer_3 - estimator_1 - 10_folds.train_6.predict)=98.08%
[ 2018-08-02 13:53:23,359][kfold_wrapper.log_eval_metrics] Accuracy(layer_3 - estimator_1 - 10_folds.train_7.predict)=97.95%
[ 2018-08-02 13:53:30,373][kfold_wrapper.log_eval_metrics] Accuracy(layer_3 - estimator_1 - 10_folds.train_8.predict)=98.00%
[ 2018-08-02 13:53:40,597][kfold_wrapper.log_eval_metrics] Accuracy(layer_3 - estimator_1 - 10_folds.train_9.predict)=98.22%
[ 2018-08-02 13:53:40,955][kfold_wrapper.log_eval_metrics] Accuracy(layer_3 - estimator_1 - 10_folds.train_cv.predict)=97.99%
[ 2018-08-02 13:53:40,957][kfold_wrapper.log_eval_metrics] Accuracy(layer_3 - estimator_1 - 10_folds.test.predict)=98.11%
[ 2018-08-02 13:53:40,965][cascade_classifier.calc_accuracy] Accuracy(layer_3 - train.classifier_average)=98.04%
[ 2018-08-02 13:53:40,966][cascade_classifier.calc_accuracy] Accuracy(layer_3 - test.classifier_average)=98.10%
[ 2018-08-02 13:53:41,091][cascade_classifier.fit_transform] [layer=4] look_indexs=[0], X_cur_train.shape=(60000, 804), X_cur_test.shape=(10000, 804)
[ 2018-08-02 13:53:48,040][kfold_wrapper.log_eval_metrics] Accuracy(layer_4 - estimator_0 - 10_folds.train_0.predict)=98.33%
[ 2018-08-02 13:53:55,161][kfold_wrapper.log_eval_metrics] Accuracy(layer_4 - estimator_0 - 10_folds.train_1.predict)=98.13%
[ 2018-08-02 13:54:03,787][kfold_wrapper.log_eval_metrics] Accuracy(layer_4 - estimator_0 - 10_folds.train_2.predict)=98.08%
[ 2018-08-02 13:54:11,037][kfold_wrapper.log_eval_metrics] Accuracy(layer_4 - estimator_0 - 10_folds.train_3.predict)=97.95%
[ 2018-08-02 13:54:18,065][kfold_wrapper.log_eval_metrics] Accuracy(layer_4 - estimator_0 - 10_folds.train_4.predict)=97.93%
[ 2018-08-02 13:54:26,082][kfold_wrapper.log_eval_metrics] Accuracy(layer_4 - estimator_0 - 10_folds.train_5.predict)=98.08%
[ 2018-08-02 13:54:33,692][kfold_wrapper.log_eval_metrics] Accuracy(layer_4 - estimator_0 - 10_folds.train_6.predict)=98.00%
[ 2018-08-02 13:54:40,824][kfold_wrapper.log_eval_metrics] Accuracy(layer_4 - estimator_0 - 10_folds.train_7.predict)=97.77%
[ 2018-08-02 13:54:48,799][kfold_wrapper.log_eval_metrics] Accuracy(layer_4 - estimator_0 - 10_folds.train_8.predict)=97.98%
[ 2018-08-02 13:54:56,901][kfold_wrapper.log_eval_metrics] Accuracy(layer_4 - estimator_0 - 10_folds.train_9.predict)=98.32%
[ 2018-08-02 13:54:57,173][kfold_wrapper.log_eval_metrics] Accuracy(layer_4 - estimator_0 - 10_folds.train_cv.predict)=98.06%
[ 2018-08-02 13:54:57,174][kfold_wrapper.log_eval_metrics] Accuracy(layer_4 - estimator_0 - 10_folds.test.predict)=98.20%
[ 2018-08-02 13:55:04,264][kfold_wrapper.log_eval_metrics] Accuracy(layer_4 - estimator_1 - 10_folds.train_0.predict)=97.92%
[ 2018-08-02 13:55:13,183][kfold_wrapper.log_eval_metrics] Accuracy(layer_4 - estimator_1 - 10_folds.train_1.predict)=98.10%
[ 2018-08-02 13:55:20,725][kfold_wrapper.log_eval_metrics] Accuracy(layer_4 - estimator_1 - 10_folds.train_2.predict)=98.15%
[ 2018-08-02 13:55:27,550][kfold_wrapper.log_eval_metrics] Accuracy(layer_4 - estimator_1 - 10_folds.train_3.predict)=98.05%
[ 2018-08-02 13:55:34,463][kfold_wrapper.log_eval_metrics] Accuracy(layer_4 - estimator_1 - 10_folds.train_4.predict)=98.33%
[ 2018-08-02 13:55:44,068][kfold_wrapper.log_eval_metrics] Accuracy(layer_4 - estimator_1 - 10_folds.train_5.predict)=98.17%
[ 2018-08-02 13:55:52,113][kfold_wrapper.log_eval_metrics] Accuracy(layer_4 - estimator_1 - 10_folds.train_6.predict)=97.95%
[ 2018-08-02 13:56:00,369][kfold_wrapper.log_eval_metrics] Accuracy(layer_4 - estimator_1 - 10_folds.train_7.predict)=98.02%
[ 2018-08-02 13:56:07,092][kfold_wrapper.log_eval_metrics] Accuracy(layer_4 - estimator_1 - 10_folds.train_8.predict)=98.15%
[ 2018-08-02 13:56:13,886][kfold_wrapper.log_eval_metrics] Accuracy(layer_4 - estimator_1 - 10_folds.train_9.predict)=97.87%
[ 2018-08-02 13:56:14,116][kfold_wrapper.log_eval_metrics] Accuracy(layer_4 - estimator_1 - 10_folds.train_cv.predict)=98.07%
[ 2018-08-02 13:56:14,117][kfold_wrapper.log_eval_metrics] Accuracy(layer_4 - estimator_1 - 10_folds.test.predict)=98.21%
[ 2018-08-02 13:56:14,124][cascade_classifier.calc_accuracy] Accuracy(layer_4 - train.classifier_average)=98.07%
[ 2018-08-02 13:56:14,125][cascade_classifier.calc_accuracy] Accuracy(layer_4 - test.classifier_average)=98.22%
[ 2018-08-02 13:56:14,232][cascade_classifier.fit_transform] [layer=5] look_indexs=[0], X_cur_train.shape=(60000, 804), X_cur_test.shape=(10000, 804)
[ 2018-08-02 13:56:21,064][kfold_wrapper.log_eval_metrics] Accuracy(layer_5 - estimator_0 - 10_folds.train_0.predict)=98.57%
[ 2018-08-02 13:56:28,018][kfold_wrapper.log_eval_metrics] Accuracy(layer_5 - estimator_0 - 10_folds.train_1.predict)=98.13%
[ 2018-08-02 13:56:35,068][kfold_wrapper.log_eval_metrics] Accuracy(layer_5 - estimator_0 - 10_folds.train_2.predict)=98.05%
[ 2018-08-02 13:56:42,127][kfold_wrapper.log_eval_metrics] Accuracy(layer_5 - estimator_0 - 10_folds.train_3.predict)=98.25%
[ 2018-08-02 13:56:49,363][kfold_wrapper.log_eval_metrics] Accuracy(layer_5 - estimator_0 - 10_folds.train_4.predict)=97.87%
[ 2018-08-02 13:56:57,413][kfold_wrapper.log_eval_metrics] Accuracy(layer_5 - estimator_0 - 10_folds.train_5.predict)=97.48%
[ 2018-08-02 13:57:04,524][kfold_wrapper.log_eval_metrics] Accuracy(layer_5 - estimator_0 - 10_folds.train_6.predict)=98.12%
[ 2018-08-02 13:57:11,599][kfold_wrapper.log_eval_metrics] Accuracy(layer_5 - estimator_0 - 10_folds.train_7.predict)=98.12%
[ 2018-08-02 13:57:18,653][kfold_wrapper.log_eval_metrics] Accuracy(layer_5 - estimator_0 - 10_folds.train_8.predict)=98.08%
[ 2018-08-02 13:57:25,718][kfold_wrapper.log_eval_metrics] Accuracy(layer_5 - estimator_0 - 10_folds.train_9.predict)=98.10%
[ 2018-08-02 13:57:25,992][kfold_wrapper.log_eval_metrics] Accuracy(layer_5 - estimator_0 - 10_folds.train_cv.predict)=98.08%
[ 2018-08-02 13:57:25,994][kfold_wrapper.log_eval_metrics] Accuracy(layer_5 - estimator_0 - 10_folds.test.predict)=98.23%
[ 2018-08-02 13:57:32,544][kfold_wrapper.log_eval_metrics] Accuracy(layer_5 - estimator_1 - 10_folds.train_0.predict)=98.10%
[ 2018-08-02 13:57:39,224][kfold_wrapper.log_eval_metrics] Accuracy(layer_5 - estimator_1 - 10_folds.train_1.predict)=98.03%
[ 2018-08-02 13:57:45,949][kfold_wrapper.log_eval_metrics] Accuracy(layer_5 - estimator_1 - 10_folds.train_2.predict)=98.25%
[ 2018-08-02 13:57:53,137][kfold_wrapper.log_eval_metrics] Accuracy(layer_5 - estimator_1 - 10_folds.train_3.predict)=98.02%
[ 2018-08-02 13:58:00,687][kfold_wrapper.log_eval_metrics] Accuracy(layer_5 - estimator_1 - 10_folds.train_4.predict)=98.23%
[ 2018-08-02 13:58:09,542][kfold_wrapper.log_eval_metrics] Accuracy(layer_5 - estimator_1 - 10_folds.train_5.predict)=98.32%
[ 2018-08-02 13:58:16,321][kfold_wrapper.log_eval_metrics] Accuracy(layer_5 - estimator_1 - 10_folds.train_6.predict)=98.12%
[ 2018-08-02 13:58:23,250][kfold_wrapper.log_eval_metrics] Accuracy(layer_5 - estimator_1 - 10_folds.train_7.predict)=98.02%
[ 2018-08-02 13:58:29,945][kfold_wrapper.log_eval_metrics] Accuracy(layer_5 - estimator_1 - 10_folds.train_8.predict)=97.82%
[ 2018-08-02 13:58:37,846][kfold_wrapper.log_eval_metrics] Accuracy(layer_5 - estimator_1 - 10_folds.train_9.predict)=98.10%
[ 2018-08-02 13:58:38,195][kfold_wrapper.log_eval_metrics] Accuracy(layer_5 - estimator_1 - 10_folds.train_cv.predict)=98.10%
[ 2018-08-02 13:58:38,196][kfold_wrapper.log_eval_metrics] Accuracy(layer_5 - estimator_1 - 10_folds.test.predict)=98.23%
[ 2018-08-02 13:58:38,205][cascade_classifier.calc_accuracy] Accuracy(layer_5 - train.classifier_average)=98.11%
[ 2018-08-02 13:58:38,207][cascade_classifier.calc_accuracy] Accuracy(layer_5 - test.classifier_average)=98.25%
[ 2018-08-02 13:58:38,339][cascade_classifier.fit_transform] [layer=6] look_indexs=[0], X_cur_train.shape=(60000, 804), X_cur_test.shape=(10000, 804)
[ 2018-08-02 13:58:48,090][kfold_wrapper.log_eval_metrics] Accuracy(layer_6 - estimator_0 - 10_folds.train_0.predict)=98.40%
[ 2018-08-02 13:58:55,321][kfold_wrapper.log_eval_metrics] Accuracy(layer_6 - estimator_0 - 10_folds.train_1.predict)=98.10%
[ 2018-08-02 13:59:02,539][kfold_wrapper.log_eval_metrics] Accuracy(layer_6 - estimator_0 - 10_folds.train_2.predict)=98.32%
[ 2018-08-02 13:59:11,516][kfold_wrapper.log_eval_metrics] Accuracy(layer_6 - estimator_0 - 10_folds.train_3.predict)=98.02%
[ 2018-08-02 13:59:18,569][kfold_wrapper.log_eval_metrics] Accuracy(layer_6 - estimator_0 - 10_folds.train_4.predict)=98.23%
[ 2018-08-02 13:59:25,641][kfold_wrapper.log_eval_metrics] Accuracy(layer_6 - estimator_0 - 10_folds.train_5.predict)=98.38%
[ 2018-08-02 13:59:34,560][kfold_wrapper.log_eval_metrics] Accuracy(layer_6 - estimator_0 - 10_folds.train_6.predict)=98.15%
[ 2018-08-02 13:59:41,527][kfold_wrapper.log_eval_metrics] Accuracy(layer_6 - estimator_0 - 10_folds.train_7.predict)=97.92%
[ 2018-08-02 13:59:48,547][kfold_wrapper.log_eval_metrics] Accuracy(layer_6 - estimator_0 - 10_folds.train_8.predict)=97.90%
[ 2018-08-02 13:59:57,022][kfold_wrapper.log_eval_metrics] Accuracy(layer_6 - estimator_0 - 10_folds.train_9.predict)=97.87%
[ 2018-08-02 13:59:57,455][kfold_wrapper.log_eval_metrics] Accuracy(layer_6 - estimator_0 - 10_folds.train_cv.predict)=98.13%
[ 2018-08-02 13:59:57,457][kfold_wrapper.log_eval_metrics] Accuracy(layer_6 - estimator_0 - 10_folds.test.predict)=98.30%
[ 2018-08-02 14:00:04,504][kfold_wrapper.log_eval_metrics] Accuracy(layer_6 - estimator_1 - 10_folds.train_0.predict)=98.00%
[ 2018-08-02 14:00:11,253][kfold_wrapper.log_eval_metrics] Accuracy(layer_6 - estimator_1 - 10_folds.train_1.predict)=98.12%
[ 2018-08-02 14:00:18,958][kfold_wrapper.log_eval_metrics] Accuracy(layer_6 - estimator_1 - 10_folds.train_2.predict)=98.17%
[ 2018-08-02 14:00:26,386][kfold_wrapper.log_eval_metrics] Accuracy(layer_6 - estimator_1 - 10_folds.train_3.predict)=97.98%
[ 2018-08-02 14:00:33,192][kfold_wrapper.log_eval_metrics] Accuracy(layer_6 - estimator_1 - 10_folds.train_4.predict)=98.17%
[ 2018-08-02 14:00:40,093][kfold_wrapper.log_eval_metrics] Accuracy(layer_6 - estimator_1 - 10_folds.train_5.predict)=98.20%
[ 2018-08-02 14:00:48,957][kfold_wrapper.log_eval_metrics] Accuracy(layer_6 - estimator_1 - 10_folds.train_6.predict)=98.28%
[ 2018-08-02 14:00:56,377][kfold_wrapper.log_eval_metrics] Accuracy(layer_6 - estimator_1 - 10_folds.train_7.predict)=98.12%
[ 2018-08-02 14:01:04,510][kfold_wrapper.log_eval_metrics] Accuracy(layer_6 - estimator_1 - 10_folds.train_8.predict)=97.98%
[ 2018-08-02 14:01:13,547][kfold_wrapper.log_eval_metrics] Accuracy(layer_6 - estimator_1 - 10_folds.train_9.predict)=98.15%
[ 2018-08-02 14:01:13,784][kfold_wrapper.log_eval_metrics] Accuracy(layer_6 - estimator_1 - 10_folds.train_cv.predict)=98.12%
[ 2018-08-02 14:01:13,785][kfold_wrapper.log_eval_metrics] Accuracy(layer_6 - estimator_1 - 10_folds.test.predict)=98.23%
[ 2018-08-02 14:01:13,792][cascade_classifier.calc_accuracy] Accuracy(layer_6 - train.classifier_average)=98.12%
[ 2018-08-02 14:01:13,793][cascade_classifier.calc_accuracy] Accuracy(layer_6 - test.classifier_average)=98.30%
[ 2018-08-02 14:01:13,899][cascade_classifier.fit_transform] [layer=7] look_indexs=[0], X_cur_train.shape=(60000, 804), X_cur_test.shape=(10000, 804)
[ 2018-08-02 14:01:21,350][kfold_wrapper.log_eval_metrics] Accuracy(layer_7 - estimator_0 - 10_folds.train_0.predict)=98.15%
[ 2018-08-02 14:01:28,225][kfold_wrapper.log_eval_metrics] Accuracy(layer_7 - estimator_0 - 10_folds.train_1.predict)=98.27%
[ 2018-08-02 14:01:35,280][kfold_wrapper.log_eval_metrics] Accuracy(layer_7 - estimator_0 - 10_folds.train_2.predict)=98.00%
[ 2018-08-02 14:01:42,323][kfold_wrapper.log_eval_metrics] Accuracy(layer_7 - estimator_0 - 10_folds.train_3.predict)=98.03%
[ 2018-08-02 14:01:49,367][kfold_wrapper.log_eval_metrics] Accuracy(layer_7 - estimator_0 - 10_folds.train_4.predict)=98.28%
[ 2018-08-02 14:01:57,477][kfold_wrapper.log_eval_metrics] Accuracy(layer_7 - estimator_0 - 10_folds.train_5.predict)=98.23%
[ 2018-08-02 14:02:04,695][kfold_wrapper.log_eval_metrics] Accuracy(layer_7 - estimator_0 - 10_folds.train_6.predict)=97.93%
[ 2018-08-02 14:02:11,723][kfold_wrapper.log_eval_metrics] Accuracy(layer_7 - estimator_0 - 10_folds.train_7.predict)=97.98%
[ 2018-08-02 14:02:18,717][kfold_wrapper.log_eval_metrics] Accuracy(layer_7 - estimator_0 - 10_folds.train_8.predict)=98.15%
[ 2018-08-02 14:02:25,796][kfold_wrapper.log_eval_metrics] Accuracy(layer_7 - estimator_0 - 10_folds.train_9.predict)=98.17%
[ 2018-08-02 14:02:26,066][kfold_wrapper.log_eval_metrics] Accuracy(layer_7 - estimator_0 - 10_folds.train_cv.predict)=98.12%
[ 2018-08-02 14:02:26,068][kfold_wrapper.log_eval_metrics] Accuracy(layer_7 - estimator_0 - 10_folds.test.predict)=98.27%
[ 2018-08-02 14:02:32,611][kfold_wrapper.log_eval_metrics] Accuracy(layer_7 - estimator_1 - 10_folds.train_0.predict)=98.10%
[ 2018-08-02 14:02:39,338][kfold_wrapper.log_eval_metrics] Accuracy(layer_7 - estimator_1 - 10_folds.train_1.predict)=98.35%
[ 2018-08-02 14:02:46,040][kfold_wrapper.log_eval_metrics] Accuracy(layer_7 - estimator_1 - 10_folds.train_2.predict)=98.10%
[ 2018-08-02 14:02:53,225][kfold_wrapper.log_eval_metrics] Accuracy(layer_7 - estimator_1 - 10_folds.train_3.predict)=98.35%
[ 2018-08-02 14:03:01,077][kfold_wrapper.log_eval_metrics] Accuracy(layer_7 - estimator_1 - 10_folds.train_4.predict)=98.37%
[ 2018-08-02 14:03:07,769][kfold_wrapper.log_eval_metrics] Accuracy(layer_7 - estimator_1 - 10_folds.train_5.predict)=98.33%
[ 2018-08-02 14:03:14,474][kfold_wrapper.log_eval_metrics] Accuracy(layer_7 - estimator_1 - 10_folds.train_6.predict)=97.75%
[ 2018-08-02 14:03:21,298][kfold_wrapper.log_eval_metrics] Accuracy(layer_7 - estimator_1 - 10_folds.train_7.predict)=98.10%
[ 2018-08-02 14:03:28,218][kfold_wrapper.log_eval_metrics] Accuracy(layer_7 - estimator_1 - 10_folds.train_8.predict)=98.13%
[ 2018-08-02 14:03:37,291][kfold_wrapper.log_eval_metrics] Accuracy(layer_7 - estimator_1 - 10_folds.train_9.predict)=98.17%
[ 2018-08-02 14:03:37,730][kfold_wrapper.log_eval_metrics] Accuracy(layer_7 - estimator_1 - 10_folds.train_cv.predict)=98.17%
[ 2018-08-02 14:03:37,732][kfold_wrapper.log_eval_metrics] Accuracy(layer_7 - estimator_1 - 10_folds.test.predict)=98.24%
[ 2018-08-02 14:03:37,740][cascade_classifier.calc_accuracy] Accuracy(layer_7 - train.classifier_average)=98.16%
[ 2018-08-02 14:03:37,742][cascade_classifier.calc_accuracy] Accuracy(layer_7 - test.classifier_average)=98.28%
[ 2018-08-02 14:03:37,867][cascade_classifier.fit_transform] [layer=8] look_indexs=[0], X_cur_train.shape=(60000, 804), X_cur_test.shape=(10000, 804)
[ 2018-08-02 14:03:46,699][kfold_wrapper.log_eval_metrics] Accuracy(layer_8 - estimator_0 - 10_folds.train_0.predict)=98.30%
[ 2018-08-02 14:03:54,247][kfold_wrapper.log_eval_metrics] Accuracy(layer_8 - estimator_0 - 10_folds.train_1.predict)=98.32%
[ 2018-08-02 14:04:02,488][kfold_wrapper.log_eval_metrics] Accuracy(layer_8 - estimator_0 - 10_folds.train_2.predict)=98.00%
[ 2018-08-02 14:04:12,916][kfold_wrapper.log_eval_metrics] Accuracy(layer_8 - estimator_0 - 10_folds.train_3.predict)=98.27%
[ 2018-08-02 14:04:20,040][kfold_wrapper.log_eval_metrics] Accuracy(layer_8 - estimator_0 - 10_folds.train_4.predict)=98.02%
[ 2018-08-02 14:04:27,670][kfold_wrapper.log_eval_metrics] Accuracy(layer_8 - estimator_0 - 10_folds.train_5.predict)=98.43%
[ 2018-08-02 14:04:36,072][kfold_wrapper.log_eval_metrics] Accuracy(layer_8 - estimator_0 - 10_folds.train_6.predict)=98.22%
[ 2018-08-02 14:04:43,202][kfold_wrapper.log_eval_metrics] Accuracy(layer_8 - estimator_0 - 10_folds.train_7.predict)=98.15%
[ 2018-08-02 14:04:51,147][kfold_wrapper.log_eval_metrics] Accuracy(layer_8 - estimator_0 - 10_folds.train_8.predict)=97.78%
[ 2018-08-02 14:04:59,720][kfold_wrapper.log_eval_metrics] Accuracy(layer_8 - estimator_0 - 10_folds.train_9.predict)=97.88%
[ 2018-08-02 14:04:59,992][kfold_wrapper.log_eval_metrics] Accuracy(layer_8 - estimator_0 - 10_folds.train_cv.predict)=98.14%
[ 2018-08-02 14:04:59,994][kfold_wrapper.log_eval_metrics] Accuracy(layer_8 - estimator_0 - 10_folds.test.predict)=98.29%
[ 2018-08-02 14:05:06,627][kfold_wrapper.log_eval_metrics] Accuracy(layer_8 - estimator_1 - 10_folds.train_0.predict)=98.37%
[ 2018-08-02 14:05:13,532][kfold_wrapper.log_eval_metrics] Accuracy(layer_8 - estimator_1 - 10_folds.train_1.predict)=98.17%
[ 2018-08-02 14:05:21,602][kfold_wrapper.log_eval_metrics] Accuracy(layer_8 - estimator_1 - 10_folds.train_2.predict)=98.08%
[ 2018-08-02 14:05:28,300][kfold_wrapper.log_eval_metrics] Accuracy(layer_8 - estimator_1 - 10_folds.train_3.predict)=98.27%
[ 2018-08-02 14:05:35,000][kfold_wrapper.log_eval_metrics] Accuracy(layer_8 - estimator_1 - 10_folds.train_4.predict)=98.27%
[ 2018-08-02 14:05:44,495][kfold_wrapper.log_eval_metrics] Accuracy(layer_8 - estimator_1 - 10_folds.train_5.predict)=98.17%
[ 2018-08-02 14:05:53,024][kfold_wrapper.log_eval_metrics] Accuracy(layer_8 - estimator_1 - 10_folds.train_6.predict)=98.20%
[ 2018-08-02 14:06:01,287][kfold_wrapper.log_eval_metrics] Accuracy(layer_8 - estimator_1 - 10_folds.train_7.predict)=98.07%
[ 2018-08-02 14:06:08,432][kfold_wrapper.log_eval_metrics] Accuracy(layer_8 - estimator_1 - 10_folds.train_8.predict)=97.90%
[ 2018-08-02 14:06:15,224][kfold_wrapper.log_eval_metrics] Accuracy(layer_8 - estimator_1 - 10_folds.train_9.predict)=97.97%
[ 2018-08-02 14:06:15,464][kfold_wrapper.log_eval_metrics] Accuracy(layer_8 - estimator_1 - 10_folds.train_cv.predict)=98.15%
[ 2018-08-02 14:06:15,465][kfold_wrapper.log_eval_metrics] Accuracy(layer_8 - estimator_1 - 10_folds.test.predict)=98.27%
[ 2018-08-02 14:06:15,472][cascade_classifier.calc_accuracy] Accuracy(layer_8 - train.classifier_average)=98.16%
[ 2018-08-02 14:06:15,473][cascade_classifier.calc_accuracy] Accuracy(layer_8 - test.classifier_average)=98.29%
[ 2018-08-02 14:06:15,581][cascade_classifier.fit_transform] [layer=9] look_indexs=[0], X_cur_train.shape=(60000, 804), X_cur_test.shape=(10000, 804)
[ 2018-08-02 14:06:22,518][kfold_wrapper.log_eval_metrics] Accuracy(layer_9 - estimator_0 - 10_folds.train_0.predict)=98.09%
[ 2018-08-02 14:06:29,514][kfold_wrapper.log_eval_metrics] Accuracy(layer_9 - estimator_0 - 10_folds.train_1.predict)=98.03%
[ 2018-08-02 14:06:36,577][kfold_wrapper.log_eval_metrics] Accuracy(layer_9 - estimator_0 - 10_folds.train_2.predict)=97.93%
[ 2018-08-02 14:06:43,604][kfold_wrapper.log_eval_metrics] Accuracy(layer_9 - estimator_0 - 10_folds.train_3.predict)=98.45%
[ 2018-08-02 14:06:50,594][kfold_wrapper.log_eval_metrics] Accuracy(layer_9 - estimator_0 - 10_folds.train_4.predict)=98.33%
[ 2018-08-02 14:06:58,696][kfold_wrapper.log_eval_metrics] Accuracy(layer_9 - estimator_0 - 10_folds.train_5.predict)=98.25%
[ 2018-08-02 14:07:07,178][kfold_wrapper.log_eval_metrics] Accuracy(layer_9 - estimator_0 - 10_folds.train_6.predict)=97.93%
[ 2018-08-02 14:07:15,012][kfold_wrapper.log_eval_metrics] Accuracy(layer_9 - estimator_0 - 10_folds.train_7.predict)=98.38%
[ 2018-08-02 14:07:22,020][kfold_wrapper.log_eval_metrics] Accuracy(layer_9 - estimator_0 - 10_folds.train_8.predict)=98.17%
[ 2018-08-02 14:07:29,111][kfold_wrapper.log_eval_metrics] Accuracy(layer_9 - estimator_0 - 10_folds.train_9.predict)=98.17%
[ 2018-08-02 14:07:29,386][kfold_wrapper.log_eval_metrics] Accuracy(layer_9 - estimator_0 - 10_folds.train_cv.predict)=98.17%
[ 2018-08-02 14:07:29,388][kfold_wrapper.log_eval_metrics] Accuracy(layer_9 - estimator_0 - 10_folds.test.predict)=98.28%
[ 2018-08-02 14:07:35,920][kfold_wrapper.log_eval_metrics] Accuracy(layer_9 - estimator_1 - 10_folds.train_0.predict)=98.27%
[ 2018-08-02 14:07:42,702][kfold_wrapper.log_eval_metrics] Accuracy(layer_9 - estimator_1 - 10_folds.train_1.predict)=98.07%
[ 2018-08-02 14:07:49,462][kfold_wrapper.log_eval_metrics] Accuracy(layer_9 - estimator_1 - 10_folds.train_2.predict)=98.35%
[ 2018-08-02 14:07:56,814][kfold_wrapper.log_eval_metrics] Accuracy(layer_9 - estimator_1 - 10_folds.train_3.predict)=98.02%
[ 2018-08-02 14:08:04,076][kfold_wrapper.log_eval_metrics] Accuracy(layer_9 - estimator_1 - 10_folds.train_4.predict)=98.25%
[ 2018-08-02 14:08:10,760][kfold_wrapper.log_eval_metrics] Accuracy(layer_9 - estimator_1 - 10_folds.train_5.predict)=97.88%
[ 2018-08-02 14:08:17,631][kfold_wrapper.log_eval_metrics] Accuracy(layer_9 - estimator_1 - 10_folds.train_6.predict)=97.92%
[ 2018-08-02 14:08:24,458][kfold_wrapper.log_eval_metrics] Accuracy(layer_9 - estimator_1 - 10_folds.train_7.predict)=98.27%
[ 2018-08-02 14:08:31,272][kfold_wrapper.log_eval_metrics] Accuracy(layer_9 - estimator_1 - 10_folds.train_8.predict)=98.32%
[ 2018-08-02 14:08:38,073][kfold_wrapper.log_eval_metrics] Accuracy(layer_9 - estimator_1 - 10_folds.train_9.predict)=98.28%
[ 2018-08-02 14:08:38,303][kfold_wrapper.log_eval_metrics] Accuracy(layer_9 - estimator_1 - 10_folds.train_cv.predict)=98.16%
[ 2018-08-02 14:08:38,305][kfold_wrapper.log_eval_metrics] Accuracy(layer_9 - estimator_1 - 10_folds.test.predict)=98.25%
[ 2018-08-02 14:08:38,311][cascade_classifier.calc_accuracy] Accuracy(layer_9 - train.classifier_average)=98.18%
[ 2018-08-02 14:08:38,313][cascade_classifier.calc_accuracy] Accuracy(layer_9 - test.classifier_average)=98.26%
[ 2018-08-02 14:08:38,419][cascade_classifier.fit_transform] [layer=10] look_indexs=[0], X_cur_train.shape=(60000, 804), X_cur_test.shape=(10000, 804)
[ 2018-08-02 14:08:45,243][kfold_wrapper.log_eval_metrics] Accuracy(layer_10 - estimator_0 - 10_folds.train_0.predict)=98.22%
[ 2018-08-02 14:08:52,599][kfold_wrapper.log_eval_metrics] Accuracy(layer_10 - estimator_0 - 10_folds.train_1.predict)=98.43%
[ 2018-08-02 14:09:00,723][kfold_wrapper.log_eval_metrics] Accuracy(layer_10 - estimator_0 - 10_folds.train_2.predict)=97.88%
[ 2018-08-02 14:09:07,882][kfold_wrapper.log_eval_metrics] Accuracy(layer_10 - estimator_0 - 10_folds.train_3.predict)=98.15%
[ 2018-08-02 14:09:14,993][kfold_wrapper.log_eval_metrics] Accuracy(layer_10 - estimator_0 - 10_folds.train_4.predict)=98.02%
[ 2018-08-02 14:09:21,999][kfold_wrapper.log_eval_metrics] Accuracy(layer_10 - estimator_0 - 10_folds.train_5.predict)=98.13%
[ 2018-08-02 14:09:29,034][kfold_wrapper.log_eval_metrics] Accuracy(layer_10 - estimator_0 - 10_folds.train_6.predict)=98.22%
[ 2018-08-02 14:09:36,099][kfold_wrapper.log_eval_metrics] Accuracy(layer_10 - estimator_0 - 10_folds.train_7.predict)=98.17%
[ 2018-08-02 14:09:43,249][kfold_wrapper.log_eval_metrics] Accuracy(layer_10 - estimator_0 - 10_folds.train_8.predict)=97.93%
[ 2018-08-02 14:09:50,258][kfold_wrapper.log_eval_metrics] Accuracy(layer_10 - estimator_0 - 10_folds.train_9.predict)=98.17%
[ 2018-08-02 14:09:50,494][kfold_wrapper.log_eval_metrics] Accuracy(layer_10 - estimator_0 - 10_folds.train_cv.predict)=98.13%
[ 2018-08-02 14:09:50,496][kfold_wrapper.log_eval_metrics] Accuracy(layer_10 - estimator_0 - 10_folds.test.predict)=98.27%
[ 2018-08-02 14:09:57,832][kfold_wrapper.log_eval_metrics] Accuracy(layer_10 - estimator_1 - 10_folds.train_0.predict)=98.10%
[ 2018-08-02 14:10:05,794][kfold_wrapper.log_eval_metrics] Accuracy(layer_10 - estimator_1 - 10_folds.train_1.predict)=98.17%
[ 2018-08-02 14:10:13,613][kfold_wrapper.log_eval_metrics] Accuracy(layer_10 - estimator_1 - 10_folds.train_2.predict)=98.10%
[ 2018-08-02 14:10:20,444][kfold_wrapper.log_eval_metrics] Accuracy(layer_10 - estimator_1 - 10_folds.train_3.predict)=98.53%
[ 2018-08-02 14:10:27,119][kfold_wrapper.log_eval_metrics] Accuracy(layer_10 - estimator_1 - 10_folds.train_4.predict)=98.05%
[ 2018-08-02 14:10:33,796][kfold_wrapper.log_eval_metrics] Accuracy(layer_10 - estimator_1 - 10_folds.train_5.predict)=98.08%
[ 2018-08-02 14:10:40,480][kfold_wrapper.log_eval_metrics] Accuracy(layer_10 - estimator_1 - 10_folds.train_6.predict)=98.40%
[ 2018-08-02 14:10:47,094][kfold_wrapper.log_eval_metrics] Accuracy(layer_10 - estimator_1 - 10_folds.train_7.predict)=98.13%
[ 2018-08-02 14:10:54,197][kfold_wrapper.log_eval_metrics] Accuracy(layer_10 - estimator_1 - 10_folds.train_8.predict)=98.28%
[ 2018-08-02 14:11:01,743][kfold_wrapper.log_eval_metrics] Accuracy(layer_10 - estimator_1 - 10_folds.train_9.predict)=97.68%
[ 2018-08-02 14:11:02,019][kfold_wrapper.log_eval_metrics] Accuracy(layer_10 - estimator_1 - 10_folds.train_cv.predict)=98.15%
[ 2018-08-02 14:11:02,020][kfold_wrapper.log_eval_metrics] Accuracy(layer_10 - estimator_1 - 10_folds.test.predict)=98.28%
[ 2018-08-02 14:11:02,026][cascade_classifier.calc_accuracy] Accuracy(layer_10 - train.classifier_average)=98.14%
[ 2018-08-02 14:11:02,028][cascade_classifier.calc_accuracy] Accuracy(layer_10 - test.classifier_average)=98.27%
[ 2018-08-02 14:11:02,133][cascade_classifier.fit_transform] [layer=11] look_indexs=[0], X_cur_train.shape=(60000, 804), X_cur_test.shape=(10000, 804)
[ 2018-08-02 14:11:09,060][kfold_wrapper.log_eval_metrics] Accuracy(layer_11 - estimator_0 - 10_folds.train_0.predict)=98.25%
[ 2018-08-02 14:11:16,063][kfold_wrapper.log_eval_metrics] Accuracy(layer_11 - estimator_0 - 10_folds.train_1.predict)=98.38%
[ 2018-08-02 14:11:23,042][kfold_wrapper.log_eval_metrics] Accuracy(layer_11 - estimator_0 - 10_folds.train_2.predict)=98.30%
[ 2018-08-02 14:11:29,921][kfold_wrapper.log_eval_metrics] Accuracy(layer_11 - estimator_0 - 10_folds.train_3.predict)=98.10%
[ 2018-08-02 14:11:36,918][kfold_wrapper.log_eval_metrics] Accuracy(layer_11 - estimator_0 - 10_folds.train_4.predict)=97.97%
[ 2018-08-02 14:11:43,969][kfold_wrapper.log_eval_metrics] Accuracy(layer_11 - estimator_0 - 10_folds.train_5.predict)=97.92%
[ 2018-08-02 14:11:50,961][kfold_wrapper.log_eval_metrics] Accuracy(layer_11 - estimator_0 - 10_folds.train_6.predict)=98.08%
[ 2018-08-02 14:11:59,011][kfold_wrapper.log_eval_metrics] Accuracy(layer_11 - estimator_0 - 10_folds.train_7.predict)=98.23%
[ 2018-08-02 14:12:06,329][kfold_wrapper.log_eval_metrics] Accuracy(layer_11 - estimator_0 - 10_folds.train_8.predict)=98.10%
[ 2018-08-02 14:12:13,254][kfold_wrapper.log_eval_metrics] Accuracy(layer_11 - estimator_0 - 10_folds.train_9.predict)=98.10%
[ 2018-08-02 14:12:13,483][kfold_wrapper.log_eval_metrics] Accuracy(layer_11 - estimator_0 - 10_folds.train_cv.predict)=98.14%
[ 2018-08-02 14:12:13,485][kfold_wrapper.log_eval_metrics] Accuracy(layer_11 - estimator_0 - 10_folds.test.predict)=98.28%
[ 2018-08-02 14:12:20,111][kfold_wrapper.log_eval_metrics] Accuracy(layer_11 - estimator_1 - 10_folds.train_0.predict)=98.24%
[ 2018-08-02 14:12:26,907][kfold_wrapper.log_eval_metrics] Accuracy(layer_11 - estimator_1 - 10_folds.train_1.predict)=98.08%
[ 2018-08-02 14:12:33,591][kfold_wrapper.log_eval_metrics] Accuracy(layer_11 - estimator_1 - 10_folds.train_2.predict)=97.68%
[ 2018-08-02 14:12:40,350][kfold_wrapper.log_eval_metrics] Accuracy(layer_11 - estimator_1 - 10_folds.train_3.predict)=97.83%
[ 2018-08-02 14:12:47,023][kfold_wrapper.log_eval_metrics] Accuracy(layer_11 - estimator_1 - 10_folds.train_4.predict)=98.38%
[ 2018-08-02 14:12:54,044][kfold_wrapper.log_eval_metrics] Accuracy(layer_11 - estimator_1 - 10_folds.train_5.predict)=98.22%
[ 2018-08-02 14:13:01,676][kfold_wrapper.log_eval_metrics] Accuracy(layer_11 - estimator_1 - 10_folds.train_6.predict)=98.42%
[ 2018-08-02 14:13:10,228][kfold_wrapper.log_eval_metrics] Accuracy(layer_11 - estimator_1 - 10_folds.train_7.predict)=98.10%
[ 2018-08-02 14:13:17,969][kfold_wrapper.log_eval_metrics] Accuracy(layer_11 - estimator_1 - 10_folds.train_8.predict)=98.37%
[ 2018-08-02 14:13:24,661][kfold_wrapper.log_eval_metrics] Accuracy(layer_11 - estimator_1 - 10_folds.train_9.predict)=98.23%
[ 2018-08-02 14:13:24,892][kfold_wrapper.log_eval_metrics] Accuracy(layer_11 - estimator_1 - 10_folds.train_cv.predict)=98.16%
[ 2018-08-02 14:13:24,894][kfold_wrapper.log_eval_metrics] Accuracy(layer_11 - estimator_1 - 10_folds.test.predict)=98.28%
[ 2018-08-02 14:13:24,900][cascade_classifier.calc_accuracy] Accuracy(layer_11 - train.classifier_average)=98.16%
[ 2018-08-02 14:13:24,901][cascade_classifier.calc_accuracy] Accuracy(layer_11 - test.classifier_average)=98.28%
[ 2018-08-02 14:13:25,007][cascade_classifier.fit_transform] [layer=12] look_indexs=[0], X_cur_train.shape=(60000, 804), X_cur_test.shape=(10000, 804)
[ 2018-08-02 14:13:31,868][kfold_wrapper.log_eval_metrics] Accuracy(layer_12 - estimator_0 - 10_folds.train_0.predict)=98.40%
[ 2018-08-02 14:13:38,813][kfold_wrapper.log_eval_metrics] Accuracy(layer_12 - estimator_0 - 10_folds.train_1.predict)=98.08%
[ 2018-08-02 14:13:45,885][kfold_wrapper.log_eval_metrics] Accuracy(layer_12 - estimator_0 - 10_folds.train_2.predict)=98.05%
[ 2018-08-02 14:13:53,261][kfold_wrapper.log_eval_metrics] Accuracy(layer_12 - estimator_0 - 10_folds.train_3.predict)=98.08%
[ 2018-08-02 14:14:01,472][kfold_wrapper.log_eval_metrics] Accuracy(layer_12 - estimator_0 - 10_folds.train_4.predict)=98.05%
[ 2018-08-02 14:14:08,640][kfold_wrapper.log_eval_metrics] Accuracy(layer_12 - estimator_0 - 10_folds.train_5.predict)=97.68%
[ 2018-08-02 14:14:15,744][kfold_wrapper.log_eval_metrics] Accuracy(layer_12 - estimator_0 - 10_folds.train_6.predict)=98.48%
[ 2018-08-02 14:14:23,102][kfold_wrapper.log_eval_metrics] Accuracy(layer_12 - estimator_0 - 10_folds.train_7.predict)=98.28%
