[ 2018-07-31 22:11:18,721][cascade_classifier.fit_transform] X_groups_train.shape=[(6907, 16)],y_train.shape=(6907,),X_groups_test.shape=[(2961, 16)],y_test.shape=(2961,)
[ 2018-07-31 22:11:18,724][cascade_classifier.fit_transform] group_dims=[16]
[ 2018-07-31 22:11:18,726][cascade_classifier.fit_transform] group_starts=[0]
[ 2018-07-31 22:11:18,727][cascade_classifier.fit_transform] group_ends=[16]
[ 2018-07-31 22:11:18,728][cascade_classifier.fit_transform] X_train.shape=(6907, 16),X_test.shape=(2961, 16)
[ 2018-07-31 22:11:18,730][cascade_classifier.fit_transform] [layer=0] look_indexs=[0], X_cur_train.shape=(6907, 16), X_cur_test.shape=(2961, 16)
[ 2018-07-31 22:11:19,616][kfold_wrapper.log_eval_metrics] Accuracy(layer_0 - estimator_0 - 10_folds.train_0.predict)=99.71%
[ 2018-07-31 22:11:20,751][kfold_wrapper.log_eval_metrics] Accuracy(layer_0 - estimator_0 - 10_folds.train_1.predict)=100.00%
[ 2018-07-31 22:11:21,846][kfold_wrapper.log_eval_metrics] Accuracy(layer_0 - estimator_0 - 10_folds.train_2.predict)=99.86%
[ 2018-07-31 22:11:22,856][kfold_wrapper.log_eval_metrics] Accuracy(layer_0 - estimator_0 - 10_folds.train_3.predict)=99.71%
[ 2018-07-31 22:11:23,955][kfold_wrapper.log_eval_metrics] Accuracy(layer_0 - estimator_0 - 10_folds.train_4.predict)=99.86%
[ 2018-07-31 22:11:25,071][kfold_wrapper.log_eval_metrics] Accuracy(layer_0 - estimator_0 - 10_folds.train_5.predict)=99.86%
[ 2018-07-31 22:11:26,136][kfold_wrapper.log_eval_metrics] Accuracy(layer_0 - estimator_0 - 10_folds.train_6.predict)=100.00%
[ 2018-07-31 22:11:27,228][kfold_wrapper.log_eval_metrics] Accuracy(layer_0 - estimator_0 - 10_folds.train_7.predict)=99.86%
[ 2018-07-31 22:11:28,277][kfold_wrapper.log_eval_metrics] Accuracy(layer_0 - estimator_0 - 10_folds.train_8.predict)=100.00%
[ 2018-07-31 22:11:29,347][kfold_wrapper.log_eval_metrics] Accuracy(layer_0 - estimator_0 - 10_folds.train_9.predict)=99.86%
[ 2018-07-31 22:11:29,595][kfold_wrapper.log_eval_metrics] Accuracy(layer_0 - estimator_0 - 10_folds.train_cv.predict)=99.87%
[ 2018-07-31 22:11:29,597][kfold_wrapper.log_eval_metrics] Accuracy(layer_0 - estimator_0 - 10_folds.test.predict)=99.93%
[ 2018-07-31 22:11:30,461][kfold_wrapper.log_eval_metrics] Accuracy(layer_0 - estimator_1 - 10_folds.train_0.predict)=100.00%
[ 2018-07-31 22:11:31,581][kfold_wrapper.log_eval_metrics] Accuracy(layer_0 - estimator_1 - 10_folds.train_1.predict)=99.86%
[ 2018-07-31 22:11:32,705][kfold_wrapper.log_eval_metrics] Accuracy(layer_0 - estimator_1 - 10_folds.train_2.predict)=99.86%
[ 2018-07-31 22:11:33,803][kfold_wrapper.log_eval_metrics] Accuracy(layer_0 - estimator_1 - 10_folds.train_3.predict)=99.86%
[ 2018-07-31 22:11:34,898][kfold_wrapper.log_eval_metrics] Accuracy(layer_0 - estimator_1 - 10_folds.train_4.predict)=100.00%
[ 2018-07-31 22:11:36,012][kfold_wrapper.log_eval_metrics] Accuracy(layer_0 - estimator_1 - 10_folds.train_5.predict)=99.86%
[ 2018-07-31 22:11:37,082][kfold_wrapper.log_eval_metrics] Accuracy(layer_0 - estimator_1 - 10_folds.train_6.predict)=99.86%
[ 2018-07-31 22:11:38,338][kfold_wrapper.log_eval_metrics] Accuracy(layer_0 - estimator_1 - 10_folds.train_7.predict)=100.00%
[ 2018-07-31 22:11:39,395][kfold_wrapper.log_eval_metrics] Accuracy(layer_0 - estimator_1 - 10_folds.train_8.predict)=100.00%
[ 2018-07-31 22:11:40,487][kfold_wrapper.log_eval_metrics] Accuracy(layer_0 - estimator_1 - 10_folds.train_9.predict)=99.86%
[ 2018-07-31 22:11:40,705][kfold_wrapper.log_eval_metrics] Accuracy(layer_0 - estimator_1 - 10_folds.train_cv.predict)=99.91%
[ 2018-07-31 22:11:40,706][kfold_wrapper.log_eval_metrics] Accuracy(layer_0 - estimator_1 - 10_folds.test.predict)=99.97%
[ 2018-07-31 22:11:40,830][kfold_wrapper.log_eval_metrics] Accuracy(layer_0 - estimator_2 - 10_folds.train_0.predict)=99.71%
[ 2018-07-31 22:11:40,939][kfold_wrapper.log_eval_metrics] Accuracy(layer_0 - estimator_2 - 10_folds.train_1.predict)=99.86%
[ 2018-07-31 22:11:41,030][kfold_wrapper.log_eval_metrics] Accuracy(layer_0 - estimator_2 - 10_folds.train_2.predict)=99.86%
[ 2018-07-31 22:11:41,112][kfold_wrapper.log_eval_metrics] Accuracy(layer_0 - estimator_2 - 10_folds.train_3.predict)=100.00%
[ 2018-07-31 22:11:41,228][kfold_wrapper.log_eval_metrics] Accuracy(layer_0 - estimator_2 - 10_folds.train_4.predict)=99.86%
[ 2018-07-31 22:11:41,333][kfold_wrapper.log_eval_metrics] Accuracy(layer_0 - estimator_2 - 10_folds.train_5.predict)=99.57%
[ 2018-07-31 22:11:41,478][kfold_wrapper.log_eval_metrics] Accuracy(layer_0 - estimator_2 - 10_folds.train_6.predict)=99.71%
[ 2018-07-31 22:11:41,576][kfold_wrapper.log_eval_metrics] Accuracy(layer_0 - estimator_2 - 10_folds.train_7.predict)=99.86%
[ 2018-07-31 22:11:41,680][kfold_wrapper.log_eval_metrics] Accuracy(layer_0 - estimator_2 - 10_folds.train_8.predict)=99.86%
[ 2018-07-31 22:11:41,781][kfold_wrapper.log_eval_metrics] Accuracy(layer_0 - estimator_2 - 10_folds.train_9.predict)=99.86%
[ 2018-07-31 22:11:41,805][kfold_wrapper.log_eval_metrics] Accuracy(layer_0 - estimator_2 - 10_folds.train_cv.predict)=99.81%
[ 2018-07-31 22:11:41,807][kfold_wrapper.log_eval_metrics] Accuracy(layer_0 - estimator_2 - 10_folds.test.predict)=99.90%
[ 2018-07-31 22:11:41,815][cascade_classifier.calc_accuracy] Accuracy(layer_0 - train.classifier_average)=99.93%
[ 2018-07-31 22:11:41,816][cascade_classifier.calc_accuracy] Accuracy(layer_0 - test.classifier_average)=100.00%
[ 2018-07-31 22:11:41,821][cascade_classifier.fit_transform] [layer=1] look_indexs=[0], X_cur_train.shape=(6907, 22), X_cur_test.shape=(2961, 22)
[ 2018-07-31 22:11:42,792][kfold_wrapper.log_eval_metrics] Accuracy(layer_1 - estimator_0 - 10_folds.train_0.predict)=99.86%
[ 2018-07-31 22:11:43,957][kfold_wrapper.log_eval_metrics] Accuracy(layer_1 - estimator_0 - 10_folds.train_1.predict)=100.00%
[ 2018-07-31 22:11:45,029][kfold_wrapper.log_eval_metrics] Accuracy(layer_1 - estimator_0 - 10_folds.train_2.predict)=99.86%
[ 2018-07-31 22:11:46,135][kfold_wrapper.log_eval_metrics] Accuracy(layer_1 - estimator_0 - 10_folds.train_3.predict)=100.00%
[ 2018-07-31 22:11:47,195][kfold_wrapper.log_eval_metrics] Accuracy(layer_1 - estimator_0 - 10_folds.train_4.predict)=100.00%
[ 2018-07-31 22:11:48,261][kfold_wrapper.log_eval_metrics] Accuracy(layer_1 - estimator_0 - 10_folds.train_5.predict)=99.86%
[ 2018-07-31 22:11:49,330][kfold_wrapper.log_eval_metrics] Accuracy(layer_1 - estimator_0 - 10_folds.train_6.predict)=99.86%
[ 2018-07-31 22:11:50,380][kfold_wrapper.log_eval_metrics] Accuracy(layer_1 - estimator_0 - 10_folds.train_7.predict)=99.86%
[ 2018-07-31 22:11:51,784][kfold_wrapper.log_eval_metrics] Accuracy(layer_1 - estimator_0 - 10_folds.train_8.predict)=100.00%
[ 2018-07-31 22:11:53,048][kfold_wrapper.log_eval_metrics] Accuracy(layer_1 - estimator_0 - 10_folds.train_9.predict)=100.00%
[ 2018-07-31 22:11:53,302][kfold_wrapper.log_eval_metrics] Accuracy(layer_1 - estimator_0 - 10_folds.train_cv.predict)=99.93%
[ 2018-07-31 22:11:53,303][kfold_wrapper.log_eval_metrics] Accuracy(layer_1 - estimator_0 - 10_folds.test.predict)=100.00%
[ 2018-07-31 22:11:54,270][kfold_wrapper.log_eval_metrics] Accuracy(layer_1 - estimator_1 - 10_folds.train_0.predict)=100.00%
[ 2018-07-31 22:11:55,423][kfold_wrapper.log_eval_metrics] Accuracy(layer_1 - estimator_1 - 10_folds.train_1.predict)=100.00%
[ 2018-07-31 22:11:56,704][kfold_wrapper.log_eval_metrics] Accuracy(layer_1 - estimator_1 - 10_folds.train_2.predict)=99.71%
[ 2018-07-31 22:11:57,961][kfold_wrapper.log_eval_metrics] Accuracy(layer_1 - estimator_1 - 10_folds.train_3.predict)=100.00%
[ 2018-07-31 22:11:59,049][kfold_wrapper.log_eval_metrics] Accuracy(layer_1 - estimator_1 - 10_folds.train_4.predict)=99.86%
[ 2018-07-31 22:12:00,304][kfold_wrapper.log_eval_metrics] Accuracy(layer_1 - estimator_1 - 10_folds.train_5.predict)=100.00%
[ 2018-07-31 22:12:01,498][kfold_wrapper.log_eval_metrics] Accuracy(layer_1 - estimator_1 - 10_folds.train_6.predict)=100.00%
[ 2018-07-31 22:12:02,628][kfold_wrapper.log_eval_metrics] Accuracy(layer_1 - estimator_1 - 10_folds.train_7.predict)=100.00%
[ 2018-07-31 22:12:04,173][kfold_wrapper.log_eval_metrics] Accuracy(layer_1 - estimator_1 - 10_folds.train_8.predict)=100.00%
[ 2018-07-31 22:12:05,537][kfold_wrapper.log_eval_metrics] Accuracy(layer_1 - estimator_1 - 10_folds.train_9.predict)=100.00%
[ 2018-07-31 22:12:05,859][kfold_wrapper.log_eval_metrics] Accuracy(layer_1 - estimator_1 - 10_folds.train_cv.predict)=99.96%
[ 2018-07-31 22:12:05,895][kfold_wrapper.log_eval_metrics] Accuracy(layer_1 - estimator_1 - 10_folds.test.predict)=100.00%
[ 2018-07-31 22:12:06,093][kfold_wrapper.log_eval_metrics] Accuracy(layer_1 - estimator_2 - 10_folds.train_0.predict)=99.86%
[ 2018-07-31 22:12:06,490][kfold_wrapper.log_eval_metrics] Accuracy(layer_1 - estimator_2 - 10_folds.train_1.predict)=99.71%
[ 2018-07-31 22:12:06,817][kfold_wrapper.log_eval_metrics] Accuracy(layer_1 - estimator_2 - 10_folds.train_2.predict)=100.00%
[ 2018-07-31 22:12:07,062][kfold_wrapper.log_eval_metrics] Accuracy(layer_1 - estimator_2 - 10_folds.train_3.predict)=100.00%
[ 2018-07-31 22:12:07,275][kfold_wrapper.log_eval_metrics] Accuracy(layer_1 - estimator_2 - 10_folds.train_4.predict)=99.71%
[ 2018-07-31 22:12:07,559][kfold_wrapper.log_eval_metrics] Accuracy(layer_1 - estimator_2 - 10_folds.train_5.predict)=99.57%
[ 2018-07-31 22:12:07,847][kfold_wrapper.log_eval_metrics] Accuracy(layer_1 - estimator_2 - 10_folds.train_6.predict)=99.86%
[ 2018-07-31 22:12:08,118][kfold_wrapper.log_eval_metrics] Accuracy(layer_1 - estimator_2 - 10_folds.train_7.predict)=100.00%
[ 2018-07-31 22:12:08,412][kfold_wrapper.log_eval_metrics] Accuracy(layer_1 - estimator_2 - 10_folds.train_8.predict)=99.86%
[ 2018-07-31 22:12:08,572][kfold_wrapper.log_eval_metrics] Accuracy(layer_1 - estimator_2 - 10_folds.train_9.predict)=99.86%
[ 2018-07-31 22:12:08,578][kfold_wrapper.log_eval_metrics] Accuracy(layer_1 - estimator_2 - 10_folds.train_cv.predict)=99.84%
[ 2018-07-31 22:12:08,583][kfold_wrapper.log_eval_metrics] Accuracy(layer_1 - estimator_2 - 10_folds.test.predict)=99.90%
[ 2018-07-31 22:12:08,591][cascade_classifier.calc_accuracy] Accuracy(layer_1 - train.classifier_average)=99.93%
[ 2018-07-31 22:12:08,599][cascade_classifier.calc_accuracy] Accuracy(layer_1 - test.classifier_average)=100.00%
[ 2018-07-31 22:12:08,601][cascade_classifier.fit_transform] [layer=2] look_indexs=[0], X_cur_train.shape=(6907, 22), X_cur_test.shape=(2961, 22)
[ 2018-07-31 22:12:10,374][kfold_wrapper.log_eval_metrics] Accuracy(layer_2 - estimator_0 - 10_folds.train_0.predict)=99.86%
[ 2018-07-31 22:12:12,036][kfold_wrapper.log_eval_metrics] Accuracy(layer_2 - estimator_0 - 10_folds.train_1.predict)=100.00%
[ 2018-07-31 22:12:13,764][kfold_wrapper.log_eval_metrics] Accuracy(layer_2 - estimator_0 - 10_folds.train_2.predict)=100.00%
[ 2018-07-31 22:12:15,317][kfold_wrapper.log_eval_metrics] Accuracy(layer_2 - estimator_0 - 10_folds.train_3.predict)=100.00%
[ 2018-07-31 22:12:16,650][kfold_wrapper.log_eval_metrics] Accuracy(layer_2 - estimator_0 - 10_folds.train_4.predict)=99.71%
[ 2018-07-31 22:12:18,118][kfold_wrapper.log_eval_metrics] Accuracy(layer_2 - estimator_0 - 10_folds.train_5.predict)=100.00%
[ 2018-07-31 22:12:19,492][kfold_wrapper.log_eval_metrics] Accuracy(layer_2 - estimator_0 - 10_folds.train_6.predict)=100.00%
[ 2018-07-31 22:12:20,865][kfold_wrapper.log_eval_metrics] Accuracy(layer_2 - estimator_0 - 10_folds.train_7.predict)=99.86%
[ 2018-07-31 22:12:22,468][kfold_wrapper.log_eval_metrics] Accuracy(layer_2 - estimator_0 - 10_folds.train_8.predict)=100.00%
[ 2018-07-31 22:12:24,157][kfold_wrapper.log_eval_metrics] Accuracy(layer_2 - estimator_0 - 10_folds.train_9.predict)=100.00%
[ 2018-07-31 22:12:24,401][kfold_wrapper.log_eval_metrics] Accuracy(layer_2 - estimator_0 - 10_folds.train_cv.predict)=99.94%
[ 2018-07-31 22:12:24,405][kfold_wrapper.log_eval_metrics] Accuracy(layer_2 - estimator_0 - 10_folds.test.predict)=100.00%
[ 2018-07-31 22:12:25,486][kfold_wrapper.log_eval_metrics] Accuracy(layer_2 - estimator_1 - 10_folds.train_0.predict)=99.86%
[ 2018-07-31 22:12:26,938][kfold_wrapper.log_eval_metrics] Accuracy(layer_2 - estimator_1 - 10_folds.train_1.predict)=99.86%
[ 2018-07-31 22:12:28,269][kfold_wrapper.log_eval_metrics] Accuracy(layer_2 - estimator_1 - 10_folds.train_2.predict)=100.00%
[ 2018-07-31 22:12:29,439][kfold_wrapper.log_eval_metrics] Accuracy(layer_2 - estimator_1 - 10_folds.train_3.predict)=100.00%
[ 2018-07-31 22:12:30,763][kfold_wrapper.log_eval_metrics] Accuracy(layer_2 - estimator_1 - 10_folds.train_4.predict)=100.00%
[ 2018-07-31 22:12:32,284][kfold_wrapper.log_eval_metrics] Accuracy(layer_2 - estimator_1 - 10_folds.train_5.predict)=99.86%
[ 2018-07-31 22:12:33,410][kfold_wrapper.log_eval_metrics] Accuracy(layer_2 - estimator_1 - 10_folds.train_6.predict)=99.71%
[ 2018-07-31 22:12:34,640][kfold_wrapper.log_eval_metrics] Accuracy(layer_2 - estimator_1 - 10_folds.train_7.predict)=99.86%
[ 2018-07-31 22:12:35,983][kfold_wrapper.log_eval_metrics] Accuracy(layer_2 - estimator_1 - 10_folds.train_8.predict)=100.00%
[ 2018-07-31 22:12:37,348][kfold_wrapper.log_eval_metrics] Accuracy(layer_2 - estimator_1 - 10_folds.train_9.predict)=100.00%
[ 2018-07-31 22:12:37,575][kfold_wrapper.log_eval_metrics] Accuracy(layer_2 - estimator_1 - 10_folds.train_cv.predict)=99.91%
[ 2018-07-31 22:12:37,583][kfold_wrapper.log_eval_metrics] Accuracy(layer_2 - estimator_1 - 10_folds.test.predict)=100.00%
[ 2018-07-31 22:12:37,806][kfold_wrapper.log_eval_metrics] Accuracy(layer_2 - estimator_2 - 10_folds.train_0.predict)=100.00%
[ 2018-07-31 22:12:38,017][kfold_wrapper.log_eval_metrics] Accuracy(layer_2 - estimator_2 - 10_folds.train_1.predict)=99.71%
[ 2018-07-31 22:12:38,250][kfold_wrapper.log_eval_metrics] Accuracy(layer_2 - estimator_2 - 10_folds.train_2.predict)=100.00%
[ 2018-07-31 22:12:38,546][kfold_wrapper.log_eval_metrics] Accuracy(layer_2 - estimator_2 - 10_folds.train_3.predict)=99.57%
[ 2018-07-31 22:12:38,935][kfold_wrapper.log_eval_metrics] Accuracy(layer_2 - estimator_2 - 10_folds.train_4.predict)=99.86%
[ 2018-07-31 22:12:39,212][kfold_wrapper.log_eval_metrics] Accuracy(layer_2 - estimator_2 - 10_folds.train_5.predict)=99.86%
[ 2018-07-31 22:12:39,460][kfold_wrapper.log_eval_metrics] Accuracy(layer_2 - estimator_2 - 10_folds.train_6.predict)=99.86%
[ 2018-07-31 22:12:39,704][kfold_wrapper.log_eval_metrics] Accuracy(layer_2 - estimator_2 - 10_folds.train_7.predict)=99.86%
[ 2018-07-31 22:12:39,936][kfold_wrapper.log_eval_metrics] Accuracy(layer_2 - estimator_2 - 10_folds.train_8.predict)=99.86%
[ 2018-07-31 22:12:40,303][kfold_wrapper.log_eval_metrics] Accuracy(layer_2 - estimator_2 - 10_folds.train_9.predict)=100.00%
[ 2018-07-31 22:12:40,340][kfold_wrapper.log_eval_metrics] Accuracy(layer_2 - estimator_2 - 10_folds.train_cv.predict)=99.86%
[ 2018-07-31 22:12:40,345][kfold_wrapper.log_eval_metrics] Accuracy(layer_2 - estimator_2 - 10_folds.test.predict)=99.97%
[ 2018-07-31 22:12:40,349][cascade_classifier.calc_accuracy] Accuracy(layer_2 - train.classifier_average)=99.93%
[ 2018-07-31 22:12:40,353][cascade_classifier.calc_accuracy] Accuracy(layer_2 - test.classifier_average)=100.00%
[ 2018-07-31 22:12:40,355][cascade_classifier.fit_transform] [layer=3] look_indexs=[0], X_cur_train.shape=(6907, 22), X_cur_test.shape=(2961, 22)
[ 2018-07-31 22:12:41,961][kfold_wrapper.log_eval_metrics] Accuracy(layer_3 - estimator_0 - 10_folds.train_0.predict)=99.86%
[ 2018-07-31 22:12:43,363][kfold_wrapper.log_eval_metrics] Accuracy(layer_3 - estimator_0 - 10_folds.train_1.predict)=99.86%
[ 2018-07-31 22:12:44,793][kfold_wrapper.log_eval_metrics] Accuracy(layer_3 - estimator_0 - 10_folds.train_2.predict)=99.86%
[ 2018-07-31 22:12:46,126][kfold_wrapper.log_eval_metrics] Accuracy(layer_3 - estimator_0 - 10_folds.train_3.predict)=99.86%
[ 2018-07-31 22:12:47,446][kfold_wrapper.log_eval_metrics] Accuracy(layer_3 - estimator_0 - 10_folds.train_4.predict)=100.00%
[ 2018-07-31 22:12:48,598][kfold_wrapper.log_eval_metrics] Accuracy(layer_3 - estimator_0 - 10_folds.train_5.predict)=100.00%
[ 2018-07-31 22:12:49,849][kfold_wrapper.log_eval_metrics] Accuracy(layer_3 - estimator_0 - 10_folds.train_6.predict)=100.00%
[ 2018-07-31 22:12:51,248][kfold_wrapper.log_eval_metrics] Accuracy(layer_3 - estimator_0 - 10_folds.train_7.predict)=100.00%
[ 2018-07-31 22:12:52,745][kfold_wrapper.log_eval_metrics] Accuracy(layer_3 - estimator_0 - 10_folds.train_8.predict)=99.86%
[ 2018-07-31 22:12:54,153][kfold_wrapper.log_eval_metrics] Accuracy(layer_3 - estimator_0 - 10_folds.train_9.predict)=99.86%
[ 2018-07-31 22:12:54,412][kfold_wrapper.log_eval_metrics] Accuracy(layer_3 - estimator_0 - 10_folds.train_cv.predict)=99.91%
[ 2018-07-31 22:12:54,413][kfold_wrapper.log_eval_metrics] Accuracy(layer_3 - estimator_0 - 10_folds.test.predict)=100.00%
[ 2018-07-31 22:12:55,366][kfold_wrapper.log_eval_metrics] Accuracy(layer_3 - estimator_1 - 10_folds.train_0.predict)=99.86%
[ 2018-07-31 22:12:56,554][kfold_wrapper.log_eval_metrics] Accuracy(layer_3 - estimator_1 - 10_folds.train_1.predict)=100.00%
[ 2018-07-31 22:12:57,662][kfold_wrapper.log_eval_metrics] Accuracy(layer_3 - estimator_1 - 10_folds.train_2.predict)=100.00%
[ 2018-07-31 22:12:59,134][kfold_wrapper.log_eval_metrics] Accuracy(layer_3 - estimator_1 - 10_folds.train_3.predict)=99.71%
[ 2018-07-31 22:13:00,510][kfold_wrapper.log_eval_metrics] Accuracy(layer_3 - estimator_1 - 10_folds.train_4.predict)=99.71%
[ 2018-07-31 22:13:01,899][kfold_wrapper.log_eval_metrics] Accuracy(layer_3 - estimator_1 - 10_folds.train_5.predict)=100.00%
[ 2018-07-31 22:13:03,243][kfold_wrapper.log_eval_metrics] Accuracy(layer_3 - estimator_1 - 10_folds.train_6.predict)=100.00%
[ 2018-07-31 22:13:04,604][kfold_wrapper.log_eval_metrics] Accuracy(layer_3 - estimator_1 - 10_folds.train_7.predict)=100.00%
[ 2018-07-31 22:13:05,838][kfold_wrapper.log_eval_metrics] Accuracy(layer_3 - estimator_1 - 10_folds.train_8.predict)=99.86%
[ 2018-07-31 22:13:07,332][kfold_wrapper.log_eval_metrics] Accuracy(layer_3 - estimator_1 - 10_folds.train_9.predict)=100.00%
[ 2018-07-31 22:13:07,552][kfold_wrapper.log_eval_metrics] Accuracy(layer_3 - estimator_1 - 10_folds.train_cv.predict)=99.91%
[ 2018-07-31 22:13:07,554][kfold_wrapper.log_eval_metrics] Accuracy(layer_3 - estimator_1 - 10_folds.test.predict)=100.00%
[ 2018-07-31 22:13:07,793][kfold_wrapper.log_eval_metrics] Accuracy(layer_3 - estimator_2 - 10_folds.train_0.predict)=100.00%
[ 2018-07-31 22:13:07,996][kfold_wrapper.log_eval_metrics] Accuracy(layer_3 - estimator_2 - 10_folds.train_1.predict)=99.86%
[ 2018-07-31 22:13:08,190][kfold_wrapper.log_eval_metrics] Accuracy(layer_3 - estimator_2 - 10_folds.train_2.predict)=100.00%
[ 2018-07-31 22:13:08,333][kfold_wrapper.log_eval_metrics] Accuracy(layer_3 - estimator_2 - 10_folds.train_3.predict)=99.42%
[ 2018-07-31 22:13:08,613][kfold_wrapper.log_eval_metrics] Accuracy(layer_3 - estimator_2 - 10_folds.train_4.predict)=99.86%
[ 2018-07-31 22:13:08,920][kfold_wrapper.log_eval_metrics] Accuracy(layer_3 - estimator_2 - 10_folds.train_5.predict)=99.86%
[ 2018-07-31 22:13:09,182][kfold_wrapper.log_eval_metrics] Accuracy(layer_3 - estimator_2 - 10_folds.train_6.predict)=99.71%
[ 2018-07-31 22:13:09,329][kfold_wrapper.log_eval_metrics] Accuracy(layer_3 - estimator_2 - 10_folds.train_7.predict)=100.00%
[ 2018-07-31 22:13:09,607][kfold_wrapper.log_eval_metrics] Accuracy(layer_3 - estimator_2 - 10_folds.train_8.predict)=99.71%
[ 2018-07-31 22:13:09,812][kfold_wrapper.log_eval_metrics] Accuracy(layer_3 - estimator_2 - 10_folds.train_9.predict)=99.71%
[ 2018-07-31 22:13:09,825][kfold_wrapper.log_eval_metrics] Accuracy(layer_3 - estimator_2 - 10_folds.train_cv.predict)=99.81%
[ 2018-07-31 22:13:09,827][kfold_wrapper.log_eval_metrics] Accuracy(layer_3 - estimator_2 - 10_folds.test.predict)=99.90%
[ 2018-07-31 22:13:09,829][cascade_classifier.calc_accuracy] Accuracy(layer_3 - train.classifier_average)=99.93%
[ 2018-07-31 22:13:09,830][cascade_classifier.calc_accuracy] Accuracy(layer_3 - test.classifier_average)=100.00%
[ 2018-07-31 22:13:09,832][cascade_classifier.fit_transform] [Result][Optimal Level Detected] opt_layer_num=1, accuracy_train=99.93%, accuracy_test=100.00%
[ 2018-07-31 22:13:09,885][cascade_classifier.transform] X_groups_test.shape=[(2961, 16)]
[ 2018-07-31 22:13:09,893][cascade_classifier.transform] group_dims=[16]
[ 2018-07-31 22:13:09,897][cascade_classifier.transform] X_test.shape=(2961, 16)
[ 2018-07-31 22:13:09,898][cascade_classifier.transform] [layer=0] look_indexs=[0], X_cur_test.shape=(2961, 16)
