[ 2018-07-27 21:54:00,247][cascade_classifier.fit_transform] X_groups_train.shape=[(280, 4096)],y_train.shape=(280,),X_groups_test.shape=[(120, 4096)],y_test.shape=(120,)
[ 2018-07-27 21:54:00,250][cascade_classifier.fit_transform] group_dims=[4096]
[ 2018-07-27 21:54:00,251][cascade_classifier.fit_transform] group_starts=[0]
[ 2018-07-27 21:54:00,252][cascade_classifier.fit_transform] group_ends=[4096]
[ 2018-07-27 21:54:00,253][cascade_classifier.fit_transform] X_train.shape=(280, 4096),X_test.shape=(120, 4096)
[ 2018-07-27 21:54:00,258][cascade_classifier.fit_transform] [layer=0] look_indexs=[0], X_cur_train.shape=(280, 4096), X_cur_test.shape=(120, 4096)
[ 2018-07-27 21:54:28,818][cascade_classifier.fit_transform] X_groups_train.shape=[(280, 4096)],y_train.shape=(280,),X_groups_test.shape=[(120, 4096)],y_test.shape=(120,)
[ 2018-07-27 21:54:28,823][cascade_classifier.fit_transform] group_dims=[4096]
[ 2018-07-27 21:54:28,824][cascade_classifier.fit_transform] group_starts=[0]
[ 2018-07-27 21:54:28,825][cascade_classifier.fit_transform] group_ends=[4096]
[ 2018-07-27 21:54:28,826][cascade_classifier.fit_transform] X_train.shape=(280, 4096),X_test.shape=(120, 4096)
[ 2018-07-27 21:54:28,830][cascade_classifier.fit_transform] [layer=0] look_indexs=[0], X_cur_train.shape=(280, 4096), X_cur_test.shape=(120, 4096)
[ 2018-07-27 21:54:33,532][cascade_classifier.fit_transform] X_groups_train.shape=[(280, 4096)],y_train.shape=(280,),X_groups_test.shape=[(120, 4096)],y_test.shape=(120,)
[ 2018-07-27 21:54:33,535][cascade_classifier.fit_transform] group_dims=[4096]
[ 2018-07-27 21:54:33,536][cascade_classifier.fit_transform] group_starts=[0]
[ 2018-07-27 21:54:33,536][cascade_classifier.fit_transform] group_ends=[4096]
[ 2018-07-27 21:54:33,537][cascade_classifier.fit_transform] X_train.shape=(280, 4096),X_test.shape=(120, 4096)
[ 2018-07-27 21:54:33,540][cascade_classifier.fit_transform] [layer=0] look_indexs=[0], X_cur_train.shape=(280, 4096), X_cur_test.shape=(120, 4096)
[ 2018-07-27 21:54:38,037][cascade_classifier.fit_transform] X_groups_train.shape=[(280, 4096)],y_train.shape=(280,),X_groups_test.shape=[(120, 4096)],y_test.shape=(120,)
[ 2018-07-27 21:54:38,040][cascade_classifier.fit_transform] group_dims=[4096]
[ 2018-07-27 21:54:38,041][cascade_classifier.fit_transform] group_starts=[0]
[ 2018-07-27 21:54:38,042][cascade_classifier.fit_transform] group_ends=[4096]
[ 2018-07-27 21:54:38,043][cascade_classifier.fit_transform] X_train.shape=(280, 4096),X_test.shape=(120, 4096)
[ 2018-07-27 21:54:38,046][cascade_classifier.fit_transform] [layer=0] look_indexs=[0], X_cur_train.shape=(280, 4096), X_cur_test.shape=(120, 4096)
[ 2018-07-27 21:54:42,308][cascade_classifier.fit_transform] X_groups_train.shape=[(280, 4096)],y_train.shape=(280,),X_groups_test.shape=[(120, 4096)],y_test.shape=(120,)
[ 2018-07-27 21:54:42,311][cascade_classifier.fit_transform] group_dims=[4096]
[ 2018-07-27 21:54:42,312][cascade_classifier.fit_transform] group_starts=[0]
[ 2018-07-27 21:54:42,313][cascade_classifier.fit_transform] group_ends=[4096]
[ 2018-07-27 21:54:42,313][cascade_classifier.fit_transform] X_train.shape=(280, 4096),X_test.shape=(120, 4096)
[ 2018-07-27 21:54:42,316][cascade_classifier.fit_transform] [layer=0] look_indexs=[0], X_cur_train.shape=(280, 4096), X_cur_test.shape=(120, 4096)
[ 2018-07-27 21:55:05,431][cascade_classifier.fit_transform] X_groups_train.shape=[(280, 4096)],y_train.shape=(280,),X_groups_test.shape=[(120, 4096)],y_test.shape=(120,)
[ 2018-07-27 21:55:05,433][cascade_classifier.fit_transform] group_dims=[4096]
[ 2018-07-27 21:55:05,435][cascade_classifier.fit_transform] group_starts=[0]
[ 2018-07-27 21:55:05,436][cascade_classifier.fit_transform] group_ends=[4096]
[ 2018-07-27 21:55:05,436][cascade_classifier.fit_transform] X_train.shape=(280, 4096),X_test.shape=(120, 4096)
[ 2018-07-27 21:55:05,439][cascade_classifier.fit_transform] [layer=0] look_indexs=[0], X_cur_train.shape=(280, 4096), X_cur_test.shape=(120, 4096)
[ 2018-07-27 21:55:32,281][cascade_classifier.fit_transform] X_groups_train.shape=[(280, 4096)],y_train.shape=(280,),X_groups_test.shape=[(120, 4096)],y_test.shape=(120,)
[ 2018-07-27 21:55:32,284][cascade_classifier.fit_transform] group_dims=[4096]
[ 2018-07-27 21:55:32,284][cascade_classifier.fit_transform] group_starts=[0]
[ 2018-07-27 21:55:32,285][cascade_classifier.fit_transform] group_ends=[4096]
[ 2018-07-27 21:55:32,286][cascade_classifier.fit_transform] X_train.shape=(280, 4096),X_test.shape=(120, 4096)
[ 2018-07-27 21:55:32,289][cascade_classifier.fit_transform] [layer=0] look_indexs=[0], X_cur_train.shape=(280, 4096), X_cur_test.shape=(120, 4096)
[ 2018-07-27 21:55:32,828][kfold_wrapper.log_eval_metrics] Accuracy(layer_0 - estimator_0 - 10_folds.train_0.predict)=84.62%
[ 2018-07-27 21:55:33,464][kfold_wrapper.log_eval_metrics] Accuracy(layer_0 - estimator_0 - 10_folds.train_1.predict)=100.00%
[ 2018-07-27 21:55:34,078][kfold_wrapper.log_eval_metrics] Accuracy(layer_0 - estimator_0 - 10_folds.train_2.predict)=96.15%
[ 2018-07-27 21:55:34,677][kfold_wrapper.log_eval_metrics] Accuracy(layer_0 - estimator_0 - 10_folds.train_3.predict)=93.10%
[ 2018-07-27 21:55:35,279][kfold_wrapper.log_eval_metrics] Accuracy(layer_0 - estimator_0 - 10_folds.train_4.predict)=93.94%
[ 2018-07-27 21:55:35,874][kfold_wrapper.log_eval_metrics] Accuracy(layer_0 - estimator_0 - 10_folds.train_5.predict)=100.00%
[ 2018-07-27 21:55:36,472][kfold_wrapper.log_eval_metrics] Accuracy(layer_0 - estimator_0 - 10_folds.train_6.predict)=93.10%
[ 2018-07-27 21:55:37,076][kfold_wrapper.log_eval_metrics] Accuracy(layer_0 - estimator_0 - 10_folds.train_7.predict)=91.30%
[ 2018-07-27 21:55:37,682][kfold_wrapper.log_eval_metrics] Accuracy(layer_0 - estimator_0 - 10_folds.train_8.predict)=86.21%
[ 2018-07-27 21:55:38,273][kfold_wrapper.log_eval_metrics] Accuracy(layer_0 - estimator_0 - 10_folds.train_9.predict)=96.67%
[ 2018-07-27 21:55:38,379][kfold_wrapper.log_eval_metrics] Accuracy(layer_0 - estimator_0 - 10_folds.train_cv.predict)=93.57%
[ 2018-07-27 21:55:38,379][kfold_wrapper.log_eval_metrics] Accuracy(layer_0 - estimator_0 - 10_folds.test.predict)=96.67%
[ 2018-07-27 21:55:38,381][cascade_classifier.calc_accuracy] Accuracy(layer_0 - train.classifier_average)=93.57%
[ 2018-07-27 21:55:38,381][cascade_classifier.calc_accuracy] Accuracy(layer_0 - test.classifier_average)=96.67%
[ 2018-07-27 21:55:38,382][cascade_classifier.fit_transform] [Result][Reach Max Layer] opt_layer_num=1, accuracy_train=93.57%, accuracy_test=96.67%
[ 2018-07-27 21:55:38,388][cascade_classifier.transform] X_groups_test.shape=[(120, 4096)]
[ 2018-07-27 21:55:38,389][cascade_classifier.transform] group_dims=[4096]
[ 2018-07-27 21:55:38,391][cascade_classifier.transform] X_test.shape=(120, 4096)
[ 2018-07-27 21:55:38,393][cascade_classifier.transform] [layer=0] look_indexs=[0], X_cur_test.shape=(120, 4096)
[ 2018-07-27 21:56:51,195][cascade_classifier.transform] X_groups_test.shape=[(120, 4096)]
[ 2018-07-27 21:56:51,197][cascade_classifier.transform] group_dims=[4096]
[ 2018-07-27 21:56:51,198][cascade_classifier.transform] X_test.shape=(120, 4096)
[ 2018-07-27 21:56:51,199][cascade_classifier.transform] [layer=0] look_indexs=[0], X_cur_test.shape=(120, 4096)
[ 2018-07-27 21:56:53,278][cascade_classifier.fit_transform] X_groups_train.shape=[(280, 4136)],y_train.shape=(280,),X_groups_test.shape=[(120, 4136)],y_test.shape=(120,)
[ 2018-07-27 21:56:53,281][cascade_classifier.fit_transform] group_dims=[4136]
[ 2018-07-27 21:56:53,282][cascade_classifier.fit_transform] group_starts=[0]
[ 2018-07-27 21:56:53,283][cascade_classifier.fit_transform] group_ends=[4136]
[ 2018-07-27 21:56:53,284][cascade_classifier.fit_transform] X_train.shape=(280, 4136),X_test.shape=(120, 4136)
[ 2018-07-27 21:56:53,288][cascade_classifier.fit_transform] [layer=0] look_indexs=[0], X_cur_train.shape=(280, 4136), X_cur_test.shape=(120, 4136)
[ 2018-07-27 21:56:53,923][kfold_wrapper.log_eval_metrics] Accuracy(layer_0 - estimator_0 - 10_folds.train_0.predict)=84.62%
[ 2018-07-27 21:56:54,977][kfold_wrapper.log_eval_metrics] Accuracy(layer_0 - estimator_0 - 10_folds.train_1.predict)=100.00%
[ 2018-07-27 21:56:55,723][kfold_wrapper.log_eval_metrics] Accuracy(layer_0 - estimator_0 - 10_folds.train_2.predict)=96.15%
[ 2018-07-27 21:56:56,544][kfold_wrapper.log_eval_metrics] Accuracy(layer_0 - estimator_0 - 10_folds.train_3.predict)=89.66%
[ 2018-07-27 21:56:57,262][kfold_wrapper.log_eval_metrics] Accuracy(layer_0 - estimator_0 - 10_folds.train_4.predict)=93.94%
[ 2018-07-27 21:56:57,870][kfold_wrapper.log_eval_metrics] Accuracy(layer_0 - estimator_0 - 10_folds.train_5.predict)=96.67%
[ 2018-07-27 21:56:58,588][kfold_wrapper.log_eval_metrics] Accuracy(layer_0 - estimator_0 - 10_folds.train_6.predict)=89.66%
[ 2018-07-27 21:56:59,304][kfold_wrapper.log_eval_metrics] Accuracy(layer_0 - estimator_0 - 10_folds.train_7.predict)=91.30%
[ 2018-07-27 21:57:00,027][kfold_wrapper.log_eval_metrics] Accuracy(layer_0 - estimator_0 - 10_folds.train_8.predict)=86.21%
[ 2018-07-27 21:57:00,635][kfold_wrapper.log_eval_metrics] Accuracy(layer_0 - estimator_0 - 10_folds.train_9.predict)=96.67%
[ 2018-07-27 21:57:00,856][kfold_wrapper.log_eval_metrics] Accuracy(layer_0 - estimator_0 - 10_folds.train_cv.predict)=92.50%
[ 2018-07-27 21:57:00,857][kfold_wrapper.log_eval_metrics] Accuracy(layer_0 - estimator_0 - 10_folds.test.predict)=96.67%
[ 2018-07-27 21:57:00,860][cascade_classifier.calc_accuracy] Accuracy(layer_0 - train.classifier_average)=92.50%
[ 2018-07-27 21:57:00,861][cascade_classifier.calc_accuracy] Accuracy(layer_0 - test.classifier_average)=96.67%
[ 2018-07-27 21:57:00,861][cascade_classifier.fit_transform] [Result][Reach Max Layer] opt_layer_num=1, accuracy_train=92.50%, accuracy_test=96.67%
[ 2018-07-27 21:57:00,867][cascade_classifier.transform] X_groups_test.shape=[(120, 4136)]
[ 2018-07-27 21:57:00,869][cascade_classifier.transform] group_dims=[4136]
[ 2018-07-27 21:57:00,870][cascade_classifier.transform] X_test.shape=(120, 4136)
[ 2018-07-27 21:57:00,871][cascade_classifier.transform] [layer=0] look_indexs=[0], X_cur_test.shape=(120, 4136)
[ 2018-07-27 21:57:02,081][cascade_classifier.fit_transform] X_groups_train.shape=[(280, 4174)],y_train.shape=(280,),X_groups_test.shape=[(120, 4174)],y_test.shape=(120,)
[ 2018-07-27 21:57:02,083][cascade_classifier.fit_transform] group_dims=[4174]
[ 2018-07-27 21:57:02,084][cascade_classifier.fit_transform] group_starts=[0]
[ 2018-07-27 21:57:02,085][cascade_classifier.fit_transform] group_ends=[4174]
[ 2018-07-27 21:57:02,086][cascade_classifier.fit_transform] X_train.shape=(280, 4174),X_test.shape=(120, 4174)
[ 2018-07-27 21:57:02,088][cascade_classifier.fit_transform] [layer=0] look_indexs=[0], X_cur_train.shape=(280, 4174), X_cur_test.shape=(120, 4174)
[ 2018-07-27 21:57:02,596][kfold_wrapper.log_eval_metrics] Accuracy(layer_0 - estimator_0 - 10_folds.train_0.predict)=80.77%
[ 2018-07-27 21:57:03,203][kfold_wrapper.log_eval_metrics] Accuracy(layer_0 - estimator_0 - 10_folds.train_1.predict)=100.00%
[ 2018-07-27 21:57:03,809][kfold_wrapper.log_eval_metrics] Accuracy(layer_0 - estimator_0 - 10_folds.train_2.predict)=92.31%
[ 2018-07-27 21:57:04,416][kfold_wrapper.log_eval_metrics] Accuracy(layer_0 - estimator_0 - 10_folds.train_3.predict)=93.10%
[ 2018-07-27 21:57:05,135][kfold_wrapper.log_eval_metrics] Accuracy(layer_0 - estimator_0 - 10_folds.train_4.predict)=93.94%
[ 2018-07-27 21:57:05,784][kfold_wrapper.log_eval_metrics] Accuracy(layer_0 - estimator_0 - 10_folds.train_5.predict)=100.00%
[ 2018-07-27 21:57:06,505][kfold_wrapper.log_eval_metrics] Accuracy(layer_0 - estimator_0 - 10_folds.train_6.predict)=96.55%
[ 2018-07-27 21:57:07,104][kfold_wrapper.log_eval_metrics] Accuracy(layer_0 - estimator_0 - 10_folds.train_7.predict)=91.30%
[ 2018-07-27 21:57:07,713][kfold_wrapper.log_eval_metrics] Accuracy(layer_0 - estimator_0 - 10_folds.train_8.predict)=86.21%
[ 2018-07-27 21:57:08,313][kfold_wrapper.log_eval_metrics] Accuracy(layer_0 - estimator_0 - 10_folds.train_9.predict)=93.33%
[ 2018-07-27 21:57:08,418][kfold_wrapper.log_eval_metrics] Accuracy(layer_0 - estimator_0 - 10_folds.train_cv.predict)=92.86%
[ 2018-07-27 21:57:08,419][kfold_wrapper.log_eval_metrics] Accuracy(layer_0 - estimator_0 - 10_folds.test.predict)=95.83%
[ 2018-07-27 21:57:08,421][cascade_classifier.calc_accuracy] Accuracy(layer_0 - train.classifier_average)=92.86%
[ 2018-07-27 21:57:08,422][cascade_classifier.calc_accuracy] Accuracy(layer_0 - test.classifier_average)=95.83%
[ 2018-07-27 21:57:08,423][cascade_classifier.fit_transform] [Result][Reach Max Layer] opt_layer_num=1, accuracy_train=92.86%, accuracy_test=95.83%
[ 2018-07-27 21:57:08,424][cascade_classifier.transform] X_groups_test.shape=[(120, 4174)]
[ 2018-07-27 21:57:08,425][cascade_classifier.transform] group_dims=[4174]
[ 2018-07-27 21:57:08,426][cascade_classifier.transform] X_test.shape=(120, 4174)
[ 2018-07-27 21:57:08,427][cascade_classifier.transform] [layer=0] look_indexs=[0], X_cur_test.shape=(120, 4174)
[ 2018-07-27 21:57:09,482][cascade_classifier.fit_transform] X_groups_train.shape=[(280, 4212)],y_train.shape=(280,),X_groups_test.shape=[(120, 4212)],y_test.shape=(120,)
[ 2018-07-27 21:57:09,483][cascade_classifier.fit_transform] group_dims=[4212]
[ 2018-07-27 21:57:09,484][cascade_classifier.fit_transform] group_starts=[0]
[ 2018-07-27 21:57:09,485][cascade_classifier.fit_transform] group_ends=[4212]
[ 2018-07-27 21:57:09,486][cascade_classifier.fit_transform] X_train.shape=(280, 4212),X_test.shape=(120, 4212)
[ 2018-07-27 21:57:09,488][cascade_classifier.fit_transform] [layer=0] look_indexs=[0], X_cur_train.shape=(280, 4212), X_cur_test.shape=(120, 4212)
[ 2018-07-27 21:57:09,999][kfold_wrapper.log_eval_metrics] Accuracy(layer_0 - estimator_0 - 10_folds.train_0.predict)=84.62%
[ 2018-07-27 21:57:10,721][kfold_wrapper.log_eval_metrics] Accuracy(layer_0 - estimator_0 - 10_folds.train_1.predict)=100.00%
[ 2018-07-27 21:57:11,329][kfold_wrapper.log_eval_metrics] Accuracy(layer_0 - estimator_0 - 10_folds.train_2.predict)=92.31%
[ 2018-07-27 21:57:12,158][kfold_wrapper.log_eval_metrics] Accuracy(layer_0 - estimator_0 - 10_folds.train_3.predict)=89.66%
[ 2018-07-27 21:57:12,760][kfold_wrapper.log_eval_metrics] Accuracy(layer_0 - estimator_0 - 10_folds.train_4.predict)=93.94%
[ 2018-07-27 21:57:13,363][kfold_wrapper.log_eval_metrics] Accuracy(layer_0 - estimator_0 - 10_folds.train_5.predict)=96.67%
[ 2018-07-27 21:57:13,970][kfold_wrapper.log_eval_metrics] Accuracy(layer_0 - estimator_0 - 10_folds.train_6.predict)=89.66%
[ 2018-07-27 21:57:14,699][kfold_wrapper.log_eval_metrics] Accuracy(layer_0 - estimator_0 - 10_folds.train_7.predict)=91.30%
[ 2018-07-27 21:57:15,429][kfold_wrapper.log_eval_metrics] Accuracy(layer_0 - estimator_0 - 10_folds.train_8.predict)=86.21%
[ 2018-07-27 21:57:16,023][kfold_wrapper.log_eval_metrics] Accuracy(layer_0 - estimator_0 - 10_folds.train_9.predict)=96.67%
[ 2018-07-27 21:57:16,126][kfold_wrapper.log_eval_metrics] Accuracy(layer_0 - estimator_0 - 10_folds.train_cv.predict)=92.14%
[ 2018-07-27 21:57:16,128][kfold_wrapper.log_eval_metrics] Accuracy(layer_0 - estimator_0 - 10_folds.test.predict)=95.83%
[ 2018-07-27 21:57:16,130][cascade_classifier.calc_accuracy] Accuracy(layer_0 - train.classifier_average)=92.14%
[ 2018-07-27 21:57:16,131][cascade_classifier.calc_accuracy] Accuracy(layer_0 - test.classifier_average)=95.83%
[ 2018-07-27 21:57:16,132][cascade_classifier.fit_transform] [Result][Reach Max Layer] opt_layer_num=1, accuracy_train=92.14%, accuracy_test=95.83%
[ 2018-07-27 21:57:16,133][cascade_classifier.transform] X_groups_test.shape=[(120, 4212)]
[ 2018-07-27 21:57:16,134][cascade_classifier.transform] group_dims=[4212]
[ 2018-07-27 21:57:16,135][cascade_classifier.transform] X_test.shape=(120, 4212)
[ 2018-07-27 21:57:16,136][cascade_classifier.transform] [layer=0] look_indexs=[0], X_cur_test.shape=(120, 4212)
[ 2018-07-27 21:57:17,185][cascade_classifier.fit_transform] X_groups_train.shape=[(280, 4250)],y_train.shape=(280,),X_groups_test.shape=[(120, 4250)],y_test.shape=(120,)
[ 2018-07-27 21:57:17,187][cascade_classifier.fit_transform] group_dims=[4250]
[ 2018-07-27 21:57:17,188][cascade_classifier.fit_transform] group_starts=[0]
[ 2018-07-27 21:57:17,189][cascade_classifier.fit_transform] group_ends=[4250]
[ 2018-07-27 21:57:17,190][cascade_classifier.fit_transform] X_train.shape=(280, 4250),X_test.shape=(120, 4250)
[ 2018-07-27 21:57:17,193][cascade_classifier.fit_transform] [layer=0] look_indexs=[0], X_cur_train.shape=(280, 4250), X_cur_test.shape=(120, 4250)
[ 2018-07-27 21:57:17,710][kfold_wrapper.log_eval_metrics] Accuracy(layer_0 - estimator_0 - 10_folds.train_0.predict)=84.62%
[ 2018-07-27 21:57:18,314][kfold_wrapper.log_eval_metrics] Accuracy(layer_0 - estimator_0 - 10_folds.train_1.predict)=100.00%
[ 2018-07-27 21:57:18,918][kfold_wrapper.log_eval_metrics] Accuracy(layer_0 - estimator_0 - 10_folds.train_2.predict)=92.31%
[ 2018-07-27 21:57:19,646][kfold_wrapper.log_eval_metrics] Accuracy(layer_0 - estimator_0 - 10_folds.train_3.predict)=89.66%
[ 2018-07-27 21:57:20,258][kfold_wrapper.log_eval_metrics] Accuracy(layer_0 - estimator_0 - 10_folds.train_4.predict)=93.94%
[ 2018-07-27 21:57:20,862][kfold_wrapper.log_eval_metrics] Accuracy(layer_0 - estimator_0 - 10_folds.train_5.predict)=96.67%
[ 2018-07-27 21:57:21,465][kfold_wrapper.log_eval_metrics] Accuracy(layer_0 - estimator_0 - 10_folds.train_6.predict)=89.66%
[ 2018-07-27 21:57:22,073][kfold_wrapper.log_eval_metrics] Accuracy(layer_0 - estimator_0 - 10_folds.train_7.predict)=91.30%
[ 2018-07-27 21:57:22,675][kfold_wrapper.log_eval_metrics] Accuracy(layer_0 - estimator_0 - 10_folds.train_8.predict)=86.21%
[ 2018-07-27 21:57:23,276][kfold_wrapper.log_eval_metrics] Accuracy(layer_0 - estimator_0 - 10_folds.train_9.predict)=96.67%
[ 2018-07-27 21:57:23,382][kfold_wrapper.log_eval_metrics] Accuracy(layer_0 - estimator_0 - 10_folds.train_cv.predict)=92.14%
[ 2018-07-27 21:57:23,383][kfold_wrapper.log_eval_metrics] Accuracy(layer_0 - estimator_0 - 10_folds.test.predict)=96.67%
[ 2018-07-27 21:57:23,386][cascade_classifier.calc_accuracy] Accuracy(layer_0 - train.classifier_average)=92.14%
[ 2018-07-27 21:57:23,387][cascade_classifier.calc_accuracy] Accuracy(layer_0 - test.classifier_average)=96.67%
[ 2018-07-27 21:57:23,388][cascade_classifier.fit_transform] [Result][Reach Max Layer] opt_layer_num=1, accuracy_train=92.14%, accuracy_test=96.67%
[ 2018-07-27 21:57:23,389][cascade_classifier.transform] X_groups_test.shape=[(120, 4250)]
[ 2018-07-27 21:57:23,390][cascade_classifier.transform] group_dims=[4250]
[ 2018-07-27 21:57:23,391][cascade_classifier.transform] X_test.shape=(120, 4250)
[ 2018-07-27 21:57:23,392][cascade_classifier.transform] [layer=0] look_indexs=[0], X_cur_test.shape=(120, 4250)
[ 2018-07-27 21:57:24,674][cascade_classifier.fit_transform] X_groups_train.shape=[(280, 4288)],y_train.shape=(280,),X_groups_test.shape=[(120, 4288)],y_test.shape=(120,)
[ 2018-07-27 21:57:24,677][cascade_classifier.fit_transform] group_dims=[4288]
[ 2018-07-27 21:57:24,678][cascade_classifier.fit_transform] group_starts=[0]
[ 2018-07-27 21:57:24,679][cascade_classifier.fit_transform] group_ends=[4288]
[ 2018-07-27 21:57:24,680][cascade_classifier.fit_transform] X_train.shape=(280, 4288),X_test.shape=(120, 4288)
[ 2018-07-27 21:57:24,684][cascade_classifier.fit_transform] [layer=0] look_indexs=[0], X_cur_train.shape=(280, 4288), X_cur_test.shape=(120, 4288)
[ 2018-07-27 21:57:25,197][kfold_wrapper.log_eval_metrics] Accuracy(layer_0 - estimator_0 - 10_folds.train_0.predict)=84.62%
[ 2018-07-27 21:57:25,806][kfold_wrapper.log_eval_metrics] Accuracy(layer_0 - estimator_0 - 10_folds.train_1.predict)=100.00%
[ 2018-07-27 21:57:26,452][kfold_wrapper.log_eval_metrics] Accuracy(layer_0 - estimator_0 - 10_folds.train_2.predict)=96.15%
[ 2018-07-27 21:57:27,061][kfold_wrapper.log_eval_metrics] Accuracy(layer_0 - estimator_0 - 10_folds.train_3.predict)=89.66%
[ 2018-07-27 21:57:27,778][kfold_wrapper.log_eval_metrics] Accuracy(layer_0 - estimator_0 - 10_folds.train_4.predict)=93.94%
[ 2018-07-27 21:57:28,378][kfold_wrapper.log_eval_metrics] Accuracy(layer_0 - estimator_0 - 10_folds.train_5.predict)=96.67%
[ 2018-07-27 21:57:28,982][kfold_wrapper.log_eval_metrics] Accuracy(layer_0 - estimator_0 - 10_folds.train_6.predict)=89.66%
[ 2018-07-27 21:57:29,701][kfold_wrapper.log_eval_metrics] Accuracy(layer_0 - estimator_0 - 10_folds.train_7.predict)=91.30%
[ 2018-07-27 21:57:30,301][kfold_wrapper.log_eval_metrics] Accuracy(layer_0 - estimator_0 - 10_folds.train_8.predict)=89.66%
[ 2018-07-27 21:57:30,902][kfold_wrapper.log_eval_metrics] Accuracy(layer_0 - estimator_0 - 10_folds.train_9.predict)=96.67%
[ 2018-07-27 21:57:31,008][kfold_wrapper.log_eval_metrics] Accuracy(layer_0 - estimator_0 - 10_folds.train_cv.predict)=92.86%
[ 2018-07-27 21:57:31,009][kfold_wrapper.log_eval_metrics] Accuracy(layer_0 - estimator_0 - 10_folds.test.predict)=95.83%
[ 2018-07-27 21:57:31,012][cascade_classifier.calc_accuracy] Accuracy(layer_0 - train.classifier_average)=92.86%
[ 2018-07-27 21:57:31,013][cascade_classifier.calc_accuracy] Accuracy(layer_0 - test.classifier_average)=95.83%
[ 2018-07-27 21:57:31,014][cascade_classifier.fit_transform] [Result][Reach Max Layer] opt_layer_num=1, accuracy_train=92.86%, accuracy_test=95.83%
[ 2018-07-27 21:57:31,015][cascade_classifier.transform] X_groups_test.shape=[(120, 4288)]
[ 2018-07-27 21:57:31,017][cascade_classifier.transform] group_dims=[4288]
[ 2018-07-27 21:57:31,018][cascade_classifier.transform] X_test.shape=(120, 4288)
[ 2018-07-27 21:57:31,020][cascade_classifier.transform] [layer=0] look_indexs=[0], X_cur_test.shape=(120, 4288)
[ 2018-07-27 21:57:32,070][cascade_classifier.fit_transform] X_groups_train.shape=[(280, 4326)],y_train.shape=(280,),X_groups_test.shape=[(120, 4326)],y_test.shape=(120,)
[ 2018-07-27 21:57:32,072][cascade_classifier.fit_transform] group_dims=[4326]
[ 2018-07-27 21:57:32,072][cascade_classifier.fit_transform] group_starts=[0]
[ 2018-07-27 21:57:32,073][cascade_classifier.fit_transform] group_ends=[4326]
[ 2018-07-27 21:57:32,074][cascade_classifier.fit_transform] X_train.shape=(280, 4326),X_test.shape=(120, 4326)
[ 2018-07-27 21:57:32,077][cascade_classifier.fit_transform] [layer=0] look_indexs=[0], X_cur_train.shape=(280, 4326), X_cur_test.shape=(120, 4326)
[ 2018-07-27 21:57:32,590][kfold_wrapper.log_eval_metrics] Accuracy(layer_0 - estimator_0 - 10_folds.train_0.predict)=84.62%
[ 2018-07-27 21:57:33,199][kfold_wrapper.log_eval_metrics] Accuracy(layer_0 - estimator_0 - 10_folds.train_1.predict)=100.00%
[ 2018-07-27 21:57:33,801][kfold_wrapper.log_eval_metrics] Accuracy(layer_0 - estimator_0 - 10_folds.train_2.predict)=96.15%
[ 2018-07-27 21:57:34,407][kfold_wrapper.log_eval_metrics] Accuracy(layer_0 - estimator_0 - 10_folds.train_3.predict)=93.10%
[ 2018-07-27 21:57:35,014][kfold_wrapper.log_eval_metrics] Accuracy(layer_0 - estimator_0 - 10_folds.train_4.predict)=93.94%
[ 2018-07-27 21:57:35,624][kfold_wrapper.log_eval_metrics] Accuracy(layer_0 - estimator_0 - 10_folds.train_5.predict)=100.00%
[ 2018-07-27 21:57:36,275][kfold_wrapper.log_eval_metrics] Accuracy(layer_0 - estimator_0 - 10_folds.train_6.predict)=93.10%
[ 2018-07-27 21:57:36,884][kfold_wrapper.log_eval_metrics] Accuracy(layer_0 - estimator_0 - 10_folds.train_7.predict)=86.96%
[ 2018-07-27 21:57:37,487][kfold_wrapper.log_eval_metrics] Accuracy(layer_0 - estimator_0 - 10_folds.train_8.predict)=89.66%
[ 2018-07-27 21:57:38,094][kfold_wrapper.log_eval_metrics] Accuracy(layer_0 - estimator_0 - 10_folds.train_9.predict)=93.33%
[ 2018-07-27 21:57:38,199][kfold_wrapper.log_eval_metrics] Accuracy(layer_0 - estimator_0 - 10_folds.train_cv.predict)=93.21%
[ 2018-07-27 21:57:38,200][kfold_wrapper.log_eval_metrics] Accuracy(layer_0 - estimator_0 - 10_folds.test.predict)=96.67%
[ 2018-07-27 21:57:38,203][cascade_classifier.calc_accuracy] Accuracy(layer_0 - train.classifier_average)=93.21%
[ 2018-07-27 21:57:38,204][cascade_classifier.calc_accuracy] Accuracy(layer_0 - test.classifier_average)=96.67%
[ 2018-07-27 21:57:38,205][cascade_classifier.fit_transform] [Result][Reach Max Layer] opt_layer_num=1, accuracy_train=93.21%, accuracy_test=96.67%
[ 2018-07-27 21:57:38,206][cascade_classifier.transform] X_groups_test.shape=[(120, 4326)]
[ 2018-07-27 21:57:38,207][cascade_classifier.transform] group_dims=[4326]
[ 2018-07-27 21:57:38,208][cascade_classifier.transform] X_test.shape=(120, 4326)
[ 2018-07-27 21:57:38,209][cascade_classifier.transform] [layer=0] look_indexs=[0], X_cur_test.shape=(120, 4326)
[ 2018-07-27 21:57:39,487][cascade_classifier.fit_transform] X_groups_train.shape=[(280, 4364)],y_train.shape=(280,),X_groups_test.shape=[(120, 4364)],y_test.shape=(120,)
[ 2018-07-27 21:57:39,489][cascade_classifier.fit_transform] group_dims=[4364]
[ 2018-07-27 21:57:39,490][cascade_classifier.fit_transform] group_starts=[0]
[ 2018-07-27 21:57:39,491][cascade_classifier.fit_transform] group_ends=[4364]
[ 2018-07-27 21:57:39,492][cascade_classifier.fit_transform] X_train.shape=(280, 4364),X_test.shape=(120, 4364)
[ 2018-07-27 21:57:39,495][cascade_classifier.fit_transform] [layer=0] look_indexs=[0], X_cur_train.shape=(280, 4364), X_cur_test.shape=(120, 4364)
[ 2018-07-27 21:57:40,008][kfold_wrapper.log_eval_metrics] Accuracy(layer_0 - estimator_0 - 10_folds.train_0.predict)=84.62%
[ 2018-07-27 21:57:40,855][kfold_wrapper.log_eval_metrics] Accuracy(layer_0 - estimator_0 - 10_folds.train_1.predict)=100.00%
[ 2018-07-27 21:57:41,581][kfold_wrapper.log_eval_metrics] Accuracy(layer_0 - estimator_0 - 10_folds.train_2.predict)=88.46%
[ 2018-07-27 21:57:42,184][kfold_wrapper.log_eval_metrics] Accuracy(layer_0 - estimator_0 - 10_folds.train_3.predict)=89.66%
[ 2018-07-27 21:57:42,794][kfold_wrapper.log_eval_metrics] Accuracy(layer_0 - estimator_0 - 10_folds.train_4.predict)=93.94%
[ 2018-07-27 21:57:43,398][kfold_wrapper.log_eval_metrics] Accuracy(layer_0 - estimator_0 - 10_folds.train_5.predict)=100.00%
[ 2018-07-27 21:57:43,999][kfold_wrapper.log_eval_metrics] Accuracy(layer_0 - estimator_0 - 10_folds.train_6.predict)=89.66%
[ 2018-07-27 21:57:44,608][kfold_wrapper.log_eval_metrics] Accuracy(layer_0 - estimator_0 - 10_folds.train_7.predict)=91.30%
[ 2018-07-27 21:57:45,221][kfold_wrapper.log_eval_metrics] Accuracy(layer_0 - estimator_0 - 10_folds.train_8.predict)=89.66%
[ 2018-07-27 21:57:45,834][kfold_wrapper.log_eval_metrics] Accuracy(layer_0 - estimator_0 - 10_folds.train_9.predict)=96.67%
[ 2018-07-27 21:57:46,093][kfold_wrapper.log_eval_metrics] Accuracy(layer_0 - estimator_0 - 10_folds.train_cv.predict)=92.50%
[ 2018-07-27 21:57:46,094][kfold_wrapper.log_eval_metrics] Accuracy(layer_0 - estimator_0 - 10_folds.test.predict)=97.50%
[ 2018-07-27 21:57:46,098][cascade_classifier.calc_accuracy] Accuracy(layer_0 - train.classifier_average)=92.50%
[ 2018-07-27 21:57:46,099][cascade_classifier.calc_accuracy] Accuracy(layer_0 - test.classifier_average)=97.50%
[ 2018-07-27 21:57:46,099][cascade_classifier.fit_transform] [Result][Reach Max Layer] opt_layer_num=1, accuracy_train=92.50%, accuracy_test=97.50%
[ 2018-07-27 21:57:46,101][cascade_classifier.transform] X_groups_test.shape=[(120, 4364)]
[ 2018-07-27 21:57:46,102][cascade_classifier.transform] group_dims=[4364]
[ 2018-07-27 21:57:46,103][cascade_classifier.transform] X_test.shape=(120, 4364)
[ 2018-07-27 21:57:46,104][cascade_classifier.transform] [layer=0] look_indexs=[0], X_cur_test.shape=(120, 4364)
[ 2018-07-27 21:57:47,500][cascade_classifier.fit_transform] X_groups_train.shape=[(280, 4402)],y_train.shape=(280,),X_groups_test.shape=[(120, 4402)],y_test.shape=(120,)
[ 2018-07-27 21:57:47,503][cascade_classifier.fit_transform] group_dims=[4402]
[ 2018-07-27 21:57:47,504][cascade_classifier.fit_transform] group_starts=[0]
[ 2018-07-27 21:57:47,505][cascade_classifier.fit_transform] group_ends=[4402]
[ 2018-07-27 21:57:47,506][cascade_classifier.fit_transform] X_train.shape=(280, 4402),X_test.shape=(120, 4402)
[ 2018-07-27 21:57:47,508][cascade_classifier.fit_transform] [layer=0] look_indexs=[0], X_cur_train.shape=(280, 4402), X_cur_test.shape=(120, 4402)
[ 2018-07-27 21:57:48,028][kfold_wrapper.log_eval_metrics] Accuracy(layer_0 - estimator_0 - 10_folds.train_0.predict)=80.77%
[ 2018-07-27 21:57:48,630][kfold_wrapper.log_eval_metrics] Accuracy(layer_0 - estimator_0 - 10_folds.train_1.predict)=100.00%
[ 2018-07-27 21:57:49,241][kfold_wrapper.log_eval_metrics] Accuracy(layer_0 - estimator_0 - 10_folds.train_2.predict)=84.62%
[ 2018-07-27 21:57:49,982][kfold_wrapper.log_eval_metrics] Accuracy(layer_0 - estimator_0 - 10_folds.train_3.predict)=89.66%
[ 2018-07-27 21:57:50,813][kfold_wrapper.log_eval_metrics] Accuracy(layer_0 - estimator_0 - 10_folds.train_4.predict)=93.94%
[ 2018-07-27 21:57:51,547][kfold_wrapper.log_eval_metrics] Accuracy(layer_0 - estimator_0 - 10_folds.train_5.predict)=100.00%
[ 2018-07-27 21:57:52,151][kfold_wrapper.log_eval_metrics] Accuracy(layer_0 - estimator_0 - 10_folds.train_6.predict)=89.66%
[ 2018-07-27 21:57:52,994][kfold_wrapper.log_eval_metrics] Accuracy(layer_0 - estimator_0 - 10_folds.train_7.predict)=86.96%
[ 2018-07-27 21:57:53,868][kfold_wrapper.log_eval_metrics] Accuracy(layer_0 - estimator_0 - 10_folds.train_8.predict)=89.66%
[ 2018-07-27 21:57:54,711][kfold_wrapper.log_eval_metrics] Accuracy(layer_0 - estimator_0 - 10_folds.train_9.predict)=96.67%
[ 2018-07-27 21:57:54,939][kfold_wrapper.log_eval_metrics] Accuracy(layer_0 - estimator_0 - 10_folds.train_cv.predict)=91.43%
[ 2018-07-27 21:57:54,940][kfold_wrapper.log_eval_metrics] Accuracy(layer_0 - estimator_0 - 10_folds.test.predict)=95.83%
[ 2018-07-27 21:57:54,943][cascade_classifier.calc_accuracy] Accuracy(layer_0 - train.classifier_average)=91.43%
[ 2018-07-27 21:57:54,944][cascade_classifier.calc_accuracy] Accuracy(layer_0 - test.classifier_average)=95.83%
[ 2018-07-27 21:57:54,945][cascade_classifier.fit_transform] [Result][Reach Max Layer] opt_layer_num=1, accuracy_train=91.43%, accuracy_test=95.83%
[ 2018-07-27 21:57:54,946][cascade_classifier.transform] X_groups_test.shape=[(120, 4402)]
[ 2018-07-27 21:57:54,947][cascade_classifier.transform] group_dims=[4402]
[ 2018-07-27 21:57:54,948][cascade_classifier.transform] X_test.shape=(120, 4402)
[ 2018-07-27 21:57:54,949][cascade_classifier.transform] [layer=0] look_indexs=[0], X_cur_test.shape=(120, 4402)
[ 2018-07-27 21:57:56,813][cascade_classifier.fit_transform] X_groups_train.shape=[(280, 4440)],y_train.shape=(280,),X_groups_test.shape=[(120, 4440)],y_test.shape=(120,)
[ 2018-07-27 21:57:56,814][cascade_classifier.fit_transform] group_dims=[4440]
[ 2018-07-27 21:57:56,815][cascade_classifier.fit_transform] group_starts=[0]
[ 2018-07-27 21:57:56,816][cascade_classifier.fit_transform] group_ends=[4440]
[ 2018-07-27 21:57:56,817][cascade_classifier.fit_transform] X_train.shape=(280, 4440),X_test.shape=(120, 4440)
[ 2018-07-27 21:57:56,819][cascade_classifier.fit_transform] [layer=0] look_indexs=[0], X_cur_train.shape=(280, 4440), X_cur_test.shape=(120, 4440)
[ 2018-07-27 21:57:57,337][kfold_wrapper.log_eval_metrics] Accuracy(layer_0 - estimator_0 - 10_folds.train_0.predict)=84.62%
[ 2018-07-27 21:57:57,946][kfold_wrapper.log_eval_metrics] Accuracy(layer_0 - estimator_0 - 10_folds.train_1.predict)=100.00%
[ 2018-07-27 21:57:58,595][kfold_wrapper.log_eval_metrics] Accuracy(layer_0 - estimator_0 - 10_folds.train_2.predict)=96.15%
[ 2018-07-27 21:57:59,201][kfold_wrapper.log_eval_metrics] Accuracy(layer_0 - estimator_0 - 10_folds.train_3.predict)=93.10%
[ 2018-07-27 21:57:59,815][kfold_wrapper.log_eval_metrics] Accuracy(layer_0 - estimator_0 - 10_folds.train_4.predict)=93.94%
[ 2018-07-27 21:58:00,431][kfold_wrapper.log_eval_metrics] Accuracy(layer_0 - estimator_0 - 10_folds.train_5.predict)=100.00%
[ 2018-07-27 21:58:01,048][kfold_wrapper.log_eval_metrics] Accuracy(layer_0 - estimator_0 - 10_folds.train_6.predict)=93.10%
[ 2018-07-27 21:58:01,664][kfold_wrapper.log_eval_metrics] Accuracy(layer_0 - estimator_0 - 10_folds.train_7.predict)=86.96%
[ 2018-07-27 21:58:02,272][kfold_wrapper.log_eval_metrics] Accuracy(layer_0 - estimator_0 - 10_folds.train_8.predict)=89.66%
[ 2018-07-27 21:58:02,878][kfold_wrapper.log_eval_metrics] Accuracy(layer_0 - estimator_0 - 10_folds.train_9.predict)=93.33%
[ 2018-07-27 21:58:02,982][kfold_wrapper.log_eval_metrics] Accuracy(layer_0 - estimator_0 - 10_folds.train_cv.predict)=93.21%
[ 2018-07-27 21:58:02,984][kfold_wrapper.log_eval_metrics] Accuracy(layer_0 - estimator_0 - 10_folds.test.predict)=96.67%
[ 2018-07-27 21:58:02,987][cascade_classifier.calc_accuracy] Accuracy(layer_0 - train.classifier_average)=93.21%
[ 2018-07-27 21:58:02,988][cascade_classifier.calc_accuracy] Accuracy(layer_0 - test.classifier_average)=96.67%
[ 2018-07-27 21:58:02,988][cascade_classifier.fit_transform] [Result][Reach Max Layer] opt_layer_num=1, accuracy_train=93.21%, accuracy_test=96.67%
[ 2018-07-27 21:58:02,990][cascade_classifier.transform] X_groups_test.shape=[(120, 4440)]
[ 2018-07-27 21:58:02,991][cascade_classifier.transform] group_dims=[4440]
[ 2018-07-27 21:58:02,992][cascade_classifier.transform] X_test.shape=(120, 4440)
[ 2018-07-27 21:58:02,993][cascade_classifier.transform] [layer=0] look_indexs=[0], X_cur_test.shape=(120, 4440)
[ 2018-07-27 21:58:04,039][cascade_classifier.fit_transform] X_groups_train.shape=[(280, 4478)],y_train.shape=(280,),X_groups_test.shape=[(120, 4478)],y_test.shape=(120,)
[ 2018-07-27 21:58:04,041][cascade_classifier.fit_transform] group_dims=[4478]
[ 2018-07-27 21:58:04,042][cascade_classifier.fit_transform] group_starts=[0]
[ 2018-07-27 21:58:04,043][cascade_classifier.fit_transform] group_ends=[4478]
[ 2018-07-27 21:58:04,044][cascade_classifier.fit_transform] X_train.shape=(280, 4478),X_test.shape=(120, 4478)
[ 2018-07-27 21:58:04,046][cascade_classifier.fit_transform] [layer=0] look_indexs=[0], X_cur_train.shape=(280, 4478), X_cur_test.shape=(120, 4478)
[ 2018-07-27 21:58:04,555][kfold_wrapper.log_eval_metrics] Accuracy(layer_0 - estimator_0 - 10_folds.train_0.predict)=80.77%
[ 2018-07-27 21:58:05,164][kfold_wrapper.log_eval_metrics] Accuracy(layer_0 - estimator_0 - 10_folds.train_1.predict)=100.00%
[ 2018-07-27 21:58:05,769][kfold_wrapper.log_eval_metrics] Accuracy(layer_0 - estimator_0 - 10_folds.train_2.predict)=96.15%
[ 2018-07-27 21:58:06,375][kfold_wrapper.log_eval_metrics] Accuracy(layer_0 - estimator_0 - 10_folds.train_3.predict)=89.66%
[ 2018-07-27 21:58:07,104][kfold_wrapper.log_eval_metrics] Accuracy(layer_0 - estimator_0 - 10_folds.train_4.predict)=96.97%
[ 2018-07-27 21:58:07,712][kfold_wrapper.log_eval_metrics] Accuracy(layer_0 - estimator_0 - 10_folds.train_5.predict)=96.67%
[ 2018-07-27 21:58:08,304][kfold_wrapper.log_eval_metrics] Accuracy(layer_0 - estimator_0 - 10_folds.train_6.predict)=89.66%
[ 2018-07-27 21:58:08,914][kfold_wrapper.log_eval_metrics] Accuracy(layer_0 - estimator_0 - 10_folds.train_7.predict)=86.96%
[ 2018-07-27 21:58:09,531][kfold_wrapper.log_eval_metrics] Accuracy(layer_0 - estimator_0 - 10_folds.train_8.predict)=89.66%
[ 2018-07-27 21:58:10,255][kfold_wrapper.log_eval_metrics] Accuracy(layer_0 - estimator_0 - 10_folds.train_9.predict)=96.67%
[ 2018-07-27 21:58:10,479][kfold_wrapper.log_eval_metrics] Accuracy(layer_0 - estimator_0 - 10_folds.train_cv.predict)=92.50%
[ 2018-07-27 21:58:10,480][kfold_wrapper.log_eval_metrics] Accuracy(layer_0 - estimator_0 - 10_folds.test.predict)=97.50%
[ 2018-07-27 21:58:10,483][cascade_classifier.calc_accuracy] Accuracy(layer_0 - train.classifier_average)=92.50%
[ 2018-07-27 21:58:10,484][cascade_classifier.calc_accuracy] Accuracy(layer_0 - test.classifier_average)=97.50%
[ 2018-07-27 21:58:10,485][cascade_classifier.fit_transform] [Result][Reach Max Layer] opt_layer_num=1, accuracy_train=92.50%, accuracy_test=97.50%
[ 2018-07-27 21:58:10,486][cascade_classifier.transform] X_groups_test.shape=[(120, 4478)]
[ 2018-07-27 21:58:10,487][cascade_classifier.transform] group_dims=[4478]
[ 2018-07-27 21:58:10,488][cascade_classifier.transform] X_test.shape=(120, 4478)
[ 2018-07-27 21:58:10,489][cascade_classifier.transform] [layer=0] look_indexs=[0], X_cur_test.shape=(120, 4478)
[ 2018-07-27 21:58:11,657][cascade_classifier.fit_transform] X_groups_train.shape=[(280, 4516)],y_train.shape=(280,),X_groups_test.shape=[(120, 4516)],y_test.shape=(120,)
[ 2018-07-27 21:58:11,659][cascade_classifier.fit_transform] group_dims=[4516]
[ 2018-07-27 21:58:11,660][cascade_classifier.fit_transform] group_starts=[0]
[ 2018-07-27 21:58:11,661][cascade_classifier.fit_transform] group_ends=[4516]
[ 2018-07-27 21:58:11,662][cascade_classifier.fit_transform] X_train.shape=(280, 4516),X_test.shape=(120, 4516)
[ 2018-07-27 21:58:11,665][cascade_classifier.fit_transform] [layer=0] look_indexs=[0], X_cur_train.shape=(280, 4516), X_cur_test.shape=(120, 4516)
[ 2018-07-27 21:58:12,158][kfold_wrapper.log_eval_metrics] Accuracy(layer_0 - estimator_0 - 10_folds.train_0.predict)=84.62%
[ 2018-07-27 21:58:12,762][kfold_wrapper.log_eval_metrics] Accuracy(layer_0 - estimator_0 - 10_folds.train_1.predict)=100.00%
[ 2018-07-27 21:58:13,481][kfold_wrapper.log_eval_metrics] Accuracy(layer_0 - estimator_0 - 10_folds.train_2.predict)=92.31%
[ 2018-07-27 21:58:14,093][kfold_wrapper.log_eval_metrics] Accuracy(layer_0 - estimator_0 - 10_folds.train_3.predict)=89.66%
[ 2018-07-27 21:58:14,815][kfold_wrapper.log_eval_metrics] Accuracy(layer_0 - estimator_0 - 10_folds.train_4.predict)=93.94%
[ 2018-07-27 21:58:15,420][kfold_wrapper.log_eval_metrics] Accuracy(layer_0 - estimator_0 - 10_folds.train_5.predict)=96.67%
[ 2018-07-27 21:58:16,023][kfold_wrapper.log_eval_metrics] Accuracy(layer_0 - estimator_0 - 10_folds.train_6.predict)=93.10%
[ 2018-07-27 21:58:16,641][kfold_wrapper.log_eval_metrics] Accuracy(layer_0 - estimator_0 - 10_folds.train_7.predict)=86.96%
[ 2018-07-27 21:58:17,252][kfold_wrapper.log_eval_metrics] Accuracy(layer_0 - estimator_0 - 10_folds.train_8.predict)=89.66%
[ 2018-07-27 21:58:17,857][kfold_wrapper.log_eval_metrics] Accuracy(layer_0 - estimator_0 - 10_folds.train_9.predict)=96.67%
[ 2018-07-27 21:58:17,963][kfold_wrapper.log_eval_metrics] Accuracy(layer_0 - estimator_0 - 10_folds.train_cv.predict)=92.50%
[ 2018-07-27 21:58:17,964][kfold_wrapper.log_eval_metrics] Accuracy(layer_0 - estimator_0 - 10_folds.test.predict)=96.67%
[ 2018-07-27 21:58:17,967][cascade_classifier.calc_accuracy] Accuracy(layer_0 - train.classifier_average)=92.50%
[ 2018-07-27 21:58:17,968][cascade_classifier.calc_accuracy] Accuracy(layer_0 - test.classifier_average)=96.67%
[ 2018-07-27 21:58:17,969][cascade_classifier.fit_transform] [Result][Reach Max Layer] opt_layer_num=1, accuracy_train=92.50%, accuracy_test=96.67%
[ 2018-07-27 21:58:17,970][cascade_classifier.transform] X_groups_test.shape=[(120, 4516)]
[ 2018-07-27 21:58:17,971][cascade_classifier.transform] group_dims=[4516]
[ 2018-07-27 21:58:17,972][cascade_classifier.transform] X_test.shape=(120, 4516)
[ 2018-07-27 21:58:17,973][cascade_classifier.transform] [layer=0] look_indexs=[0], X_cur_test.shape=(120, 4516)
[ 2018-07-27 21:58:19,297][cascade_classifier.fit_transform] X_groups_train.shape=[(280, 4554)],y_train.shape=(280,),X_groups_test.shape=[(120, 4554)],y_test.shape=(120,)
[ 2018-07-27 21:58:19,299][cascade_classifier.fit_transform] group_dims=[4554]
[ 2018-07-27 21:58:19,300][cascade_classifier.fit_transform] group_starts=[0]
[ 2018-07-27 21:58:19,301][cascade_classifier.fit_transform] group_ends=[4554]
[ 2018-07-27 21:58:19,302][cascade_classifier.fit_transform] X_train.shape=(280, 4554),X_test.shape=(120, 4554)
[ 2018-07-27 21:58:19,306][cascade_classifier.fit_transform] [layer=0] look_indexs=[0], X_cur_train.shape=(280, 4554), X_cur_test.shape=(120, 4554)
[ 2018-07-27 21:58:19,945][kfold_wrapper.log_eval_metrics] Accuracy(layer_0 - estimator_0 - 10_folds.train_0.predict)=80.77%
[ 2018-07-27 21:58:20,687][kfold_wrapper.log_eval_metrics] Accuracy(layer_0 - estimator_0 - 10_folds.train_1.predict)=100.00%
[ 2018-07-27 21:58:21,295][kfold_wrapper.log_eval_metrics] Accuracy(layer_0 - estimator_0 - 10_folds.train_2.predict)=96.15%
[ 2018-07-27 21:58:21,910][kfold_wrapper.log_eval_metrics] Accuracy(layer_0 - estimator_0 - 10_folds.train_3.predict)=89.66%
[ 2018-07-27 21:58:22,517][kfold_wrapper.log_eval_metrics] Accuracy(layer_0 - estimator_0 - 10_folds.train_4.predict)=96.97%
[ 2018-07-27 21:58:23,125][kfold_wrapper.log_eval_metrics] Accuracy(layer_0 - estimator_0 - 10_folds.train_5.predict)=100.00%
[ 2018-07-27 21:58:23,735][kfold_wrapper.log_eval_metrics] Accuracy(layer_0 - estimator_0 - 10_folds.train_6.predict)=89.66%
[ 2018-07-27 21:58:24,347][kfold_wrapper.log_eval_metrics] Accuracy(layer_0 - estimator_0 - 10_folds.train_7.predict)=91.30%
[ 2018-07-27 21:58:24,956][kfold_wrapper.log_eval_metrics] Accuracy(layer_0 - estimator_0 - 10_folds.train_8.predict)=89.66%
[ 2018-07-27 21:58:25,560][kfold_wrapper.log_eval_metrics] Accuracy(layer_0 - estimator_0 - 10_folds.train_9.predict)=96.67%
[ 2018-07-27 21:58:25,779][kfold_wrapper.log_eval_metrics] Accuracy(layer_0 - estimator_0 - 10_folds.train_cv.predict)=93.21%
[ 2018-07-27 21:58:25,780][kfold_wrapper.log_eval_metrics] Accuracy(layer_0 - estimator_0 - 10_folds.test.predict)=96.67%
[ 2018-07-27 21:58:25,784][cascade_classifier.calc_accuracy] Accuracy(layer_0 - train.classifier_average)=93.21%
[ 2018-07-27 21:58:25,784][cascade_classifier.calc_accuracy] Accuracy(layer_0 - test.classifier_average)=96.67%
[ 2018-07-27 21:58:25,785][cascade_classifier.fit_transform] [Result][Reach Max Layer] opt_layer_num=1, accuracy_train=93.21%, accuracy_test=96.67%
[ 2018-07-27 21:58:25,786][cascade_classifier.transform] X_groups_test.shape=[(120, 4554)]
[ 2018-07-27 21:58:25,787][cascade_classifier.transform] group_dims=[4554]
[ 2018-07-27 21:58:25,788][cascade_classifier.transform] X_test.shape=(120, 4554)
[ 2018-07-27 21:58:25,789][cascade_classifier.transform] [layer=0] look_indexs=[0], X_cur_test.shape=(120, 4554)
[ 2018-07-27 21:58:27,070][cascade_classifier.fit_transform] X_groups_train.shape=[(280, 4592)],y_train.shape=(280,),X_groups_test.shape=[(120, 4592)],y_test.shape=(120,)
[ 2018-07-27 21:58:27,071][cascade_classifier.fit_transform] group_dims=[4592]
[ 2018-07-27 21:58:27,072][cascade_classifier.fit_transform] group_starts=[0]
[ 2018-07-27 21:58:27,073][cascade_classifier.fit_transform] group_ends=[4592]
[ 2018-07-27 21:58:27,074][cascade_classifier.fit_transform] X_train.shape=(280, 4592),X_test.shape=(120, 4592)
[ 2018-07-27 21:58:27,076][cascade_classifier.fit_transform] [layer=0] look_indexs=[0], X_cur_train.shape=(280, 4592), X_cur_test.shape=(120, 4592)
[ 2018-07-27 21:58:27,594][kfold_wrapper.log_eval_metrics] Accuracy(layer_0 - estimator_0 - 10_folds.train_0.predict)=84.62%
[ 2018-07-27 21:58:28,202][kfold_wrapper.log_eval_metrics] Accuracy(layer_0 - estimator_0 - 10_folds.train_1.predict)=100.00%
[ 2018-07-27 21:58:28,823][kfold_wrapper.log_eval_metrics] Accuracy(layer_0 - estimator_0 - 10_folds.train_2.predict)=88.46%
[ 2018-07-27 21:58:29,437][kfold_wrapper.log_eval_metrics] Accuracy(layer_0 - estimator_0 - 10_folds.train_3.predict)=89.66%
[ 2018-07-27 21:58:30,159][kfold_wrapper.log_eval_metrics] Accuracy(layer_0 - estimator_0 - 10_folds.train_4.predict)=96.97%
[ 2018-07-27 21:58:30,765][kfold_wrapper.log_eval_metrics] Accuracy(layer_0 - estimator_0 - 10_folds.train_5.predict)=96.67%
[ 2018-07-27 21:58:31,374][kfold_wrapper.log_eval_metrics] Accuracy(layer_0 - estimator_0 - 10_folds.train_6.predict)=89.66%
[ 2018-07-27 21:58:31,982][kfold_wrapper.log_eval_metrics] Accuracy(layer_0 - estimator_0 - 10_folds.train_7.predict)=86.96%
[ 2018-07-27 21:58:32,598][kfold_wrapper.log_eval_metrics] Accuracy(layer_0 - estimator_0 - 10_folds.train_8.predict)=89.66%
[ 2018-07-27 21:58:33,211][kfold_wrapper.log_eval_metrics] Accuracy(layer_0 - estimator_0 - 10_folds.train_9.predict)=96.67%
[ 2018-07-27 21:58:33,316][kfold_wrapper.log_eval_metrics] Accuracy(layer_0 - estimator_0 - 10_folds.train_cv.predict)=92.14%
[ 2018-07-27 21:58:33,317][kfold_wrapper.log_eval_metrics] Accuracy(layer_0 - estimator_0 - 10_folds.test.predict)=96.67%
[ 2018-07-27 21:58:33,320][cascade_classifier.calc_accuracy] Accuracy(layer_0 - train.classifier_average)=92.14%
[ 2018-07-27 21:58:33,321][cascade_classifier.calc_accuracy] Accuracy(layer_0 - test.classifier_average)=96.67%
[ 2018-07-27 21:58:33,322][cascade_classifier.fit_transform] [Result][Reach Max Layer] opt_layer_num=1, accuracy_train=92.14%, accuracy_test=96.67%
[ 2018-07-27 21:58:33,323][cascade_classifier.transform] X_groups_test.shape=[(120, 4592)]
[ 2018-07-27 21:58:33,324][cascade_classifier.transform] group_dims=[4592]
[ 2018-07-27 21:58:33,325][cascade_classifier.transform] X_test.shape=(120, 4592)
[ 2018-07-27 21:58:33,326][cascade_classifier.transform] [layer=0] look_indexs=[0], X_cur_test.shape=(120, 4592)
[ 2018-07-27 21:58:34,720][cascade_classifier.fit_transform] X_groups_train.shape=[(280, 4630)],y_train.shape=(280,),X_groups_test.shape=[(120, 4630)],y_test.shape=(120,)
[ 2018-07-27 21:58:34,722][cascade_classifier.fit_transform] group_dims=[4630]
[ 2018-07-27 21:58:34,723][cascade_classifier.fit_transform] group_starts=[0]
[ 2018-07-27 21:58:34,723][cascade_classifier.fit_transform] group_ends=[4630]
[ 2018-07-27 21:58:34,724][cascade_classifier.fit_transform] X_train.shape=(280, 4630),X_test.shape=(120, 4630)
[ 2018-07-27 21:58:34,726][cascade_classifier.fit_transform] [layer=0] look_indexs=[0], X_cur_train.shape=(280, 4630), X_cur_test.shape=(120, 4630)
[ 2018-07-27 21:58:35,243][kfold_wrapper.log_eval_metrics] Accuracy(layer_0 - estimator_0 - 10_folds.train_0.predict)=80.77%
[ 2018-07-27 21:58:35,851][kfold_wrapper.log_eval_metrics] Accuracy(layer_0 - estimator_0 - 10_folds.train_1.predict)=100.00%
[ 2018-07-27 21:58:36,456][kfold_wrapper.log_eval_metrics] Accuracy(layer_0 - estimator_0 - 10_folds.train_2.predict)=88.46%
[ 2018-07-27 21:58:37,175][kfold_wrapper.log_eval_metrics] Accuracy(layer_0 - estimator_0 - 10_folds.train_3.predict)=89.66%
[ 2018-07-27 21:58:37,899][kfold_wrapper.log_eval_metrics] Accuracy(layer_0 - estimator_0 - 10_folds.train_4.predict)=93.94%
[ 2018-07-27 21:58:38,508][kfold_wrapper.log_eval_metrics] Accuracy(layer_0 - estimator_0 - 10_folds.train_5.predict)=96.67%
[ 2018-07-27 21:58:39,098][kfold_wrapper.log_eval_metrics] Accuracy(layer_0 - estimator_0 - 10_folds.train_6.predict)=93.10%
[ 2018-07-27 21:58:39,703][kfold_wrapper.log_eval_metrics] Accuracy(layer_0 - estimator_0 - 10_folds.train_7.predict)=86.96%
[ 2018-07-27 21:58:40,312][kfold_wrapper.log_eval_metrics] Accuracy(layer_0 - estimator_0 - 10_folds.train_8.predict)=89.66%
[ 2018-07-27 21:58:41,151][kfold_wrapper.log_eval_metrics] Accuracy(layer_0 - estimator_0 - 10_folds.train_9.predict)=96.67%
[ 2018-07-27 21:58:41,257][kfold_wrapper.log_eval_metrics] Accuracy(layer_0 - estimator_0 - 10_folds.train_cv.predict)=91.79%
[ 2018-07-27 21:58:41,258][kfold_wrapper.log_eval_metrics] Accuracy(layer_0 - estimator_0 - 10_folds.test.predict)=97.50%
[ 2018-07-27 21:58:41,261][cascade_classifier.calc_accuracy] Accuracy(layer_0 - train.classifier_average)=91.79%
[ 2018-07-27 21:58:41,261][cascade_classifier.calc_accuracy] Accuracy(layer_0 - test.classifier_average)=97.50%
[ 2018-07-27 21:58:41,262][cascade_classifier.fit_transform] [Result][Reach Max Layer] opt_layer_num=1, accuracy_train=91.79%, accuracy_test=97.50%
[ 2018-07-27 21:58:41,263][cascade_classifier.transform] X_groups_test.shape=[(120, 4630)]
[ 2018-07-27 21:58:41,264][cascade_classifier.transform] group_dims=[4630]
[ 2018-07-27 21:58:41,265][cascade_classifier.transform] X_test.shape=(120, 4630)
[ 2018-07-27 21:58:41,266][cascade_classifier.transform] [layer=0] look_indexs=[0], X_cur_test.shape=(120, 4630)
[ 2018-07-27 21:58:42,556][cascade_classifier.fit_transform] X_groups_train.shape=[(280, 4668)],y_train.shape=(280,),X_groups_test.shape=[(120, 4668)],y_test.shape=(120,)
[ 2018-07-27 21:58:42,557][cascade_classifier.fit_transform] group_dims=[4668]
[ 2018-07-27 21:58:42,558][cascade_classifier.fit_transform] group_starts=[0]
[ 2018-07-27 21:58:42,559][cascade_classifier.fit_transform] group_ends=[4668]
[ 2018-07-27 21:58:42,560][cascade_classifier.fit_transform] X_train.shape=(280, 4668),X_test.shape=(120, 4668)
[ 2018-07-27 21:58:42,561][cascade_classifier.fit_transform] [layer=0] look_indexs=[0], X_cur_train.shape=(280, 4668), X_cur_test.shape=(120, 4668)
[ 2018-07-27 21:58:43,074][kfold_wrapper.log_eval_metrics] Accuracy(layer_0 - estimator_0 - 10_folds.train_0.predict)=76.92%
[ 2018-07-27 21:58:43,676][kfold_wrapper.log_eval_metrics] Accuracy(layer_0 - estimator_0 - 10_folds.train_1.predict)=100.00%
[ 2018-07-27 21:58:44,293][kfold_wrapper.log_eval_metrics] Accuracy(layer_0 - estimator_0 - 10_folds.train_2.predict)=88.46%
[ 2018-07-27 21:58:44,906][kfold_wrapper.log_eval_metrics] Accuracy(layer_0 - estimator_0 - 10_folds.train_3.predict)=89.66%
[ 2018-07-27 21:58:45,518][kfold_wrapper.log_eval_metrics] Accuracy(layer_0 - estimator_0 - 10_folds.train_4.predict)=96.97%
[ 2018-07-27 21:58:46,127][kfold_wrapper.log_eval_metrics] Accuracy(layer_0 - estimator_0 - 10_folds.train_5.predict)=100.00%
[ 2018-07-27 21:58:46,738][kfold_wrapper.log_eval_metrics] Accuracy(layer_0 - estimator_0 - 10_folds.train_6.predict)=89.66%
[ 2018-07-27 21:58:47,354][kfold_wrapper.log_eval_metrics] Accuracy(layer_0 - estimator_0 - 10_folds.train_7.predict)=86.96%
[ 2018-07-27 21:58:47,961][kfold_wrapper.log_eval_metrics] Accuracy(layer_0 - estimator_0 - 10_folds.train_8.predict)=89.66%
[ 2018-07-27 21:58:48,567][kfold_wrapper.log_eval_metrics] Accuracy(layer_0 - estimator_0 - 10_folds.train_9.predict)=96.67%
[ 2018-07-27 21:58:48,820][kfold_wrapper.log_eval_metrics] Accuracy(layer_0 - estimator_0 - 10_folds.train_cv.predict)=91.79%
[ 2018-07-27 21:58:48,821][kfold_wrapper.log_eval_metrics] Accuracy(layer_0 - estimator_0 - 10_folds.test.predict)=97.50%
[ 2018-07-27 21:58:48,824][cascade_classifier.calc_accuracy] Accuracy(layer_0 - train.classifier_average)=91.79%
[ 2018-07-27 21:58:48,825][cascade_classifier.calc_accuracy] Accuracy(layer_0 - test.classifier_average)=97.50%
[ 2018-07-27 21:58:48,826][cascade_classifier.fit_transform] [Result][Reach Max Layer] opt_layer_num=1, accuracy_train=91.79%, accuracy_test=97.50%
[ 2018-07-27 21:58:48,826][cascade_classifier.transform] X_groups_test.shape=[(120, 4668)]
[ 2018-07-27 21:58:48,828][cascade_classifier.transform] group_dims=[4668]
[ 2018-07-27 21:58:48,828][cascade_classifier.transform] X_test.shape=(120, 4668)
[ 2018-07-27 21:58:48,830][cascade_classifier.transform] [layer=0] look_indexs=[0], X_cur_test.shape=(120, 4668)
[ 2018-07-27 21:58:50,013][cascade_classifier.fit_transform] X_groups_train.shape=[(280, 4706)],y_train.shape=(280,),X_groups_test.shape=[(120, 4706)],y_test.shape=(120,)
[ 2018-07-27 21:58:50,015][cascade_classifier.fit_transform] group_dims=[4706]
[ 2018-07-27 21:58:50,017][cascade_classifier.fit_transform] group_starts=[0]
[ 2018-07-27 21:58:50,018][cascade_classifier.fit_transform] group_ends=[4706]
[ 2018-07-27 21:58:50,019][cascade_classifier.fit_transform] X_train.shape=(280, 4706),X_test.shape=(120, 4706)
[ 2018-07-27 21:58:50,022][cascade_classifier.fit_transform] [layer=0] look_indexs=[0], X_cur_train.shape=(280, 4706), X_cur_test.shape=(120, 4706)
[ 2018-07-27 21:58:50,640][kfold_wrapper.log_eval_metrics] Accuracy(layer_0 - estimator_0 - 10_folds.train_0.predict)=84.62%
[ 2018-07-27 21:58:51,231][kfold_wrapper.log_eval_metrics] Accuracy(layer_0 - estimator_0 - 10_folds.train_1.predict)=100.00%
[ 2018-07-27 21:58:51,843][kfold_wrapper.log_eval_metrics] Accuracy(layer_0 - estimator_0 - 10_folds.train_2.predict)=96.15%
[ 2018-07-27 21:58:52,688][kfold_wrapper.log_eval_metrics] Accuracy(layer_0 - estimator_0 - 10_folds.train_3.predict)=89.66%
[ 2018-07-27 21:58:53,393][kfold_wrapper.log_eval_metrics] Accuracy(layer_0 - estimator_0 - 10_folds.train_4.predict)=93.94%
[ 2018-07-27 21:58:54,228][kfold_wrapper.log_eval_metrics] Accuracy(layer_0 - estimator_0 - 10_folds.train_5.predict)=96.67%
[ 2018-07-27 21:58:54,937][kfold_wrapper.log_eval_metrics] Accuracy(layer_0 - estimator_0 - 10_folds.train_6.predict)=93.10%
[ 2018-07-27 21:58:55,653][kfold_wrapper.log_eval_metrics] Accuracy(layer_0 - estimator_0 - 10_folds.train_7.predict)=86.96%
[ 2018-07-27 21:58:56,561][kfold_wrapper.log_eval_metrics] Accuracy(layer_0 - estimator_0 - 10_folds.train_8.predict)=89.66%
[ 2018-07-27 21:58:57,287][kfold_wrapper.log_eval_metrics] Accuracy(layer_0 - estimator_0 - 10_folds.train_9.predict)=93.33%
[ 2018-07-27 21:58:57,392][kfold_wrapper.log_eval_metrics] Accuracy(layer_0 - estimator_0 - 10_folds.train_cv.predict)=92.50%
[ 2018-07-27 21:58:57,393][kfold_wrapper.log_eval_metrics] Accuracy(layer_0 - estimator_0 - 10_folds.test.predict)=97.50%
[ 2018-07-27 21:58:57,397][cascade_classifier.calc_accuracy] Accuracy(layer_0 - train.classifier_average)=92.50%
[ 2018-07-27 21:58:57,398][cascade_classifier.calc_accuracy] Accuracy(layer_0 - test.classifier_average)=97.50%
[ 2018-07-27 21:58:57,399][cascade_classifier.fit_transform] [Result][Reach Max Layer] opt_layer_num=1, accuracy_train=92.50%, accuracy_test=97.50%
[ 2018-07-27 21:58:57,400][cascade_classifier.transform] X_groups_test.shape=[(120, 4706)]
[ 2018-07-27 21:58:57,401][cascade_classifier.transform] group_dims=[4706]
[ 2018-07-27 21:58:57,402][cascade_classifier.transform] X_test.shape=(120, 4706)
[ 2018-07-27 21:58:57,404][cascade_classifier.transform] [layer=0] look_indexs=[0], X_cur_test.shape=(120, 4706)
[ 2018-07-27 21:58:58,455][cascade_classifier.fit_transform] X_groups_train.shape=[(280, 4744)],y_train.shape=(280,),X_groups_test.shape=[(120, 4744)],y_test.shape=(120,)
[ 2018-07-27 21:58:58,457][cascade_classifier.fit_transform] group_dims=[4744]
[ 2018-07-27 21:58:58,458][cascade_classifier.fit_transform] group_starts=[0]
[ 2018-07-27 21:58:58,459][cascade_classifier.fit_transform] group_ends=[4744]
[ 2018-07-27 21:58:58,460][cascade_classifier.fit_transform] X_train.shape=(280, 4744),X_test.shape=(120, 4744)
[ 2018-07-27 21:58:58,462][cascade_classifier.fit_transform] [layer=0] look_indexs=[0], X_cur_train.shape=(280, 4744), X_cur_test.shape=(120, 4744)
[ 2018-07-27 21:58:58,981][kfold_wrapper.log_eval_metrics] Accuracy(layer_0 - estimator_0 - 10_folds.train_0.predict)=80.77%
[ 2018-07-27 21:58:59,572][kfold_wrapper.log_eval_metrics] Accuracy(layer_0 - estimator_0 - 10_folds.train_1.predict)=100.00%
[ 2018-07-27 21:59:00,177][kfold_wrapper.log_eval_metrics] Accuracy(layer_0 - estimator_0 - 10_folds.train_2.predict)=92.31%
[ 2018-07-27 21:59:00,787][kfold_wrapper.log_eval_metrics] Accuracy(layer_0 - estimator_0 - 10_folds.train_3.predict)=89.66%
[ 2018-07-27 21:59:01,399][kfold_wrapper.log_eval_metrics] Accuracy(layer_0 - estimator_0 - 10_folds.train_4.predict)=90.91%
[ 2018-07-27 21:59:02,126][kfold_wrapper.log_eval_metrics] Accuracy(layer_0 - estimator_0 - 10_folds.train_5.predict)=96.67%
[ 2018-07-27 21:59:02,740][kfold_wrapper.log_eval_metrics] Accuracy(layer_0 - estimator_0 - 10_folds.train_6.predict)=93.10%
[ 2018-07-27 21:59:03,332][kfold_wrapper.log_eval_metrics] Accuracy(layer_0 - estimator_0 - 10_folds.train_7.predict)=86.96%
[ 2018-07-27 21:59:04,229][kfold_wrapper.log_eval_metrics] Accuracy(layer_0 - estimator_0 - 10_folds.train_8.predict)=89.66%
[ 2018-07-27 21:59:04,954][kfold_wrapper.log_eval_metrics] Accuracy(layer_0 - estimator_0 - 10_folds.train_9.predict)=96.67%
[ 2018-07-27 21:59:05,191][kfold_wrapper.log_eval_metrics] Accuracy(layer_0 - estimator_0 - 10_folds.train_cv.predict)=91.79%
[ 2018-07-27 21:59:05,192][kfold_wrapper.log_eval_metrics] Accuracy(layer_0 - estimator_0 - 10_folds.test.predict)=97.50%
[ 2018-07-27 21:59:05,197][cascade_classifier.calc_accuracy] Accuracy(layer_0 - train.classifier_average)=91.79%
[ 2018-07-27 21:59:05,198][cascade_classifier.calc_accuracy] Accuracy(layer_0 - test.classifier_average)=97.50%
[ 2018-07-27 21:59:05,199][cascade_classifier.fit_transform] [Result][Reach Max Layer] opt_layer_num=1, accuracy_train=91.79%, accuracy_test=97.50%
[ 2018-07-27 21:59:05,200][cascade_classifier.transform] X_groups_test.shape=[(120, 4744)]
[ 2018-07-27 21:59:05,202][cascade_classifier.transform] group_dims=[4744]
[ 2018-07-27 21:59:05,203][cascade_classifier.transform] X_test.shape=(120, 4744)
[ 2018-07-27 21:59:05,204][cascade_classifier.transform] [layer=0] look_indexs=[0], X_cur_test.shape=(120, 4744)
[ 2018-07-27 21:59:07,439][cascade_classifier.fit_transform] X_groups_train.shape=[(280, 4782)],y_train.shape=(280,),X_groups_test.shape=[(120, 4782)],y_test.shape=(120,)
[ 2018-07-27 21:59:07,441][cascade_classifier.fit_transform] group_dims=[4782]
[ 2018-07-27 21:59:07,442][cascade_classifier.fit_transform] group_starts=[0]
[ 2018-07-27 21:59:07,443][cascade_classifier.fit_transform] group_ends=[4782]
[ 2018-07-27 21:59:07,444][cascade_classifier.fit_transform] X_train.shape=(280, 4782),X_test.shape=(120, 4782)
[ 2018-07-27 21:59:07,447][cascade_classifier.fit_transform] [layer=0] look_indexs=[0], X_cur_train.shape=(280, 4782), X_cur_test.shape=(120, 4782)
[ 2018-07-27 21:59:08,211][kfold_wrapper.log_eval_metrics] Accuracy(layer_0 - estimator_0 - 10_folds.train_0.predict)=88.46%
[ 2018-07-27 21:59:09,194][kfold_wrapper.log_eval_metrics] Accuracy(layer_0 - estimator_0 - 10_folds.train_1.predict)=100.00%
[ 2018-07-27 21:59:10,218][kfold_wrapper.log_eval_metrics] Accuracy(layer_0 - estimator_0 - 10_folds.train_2.predict)=88.46%
[ 2018-07-27 21:59:11,162][kfold_wrapper.log_eval_metrics] Accuracy(layer_0 - estimator_0 - 10_folds.train_3.predict)=89.66%
[ 2018-07-27 21:59:12,119][kfold_wrapper.log_eval_metrics] Accuracy(layer_0 - estimator_0 - 10_folds.train_4.predict)=93.94%
[ 2018-07-27 21:59:13,065][kfold_wrapper.log_eval_metrics] Accuracy(layer_0 - estimator_0 - 10_folds.train_5.predict)=96.67%
[ 2018-07-27 21:59:13,913][kfold_wrapper.log_eval_metrics] Accuracy(layer_0 - estimator_0 - 10_folds.train_6.predict)=89.66%
[ 2018-07-27 21:59:14,769][kfold_wrapper.log_eval_metrics] Accuracy(layer_0 - estimator_0 - 10_folds.train_7.predict)=86.96%
[ 2018-07-27 21:59:15,482][kfold_wrapper.log_eval_metrics] Accuracy(layer_0 - estimator_0 - 10_folds.train_8.predict)=89.66%
[ 2018-07-27 21:59:16,337][kfold_wrapper.log_eval_metrics] Accuracy(layer_0 - estimator_0 - 10_folds.train_9.predict)=96.67%
[ 2018-07-27 21:59:16,567][kfold_wrapper.log_eval_metrics] Accuracy(layer_0 - estimator_0 - 10_folds.train_cv.predict)=92.14%
[ 2018-07-27 21:59:16,569][kfold_wrapper.log_eval_metrics] Accuracy(layer_0 - estimator_0 - 10_folds.test.predict)=97.50%
[ 2018-07-27 21:59:16,572][cascade_classifier.calc_accuracy] Accuracy(layer_0 - train.classifier_average)=92.14%
[ 2018-07-27 21:59:16,573][cascade_classifier.calc_accuracy] Accuracy(layer_0 - test.classifier_average)=97.50%
[ 2018-07-27 21:59:16,574][cascade_classifier.fit_transform] [Result][Reach Max Layer] opt_layer_num=1, accuracy_train=92.14%, accuracy_test=97.50%
[ 2018-07-27 21:59:16,575][cascade_classifier.transform] X_groups_test.shape=[(120, 4782)]
[ 2018-07-27 21:59:16,576][cascade_classifier.transform] group_dims=[4782]
[ 2018-07-27 21:59:16,577][cascade_classifier.transform] X_test.shape=(120, 4782)
[ 2018-07-27 21:59:16,579][cascade_classifier.transform] [layer=0] look_indexs=[0], X_cur_test.shape=(120, 4782)
[ 2018-07-27 21:59:18,780][cascade_classifier.fit_transform] X_groups_train.shape=[(280, 4820)],y_train.shape=(280,),X_groups_test.shape=[(120, 4820)],y_test.shape=(120,)
[ 2018-07-27 21:59:18,783][cascade_classifier.fit_transform] group_dims=[4820]
[ 2018-07-27 21:59:18,783][cascade_classifier.fit_transform] group_starts=[0]
[ 2018-07-27 21:59:18,785][cascade_classifier.fit_transform] group_ends=[4820]
[ 2018-07-27 21:59:18,786][cascade_classifier.fit_transform] X_train.shape=(280, 4820),X_test.shape=(120, 4820)
[ 2018-07-27 21:59:18,789][cascade_classifier.fit_transform] [layer=0] look_indexs=[0], X_cur_train.shape=(280, 4820), X_cur_test.shape=(120, 4820)
[ 2018-07-27 21:59:19,291][kfold_wrapper.log_eval_metrics] Accuracy(layer_0 - estimator_0 - 10_folds.train_0.predict)=76.92%
[ 2018-07-27 21:59:20,168][kfold_wrapper.log_eval_metrics] Accuracy(layer_0 - estimator_0 - 10_folds.train_1.predict)=100.00%
[ 2018-07-27 21:59:21,199][kfold_wrapper.log_eval_metrics] Accuracy(layer_0 - estimator_0 - 10_folds.train_2.predict)=84.62%
[ 2018-07-27 21:59:22,118][kfold_wrapper.log_eval_metrics] Accuracy(layer_0 - estimator_0 - 10_folds.train_3.predict)=89.66%
[ 2018-07-27 21:59:22,967][kfold_wrapper.log_eval_metrics] Accuracy(layer_0 - estimator_0 - 10_folds.train_4.predict)=96.97%
[ 2018-07-27 21:59:23,938][kfold_wrapper.log_eval_metrics] Accuracy(layer_0 - estimator_0 - 10_folds.train_5.predict)=96.67%
[ 2018-07-27 21:59:24,933][kfold_wrapper.log_eval_metrics] Accuracy(layer_0 - estimator_0 - 10_folds.train_6.predict)=93.10%
[ 2018-07-27 21:59:25,904][kfold_wrapper.log_eval_metrics] Accuracy(layer_0 - estimator_0 - 10_folds.train_7.predict)=86.96%
[ 2018-07-27 21:59:26,867][kfold_wrapper.log_eval_metrics] Accuracy(layer_0 - estimator_0 - 10_folds.train_8.predict)=89.66%
[ 2018-07-27 21:59:27,835][kfold_wrapper.log_eval_metrics] Accuracy(layer_0 - estimator_0 - 10_folds.train_9.predict)=96.67%
[ 2018-07-27 21:59:28,060][kfold_wrapper.log_eval_metrics] Accuracy(layer_0 - estimator_0 - 10_folds.train_cv.predict)=91.43%
[ 2018-07-27 21:59:28,061][kfold_wrapper.log_eval_metrics] Accuracy(layer_0 - estimator_0 - 10_folds.test.predict)=97.50%
[ 2018-07-27 21:59:28,064][cascade_classifier.calc_accuracy] Accuracy(layer_0 - train.classifier_average)=91.43%
[ 2018-07-27 21:59:28,065][cascade_classifier.calc_accuracy] Accuracy(layer_0 - test.classifier_average)=97.50%
[ 2018-07-27 21:59:28,066][cascade_classifier.fit_transform] [Result][Reach Max Layer] opt_layer_num=1, accuracy_train=91.43%, accuracy_test=97.50%
[ 2018-07-27 21:59:28,067][cascade_classifier.transform] X_groups_test.shape=[(120, 4820)]
[ 2018-07-27 21:59:28,068][cascade_classifier.transform] group_dims=[4820]
[ 2018-07-27 21:59:28,069][cascade_classifier.transform] X_test.shape=(120, 4820)
[ 2018-07-27 21:59:28,070][cascade_classifier.transform] [layer=0] look_indexs=[0], X_cur_test.shape=(120, 4820)
[ 2018-07-27 21:59:30,262][cascade_classifier.fit_transform] X_groups_train.shape=[(280, 4858)],y_train.shape=(280,),X_groups_test.shape=[(120, 4858)],y_test.shape=(120,)
[ 2018-07-27 21:59:30,264][cascade_classifier.fit_transform] group_dims=[4858]
[ 2018-07-27 21:59:30,265][cascade_classifier.fit_transform] group_starts=[0]
[ 2018-07-27 21:59:30,266][cascade_classifier.fit_transform] group_ends=[4858]
[ 2018-07-27 21:59:30,266][cascade_classifier.fit_transform] X_train.shape=(280, 4858),X_test.shape=(120, 4858)
[ 2018-07-27 21:59:30,269][cascade_classifier.fit_transform] [layer=0] look_indexs=[0], X_cur_train.shape=(280, 4858), X_cur_test.shape=(120, 4858)
[ 2018-07-27 21:59:30,899][kfold_wrapper.log_eval_metrics] Accuracy(layer_0 - estimator_0 - 10_folds.train_0.predict)=76.92%
[ 2018-07-27 21:59:31,650][kfold_wrapper.log_eval_metrics] Accuracy(layer_0 - estimator_0 - 10_folds.train_1.predict)=100.00%
[ 2018-07-27 21:59:32,429][kfold_wrapper.log_eval_metrics] Accuracy(layer_0 - estimator_0 - 10_folds.train_2.predict)=92.31%
[ 2018-07-27 21:59:33,386][kfold_wrapper.log_eval_metrics] Accuracy(layer_0 - estimator_0 - 10_folds.train_3.predict)=89.66%
[ 2018-07-27 21:59:34,370][kfold_wrapper.log_eval_metrics] Accuracy(layer_0 - estimator_0 - 10_folds.train_4.predict)=96.97%
[ 2018-07-27 21:59:35,341][kfold_wrapper.log_eval_metrics] Accuracy(layer_0 - estimator_0 - 10_folds.train_5.predict)=96.67%
[ 2018-07-27 21:59:36,331][kfold_wrapper.log_eval_metrics] Accuracy(layer_0 - estimator_0 - 10_folds.train_6.predict)=93.10%
[ 2018-07-27 21:59:37,202][kfold_wrapper.log_eval_metrics] Accuracy(layer_0 - estimator_0 - 10_folds.train_7.predict)=86.96%
[ 2018-07-27 21:59:38,173][kfold_wrapper.log_eval_metrics] Accuracy(layer_0 - estimator_0 - 10_folds.train_8.predict)=89.66%
[ 2018-07-27 21:59:39,020][kfold_wrapper.log_eval_metrics] Accuracy(layer_0 - estimator_0 - 10_folds.train_9.predict)=96.67%
[ 2018-07-27 21:59:39,248][kfold_wrapper.log_eval_metrics] Accuracy(layer_0 - estimator_0 - 10_folds.train_cv.predict)=92.14%
[ 2018-07-27 21:59:39,249][kfold_wrapper.log_eval_metrics] Accuracy(layer_0 - estimator_0 - 10_folds.test.predict)=97.50%
[ 2018-07-27 21:59:39,253][cascade_classifier.calc_accuracy] Accuracy(layer_0 - train.classifier_average)=92.14%
[ 2018-07-27 21:59:39,254][cascade_classifier.calc_accuracy] Accuracy(layer_0 - test.classifier_average)=97.50%
[ 2018-07-27 21:59:39,255][cascade_classifier.fit_transform] [Result][Reach Max Layer] opt_layer_num=1, accuracy_train=92.14%, accuracy_test=97.50%
[ 2018-07-27 21:59:39,256][cascade_classifier.transform] X_groups_test.shape=[(120, 4858)]
[ 2018-07-27 21:59:39,257][cascade_classifier.transform] group_dims=[4858]
[ 2018-07-27 21:59:39,258][cascade_classifier.transform] X_test.shape=(120, 4858)
[ 2018-07-27 21:59:39,259][cascade_classifier.transform] [layer=0] look_indexs=[0], X_cur_test.shape=(120, 4858)
[ 2018-07-27 21:59:41,482][cascade_classifier.fit_transform] X_groups_train.shape=[(280, 4896)],y_train.shape=(280,),X_groups_test.shape=[(120, 4896)],y_test.shape=(120,)
[ 2018-07-27 21:59:41,484][cascade_classifier.fit_transform] group_dims=[4896]
[ 2018-07-27 21:59:41,485][cascade_classifier.fit_transform] group_starts=[0]
[ 2018-07-27 21:59:41,486][cascade_classifier.fit_transform] group_ends=[4896]
[ 2018-07-27 21:59:41,488][cascade_classifier.fit_transform] X_train.shape=(280, 4896),X_test.shape=(120, 4896)
[ 2018-07-27 21:59:41,491][cascade_classifier.fit_transform] [layer=0] look_indexs=[0], X_cur_train.shape=(280, 4896), X_cur_test.shape=(120, 4896)
[ 2018-07-27 21:59:42,282][kfold_wrapper.log_eval_metrics] Accuracy(layer_0 - estimator_0 - 10_folds.train_0.predict)=80.77%
[ 2018-07-27 21:59:43,454][kfold_wrapper.log_eval_metrics] Accuracy(layer_0 - estimator_0 - 10_folds.train_1.predict)=100.00%
[ 2018-07-27 21:59:44,484][kfold_wrapper.log_eval_metrics] Accuracy(layer_0 - estimator_0 - 10_folds.train_2.predict)=84.62%
[ 2018-07-27 21:59:45,620][kfold_wrapper.log_eval_metrics] Accuracy(layer_0 - estimator_0 - 10_folds.train_3.predict)=89.66%
[ 2018-07-27 21:59:46,539][kfold_wrapper.log_eval_metrics] Accuracy(layer_0 - estimator_0 - 10_folds.train_4.predict)=93.94%
[ 2018-07-27 21:59:47,271][kfold_wrapper.log_eval_metrics] Accuracy(layer_0 - estimator_0 - 10_folds.train_5.predict)=96.67%
[ 2018-07-27 21:59:48,028][kfold_wrapper.log_eval_metrics] Accuracy(layer_0 - estimator_0 - 10_folds.train_6.predict)=93.10%
[ 2018-07-27 21:59:48,987][kfold_wrapper.log_eval_metrics] Accuracy(layer_0 - estimator_0 - 10_folds.train_7.predict)=86.96%
[ 2018-07-27 21:59:49,975][kfold_wrapper.log_eval_metrics] Accuracy(layer_0 - estimator_0 - 10_folds.train_8.predict)=89.66%
[ 2018-07-27 21:59:50,934][kfold_wrapper.log_eval_metrics] Accuracy(layer_0 - estimator_0 - 10_folds.train_9.predict)=96.67%
[ 2018-07-27 21:59:51,166][kfold_wrapper.log_eval_metrics] Accuracy(layer_0 - estimator_0 - 10_folds.train_cv.predict)=91.43%
[ 2018-07-27 21:59:51,168][kfold_wrapper.log_eval_metrics] Accuracy(layer_0 - estimator_0 - 10_folds.test.predict)=97.50%
[ 2018-07-27 21:59:51,171][cascade_classifier.calc_accuracy] Accuracy(layer_0 - train.classifier_average)=91.43%
[ 2018-07-27 21:59:51,172][cascade_classifier.calc_accuracy] Accuracy(layer_0 - test.classifier_average)=97.50%
[ 2018-07-27 21:59:51,173][cascade_classifier.fit_transform] [Result][Reach Max Layer] opt_layer_num=1, accuracy_train=91.43%, accuracy_test=97.50%
[ 2018-07-27 21:59:51,174][cascade_classifier.transform] X_groups_test.shape=[(120, 4896)]
[ 2018-07-27 21:59:51,175][cascade_classifier.transform] group_dims=[4896]
[ 2018-07-27 21:59:51,176][cascade_classifier.transform] X_test.shape=(120, 4896)
[ 2018-07-27 21:59:51,177][cascade_classifier.transform] [layer=0] look_indexs=[0], X_cur_test.shape=(120, 4896)
