[ 2018-07-31 15:40:50,733][cascade_classifier.fit_transform] X_groups_train.shape=[(35000, 27)],y_train.shape=(35000,),X_groups_test.shape=[(15000, 27)],y_test.shape=(15000,)
[ 2018-07-31 15:40:50,738][cascade_classifier.fit_transform] group_dims=[27]
[ 2018-07-31 15:40:50,739][cascade_classifier.fit_transform] group_starts=[0]
[ 2018-07-31 15:40:50,740][cascade_classifier.fit_transform] group_ends=[27]
[ 2018-07-31 15:40:50,741][cascade_classifier.fit_transform] X_train.shape=(35000, 27),X_test.shape=(15000, 27)
[ 2018-07-31 15:40:50,749][cascade_classifier.fit_transform] [layer=0] look_indexs=[0], X_cur_train.shape=(35000, 27), X_cur_test.shape=(15000, 27)
[ 2018-07-31 15:40:54,294][kfold_wrapper.log_eval_metrics] Accuracy(layer_0 - estimator_0 - 10_folds.train_0.predict)=97.12%
[ 2018-07-31 15:40:57,380][kfold_wrapper.log_eval_metrics] Accuracy(layer_0 - estimator_0 - 10_folds.train_1.predict)=97.17%
[ 2018-07-31 15:41:00,365][kfold_wrapper.log_eval_metrics] Accuracy(layer_0 - estimator_0 - 10_folds.train_2.predict)=97.23%
[ 2018-07-31 15:41:03,462][kfold_wrapper.log_eval_metrics] Accuracy(layer_0 - estimator_0 - 10_folds.train_3.predict)=97.09%
[ 2018-07-31 15:41:06,601][kfold_wrapper.log_eval_metrics] Accuracy(layer_0 - estimator_0 - 10_folds.train_4.predict)=97.29%
[ 2018-07-31 15:41:09,990][kfold_wrapper.log_eval_metrics] Accuracy(layer_0 - estimator_0 - 10_folds.train_5.predict)=97.26%
[ 2018-07-31 15:41:14,312][kfold_wrapper.log_eval_metrics] Accuracy(layer_0 - estimator_0 - 10_folds.train_6.predict)=97.03%
[ 2018-07-31 15:41:17,306][kfold_wrapper.log_eval_metrics] Accuracy(layer_0 - estimator_0 - 10_folds.train_7.predict)=97.11%
[ 2018-07-31 15:41:20,300][kfold_wrapper.log_eval_metrics] Accuracy(layer_0 - estimator_0 - 10_folds.train_8.predict)=97.20%
[ 2018-07-31 15:41:23,314][kfold_wrapper.log_eval_metrics] Accuracy(layer_0 - estimator_0 - 10_folds.train_9.predict)=97.23%
[ 2018-07-31 15:41:23,562][kfold_wrapper.log_eval_metrics] Accuracy(layer_0 - estimator_0 - 10_folds.train_cv.predict)=97.17%
[ 2018-07-31 15:41:23,563][kfold_wrapper.log_eval_metrics] Accuracy(layer_0 - estimator_0 - 10_folds.test.predict)=97.15%
[ 2018-07-31 15:41:25,106][kfold_wrapper.log_eval_metrics] Accuracy(layer_0 - estimator_1 - 10_folds.train_0.predict)=97.40%
[ 2018-07-31 15:41:26,860][kfold_wrapper.log_eval_metrics] Accuracy(layer_0 - estimator_1 - 10_folds.train_1.predict)=97.49%
[ 2018-07-31 15:41:28,649][kfold_wrapper.log_eval_metrics] Accuracy(layer_0 - estimator_1 - 10_folds.train_2.predict)=97.20%
[ 2018-07-31 15:41:30,546][kfold_wrapper.log_eval_metrics] Accuracy(layer_0 - estimator_1 - 10_folds.train_3.predict)=97.23%
[ 2018-07-31 15:41:32,706][kfold_wrapper.log_eval_metrics] Accuracy(layer_0 - estimator_1 - 10_folds.train_4.predict)=97.34%
[ 2018-07-31 15:41:35,206][kfold_wrapper.log_eval_metrics] Accuracy(layer_0 - estimator_1 - 10_folds.train_5.predict)=97.40%
[ 2018-07-31 15:41:37,371][kfold_wrapper.log_eval_metrics] Accuracy(layer_0 - estimator_1 - 10_folds.train_6.predict)=97.37%
[ 2018-07-31 15:41:39,108][kfold_wrapper.log_eval_metrics] Accuracy(layer_0 - estimator_1 - 10_folds.train_7.predict)=97.17%
[ 2018-07-31 15:41:40,858][kfold_wrapper.log_eval_metrics] Accuracy(layer_0 - estimator_1 - 10_folds.train_8.predict)=97.26%
[ 2018-07-31 15:41:42,749][kfold_wrapper.log_eval_metrics] Accuracy(layer_0 - estimator_1 - 10_folds.train_9.predict)=97.23%
[ 2018-07-31 15:41:42,987][kfold_wrapper.log_eval_metrics] Accuracy(layer_0 - estimator_1 - 10_folds.train_cv.predict)=97.31%
[ 2018-07-31 15:41:42,989][kfold_wrapper.log_eval_metrics] Accuracy(layer_0 - estimator_1 - 10_folds.test.predict)=97.29%
[ 2018-07-31 15:41:43,211][kfold_wrapper.log_eval_metrics] Accuracy(layer_0 - estimator_2 - 10_folds.train_0.predict)=96.97%
[ 2018-07-31 15:41:43,318][kfold_wrapper.log_eval_metrics] Accuracy(layer_0 - estimator_2 - 10_folds.train_1.predict)=96.97%
[ 2018-07-31 15:41:43,421][kfold_wrapper.log_eval_metrics] Accuracy(layer_0 - estimator_2 - 10_folds.train_2.predict)=96.97%
[ 2018-07-31 15:41:43,522][kfold_wrapper.log_eval_metrics] Accuracy(layer_0 - estimator_2 - 10_folds.train_3.predict)=96.97%
[ 2018-07-31 15:41:43,638][kfold_wrapper.log_eval_metrics] Accuracy(layer_0 - estimator_2 - 10_folds.train_4.predict)=96.97%
[ 2018-07-31 15:41:43,750][kfold_wrapper.log_eval_metrics] Accuracy(layer_0 - estimator_2 - 10_folds.train_5.predict)=96.97%
[ 2018-07-31 15:41:43,863][kfold_wrapper.log_eval_metrics] Accuracy(layer_0 - estimator_2 - 10_folds.train_6.predict)=96.97%
[ 2018-07-31 15:41:43,979][kfold_wrapper.log_eval_metrics] Accuracy(layer_0 - estimator_2 - 10_folds.train_7.predict)=96.97%
[ 2018-07-31 15:41:44,080][kfold_wrapper.log_eval_metrics] Accuracy(layer_0 - estimator_2 - 10_folds.train_8.predict)=97.00%
[ 2018-07-31 15:41:44,200][kfold_wrapper.log_eval_metrics] Accuracy(layer_0 - estimator_2 - 10_folds.train_9.predict)=97.00%
[ 2018-07-31 15:41:44,203][kfold_wrapper.log_eval_metrics] Accuracy(layer_0 - estimator_2 - 10_folds.train_cv.predict)=96.98%
[ 2018-07-31 15:41:44,205][kfold_wrapper.log_eval_metrics] Accuracy(layer_0 - estimator_2 - 10_folds.test.predict)=97.00%
[ 2018-07-31 15:41:44,207][cascade_classifier.calc_accuracy] Accuracy(layer_0 - train.classifier_average)=97.03%
[ 2018-07-31 15:41:44,209][cascade_classifier.calc_accuracy] Accuracy(layer_0 - test.classifier_average)=97.03%
[ 2018-07-31 15:41:44,218][cascade_classifier.fit_transform] [layer=1] look_indexs=[0], X_cur_train.shape=(35000, 33), X_cur_test.shape=(15000, 33)
[ 2018-07-31 15:41:46,303][kfold_wrapper.log_eval_metrics] Accuracy(layer_1 - estimator_0 - 10_folds.train_0.predict)=98.09%
[ 2018-07-31 15:41:48,477][kfold_wrapper.log_eval_metrics] Accuracy(layer_1 - estimator_0 - 10_folds.train_1.predict)=97.97%
[ 2018-07-31 15:41:50,809][kfold_wrapper.log_eval_metrics] Accuracy(layer_1 - estimator_0 - 10_folds.train_2.predict)=97.97%
[ 2018-07-31 15:41:53,636][kfold_wrapper.log_eval_metrics] Accuracy(layer_1 - estimator_0 - 10_folds.train_3.predict)=98.20%
[ 2018-07-31 15:41:57,133][kfold_wrapper.log_eval_metrics] Accuracy(layer_1 - estimator_0 - 10_folds.train_4.predict)=97.74%
[ 2018-07-31 15:41:59,525][kfold_wrapper.log_eval_metrics] Accuracy(layer_1 - estimator_0 - 10_folds.train_5.predict)=97.80%
[ 2018-07-31 15:42:02,413][kfold_wrapper.log_eval_metrics] Accuracy(layer_1 - estimator_0 - 10_folds.train_6.predict)=98.03%
[ 2018-07-31 15:42:05,302][kfold_wrapper.log_eval_metrics] Accuracy(layer_1 - estimator_0 - 10_folds.train_7.predict)=97.83%
[ 2018-07-31 15:42:08,696][kfold_wrapper.log_eval_metrics] Accuracy(layer_1 - estimator_0 - 10_folds.train_8.predict)=98.23%
[ 2018-07-31 15:42:12,385][kfold_wrapper.log_eval_metrics] Accuracy(layer_1 - estimator_0 - 10_folds.train_9.predict)=97.94%
[ 2018-07-31 15:42:12,738][kfold_wrapper.log_eval_metrics] Accuracy(layer_1 - estimator_0 - 10_folds.train_cv.predict)=97.98%
[ 2018-07-31 15:42:12,743][kfold_wrapper.log_eval_metrics] Accuracy(layer_1 - estimator_0 - 10_folds.test.predict)=98.09%
[ 2018-07-31 15:42:14,382][kfold_wrapper.log_eval_metrics] Accuracy(layer_1 - estimator_1 - 10_folds.train_0.predict)=98.23%
[ 2018-07-31 15:42:15,760][kfold_wrapper.log_eval_metrics] Accuracy(layer_1 - estimator_1 - 10_folds.train_1.predict)=97.97%
[ 2018-07-31 15:42:17,218][kfold_wrapper.log_eval_metrics] Accuracy(layer_1 - estimator_1 - 10_folds.train_2.predict)=97.89%
[ 2018-07-31 15:42:18,599][kfold_wrapper.log_eval_metrics] Accuracy(layer_1 - estimator_1 - 10_folds.train_3.predict)=98.09%
[ 2018-07-31 15:42:19,974][kfold_wrapper.log_eval_metrics] Accuracy(layer_1 - estimator_1 - 10_folds.train_4.predict)=97.71%
[ 2018-07-31 15:42:21,378][kfold_wrapper.log_eval_metrics] Accuracy(layer_1 - estimator_1 - 10_folds.train_5.predict)=97.94%
[ 2018-07-31 15:42:22,790][kfold_wrapper.log_eval_metrics] Accuracy(layer_1 - estimator_1 - 10_folds.train_6.predict)=98.00%
[ 2018-07-31 15:42:24,164][kfold_wrapper.log_eval_metrics] Accuracy(layer_1 - estimator_1 - 10_folds.train_7.predict)=97.91%
[ 2018-07-31 15:42:25,579][kfold_wrapper.log_eval_metrics] Accuracy(layer_1 - estimator_1 - 10_folds.train_8.predict)=97.69%
[ 2018-07-31 15:42:26,991][kfold_wrapper.log_eval_metrics] Accuracy(layer_1 - estimator_1 - 10_folds.train_9.predict)=97.89%
[ 2018-07-31 15:42:27,242][kfold_wrapper.log_eval_metrics] Accuracy(layer_1 - estimator_1 - 10_folds.train_cv.predict)=97.93%
[ 2018-07-31 15:42:27,244][kfold_wrapper.log_eval_metrics] Accuracy(layer_1 - estimator_1 - 10_folds.test.predict)=98.01%
[ 2018-07-31 15:42:27,407][kfold_wrapper.log_eval_metrics] Accuracy(layer_1 - estimator_2 - 10_folds.train_0.predict)=97.83%
[ 2018-07-31 15:42:27,583][kfold_wrapper.log_eval_metrics] Accuracy(layer_1 - estimator_2 - 10_folds.train_1.predict)=97.69%
[ 2018-07-31 15:42:27,715][kfold_wrapper.log_eval_metrics] Accuracy(layer_1 - estimator_2 - 10_folds.train_2.predict)=98.00%
[ 2018-07-31 15:42:27,855][kfold_wrapper.log_eval_metrics] Accuracy(layer_1 - estimator_2 - 10_folds.train_3.predict)=97.74%
[ 2018-07-31 15:42:27,985][kfold_wrapper.log_eval_metrics] Accuracy(layer_1 - estimator_2 - 10_folds.train_4.predict)=97.97%
[ 2018-07-31 15:42:28,120][kfold_wrapper.log_eval_metrics] Accuracy(layer_1 - estimator_2 - 10_folds.train_5.predict)=97.74%
[ 2018-07-31 15:42:28,253][kfold_wrapper.log_eval_metrics] Accuracy(layer_1 - estimator_2 - 10_folds.train_6.predict)=98.09%
[ 2018-07-31 15:42:28,381][kfold_wrapper.log_eval_metrics] Accuracy(layer_1 - estimator_2 - 10_folds.train_7.predict)=98.00%
[ 2018-07-31 15:42:28,515][kfold_wrapper.log_eval_metrics] Accuracy(layer_1 - estimator_2 - 10_folds.train_8.predict)=97.80%
[ 2018-07-31 15:42:28,648][kfold_wrapper.log_eval_metrics] Accuracy(layer_1 - estimator_2 - 10_folds.train_9.predict)=98.00%
[ 2018-07-31 15:42:28,651][kfold_wrapper.log_eval_metrics] Accuracy(layer_1 - estimator_2 - 10_folds.train_cv.predict)=97.89%
[ 2018-07-31 15:42:28,652][kfold_wrapper.log_eval_metrics] Accuracy(layer_1 - estimator_2 - 10_folds.test.predict)=97.86%
[ 2018-07-31 15:42:28,654][cascade_classifier.calc_accuracy] Accuracy(layer_1 - train.classifier_average)=97.96%
[ 2018-07-31 15:42:28,656][cascade_classifier.calc_accuracy] Accuracy(layer_1 - test.classifier_average)=97.97%
[ 2018-07-31 15:42:28,664][cascade_classifier.fit_transform] [layer=2] look_indexs=[0], X_cur_train.shape=(35000, 33), X_cur_test.shape=(15000, 33)
[ 2018-07-31 15:42:30,645][kfold_wrapper.log_eval_metrics] Accuracy(layer_2 - estimator_0 - 10_folds.train_0.predict)=97.97%
[ 2018-07-31 15:42:32,824][kfold_wrapper.log_eval_metrics] Accuracy(layer_2 - estimator_0 - 10_folds.train_1.predict)=97.69%
[ 2018-07-31 15:42:35,030][kfold_wrapper.log_eval_metrics] Accuracy(layer_2 - estimator_0 - 10_folds.train_2.predict)=97.69%
[ 2018-07-31 15:42:37,241][kfold_wrapper.log_eval_metrics] Accuracy(layer_2 - estimator_0 - 10_folds.train_3.predict)=98.11%
[ 2018-07-31 15:42:39,420][kfold_wrapper.log_eval_metrics] Accuracy(layer_2 - estimator_0 - 10_folds.train_4.predict)=98.03%
[ 2018-07-31 15:42:41,828][kfold_wrapper.log_eval_metrics] Accuracy(layer_2 - estimator_0 - 10_folds.train_5.predict)=98.09%
[ 2018-07-31 15:42:44,140][kfold_wrapper.log_eval_metrics] Accuracy(layer_2 - estimator_0 - 10_folds.train_6.predict)=98.00%
[ 2018-07-31 15:42:46,655][kfold_wrapper.log_eval_metrics] Accuracy(layer_2 - estimator_0 - 10_folds.train_7.predict)=98.20%
[ 2018-07-31 15:42:49,154][kfold_wrapper.log_eval_metrics] Accuracy(layer_2 - estimator_0 - 10_folds.train_8.predict)=98.34%
[ 2018-07-31 15:42:51,363][kfold_wrapper.log_eval_metrics] Accuracy(layer_2 - estimator_0 - 10_folds.train_9.predict)=97.94%
[ 2018-07-31 15:42:51,614][kfold_wrapper.log_eval_metrics] Accuracy(layer_2 - estimator_0 - 10_folds.train_cv.predict)=98.01%
[ 2018-07-31 15:42:51,615][kfold_wrapper.log_eval_metrics] Accuracy(layer_2 - estimator_0 - 10_folds.test.predict)=98.09%
[ 2018-07-31 15:42:52,751][kfold_wrapper.log_eval_metrics] Accuracy(layer_2 - estimator_1 - 10_folds.train_0.predict)=98.06%
[ 2018-07-31 15:42:54,123][kfold_wrapper.log_eval_metrics] Accuracy(layer_2 - estimator_1 - 10_folds.train_1.predict)=98.06%
[ 2018-07-31 15:42:55,503][kfold_wrapper.log_eval_metrics] Accuracy(layer_2 - estimator_1 - 10_folds.train_2.predict)=98.14%
[ 2018-07-31 15:42:56,872][kfold_wrapper.log_eval_metrics] Accuracy(layer_2 - estimator_1 - 10_folds.train_3.predict)=97.83%
[ 2018-07-31 15:42:58,264][kfold_wrapper.log_eval_metrics] Accuracy(layer_2 - estimator_1 - 10_folds.train_4.predict)=98.00%
[ 2018-07-31 15:42:59,643][kfold_wrapper.log_eval_metrics] Accuracy(layer_2 - estimator_1 - 10_folds.train_5.predict)=97.86%
[ 2018-07-31 15:43:01,038][kfold_wrapper.log_eval_metrics] Accuracy(layer_2 - estimator_1 - 10_folds.train_6.predict)=98.09%
[ 2018-07-31 15:43:02,416][kfold_wrapper.log_eval_metrics] Accuracy(layer_2 - estimator_1 - 10_folds.train_7.predict)=97.91%
[ 2018-07-31 15:43:03,813][kfold_wrapper.log_eval_metrics] Accuracy(layer_2 - estimator_1 - 10_folds.train_8.predict)=98.09%
[ 2018-07-31 15:43:05,183][kfold_wrapper.log_eval_metrics] Accuracy(layer_2 - estimator_1 - 10_folds.train_9.predict)=97.71%
[ 2018-07-31 15:43:05,439][kfold_wrapper.log_eval_metrics] Accuracy(layer_2 - estimator_1 - 10_folds.train_cv.predict)=97.97%
[ 2018-07-31 15:43:05,441][kfold_wrapper.log_eval_metrics] Accuracy(layer_2 - estimator_1 - 10_folds.test.predict)=98.01%
[ 2018-07-31 15:43:05,594][kfold_wrapper.log_eval_metrics] Accuracy(layer_2 - estimator_2 - 10_folds.train_0.predict)=98.17%
[ 2018-07-31 15:43:05,728][kfold_wrapper.log_eval_metrics] Accuracy(layer_2 - estimator_2 - 10_folds.train_1.predict)=97.91%
[ 2018-07-31 15:43:05,864][kfold_wrapper.log_eval_metrics] Accuracy(layer_2 - estimator_2 - 10_folds.train_2.predict)=98.00%
[ 2018-07-31 15:43:05,994][kfold_wrapper.log_eval_metrics] Accuracy(layer_2 - estimator_2 - 10_folds.train_3.predict)=97.80%
[ 2018-07-31 15:43:06,125][kfold_wrapper.log_eval_metrics] Accuracy(layer_2 - estimator_2 - 10_folds.train_4.predict)=97.97%
[ 2018-07-31 15:43:06,257][kfold_wrapper.log_eval_metrics] Accuracy(layer_2 - estimator_2 - 10_folds.train_5.predict)=98.11%
[ 2018-07-31 15:43:06,398][kfold_wrapper.log_eval_metrics] Accuracy(layer_2 - estimator_2 - 10_folds.train_6.predict)=97.94%
[ 2018-07-31 15:43:06,543][kfold_wrapper.log_eval_metrics] Accuracy(layer_2 - estimator_2 - 10_folds.train_7.predict)=97.86%
[ 2018-07-31 15:43:06,684][kfold_wrapper.log_eval_metrics] Accuracy(layer_2 - estimator_2 - 10_folds.train_8.predict)=97.69%
[ 2018-07-31 15:43:06,828][kfold_wrapper.log_eval_metrics] Accuracy(layer_2 - estimator_2 - 10_folds.train_9.predict)=98.20%
[ 2018-07-31 15:43:06,831][kfold_wrapper.log_eval_metrics] Accuracy(layer_2 - estimator_2 - 10_folds.train_cv.predict)=97.97%
[ 2018-07-31 15:43:06,832][kfold_wrapper.log_eval_metrics] Accuracy(layer_2 - estimator_2 - 10_folds.test.predict)=98.12%
[ 2018-07-31 15:43:06,834][cascade_classifier.calc_accuracy] Accuracy(layer_2 - train.classifier_average)=97.97%
[ 2018-07-31 15:43:06,835][cascade_classifier.calc_accuracy] Accuracy(layer_2 - test.classifier_average)=98.07%
[ 2018-07-31 15:43:06,844][cascade_classifier.fit_transform] [layer=3] look_indexs=[0], X_cur_train.shape=(35000, 33), X_cur_test.shape=(15000, 33)
[ 2018-07-31 15:43:08,908][kfold_wrapper.log_eval_metrics] Accuracy(layer_3 - estimator_0 - 10_folds.train_0.predict)=98.00%
[ 2018-07-31 15:43:11,204][kfold_wrapper.log_eval_metrics] Accuracy(layer_3 - estimator_0 - 10_folds.train_1.predict)=98.00%
[ 2018-07-31 15:43:13,516][kfold_wrapper.log_eval_metrics] Accuracy(layer_3 - estimator_0 - 10_folds.train_2.predict)=98.03%
[ 2018-07-31 15:43:15,699][kfold_wrapper.log_eval_metrics] Accuracy(layer_3 - estimator_0 - 10_folds.train_3.predict)=97.94%
[ 2018-07-31 15:43:17,898][kfold_wrapper.log_eval_metrics] Accuracy(layer_3 - estimator_0 - 10_folds.train_4.predict)=97.77%
[ 2018-07-31 15:43:20,131][kfold_wrapper.log_eval_metrics] Accuracy(layer_3 - estimator_0 - 10_folds.train_5.predict)=97.71%
[ 2018-07-31 15:43:22,471][kfold_wrapper.log_eval_metrics] Accuracy(layer_3 - estimator_0 - 10_folds.train_6.predict)=97.94%
[ 2018-07-31 15:43:24,652][kfold_wrapper.log_eval_metrics] Accuracy(layer_3 - estimator_0 - 10_folds.train_7.predict)=98.17%
[ 2018-07-31 15:43:26,852][kfold_wrapper.log_eval_metrics] Accuracy(layer_3 - estimator_0 - 10_folds.train_8.predict)=98.14%
[ 2018-07-31 15:43:29,034][kfold_wrapper.log_eval_metrics] Accuracy(layer_3 - estimator_0 - 10_folds.train_9.predict)=97.97%
[ 2018-07-31 15:43:29,281][kfold_wrapper.log_eval_metrics] Accuracy(layer_3 - estimator_0 - 10_folds.train_cv.predict)=97.97%
[ 2018-07-31 15:43:29,283][kfold_wrapper.log_eval_metrics] Accuracy(layer_3 - estimator_0 - 10_folds.test.predict)=98.14%
[ 2018-07-31 15:43:30,431][kfold_wrapper.log_eval_metrics] Accuracy(layer_3 - estimator_1 - 10_folds.train_0.predict)=97.86%
[ 2018-07-31 15:43:31,818][kfold_wrapper.log_eval_metrics] Accuracy(layer_3 - estimator_1 - 10_folds.train_1.predict)=97.57%
[ 2018-07-31 15:43:33,191][kfold_wrapper.log_eval_metrics] Accuracy(layer_3 - estimator_1 - 10_folds.train_2.predict)=97.86%
[ 2018-07-31 15:43:34,591][kfold_wrapper.log_eval_metrics] Accuracy(layer_3 - estimator_1 - 10_folds.train_3.predict)=98.03%
[ 2018-07-31 15:43:35,991][kfold_wrapper.log_eval_metrics] Accuracy(layer_3 - estimator_1 - 10_folds.train_4.predict)=98.14%
[ 2018-07-31 15:43:37,382][kfold_wrapper.log_eval_metrics] Accuracy(layer_3 - estimator_1 - 10_folds.train_5.predict)=97.89%
[ 2018-07-31 15:43:38,773][kfold_wrapper.log_eval_metrics] Accuracy(layer_3 - estimator_1 - 10_folds.train_6.predict)=98.11%
[ 2018-07-31 15:43:40,153][kfold_wrapper.log_eval_metrics] Accuracy(layer_3 - estimator_1 - 10_folds.train_7.predict)=98.00%
[ 2018-07-31 15:43:41,639][kfold_wrapper.log_eval_metrics] Accuracy(layer_3 - estimator_1 - 10_folds.train_8.predict)=98.29%
[ 2018-07-31 15:43:43,069][kfold_wrapper.log_eval_metrics] Accuracy(layer_3 - estimator_1 - 10_folds.train_9.predict)=97.69%
[ 2018-07-31 15:43:43,289][kfold_wrapper.log_eval_metrics] Accuracy(layer_3 - estimator_1 - 10_folds.train_cv.predict)=97.94%
[ 2018-07-31 15:43:43,291][kfold_wrapper.log_eval_metrics] Accuracy(layer_3 - estimator_1 - 10_folds.test.predict)=98.05%
[ 2018-07-31 15:43:43,434][kfold_wrapper.log_eval_metrics] Accuracy(layer_3 - estimator_2 - 10_folds.train_0.predict)=97.91%
[ 2018-07-31 15:43:43,570][kfold_wrapper.log_eval_metrics] Accuracy(layer_3 - estimator_2 - 10_folds.train_1.predict)=98.20%
[ 2018-07-31 15:43:43,699][kfold_wrapper.log_eval_metrics] Accuracy(layer_3 - estimator_2 - 10_folds.train_2.predict)=97.69%
[ 2018-07-31 15:43:43,895][kfold_wrapper.log_eval_metrics] Accuracy(layer_3 - estimator_2 - 10_folds.train_3.predict)=97.91%
[ 2018-07-31 15:43:44,093][kfold_wrapper.log_eval_metrics] Accuracy(layer_3 - estimator_2 - 10_folds.train_4.predict)=98.03%
[ 2018-07-31 15:43:44,283][kfold_wrapper.log_eval_metrics] Accuracy(layer_3 - estimator_2 - 10_folds.train_5.predict)=97.71%
[ 2018-07-31 15:43:44,483][kfold_wrapper.log_eval_metrics] Accuracy(layer_3 - estimator_2 - 10_folds.train_6.predict)=97.94%
[ 2018-07-31 15:43:44,694][kfold_wrapper.log_eval_metrics] Accuracy(layer_3 - estimator_2 - 10_folds.train_7.predict)=98.03%
[ 2018-07-31 15:43:44,909][kfold_wrapper.log_eval_metrics] Accuracy(layer_3 - estimator_2 - 10_folds.train_8.predict)=98.06%
[ 2018-07-31 15:43:45,098][kfold_wrapper.log_eval_metrics] Accuracy(layer_3 - estimator_2 - 10_folds.train_9.predict)=98.03%
[ 2018-07-31 15:43:45,101][kfold_wrapper.log_eval_metrics] Accuracy(layer_3 - estimator_2 - 10_folds.train_cv.predict)=97.95%
[ 2018-07-31 15:43:45,103][kfold_wrapper.log_eval_metrics] Accuracy(layer_3 - estimator_2 - 10_folds.test.predict)=98.00%
[ 2018-07-31 15:43:45,107][cascade_classifier.calc_accuracy] Accuracy(layer_3 - train.classifier_average)=97.97%
[ 2018-07-31 15:43:45,108][cascade_classifier.calc_accuracy] Accuracy(layer_3 - test.classifier_average)=98.07%
[ 2018-07-31 15:43:45,121][cascade_classifier.fit_transform] [layer=4] look_indexs=[0], X_cur_train.shape=(35000, 33), X_cur_test.shape=(15000, 33)
[ 2018-07-31 15:43:47,454][kfold_wrapper.log_eval_metrics] Accuracy(layer_4 - estimator_0 - 10_folds.train_0.predict)=97.77%
[ 2018-07-31 15:43:49,815][kfold_wrapper.log_eval_metrics] Accuracy(layer_4 - estimator_0 - 10_folds.train_1.predict)=98.26%
[ 2018-07-31 15:43:52,073][kfold_wrapper.log_eval_metrics] Accuracy(layer_4 - estimator_0 - 10_folds.train_2.predict)=97.83%
[ 2018-07-31 15:43:54,489][kfold_wrapper.log_eval_metrics] Accuracy(layer_4 - estimator_0 - 10_folds.train_3.predict)=97.66%
[ 2018-07-31 15:43:56,782][kfold_wrapper.log_eval_metrics] Accuracy(layer_4 - estimator_0 - 10_folds.train_4.predict)=98.00%
[ 2018-07-31 15:43:59,093][kfold_wrapper.log_eval_metrics] Accuracy(layer_4 - estimator_0 - 10_folds.train_5.predict)=98.17%
[ 2018-07-31 15:44:01,403][kfold_wrapper.log_eval_metrics] Accuracy(layer_4 - estimator_0 - 10_folds.train_6.predict)=97.63%
[ 2018-07-31 15:44:03,802][kfold_wrapper.log_eval_metrics] Accuracy(layer_4 - estimator_0 - 10_folds.train_7.predict)=98.20%
[ 2018-07-31 15:44:06,090][kfold_wrapper.log_eval_metrics] Accuracy(layer_4 - estimator_0 - 10_folds.train_8.predict)=97.89%
[ 2018-07-31 15:44:08,370][kfold_wrapper.log_eval_metrics] Accuracy(layer_4 - estimator_0 - 10_folds.train_9.predict)=97.91%
[ 2018-07-31 15:44:08,619][kfold_wrapper.log_eval_metrics] Accuracy(layer_4 - estimator_0 - 10_folds.train_cv.predict)=97.93%
[ 2018-07-31 15:44:08,620][kfold_wrapper.log_eval_metrics] Accuracy(layer_4 - estimator_0 - 10_folds.test.predict)=98.11%
[ 2018-07-31 15:44:09,866][kfold_wrapper.log_eval_metrics] Accuracy(layer_4 - estimator_1 - 10_folds.train_0.predict)=97.77%
[ 2018-07-31 15:44:11,239][kfold_wrapper.log_eval_metrics] Accuracy(layer_4 - estimator_1 - 10_folds.train_1.predict)=97.54%
[ 2018-07-31 15:44:12,726][kfold_wrapper.log_eval_metrics] Accuracy(layer_4 - estimator_1 - 10_folds.train_2.predict)=98.31%
[ 2018-07-31 15:44:14,220][kfold_wrapper.log_eval_metrics] Accuracy(layer_4 - estimator_1 - 10_folds.train_3.predict)=98.20%
[ 2018-07-31 15:44:15,721][kfold_wrapper.log_eval_metrics] Accuracy(layer_4 - estimator_1 - 10_folds.train_4.predict)=97.91%
[ 2018-07-31 15:44:17,209][kfold_wrapper.log_eval_metrics] Accuracy(layer_4 - estimator_1 - 10_folds.train_5.predict)=97.80%
[ 2018-07-31 15:44:18,700][kfold_wrapper.log_eval_metrics] Accuracy(layer_4 - estimator_1 - 10_folds.train_6.predict)=97.94%
[ 2018-07-31 15:44:20,156][kfold_wrapper.log_eval_metrics] Accuracy(layer_4 - estimator_1 - 10_folds.train_7.predict)=97.71%
[ 2018-07-31 15:44:21,604][kfold_wrapper.log_eval_metrics] Accuracy(layer_4 - estimator_1 - 10_folds.train_8.predict)=97.86%
[ 2018-07-31 15:44:23,109][kfold_wrapper.log_eval_metrics] Accuracy(layer_4 - estimator_1 - 10_folds.train_9.predict)=97.83%
[ 2018-07-31 15:44:23,367][kfold_wrapper.log_eval_metrics] Accuracy(layer_4 - estimator_1 - 10_folds.train_cv.predict)=97.89%
[ 2018-07-31 15:44:23,368][kfold_wrapper.log_eval_metrics] Accuracy(layer_4 - estimator_1 - 10_folds.test.predict)=98.09%
[ 2018-07-31 15:44:23,519][kfold_wrapper.log_eval_metrics] Accuracy(layer_4 - estimator_2 - 10_folds.train_0.predict)=97.91%
[ 2018-07-31 15:44:23,656][kfold_wrapper.log_eval_metrics] Accuracy(layer_4 - estimator_2 - 10_folds.train_1.predict)=98.00%
[ 2018-07-31 15:44:23,793][kfold_wrapper.log_eval_metrics] Accuracy(layer_4 - estimator_2 - 10_folds.train_2.predict)=97.97%
[ 2018-07-31 15:44:23,932][kfold_wrapper.log_eval_metrics] Accuracy(layer_4 - estimator_2 - 10_folds.train_3.predict)=98.34%
[ 2018-07-31 15:44:24,074][kfold_wrapper.log_eval_metrics] Accuracy(layer_4 - estimator_2 - 10_folds.train_4.predict)=97.86%
[ 2018-07-31 15:44:24,220][kfold_wrapper.log_eval_metrics] Accuracy(layer_4 - estimator_2 - 10_folds.train_5.predict)=97.89%
[ 2018-07-31 15:44:24,362][kfold_wrapper.log_eval_metrics] Accuracy(layer_4 - estimator_2 - 10_folds.train_6.predict)=97.86%
[ 2018-07-31 15:44:24,503][kfold_wrapper.log_eval_metrics] Accuracy(layer_4 - estimator_2 - 10_folds.train_7.predict)=97.77%
[ 2018-07-31 15:44:24,644][kfold_wrapper.log_eval_metrics] Accuracy(layer_4 - estimator_2 - 10_folds.train_8.predict)=97.97%
[ 2018-07-31 15:44:24,784][kfold_wrapper.log_eval_metrics] Accuracy(layer_4 - estimator_2 - 10_folds.train_9.predict)=97.77%
[ 2018-07-31 15:44:24,787][kfold_wrapper.log_eval_metrics] Accuracy(layer_4 - estimator_2 - 10_folds.train_cv.predict)=97.93%
[ 2018-07-31 15:44:24,788][kfold_wrapper.log_eval_metrics] Accuracy(layer_4 - estimator_2 - 10_folds.test.predict)=98.06%
[ 2018-07-31 15:44:24,790][cascade_classifier.calc_accuracy] Accuracy(layer_4 - train.classifier_average)=97.93%
[ 2018-07-31 15:44:24,791][cascade_classifier.calc_accuracy] Accuracy(layer_4 - test.classifier_average)=98.11%
[ 2018-07-31 15:44:24,800][cascade_classifier.fit_transform] [layer=5] look_indexs=[0], X_cur_train.shape=(35000, 33), X_cur_test.shape=(15000, 33)
[ 2018-07-31 15:44:26,848][kfold_wrapper.log_eval_metrics] Accuracy(layer_5 - estimator_0 - 10_folds.train_0.predict)=97.89%
[ 2018-07-31 15:44:29,194][kfold_wrapper.log_eval_metrics] Accuracy(layer_5 - estimator_0 - 10_folds.train_1.predict)=97.66%
[ 2018-07-31 15:44:31,466][kfold_wrapper.log_eval_metrics] Accuracy(layer_5 - estimator_0 - 10_folds.train_2.predict)=97.71%
[ 2018-07-31 15:44:33,743][kfold_wrapper.log_eval_metrics] Accuracy(layer_5 - estimator_0 - 10_folds.train_3.predict)=97.80%
[ 2018-07-31 15:44:36,140][kfold_wrapper.log_eval_metrics] Accuracy(layer_5 - estimator_0 - 10_folds.train_4.predict)=98.03%
[ 2018-07-31 15:44:38,410][kfold_wrapper.log_eval_metrics] Accuracy(layer_5 - estimator_0 - 10_folds.train_5.predict)=97.89%
[ 2018-07-31 15:44:40,661][kfold_wrapper.log_eval_metrics] Accuracy(layer_5 - estimator_0 - 10_folds.train_6.predict)=97.94%
[ 2018-07-31 15:44:43,432][kfold_wrapper.log_eval_metrics] Accuracy(layer_5 - estimator_0 - 10_folds.train_7.predict)=98.03%
[ 2018-07-31 15:44:46,039][kfold_wrapper.log_eval_metrics] Accuracy(layer_5 - estimator_0 - 10_folds.train_8.predict)=98.20%
[ 2018-07-31 15:44:48,655][kfold_wrapper.log_eval_metrics] Accuracy(layer_5 - estimator_0 - 10_folds.train_9.predict)=97.74%
[ 2018-07-31 15:44:48,909][kfold_wrapper.log_eval_metrics] Accuracy(layer_5 - estimator_0 - 10_folds.train_cv.predict)=97.89%
[ 2018-07-31 15:44:48,911][kfold_wrapper.log_eval_metrics] Accuracy(layer_5 - estimator_0 - 10_folds.test.predict)=98.11%
[ 2018-07-31 15:44:50,264][kfold_wrapper.log_eval_metrics] Accuracy(layer_5 - estimator_1 - 10_folds.train_0.predict)=97.80%
[ 2018-07-31 15:44:51,805][kfold_wrapper.log_eval_metrics] Accuracy(layer_5 - estimator_1 - 10_folds.train_1.predict)=97.83%
[ 2018-07-31 15:44:53,282][kfold_wrapper.log_eval_metrics] Accuracy(layer_5 - estimator_1 - 10_folds.train_2.predict)=97.66%
[ 2018-07-31 15:44:54,739][kfold_wrapper.log_eval_metrics] Accuracy(layer_5 - estimator_1 - 10_folds.train_3.predict)=98.06%
[ 2018-07-31 15:44:56,244][kfold_wrapper.log_eval_metrics] Accuracy(layer_5 - estimator_1 - 10_folds.train_4.predict)=97.80%
[ 2018-07-31 15:44:57,690][kfold_wrapper.log_eval_metrics] Accuracy(layer_5 - estimator_1 - 10_folds.train_5.predict)=97.74%
[ 2018-07-31 15:44:59,203][kfold_wrapper.log_eval_metrics] Accuracy(layer_5 - estimator_1 - 10_folds.train_6.predict)=98.09%
[ 2018-07-31 15:45:00,721][kfold_wrapper.log_eval_metrics] Accuracy(layer_5 - estimator_1 - 10_folds.train_7.predict)=98.29%
[ 2018-07-31 15:45:02,579][kfold_wrapper.log_eval_metrics] Accuracy(layer_5 - estimator_1 - 10_folds.train_8.predict)=97.60%
[ 2018-07-31 15:45:05,226][kfold_wrapper.log_eval_metrics] Accuracy(layer_5 - estimator_1 - 10_folds.train_9.predict)=97.74%
[ 2018-07-31 15:45:05,741][kfold_wrapper.log_eval_metrics] Accuracy(layer_5 - estimator_1 - 10_folds.train_cv.predict)=97.86%
[ 2018-07-31 15:45:05,743][kfold_wrapper.log_eval_metrics] Accuracy(layer_5 - estimator_1 - 10_folds.test.predict)=98.07%
[ 2018-07-31 15:45:06,044][kfold_wrapper.log_eval_metrics] Accuracy(layer_5 - estimator_2 - 10_folds.train_0.predict)=97.80%
[ 2018-07-31 15:45:06,518][kfold_wrapper.log_eval_metrics] Accuracy(layer_5 - estimator_2 - 10_folds.train_1.predict)=97.86%
[ 2018-07-31 15:45:06,949][kfold_wrapper.log_eval_metrics] Accuracy(layer_5 - estimator_2 - 10_folds.train_2.predict)=98.03%
[ 2018-07-31 15:45:07,307][kfold_wrapper.log_eval_metrics] Accuracy(layer_5 - estimator_2 - 10_folds.train_3.predict)=97.83%
[ 2018-07-31 15:45:07,720][kfold_wrapper.log_eval_metrics] Accuracy(layer_5 - estimator_2 - 10_folds.train_4.predict)=97.86%
[ 2018-07-31 15:45:08,209][kfold_wrapper.log_eval_metrics] Accuracy(layer_5 - estimator_2 - 10_folds.train_5.predict)=97.86%
[ 2018-07-31 15:45:08,555][kfold_wrapper.log_eval_metrics] Accuracy(layer_5 - estimator_2 - 10_folds.train_6.predict)=97.94%
[ 2018-07-31 15:45:08,922][kfold_wrapper.log_eval_metrics] Accuracy(layer_5 - estimator_2 - 10_folds.train_7.predict)=97.97%
[ 2018-07-31 15:45:09,189][kfold_wrapper.log_eval_metrics] Accuracy(layer_5 - estimator_2 - 10_folds.train_8.predict)=97.89%
[ 2018-07-31 15:45:09,512][kfold_wrapper.log_eval_metrics] Accuracy(layer_5 - estimator_2 - 10_folds.train_9.predict)=97.71%
[ 2018-07-31 15:45:09,527][kfold_wrapper.log_eval_metrics] Accuracy(layer_5 - estimator_2 - 10_folds.train_cv.predict)=97.87%
[ 2018-07-31 15:45:09,529][kfold_wrapper.log_eval_metrics] Accuracy(layer_5 - estimator_2 - 10_folds.test.predict)=98.05%
[ 2018-07-31 15:45:09,532][cascade_classifier.calc_accuracy] Accuracy(layer_5 - train.classifier_average)=97.90%
[ 2018-07-31 15:45:09,534][cascade_classifier.calc_accuracy] Accuracy(layer_5 - test.classifier_average)=98.10%
[ 2018-07-31 15:45:09,535][cascade_classifier.fit_transform] [Result][Optimal Level Detected] opt_layer_num=3, accuracy_train=97.97%, accuracy_test=98.07%
[ 2018-07-31 15:45:09,628][cascade_classifier.transform] X_groups_test.shape=[(15000, 27)]
[ 2018-07-31 15:45:09,634][cascade_classifier.transform] group_dims=[27]
[ 2018-07-31 15:45:09,638][cascade_classifier.transform] X_test.shape=(15000, 27)
[ 2018-07-31 15:45:09,642][cascade_classifier.transform] [layer=0] look_indexs=[0], X_cur_test.shape=(15000, 27)
[ 2018-07-31 15:45:15,047][cascade_classifier.transform] [layer=1] look_indexs=[0], X_cur_test.shape=(15000, 33)
[ 2018-07-31 15:45:19,918][cascade_classifier.transform] [layer=2] look_indexs=[0], X_cur_test.shape=(15000, 33)
