[ 2019-01-12 10:38:55,802][cascade_classifier.fit_transform] X_groups_train.shape=[(537, 8)],y_train.shape=(537,),X_groups_test.shape=[(231, 8)],y_test.shape=(231,)
[ 2019-01-12 10:38:55,806][cascade_classifier.fit_transform] group_dims=[8]
[ 2019-01-12 10:38:55,810][cascade_classifier.fit_transform] group_starts=[0]
[ 2019-01-12 10:38:55,812][cascade_classifier.fit_transform] group_ends=[8]
[ 2019-01-12 10:38:55,813][cascade_classifier.fit_transform] X_train.shape=(537, 8),X_test.shape=(231, 8)
[ 2019-01-12 10:38:55,815][cascade_classifier.fit_transform] [layer=0] look_indexs=[0], X_cur_train.shape=(537, 8), X_cur_test.shape=(231, 8)
[ 2019-01-12 10:38:56,500][kfold_wrapper.log_eval_metrics] Accuracy(layer_0 - estimator_0 - 10_folds.train_0.predict)=72.73%
[ 2019-01-12 10:38:57,328][kfold_wrapper.log_eval_metrics] Accuracy(layer_0 - estimator_0 - 10_folds.train_1.predict)=70.91%
[ 2019-01-12 10:38:58,102][kfold_wrapper.log_eval_metrics] Accuracy(layer_0 - estimator_0 - 10_folds.train_2.predict)=61.82%
[ 2019-01-12 10:38:58,864][kfold_wrapper.log_eval_metrics] Accuracy(layer_0 - estimator_0 - 10_folds.train_3.predict)=75.93%
[ 2019-01-12 10:38:59,621][kfold_wrapper.log_eval_metrics] Accuracy(layer_0 - estimator_0 - 10_folds.train_4.predict)=79.25%
[ 2019-01-12 10:39:00,422][kfold_wrapper.log_eval_metrics] Accuracy(layer_0 - estimator_0 - 10_folds.train_5.predict)=90.57%
[ 2019-01-12 10:39:01,239][kfold_wrapper.log_eval_metrics] Accuracy(layer_0 - estimator_0 - 10_folds.train_6.predict)=73.58%
[ 2019-01-12 10:39:02,079][kfold_wrapper.log_eval_metrics] Accuracy(layer_0 - estimator_0 - 10_folds.train_7.predict)=69.81%
[ 2019-01-12 10:39:02,879][kfold_wrapper.log_eval_metrics] Accuracy(layer_0 - estimator_0 - 10_folds.train_8.predict)=77.36%
[ 2019-01-12 10:39:03,683][kfold_wrapper.log_eval_metrics] Accuracy(layer_0 - estimator_0 - 10_folds.train_9.predict)=71.70%
[ 2019-01-12 10:39:03,798][kfold_wrapper.log_eval_metrics] Accuracy(layer_0 - estimator_0 - 10_folds.train_cv.predict)=74.30%
[ 2019-01-12 10:39:03,799][kfold_wrapper.log_eval_metrics] Accuracy(layer_0 - estimator_0 - 10_folds.test.predict)=76.19%
[ 2019-01-12 10:39:04,444][kfold_wrapper.log_eval_metrics] Accuracy(layer_0 - estimator_1 - 10_folds.train_0.predict)=78.18%
[ 2019-01-12 10:39:05,204][kfold_wrapper.log_eval_metrics] Accuracy(layer_0 - estimator_1 - 10_folds.train_1.predict)=67.27%
[ 2019-01-12 10:39:05,979][kfold_wrapper.log_eval_metrics] Accuracy(layer_0 - estimator_1 - 10_folds.train_2.predict)=67.27%
[ 2019-01-12 10:39:06,740][kfold_wrapper.log_eval_metrics] Accuracy(layer_0 - estimator_1 - 10_folds.train_3.predict)=77.78%
[ 2019-01-12 10:39:07,531][kfold_wrapper.log_eval_metrics] Accuracy(layer_0 - estimator_1 - 10_folds.train_4.predict)=81.13%
[ 2019-01-12 10:39:08,304][kfold_wrapper.log_eval_metrics] Accuracy(layer_0 - estimator_1 - 10_folds.train_5.predict)=84.91%
[ 2019-01-12 10:39:09,088][kfold_wrapper.log_eval_metrics] Accuracy(layer_0 - estimator_1 - 10_folds.train_6.predict)=77.36%
[ 2019-01-12 10:39:09,844][kfold_wrapper.log_eval_metrics] Accuracy(layer_0 - estimator_1 - 10_folds.train_7.predict)=71.70%
[ 2019-01-12 10:39:10,607][kfold_wrapper.log_eval_metrics] Accuracy(layer_0 - estimator_1 - 10_folds.train_8.predict)=77.36%
[ 2019-01-12 10:39:11,428][kfold_wrapper.log_eval_metrics] Accuracy(layer_0 - estimator_1 - 10_folds.train_9.predict)=75.47%
[ 2019-01-12 10:39:11,552][kfold_wrapper.log_eval_metrics] Accuracy(layer_0 - estimator_1 - 10_folds.train_cv.predict)=75.79%
[ 2019-01-12 10:39:11,555][kfold_wrapper.log_eval_metrics] Accuracy(layer_0 - estimator_1 - 10_folds.test.predict)=78.79%
[ 2019-01-12 10:39:11,895][kfold_wrapper.log_eval_metrics] Accuracy(layer_0 - estimator_2 - 10_folds.train_0.predict)=72.73%
[ 2019-01-12 10:39:11,932][kfold_wrapper.log_eval_metrics] Accuracy(layer_0 - estimator_2 - 10_folds.train_1.predict)=72.73%
[ 2019-01-12 10:39:11,944][kfold_wrapper.log_eval_metrics] Accuracy(layer_0 - estimator_2 - 10_folds.train_2.predict)=85.45%
[ 2019-01-12 10:39:11,954][kfold_wrapper.log_eval_metrics] Accuracy(layer_0 - estimator_2 - 10_folds.train_3.predict)=79.63%
[ 2019-01-12 10:39:11,966][kfold_wrapper.log_eval_metrics] Accuracy(layer_0 - estimator_2 - 10_folds.train_4.predict)=69.81%
[ 2019-01-12 10:39:11,974][kfold_wrapper.log_eval_metrics] Accuracy(layer_0 - estimator_2 - 10_folds.train_5.predict)=77.36%
[ 2019-01-12 10:39:11,981][kfold_wrapper.log_eval_metrics] Accuracy(layer_0 - estimator_2 - 10_folds.train_6.predict)=77.36%
[ 2019-01-12 10:39:11,988][kfold_wrapper.log_eval_metrics] Accuracy(layer_0 - estimator_2 - 10_folds.train_7.predict)=62.26%
[ 2019-01-12 10:39:11,997][kfold_wrapper.log_eval_metrics] Accuracy(layer_0 - estimator_2 - 10_folds.train_8.predict)=77.36%
[ 2019-01-12 10:39:12,005][kfold_wrapper.log_eval_metrics] Accuracy(layer_0 - estimator_2 - 10_folds.train_9.predict)=73.58%
[ 2019-01-12 10:39:12,009][kfold_wrapper.log_eval_metrics] Accuracy(layer_0 - estimator_2 - 10_folds.train_cv.predict)=74.86%
[ 2019-01-12 10:39:12,010][kfold_wrapper.log_eval_metrics] Accuracy(layer_0 - estimator_2 - 10_folds.test.predict)=78.35%
[ 2019-01-12 10:39:12,011][cascade_classifier.calc_accuracy] Accuracy(layer_0 - train.classifier_average)=74.12%
[ 2019-01-12 10:39:12,012][cascade_classifier.calc_accuracy] Accuracy(layer_0 - test.classifier_average)=78.35%
[ 2019-01-12 10:39:12,014][cascade_classifier.fit_transform] [layer=1] look_indexs=[0], X_cur_train.shape=(537, 14), X_cur_test.shape=(231, 14)
[ 2019-01-12 10:39:12,704][kfold_wrapper.log_eval_metrics] Accuracy(layer_1 - estimator_0 - 10_folds.train_0.predict)=81.82%
[ 2019-01-12 10:39:13,503][kfold_wrapper.log_eval_metrics] Accuracy(layer_1 - estimator_0 - 10_folds.train_1.predict)=72.73%
[ 2019-01-12 10:39:14,287][kfold_wrapper.log_eval_metrics] Accuracy(layer_1 - estimator_0 - 10_folds.train_2.predict)=69.09%
[ 2019-01-12 10:39:15,083][kfold_wrapper.log_eval_metrics] Accuracy(layer_1 - estimator_0 - 10_folds.train_3.predict)=81.48%
[ 2019-01-12 10:39:15,901][kfold_wrapper.log_eval_metrics] Accuracy(layer_1 - estimator_0 - 10_folds.train_4.predict)=67.92%
[ 2019-01-12 10:39:16,702][kfold_wrapper.log_eval_metrics] Accuracy(layer_1 - estimator_0 - 10_folds.train_5.predict)=79.25%
[ 2019-01-12 10:39:17,468][kfold_wrapper.log_eval_metrics] Accuracy(layer_1 - estimator_0 - 10_folds.train_6.predict)=73.58%
[ 2019-01-12 10:39:18,254][kfold_wrapper.log_eval_metrics] Accuracy(layer_1 - estimator_0 - 10_folds.train_7.predict)=67.92%
[ 2019-01-12 10:39:19,045][kfold_wrapper.log_eval_metrics] Accuracy(layer_1 - estimator_0 - 10_folds.train_8.predict)=73.58%
[ 2019-01-12 10:39:19,831][kfold_wrapper.log_eval_metrics] Accuracy(layer_1 - estimator_0 - 10_folds.train_9.predict)=71.70%
[ 2019-01-12 10:39:19,958][kfold_wrapper.log_eval_metrics] Accuracy(layer_1 - estimator_0 - 10_folds.train_cv.predict)=73.93%
[ 2019-01-12 10:39:19,963][kfold_wrapper.log_eval_metrics] Accuracy(layer_1 - estimator_0 - 10_folds.test.predict)=74.89%
[ 2019-01-12 10:39:20,568][kfold_wrapper.log_eval_metrics] Accuracy(layer_1 - estimator_1 - 10_folds.train_0.predict)=85.45%
[ 2019-01-12 10:39:21,355][kfold_wrapper.log_eval_metrics] Accuracy(layer_1 - estimator_1 - 10_folds.train_1.predict)=76.36%
[ 2019-01-12 10:39:22,116][kfold_wrapper.log_eval_metrics] Accuracy(layer_1 - estimator_1 - 10_folds.train_2.predict)=81.82%
[ 2019-01-12 10:39:22,923][kfold_wrapper.log_eval_metrics] Accuracy(layer_1 - estimator_1 - 10_folds.train_3.predict)=83.33%
[ 2019-01-12 10:39:23,673][kfold_wrapper.log_eval_metrics] Accuracy(layer_1 - estimator_1 - 10_folds.train_4.predict)=64.15%
[ 2019-01-12 10:39:24,425][kfold_wrapper.log_eval_metrics] Accuracy(layer_1 - estimator_1 - 10_folds.train_5.predict)=67.92%
[ 2019-01-12 10:39:25,179][kfold_wrapper.log_eval_metrics] Accuracy(layer_1 - estimator_1 - 10_folds.train_6.predict)=83.02%
[ 2019-01-12 10:39:25,929][kfold_wrapper.log_eval_metrics] Accuracy(layer_1 - estimator_1 - 10_folds.train_7.predict)=75.47%
[ 2019-01-12 10:39:26,694][kfold_wrapper.log_eval_metrics] Accuracy(layer_1 - estimator_1 - 10_folds.train_8.predict)=69.81%
[ 2019-01-12 10:39:27,444][kfold_wrapper.log_eval_metrics] Accuracy(layer_1 - estimator_1 - 10_folds.train_9.predict)=73.58%
[ 2019-01-12 10:39:27,571][kfold_wrapper.log_eval_metrics] Accuracy(layer_1 - estimator_1 - 10_folds.train_cv.predict)=76.16%
[ 2019-01-12 10:39:27,572][kfold_wrapper.log_eval_metrics] Accuracy(layer_1 - estimator_1 - 10_folds.test.predict)=75.76%
[ 2019-01-12 10:39:27,588][kfold_wrapper.log_eval_metrics] Accuracy(layer_1 - estimator_2 - 10_folds.train_0.predict)=72.73%
[ 2019-01-12 10:39:27,600][kfold_wrapper.log_eval_metrics] Accuracy(layer_1 - estimator_2 - 10_folds.train_1.predict)=78.18%
[ 2019-01-12 10:39:27,611][kfold_wrapper.log_eval_metrics] Accuracy(layer_1 - estimator_2 - 10_folds.train_2.predict)=81.82%
[ 2019-01-12 10:39:27,624][kfold_wrapper.log_eval_metrics] Accuracy(layer_1 - estimator_2 - 10_folds.train_3.predict)=72.22%
[ 2019-01-12 10:39:27,637][kfold_wrapper.log_eval_metrics] Accuracy(layer_1 - estimator_2 - 10_folds.train_4.predict)=86.79%
[ 2019-01-12 10:39:27,648][kfold_wrapper.log_eval_metrics] Accuracy(layer_1 - estimator_2 - 10_folds.train_5.predict)=73.58%
[ 2019-01-12 10:39:27,658][kfold_wrapper.log_eval_metrics] Accuracy(layer_1 - estimator_2 - 10_folds.train_6.predict)=77.36%
[ 2019-01-12 10:39:27,669][kfold_wrapper.log_eval_metrics] Accuracy(layer_1 - estimator_2 - 10_folds.train_7.predict)=64.15%
[ 2019-01-12 10:39:27,680][kfold_wrapper.log_eval_metrics] Accuracy(layer_1 - estimator_2 - 10_folds.train_8.predict)=71.70%
[ 2019-01-12 10:39:27,691][kfold_wrapper.log_eval_metrics] Accuracy(layer_1 - estimator_2 - 10_folds.train_9.predict)=67.92%
[ 2019-01-12 10:39:27,692][kfold_wrapper.log_eval_metrics] Accuracy(layer_1 - estimator_2 - 10_folds.train_cv.predict)=74.67%
[ 2019-01-12 10:39:27,694][kfold_wrapper.log_eval_metrics] Accuracy(layer_1 - estimator_2 - 10_folds.test.predict)=78.35%
[ 2019-01-12 10:39:27,695][cascade_classifier.calc_accuracy] Accuracy(layer_1 - train.classifier_average)=75.42%
[ 2019-01-12 10:39:27,697][cascade_classifier.calc_accuracy] Accuracy(layer_1 - test.classifier_average)=76.62%
[ 2019-01-12 10:39:27,710][cascade_classifier.fit_transform] [layer=2] look_indexs=[0], X_cur_train.shape=(537, 14), X_cur_test.shape=(231, 14)
[ 2019-01-12 10:39:28,416][kfold_wrapper.log_eval_metrics] Accuracy(layer_2 - estimator_0 - 10_folds.train_0.predict)=80.00%
[ 2019-01-12 10:39:29,198][kfold_wrapper.log_eval_metrics] Accuracy(layer_2 - estimator_0 - 10_folds.train_1.predict)=72.73%
[ 2019-01-12 10:39:29,947][kfold_wrapper.log_eval_metrics] Accuracy(layer_2 - estimator_0 - 10_folds.train_2.predict)=69.09%
[ 2019-01-12 10:39:30,746][kfold_wrapper.log_eval_metrics] Accuracy(layer_2 - estimator_0 - 10_folds.train_3.predict)=61.11%
[ 2019-01-12 10:39:31,521][kfold_wrapper.log_eval_metrics] Accuracy(layer_2 - estimator_0 - 10_folds.train_4.predict)=88.68%
[ 2019-01-12 10:39:32,312][kfold_wrapper.log_eval_metrics] Accuracy(layer_2 - estimator_0 - 10_folds.train_5.predict)=77.36%
[ 2019-01-12 10:39:33,097][kfold_wrapper.log_eval_metrics] Accuracy(layer_2 - estimator_0 - 10_folds.train_6.predict)=83.02%
[ 2019-01-12 10:39:33,908][kfold_wrapper.log_eval_metrics] Accuracy(layer_2 - estimator_0 - 10_folds.train_7.predict)=69.81%
[ 2019-01-12 10:39:34,729][kfold_wrapper.log_eval_metrics] Accuracy(layer_2 - estimator_0 - 10_folds.train_8.predict)=83.02%
[ 2019-01-12 10:39:35,548][kfold_wrapper.log_eval_metrics] Accuracy(layer_2 - estimator_0 - 10_folds.train_9.predict)=62.26%
[ 2019-01-12 10:39:35,681][kfold_wrapper.log_eval_metrics] Accuracy(layer_2 - estimator_0 - 10_folds.train_cv.predict)=74.67%
[ 2019-01-12 10:39:35,683][kfold_wrapper.log_eval_metrics] Accuracy(layer_2 - estimator_0 - 10_folds.test.predict)=75.76%
[ 2019-01-12 10:39:36,316][kfold_wrapper.log_eval_metrics] Accuracy(layer_2 - estimator_1 - 10_folds.train_0.predict)=63.64%
[ 2019-01-12 10:39:37,070][kfold_wrapper.log_eval_metrics] Accuracy(layer_2 - estimator_1 - 10_folds.train_1.predict)=74.55%
[ 2019-01-12 10:39:37,848][kfold_wrapper.log_eval_metrics] Accuracy(layer_2 - estimator_1 - 10_folds.train_2.predict)=74.55%
[ 2019-01-12 10:39:38,603][kfold_wrapper.log_eval_metrics] Accuracy(layer_2 - estimator_1 - 10_folds.train_3.predict)=81.48%
[ 2019-01-12 10:39:39,380][kfold_wrapper.log_eval_metrics] Accuracy(layer_2 - estimator_1 - 10_folds.train_4.predict)=84.91%
[ 2019-01-12 10:39:40,165][kfold_wrapper.log_eval_metrics] Accuracy(layer_2 - estimator_1 - 10_folds.train_5.predict)=73.58%
[ 2019-01-12 10:39:40,919][kfold_wrapper.log_eval_metrics] Accuracy(layer_2 - estimator_1 - 10_folds.train_6.predict)=73.58%
[ 2019-01-12 10:39:41,679][kfold_wrapper.log_eval_metrics] Accuracy(layer_2 - estimator_1 - 10_folds.train_7.predict)=77.36%
[ 2019-01-12 10:39:42,438][kfold_wrapper.log_eval_metrics] Accuracy(layer_2 - estimator_1 - 10_folds.train_8.predict)=71.70%
[ 2019-01-12 10:39:43,201][kfold_wrapper.log_eval_metrics] Accuracy(layer_2 - estimator_1 - 10_folds.train_9.predict)=77.36%
[ 2019-01-12 10:39:43,322][kfold_wrapper.log_eval_metrics] Accuracy(layer_2 - estimator_1 - 10_folds.train_cv.predict)=75.23%
[ 2019-01-12 10:39:43,325][kfold_wrapper.log_eval_metrics] Accuracy(layer_2 - estimator_1 - 10_folds.test.predict)=77.49%
[ 2019-01-12 10:39:43,337][kfold_wrapper.log_eval_metrics] Accuracy(layer_2 - estimator_2 - 10_folds.train_0.predict)=78.18%
[ 2019-01-12 10:39:43,346][kfold_wrapper.log_eval_metrics] Accuracy(layer_2 - estimator_2 - 10_folds.train_1.predict)=69.09%
[ 2019-01-12 10:39:43,357][kfold_wrapper.log_eval_metrics] Accuracy(layer_2 - estimator_2 - 10_folds.train_2.predict)=72.73%
[ 2019-01-12 10:39:43,369][kfold_wrapper.log_eval_metrics] Accuracy(layer_2 - estimator_2 - 10_folds.train_3.predict)=70.37%
[ 2019-01-12 10:39:43,376][kfold_wrapper.log_eval_metrics] Accuracy(layer_2 - estimator_2 - 10_folds.train_4.predict)=77.36%
[ 2019-01-12 10:39:43,386][kfold_wrapper.log_eval_metrics] Accuracy(layer_2 - estimator_2 - 10_folds.train_5.predict)=77.36%
[ 2019-01-12 10:39:43,397][kfold_wrapper.log_eval_metrics] Accuracy(layer_2 - estimator_2 - 10_folds.train_6.predict)=79.25%
[ 2019-01-12 10:39:43,406][kfold_wrapper.log_eval_metrics] Accuracy(layer_2 - estimator_2 - 10_folds.train_7.predict)=75.47%
[ 2019-01-12 10:39:43,415][kfold_wrapper.log_eval_metrics] Accuracy(layer_2 - estimator_2 - 10_folds.train_8.predict)=75.47%
[ 2019-01-12 10:39:43,427][kfold_wrapper.log_eval_metrics] Accuracy(layer_2 - estimator_2 - 10_folds.train_9.predict)=79.25%
[ 2019-01-12 10:39:43,428][kfold_wrapper.log_eval_metrics] Accuracy(layer_2 - estimator_2 - 10_folds.train_cv.predict)=75.42%
[ 2019-01-12 10:39:43,430][kfold_wrapper.log_eval_metrics] Accuracy(layer_2 - estimator_2 - 10_folds.test.predict)=78.79%
[ 2019-01-12 10:39:43,432][cascade_classifier.calc_accuracy] Accuracy(layer_2 - train.classifier_average)=74.86%
[ 2019-01-12 10:39:43,434][cascade_classifier.calc_accuracy] Accuracy(layer_2 - test.classifier_average)=76.19%
[ 2019-01-12 10:39:43,438][cascade_classifier.fit_transform] [layer=3] look_indexs=[0], X_cur_train.shape=(537, 14), X_cur_test.shape=(231, 14)
[ 2019-01-12 10:39:44,124][kfold_wrapper.log_eval_metrics] Accuracy(layer_3 - estimator_0 - 10_folds.train_0.predict)=72.73%
[ 2019-01-12 10:39:44,924][kfold_wrapper.log_eval_metrics] Accuracy(layer_3 - estimator_0 - 10_folds.train_1.predict)=81.82%
[ 2019-01-12 10:39:45,707][kfold_wrapper.log_eval_metrics] Accuracy(layer_3 - estimator_0 - 10_folds.train_2.predict)=72.73%
[ 2019-01-12 10:39:46,490][kfold_wrapper.log_eval_metrics] Accuracy(layer_3 - estimator_0 - 10_folds.train_3.predict)=75.93%
[ 2019-01-12 10:39:47,278][kfold_wrapper.log_eval_metrics] Accuracy(layer_3 - estimator_0 - 10_folds.train_4.predict)=83.02%
[ 2019-01-12 10:39:48,120][kfold_wrapper.log_eval_metrics] Accuracy(layer_3 - estimator_0 - 10_folds.train_5.predict)=73.58%
[ 2019-01-12 10:39:48,934][kfold_wrapper.log_eval_metrics] Accuracy(layer_3 - estimator_0 - 10_folds.train_6.predict)=71.70%
[ 2019-01-12 10:39:49,728][kfold_wrapper.log_eval_metrics] Accuracy(layer_3 - estimator_0 - 10_folds.train_7.predict)=69.81%
[ 2019-01-12 10:39:50,489][kfold_wrapper.log_eval_metrics] Accuracy(layer_3 - estimator_0 - 10_folds.train_8.predict)=79.25%
[ 2019-01-12 10:39:51,329][kfold_wrapper.log_eval_metrics] Accuracy(layer_3 - estimator_0 - 10_folds.train_9.predict)=69.81%
[ 2019-01-12 10:39:51,454][kfold_wrapper.log_eval_metrics] Accuracy(layer_3 - estimator_0 - 10_folds.train_cv.predict)=75.05%
[ 2019-01-12 10:39:51,456][kfold_wrapper.log_eval_metrics] Accuracy(layer_3 - estimator_0 - 10_folds.test.predict)=77.49%
[ 2019-01-12 10:39:52,108][kfold_wrapper.log_eval_metrics] Accuracy(layer_3 - estimator_1 - 10_folds.train_0.predict)=58.18%
[ 2019-01-12 10:39:52,842][kfold_wrapper.log_eval_metrics] Accuracy(layer_3 - estimator_1 - 10_folds.train_1.predict)=80.00%
[ 2019-01-12 10:39:53,616][kfold_wrapper.log_eval_metrics] Accuracy(layer_3 - estimator_1 - 10_folds.train_2.predict)=63.64%
[ 2019-01-12 10:39:54,405][kfold_wrapper.log_eval_metrics] Accuracy(layer_3 - estimator_1 - 10_folds.train_3.predict)=79.63%
[ 2019-01-12 10:39:55,184][kfold_wrapper.log_eval_metrics] Accuracy(layer_3 - estimator_1 - 10_folds.train_4.predict)=77.36%
[ 2019-01-12 10:39:55,962][kfold_wrapper.log_eval_metrics] Accuracy(layer_3 - estimator_1 - 10_folds.train_5.predict)=81.13%
[ 2019-01-12 10:39:56,731][kfold_wrapper.log_eval_metrics] Accuracy(layer_3 - estimator_1 - 10_folds.train_6.predict)=79.25%
[ 2019-01-12 10:39:57,496][kfold_wrapper.log_eval_metrics] Accuracy(layer_3 - estimator_1 - 10_folds.train_7.predict)=67.92%
[ 2019-01-12 10:39:58,259][kfold_wrapper.log_eval_metrics] Accuracy(layer_3 - estimator_1 - 10_folds.train_8.predict)=79.25%
[ 2019-01-12 10:39:59,047][kfold_wrapper.log_eval_metrics] Accuracy(layer_3 - estimator_1 - 10_folds.train_9.predict)=64.15%
[ 2019-01-12 10:39:59,183][kfold_wrapper.log_eval_metrics] Accuracy(layer_3 - estimator_1 - 10_folds.train_cv.predict)=73.00%
[ 2019-01-12 10:39:59,187][kfold_wrapper.log_eval_metrics] Accuracy(layer_3 - estimator_1 - 10_folds.test.predict)=75.32%
[ 2019-01-12 10:39:59,204][kfold_wrapper.log_eval_metrics] Accuracy(layer_3 - estimator_2 - 10_folds.train_0.predict)=65.45%
[ 2019-01-12 10:39:59,214][kfold_wrapper.log_eval_metrics] Accuracy(layer_3 - estimator_2 - 10_folds.train_1.predict)=83.64%
[ 2019-01-12 10:39:59,223][kfold_wrapper.log_eval_metrics] Accuracy(layer_3 - estimator_2 - 10_folds.train_2.predict)=69.09%
[ 2019-01-12 10:39:59,233][kfold_wrapper.log_eval_metrics] Accuracy(layer_3 - estimator_2 - 10_folds.train_3.predict)=83.33%
[ 2019-01-12 10:39:59,242][kfold_wrapper.log_eval_metrics] Accuracy(layer_3 - estimator_2 - 10_folds.train_4.predict)=71.70%
[ 2019-01-12 10:39:59,253][kfold_wrapper.log_eval_metrics] Accuracy(layer_3 - estimator_2 - 10_folds.train_5.predict)=81.13%
[ 2019-01-12 10:39:59,262][kfold_wrapper.log_eval_metrics] Accuracy(layer_3 - estimator_2 - 10_folds.train_6.predict)=67.92%
[ 2019-01-12 10:39:59,271][kfold_wrapper.log_eval_metrics] Accuracy(layer_3 - estimator_2 - 10_folds.train_7.predict)=73.58%
[ 2019-01-12 10:39:59,286][kfold_wrapper.log_eval_metrics] Accuracy(layer_3 - estimator_2 - 10_folds.train_8.predict)=79.25%
[ 2019-01-12 10:39:59,298][kfold_wrapper.log_eval_metrics] Accuracy(layer_3 - estimator_2 - 10_folds.train_9.predict)=71.70%
[ 2019-01-12 10:39:59,300][kfold_wrapper.log_eval_metrics] Accuracy(layer_3 - estimator_2 - 10_folds.train_cv.predict)=74.67%
[ 2019-01-12 10:39:59,301][kfold_wrapper.log_eval_metrics] Accuracy(layer_3 - estimator_2 - 10_folds.test.predict)=76.19%
[ 2019-01-12 10:39:59,305][cascade_classifier.calc_accuracy] Accuracy(layer_3 - train.classifier_average)=74.49%
[ 2019-01-12 10:39:59,307][cascade_classifier.calc_accuracy] Accuracy(layer_3 - test.classifier_average)=77.49%
[ 2019-01-12 10:39:59,309][cascade_classifier.fit_transform] [layer=4] look_indexs=[0], X_cur_train.shape=(537, 14), X_cur_test.shape=(231, 14)
[ 2019-01-12 10:39:59,974][kfold_wrapper.log_eval_metrics] Accuracy(layer_4 - estimator_0 - 10_folds.train_0.predict)=69.09%
[ 2019-01-12 10:40:00,737][kfold_wrapper.log_eval_metrics] Accuracy(layer_4 - estimator_0 - 10_folds.train_1.predict)=80.00%
[ 2019-01-12 10:40:01,519][kfold_wrapper.log_eval_metrics] Accuracy(layer_4 - estimator_0 - 10_folds.train_2.predict)=61.82%
[ 2019-01-12 10:40:02,283][kfold_wrapper.log_eval_metrics] Accuracy(layer_4 - estimator_0 - 10_folds.train_3.predict)=74.07%
[ 2019-01-12 10:40:03,060][kfold_wrapper.log_eval_metrics] Accuracy(layer_4 - estimator_0 - 10_folds.train_4.predict)=75.47%
[ 2019-01-12 10:40:03,895][kfold_wrapper.log_eval_metrics] Accuracy(layer_4 - estimator_0 - 10_folds.train_5.predict)=77.36%
[ 2019-01-12 10:40:04,675][kfold_wrapper.log_eval_metrics] Accuracy(layer_4 - estimator_0 - 10_folds.train_6.predict)=71.70%
[ 2019-01-12 10:40:05,501][kfold_wrapper.log_eval_metrics] Accuracy(layer_4 - estimator_0 - 10_folds.train_7.predict)=71.70%
[ 2019-01-12 10:40:06,269][kfold_wrapper.log_eval_metrics] Accuracy(layer_4 - estimator_0 - 10_folds.train_8.predict)=81.13%
[ 2019-01-12 10:40:07,056][kfold_wrapper.log_eval_metrics] Accuracy(layer_4 - estimator_0 - 10_folds.train_9.predict)=75.47%
[ 2019-01-12 10:40:07,180][kfold_wrapper.log_eval_metrics] Accuracy(layer_4 - estimator_0 - 10_folds.train_cv.predict)=73.74%
[ 2019-01-12 10:40:07,184][kfold_wrapper.log_eval_metrics] Accuracy(layer_4 - estimator_0 - 10_folds.test.predict)=74.89%
[ 2019-01-12 10:40:07,816][kfold_wrapper.log_eval_metrics] Accuracy(layer_4 - estimator_1 - 10_folds.train_0.predict)=83.64%
[ 2019-01-12 10:40:08,553][kfold_wrapper.log_eval_metrics] Accuracy(layer_4 - estimator_1 - 10_folds.train_1.predict)=69.09%
[ 2019-01-12 10:40:09,298][kfold_wrapper.log_eval_metrics] Accuracy(layer_4 - estimator_1 - 10_folds.train_2.predict)=78.18%
[ 2019-01-12 10:40:10,055][kfold_wrapper.log_eval_metrics] Accuracy(layer_4 - estimator_1 - 10_folds.train_3.predict)=66.67%
[ 2019-01-12 10:40:10,941][kfold_wrapper.log_eval_metrics] Accuracy(layer_4 - estimator_1 - 10_folds.train_4.predict)=67.92%
[ 2019-01-12 10:40:11,692][kfold_wrapper.log_eval_metrics] Accuracy(layer_4 - estimator_1 - 10_folds.train_5.predict)=69.81%
[ 2019-01-12 10:40:12,474][kfold_wrapper.log_eval_metrics] Accuracy(layer_4 - estimator_1 - 10_folds.train_6.predict)=77.36%
[ 2019-01-12 10:40:13,276][kfold_wrapper.log_eval_metrics] Accuracy(layer_4 - estimator_1 - 10_folds.train_7.predict)=73.58%
[ 2019-01-12 10:40:14,150][kfold_wrapper.log_eval_metrics] Accuracy(layer_4 - estimator_1 - 10_folds.train_8.predict)=69.81%
[ 2019-01-12 10:40:15,062][kfold_wrapper.log_eval_metrics] Accuracy(layer_4 - estimator_1 - 10_folds.train_9.predict)=71.70%
[ 2019-01-12 10:40:15,180][kfold_wrapper.log_eval_metrics] Accuracy(layer_4 - estimator_1 - 10_folds.train_cv.predict)=72.81%
[ 2019-01-12 10:40:15,181][kfold_wrapper.log_eval_metrics] Accuracy(layer_4 - estimator_1 - 10_folds.test.predict)=76.62%
[ 2019-01-12 10:40:15,196][kfold_wrapper.log_eval_metrics] Accuracy(layer_4 - estimator_2 - 10_folds.train_0.predict)=72.73%
[ 2019-01-12 10:40:15,208][kfold_wrapper.log_eval_metrics] Accuracy(layer_4 - estimator_2 - 10_folds.train_1.predict)=74.55%
[ 2019-01-12 10:40:15,222][kfold_wrapper.log_eval_metrics] Accuracy(layer_4 - estimator_2 - 10_folds.train_2.predict)=80.00%
[ 2019-01-12 10:40:15,239][kfold_wrapper.log_eval_metrics] Accuracy(layer_4 - estimator_2 - 10_folds.train_3.predict)=72.22%
[ 2019-01-12 10:40:15,256][kfold_wrapper.log_eval_metrics] Accuracy(layer_4 - estimator_2 - 10_folds.train_4.predict)=75.47%
[ 2019-01-12 10:40:15,272][kfold_wrapper.log_eval_metrics] Accuracy(layer_4 - estimator_2 - 10_folds.train_5.predict)=73.58%
[ 2019-01-12 10:40:15,287][kfold_wrapper.log_eval_metrics] Accuracy(layer_4 - estimator_2 - 10_folds.train_6.predict)=79.25%
[ 2019-01-12 10:40:15,302][kfold_wrapper.log_eval_metrics] Accuracy(layer_4 - estimator_2 - 10_folds.train_7.predict)=69.81%
[ 2019-01-12 10:40:15,316][kfold_wrapper.log_eval_metrics] Accuracy(layer_4 - estimator_2 - 10_folds.train_8.predict)=64.15%
[ 2019-01-12 10:40:15,330][kfold_wrapper.log_eval_metrics] Accuracy(layer_4 - estimator_2 - 10_folds.train_9.predict)=73.58%
[ 2019-01-12 10:40:15,332][kfold_wrapper.log_eval_metrics] Accuracy(layer_4 - estimator_2 - 10_folds.train_cv.predict)=73.56%
[ 2019-01-12 10:40:15,341][kfold_wrapper.log_eval_metrics] Accuracy(layer_4 - estimator_2 - 10_folds.test.predict)=77.92%
[ 2019-01-12 10:40:15,343][cascade_classifier.calc_accuracy] Accuracy(layer_4 - train.classifier_average)=74.12%
[ 2019-01-12 10:40:15,344][cascade_classifier.calc_accuracy] Accuracy(layer_4 - test.classifier_average)=77.92%
[ 2019-01-12 10:40:15,347][cascade_classifier.fit_transform] [Result][Optimal Level Detected] opt_layer_num=2, accuracy_train=75.42%, accuracy_test=76.62%
[ 2019-01-12 10:40:15,366][cascade_classifier.transform] X_groups_test.shape=[(231, 8)]
[ 2019-01-12 10:40:15,369][cascade_classifier.transform] group_dims=[8]
[ 2019-01-12 10:40:15,375][cascade_classifier.transform] X_test.shape=(231, 8)
[ 2019-01-12 10:40:15,377][cascade_classifier.transform] [layer=0] look_indexs=[0], X_cur_test.shape=(231, 8)
[ 2019-01-12 10:40:17,708][cascade_classifier.transform] [layer=1] look_indexs=[0], X_cur_test.shape=(231, 14)
