[ 2018-07-31 20:17:13,352][cascade_classifier.fit_transform] X_groups_train.shape=[(2284, 1555)],y_train.shape=(2284,),X_groups_test.shape=[(980, 1555)],y_test.shape=(980,)
[ 2018-07-31 20:17:13,367][cascade_classifier.fit_transform] group_dims=[1555]
[ 2018-07-31 20:17:13,369][cascade_classifier.fit_transform] group_starts=[0]
[ 2018-07-31 20:17:13,370][cascade_classifier.fit_transform] group_ends=[1555]
[ 2018-07-31 20:17:13,371][cascade_classifier.fit_transform] X_train.shape=(2284, 1555),X_test.shape=(980, 1555)
[ 2018-07-31 20:17:13,390][cascade_classifier.fit_transform] [layer=0] look_indexs=[0], X_cur_train.shape=(2284, 1555), X_cur_test.shape=(980, 1555)
[ 2018-07-31 20:17:14,598][kfold_wrapper.log_eval_metrics] Accuracy(layer_0 - estimator_0 - 10_folds.train_0.predict)=94.32%
[ 2018-07-31 20:17:15,990][kfold_wrapper.log_eval_metrics] Accuracy(layer_0 - estimator_0 - 10_folds.train_1.predict)=96.51%
[ 2018-07-31 20:17:17,206][kfold_wrapper.log_eval_metrics] Accuracy(layer_0 - estimator_0 - 10_folds.train_2.predict)=97.38%
[ 2018-07-31 20:17:18,398][kfold_wrapper.log_eval_metrics] Accuracy(layer_0 - estimator_0 - 10_folds.train_3.predict)=96.94%
[ 2018-07-31 20:17:19,516][kfold_wrapper.log_eval_metrics] Accuracy(layer_0 - estimator_0 - 10_folds.train_4.predict)=97.81%
[ 2018-07-31 20:17:20,711][kfold_wrapper.log_eval_metrics] Accuracy(layer_0 - estimator_0 - 10_folds.train_5.predict)=97.37%
[ 2018-07-31 20:17:21,982][kfold_wrapper.log_eval_metrics] Accuracy(layer_0 - estimator_0 - 10_folds.train_6.predict)=98.25%
[ 2018-07-31 20:17:23,088][kfold_wrapper.log_eval_metrics] Accuracy(layer_0 - estimator_0 - 10_folds.train_7.predict)=97.81%
[ 2018-07-31 20:17:24,356][kfold_wrapper.log_eval_metrics] Accuracy(layer_0 - estimator_0 - 10_folds.train_8.predict)=96.05%
[ 2018-07-31 20:17:25,605][kfold_wrapper.log_eval_metrics] Accuracy(layer_0 - estimator_0 - 10_folds.train_9.predict)=94.30%
[ 2018-07-31 20:17:25,829][kfold_wrapper.log_eval_metrics] Accuracy(layer_0 - estimator_0 - 10_folds.train_cv.predict)=96.67%
[ 2018-07-31 20:17:25,837][kfold_wrapper.log_eval_metrics] Accuracy(layer_0 - estimator_0 - 10_folds.test.predict)=97.76%
[ 2018-07-31 20:17:27,152][kfold_wrapper.log_eval_metrics] Accuracy(layer_0 - estimator_1 - 10_folds.train_0.predict)=96.51%
[ 2018-07-31 20:17:28,536][kfold_wrapper.log_eval_metrics] Accuracy(layer_0 - estimator_1 - 10_folds.train_1.predict)=96.51%
[ 2018-07-31 20:17:29,821][kfold_wrapper.log_eval_metrics] Accuracy(layer_0 - estimator_1 - 10_folds.train_2.predict)=96.94%
[ 2018-07-31 20:17:31,052][kfold_wrapper.log_eval_metrics] Accuracy(layer_0 - estimator_1 - 10_folds.train_3.predict)=96.07%
[ 2018-07-31 20:17:32,369][kfold_wrapper.log_eval_metrics] Accuracy(layer_0 - estimator_1 - 10_folds.train_4.predict)=96.05%
[ 2018-07-31 20:17:33,677][kfold_wrapper.log_eval_metrics] Accuracy(layer_0 - estimator_1 - 10_folds.train_5.predict)=96.93%
[ 2018-07-31 20:17:35,045][kfold_wrapper.log_eval_metrics] Accuracy(layer_0 - estimator_1 - 10_folds.train_6.predict)=97.37%
[ 2018-07-31 20:17:36,565][kfold_wrapper.log_eval_metrics] Accuracy(layer_0 - estimator_1 - 10_folds.train_7.predict)=96.93%
[ 2018-07-31 20:17:38,198][kfold_wrapper.log_eval_metrics] Accuracy(layer_0 - estimator_1 - 10_folds.train_8.predict)=96.05%
[ 2018-07-31 20:17:39,822][kfold_wrapper.log_eval_metrics] Accuracy(layer_0 - estimator_1 - 10_folds.train_9.predict)=95.61%
[ 2018-07-31 20:17:40,056][kfold_wrapper.log_eval_metrics] Accuracy(layer_0 - estimator_1 - 10_folds.train_cv.predict)=96.50%
[ 2018-07-31 20:17:40,057][kfold_wrapper.log_eval_metrics] Accuracy(layer_0 - estimator_1 - 10_folds.test.predict)=97.65%
[ 2018-07-31 20:17:40,132][kfold_wrapper.log_eval_metrics] Accuracy(layer_0 - estimator_2 - 10_folds.train_0.predict)=97.38%
[ 2018-07-31 20:17:40,182][kfold_wrapper.log_eval_metrics] Accuracy(layer_0 - estimator_2 - 10_folds.train_1.predict)=95.63%
[ 2018-07-31 20:17:40,216][kfold_wrapper.log_eval_metrics] Accuracy(layer_0 - estimator_2 - 10_folds.train_2.predict)=96.07%
[ 2018-07-31 20:17:40,251][kfold_wrapper.log_eval_metrics] Accuracy(layer_0 - estimator_2 - 10_folds.train_3.predict)=96.07%
[ 2018-07-31 20:17:40,296][kfold_wrapper.log_eval_metrics] Accuracy(layer_0 - estimator_2 - 10_folds.train_4.predict)=96.49%
[ 2018-07-31 20:17:40,335][kfold_wrapper.log_eval_metrics] Accuracy(layer_0 - estimator_2 - 10_folds.train_5.predict)=97.37%
[ 2018-07-31 20:17:40,370][kfold_wrapper.log_eval_metrics] Accuracy(layer_0 - estimator_2 - 10_folds.train_6.predict)=96.05%
[ 2018-07-31 20:17:40,416][kfold_wrapper.log_eval_metrics] Accuracy(layer_0 - estimator_2 - 10_folds.train_7.predict)=96.93%
[ 2018-07-31 20:17:40,479][kfold_wrapper.log_eval_metrics] Accuracy(layer_0 - estimator_2 - 10_folds.train_8.predict)=96.93%
[ 2018-07-31 20:17:40,534][kfold_wrapper.log_eval_metrics] Accuracy(layer_0 - estimator_2 - 10_folds.train_9.predict)=99.12%
[ 2018-07-31 20:17:40,539][kfold_wrapper.log_eval_metrics] Accuracy(layer_0 - estimator_2 - 10_folds.train_cv.predict)=96.80%
[ 2018-07-31 20:17:40,540][kfold_wrapper.log_eval_metrics] Accuracy(layer_0 - estimator_2 - 10_folds.test.predict)=97.45%
[ 2018-07-31 20:17:40,543][cascade_classifier.calc_accuracy] Accuracy(layer_0 - train.classifier_average)=97.20%
[ 2018-07-31 20:17:40,545][cascade_classifier.calc_accuracy] Accuracy(layer_0 - test.classifier_average)=97.86%
[ 2018-07-31 20:17:40,560][cascade_classifier.fit_transform] [layer=1] look_indexs=[0], X_cur_train.shape=(2284, 1561), X_cur_test.shape=(980, 1561)
[ 2018-07-31 20:17:41,238][kfold_wrapper.log_eval_metrics] Accuracy(layer_1 - estimator_0 - 10_folds.train_0.predict)=96.94%
[ 2018-07-31 20:17:42,354][kfold_wrapper.log_eval_metrics] Accuracy(layer_1 - estimator_0 - 10_folds.train_1.predict)=96.94%
[ 2018-07-31 20:17:43,491][kfold_wrapper.log_eval_metrics] Accuracy(layer_1 - estimator_0 - 10_folds.train_2.predict)=97.82%
[ 2018-07-31 20:17:44,574][kfold_wrapper.log_eval_metrics] Accuracy(layer_1 - estimator_0 - 10_folds.train_3.predict)=97.82%
[ 2018-07-31 20:17:45,672][kfold_wrapper.log_eval_metrics] Accuracy(layer_1 - estimator_0 - 10_folds.train_4.predict)=98.68%
[ 2018-07-31 20:17:46,760][kfold_wrapper.log_eval_metrics] Accuracy(layer_1 - estimator_0 - 10_folds.train_5.predict)=98.68%
[ 2018-07-31 20:17:47,689][kfold_wrapper.log_eval_metrics] Accuracy(layer_1 - estimator_0 - 10_folds.train_6.predict)=96.93%
[ 2018-07-31 20:17:48,862][kfold_wrapper.log_eval_metrics] Accuracy(layer_1 - estimator_0 - 10_folds.train_7.predict)=97.37%
[ 2018-07-31 20:17:49,869][kfold_wrapper.log_eval_metrics] Accuracy(layer_1 - estimator_0 - 10_folds.train_8.predict)=96.93%
[ 2018-07-31 20:17:51,028][kfold_wrapper.log_eval_metrics] Accuracy(layer_1 - estimator_0 - 10_folds.train_9.predict)=94.74%
[ 2018-07-31 20:17:51,262][kfold_wrapper.log_eval_metrics] Accuracy(layer_1 - estimator_0 - 10_folds.train_cv.predict)=97.29%
[ 2018-07-31 20:17:51,264][kfold_wrapper.log_eval_metrics] Accuracy(layer_1 - estimator_0 - 10_folds.test.predict)=97.55%
[ 2018-07-31 20:17:52,241][kfold_wrapper.log_eval_metrics] Accuracy(layer_1 - estimator_1 - 10_folds.train_0.predict)=97.82%
[ 2018-07-31 20:17:53,444][kfold_wrapper.log_eval_metrics] Accuracy(layer_1 - estimator_1 - 10_folds.train_1.predict)=97.82%
[ 2018-07-31 20:17:54,511][kfold_wrapper.log_eval_metrics] Accuracy(layer_1 - estimator_1 - 10_folds.train_2.predict)=96.94%
[ 2018-07-31 20:17:55,613][kfold_wrapper.log_eval_metrics] Accuracy(layer_1 - estimator_1 - 10_folds.train_3.predict)=96.51%
[ 2018-07-31 20:17:56,684][kfold_wrapper.log_eval_metrics] Accuracy(layer_1 - estimator_1 - 10_folds.train_4.predict)=96.49%
[ 2018-07-31 20:17:57,646][kfold_wrapper.log_eval_metrics] Accuracy(layer_1 - estimator_1 - 10_folds.train_5.predict)=95.18%
[ 2018-07-31 20:17:58,706][kfold_wrapper.log_eval_metrics] Accuracy(layer_1 - estimator_1 - 10_folds.train_6.predict)=98.25%
[ 2018-07-31 20:17:59,709][kfold_wrapper.log_eval_metrics] Accuracy(layer_1 - estimator_1 - 10_folds.train_7.predict)=96.93%
[ 2018-07-31 20:18:00,901][kfold_wrapper.log_eval_metrics] Accuracy(layer_1 - estimator_1 - 10_folds.train_8.predict)=96.93%
[ 2018-07-31 20:18:02,150][kfold_wrapper.log_eval_metrics] Accuracy(layer_1 - estimator_1 - 10_folds.train_9.predict)=98.25%
[ 2018-07-31 20:18:02,396][kfold_wrapper.log_eval_metrics] Accuracy(layer_1 - estimator_1 - 10_folds.train_cv.predict)=97.11%
[ 2018-07-31 20:18:02,401][kfold_wrapper.log_eval_metrics] Accuracy(layer_1 - estimator_1 - 10_folds.test.predict)=97.86%
[ 2018-07-31 20:18:02,456][kfold_wrapper.log_eval_metrics] Accuracy(layer_1 - estimator_2 - 10_folds.train_0.predict)=96.94%
[ 2018-07-31 20:18:02,548][kfold_wrapper.log_eval_metrics] Accuracy(layer_1 - estimator_2 - 10_folds.train_1.predict)=98.25%
[ 2018-07-31 20:18:02,589][kfold_wrapper.log_eval_metrics] Accuracy(layer_1 - estimator_2 - 10_folds.train_2.predict)=96.94%
[ 2018-07-31 20:18:02,641][kfold_wrapper.log_eval_metrics] Accuracy(layer_1 - estimator_2 - 10_folds.train_3.predict)=97.82%
[ 2018-07-31 20:18:02,697][kfold_wrapper.log_eval_metrics] Accuracy(layer_1 - estimator_2 - 10_folds.train_4.predict)=97.81%
[ 2018-07-31 20:18:02,742][kfold_wrapper.log_eval_metrics] Accuracy(layer_1 - estimator_2 - 10_folds.train_5.predict)=97.81%
[ 2018-07-31 20:18:02,806][kfold_wrapper.log_eval_metrics] Accuracy(layer_1 - estimator_2 - 10_folds.train_6.predict)=96.49%
[ 2018-07-31 20:18:02,853][kfold_wrapper.log_eval_metrics] Accuracy(layer_1 - estimator_2 - 10_folds.train_7.predict)=97.37%
[ 2018-07-31 20:18:02,892][kfold_wrapper.log_eval_metrics] Accuracy(layer_1 - estimator_2 - 10_folds.train_8.predict)=96.49%
[ 2018-07-31 20:18:02,931][kfold_wrapper.log_eval_metrics] Accuracy(layer_1 - estimator_2 - 10_folds.train_9.predict)=96.05%
[ 2018-07-31 20:18:02,937][kfold_wrapper.log_eval_metrics] Accuracy(layer_1 - estimator_2 - 10_folds.train_cv.predict)=97.20%
[ 2018-07-31 20:18:02,942][kfold_wrapper.log_eval_metrics] Accuracy(layer_1 - estimator_2 - 10_folds.test.predict)=97.76%
[ 2018-07-31 20:18:02,943][cascade_classifier.calc_accuracy] Accuracy(layer_1 - train.classifier_average)=97.50%
[ 2018-07-31 20:18:02,947][cascade_classifier.calc_accuracy] Accuracy(layer_1 - test.classifier_average)=97.65%
[ 2018-07-31 20:18:02,958][cascade_classifier.fit_transform] [layer=2] look_indexs=[0], X_cur_train.shape=(2284, 1561), X_cur_test.shape=(980, 1561)
[ 2018-07-31 20:18:03,909][kfold_wrapper.log_eval_metrics] Accuracy(layer_2 - estimator_0 - 10_folds.train_0.predict)=97.82%
[ 2018-07-31 20:18:05,115][kfold_wrapper.log_eval_metrics] Accuracy(layer_2 - estimator_0 - 10_folds.train_1.predict)=99.13%
[ 2018-07-31 20:18:06,623][kfold_wrapper.log_eval_metrics] Accuracy(layer_2 - estimator_0 - 10_folds.train_2.predict)=96.51%
[ 2018-07-31 20:18:08,121][kfold_wrapper.log_eval_metrics] Accuracy(layer_2 - estimator_0 - 10_folds.train_3.predict)=98.25%
[ 2018-07-31 20:18:09,471][kfold_wrapper.log_eval_metrics] Accuracy(layer_2 - estimator_0 - 10_folds.train_4.predict)=98.25%
[ 2018-07-31 20:18:10,630][kfold_wrapper.log_eval_metrics] Accuracy(layer_2 - estimator_0 - 10_folds.train_5.predict)=96.05%
[ 2018-07-31 20:18:11,753][kfold_wrapper.log_eval_metrics] Accuracy(layer_2 - estimator_0 - 10_folds.train_6.predict)=97.37%
[ 2018-07-31 20:18:12,843][kfold_wrapper.log_eval_metrics] Accuracy(layer_2 - estimator_0 - 10_folds.train_7.predict)=96.93%
[ 2018-07-31 20:18:13,962][kfold_wrapper.log_eval_metrics] Accuracy(layer_2 - estimator_0 - 10_folds.train_8.predict)=96.05%
[ 2018-07-31 20:18:14,962][kfold_wrapper.log_eval_metrics] Accuracy(layer_2 - estimator_0 - 10_folds.train_9.predict)=98.25%
[ 2018-07-31 20:18:15,242][kfold_wrapper.log_eval_metrics] Accuracy(layer_2 - estimator_0 - 10_folds.train_cv.predict)=97.46%
[ 2018-07-31 20:18:15,243][kfold_wrapper.log_eval_metrics] Accuracy(layer_2 - estimator_0 - 10_folds.test.predict)=97.86%
[ 2018-07-31 20:18:16,073][kfold_wrapper.log_eval_metrics] Accuracy(layer_2 - estimator_1 - 10_folds.train_0.predict)=96.94%
[ 2018-07-31 20:18:17,188][kfold_wrapper.log_eval_metrics] Accuracy(layer_2 - estimator_1 - 10_folds.train_1.predict)=98.69%
[ 2018-07-31 20:18:18,311][kfold_wrapper.log_eval_metrics] Accuracy(layer_2 - estimator_1 - 10_folds.train_2.predict)=96.07%
[ 2018-07-31 20:18:19,412][kfold_wrapper.log_eval_metrics] Accuracy(layer_2 - estimator_1 - 10_folds.train_3.predict)=96.07%
[ 2018-07-31 20:18:20,655][kfold_wrapper.log_eval_metrics] Accuracy(layer_2 - estimator_1 - 10_folds.train_4.predict)=98.25%
[ 2018-07-31 20:18:21,844][kfold_wrapper.log_eval_metrics] Accuracy(layer_2 - estimator_1 - 10_folds.train_5.predict)=96.93%
[ 2018-07-31 20:18:23,104][kfold_wrapper.log_eval_metrics] Accuracy(layer_2 - estimator_1 - 10_folds.train_6.predict)=98.25%
[ 2018-07-31 20:18:24,437][kfold_wrapper.log_eval_metrics] Accuracy(layer_2 - estimator_1 - 10_folds.train_7.predict)=97.37%
[ 2018-07-31 20:18:25,694][kfold_wrapper.log_eval_metrics] Accuracy(layer_2 - estimator_1 - 10_folds.train_8.predict)=97.37%
[ 2018-07-31 20:18:26,938][kfold_wrapper.log_eval_metrics] Accuracy(layer_2 - estimator_1 - 10_folds.train_9.predict)=97.81%
[ 2018-07-31 20:18:27,173][kfold_wrapper.log_eval_metrics] Accuracy(layer_2 - estimator_1 - 10_folds.train_cv.predict)=97.37%
[ 2018-07-31 20:18:27,174][kfold_wrapper.log_eval_metrics] Accuracy(layer_2 - estimator_1 - 10_folds.test.predict)=97.76%
[ 2018-07-31 20:18:27,208][kfold_wrapper.log_eval_metrics] Accuracy(layer_2 - estimator_2 - 10_folds.train_0.predict)=97.38%
[ 2018-07-31 20:18:27,249][kfold_wrapper.log_eval_metrics] Accuracy(layer_2 - estimator_2 - 10_folds.train_1.predict)=98.25%
[ 2018-07-31 20:18:27,292][kfold_wrapper.log_eval_metrics] Accuracy(layer_2 - estimator_2 - 10_folds.train_2.predict)=96.94%
[ 2018-07-31 20:18:27,337][kfold_wrapper.log_eval_metrics] Accuracy(layer_2 - estimator_2 - 10_folds.train_3.predict)=97.82%
[ 2018-07-31 20:18:27,376][kfold_wrapper.log_eval_metrics] Accuracy(layer_2 - estimator_2 - 10_folds.train_4.predict)=96.93%
[ 2018-07-31 20:18:27,407][kfold_wrapper.log_eval_metrics] Accuracy(layer_2 - estimator_2 - 10_folds.train_5.predict)=98.25%
[ 2018-07-31 20:18:27,438][kfold_wrapper.log_eval_metrics] Accuracy(layer_2 - estimator_2 - 10_folds.train_6.predict)=96.49%
[ 2018-07-31 20:18:27,482][kfold_wrapper.log_eval_metrics] Accuracy(layer_2 - estimator_2 - 10_folds.train_7.predict)=95.61%
[ 2018-07-31 20:18:27,521][kfold_wrapper.log_eval_metrics] Accuracy(layer_2 - estimator_2 - 10_folds.train_8.predict)=97.37%
[ 2018-07-31 20:18:27,566][kfold_wrapper.log_eval_metrics] Accuracy(layer_2 - estimator_2 - 10_folds.train_9.predict)=97.37%
[ 2018-07-31 20:18:27,570][kfold_wrapper.log_eval_metrics] Accuracy(layer_2 - estimator_2 - 10_folds.train_cv.predict)=97.24%
[ 2018-07-31 20:18:27,572][kfold_wrapper.log_eval_metrics] Accuracy(layer_2 - estimator_2 - 10_folds.test.predict)=97.55%
[ 2018-07-31 20:18:27,575][cascade_classifier.calc_accuracy] Accuracy(layer_2 - train.classifier_average)=97.55%
[ 2018-07-31 20:18:27,577][cascade_classifier.calc_accuracy] Accuracy(layer_2 - test.classifier_average)=97.86%
[ 2018-07-31 20:18:27,591][cascade_classifier.fit_transform] [layer=3] look_indexs=[0], X_cur_train.shape=(2284, 1561), X_cur_test.shape=(980, 1561)
[ 2018-07-31 20:18:28,684][kfold_wrapper.log_eval_metrics] Accuracy(layer_3 - estimator_0 - 10_folds.train_0.predict)=96.94%
[ 2018-07-31 20:18:29,852][kfold_wrapper.log_eval_metrics] Accuracy(layer_3 - estimator_0 - 10_folds.train_1.predict)=95.63%
[ 2018-07-31 20:18:30,828][kfold_wrapper.log_eval_metrics] Accuracy(layer_3 - estimator_0 - 10_folds.train_2.predict)=96.07%
[ 2018-07-31 20:18:31,816][kfold_wrapper.log_eval_metrics] Accuracy(layer_3 - estimator_0 - 10_folds.train_3.predict)=96.51%
[ 2018-07-31 20:18:32,839][kfold_wrapper.log_eval_metrics] Accuracy(layer_3 - estimator_0 - 10_folds.train_4.predict)=98.25%
[ 2018-07-31 20:18:33,823][kfold_wrapper.log_eval_metrics] Accuracy(layer_3 - estimator_0 - 10_folds.train_5.predict)=98.25%
[ 2018-07-31 20:18:34,960][kfold_wrapper.log_eval_metrics] Accuracy(layer_3 - estimator_0 - 10_folds.train_6.predict)=97.81%
[ 2018-07-31 20:18:36,068][kfold_wrapper.log_eval_metrics] Accuracy(layer_3 - estimator_0 - 10_folds.train_7.predict)=99.12%
[ 2018-07-31 20:18:37,083][kfold_wrapper.log_eval_metrics] Accuracy(layer_3 - estimator_0 - 10_folds.train_8.predict)=96.93%
[ 2018-07-31 20:18:38,096][kfold_wrapper.log_eval_metrics] Accuracy(layer_3 - estimator_0 - 10_folds.train_9.predict)=98.25%
[ 2018-07-31 20:18:38,340][kfold_wrapper.log_eval_metrics] Accuracy(layer_3 - estimator_0 - 10_folds.train_cv.predict)=97.37%
[ 2018-07-31 20:18:38,341][kfold_wrapper.log_eval_metrics] Accuracy(layer_3 - estimator_0 - 10_folds.test.predict)=98.06%
[ 2018-07-31 20:18:39,398][kfold_wrapper.log_eval_metrics] Accuracy(layer_3 - estimator_1 - 10_folds.train_0.predict)=97.82%
[ 2018-07-31 20:18:40,581][kfold_wrapper.log_eval_metrics] Accuracy(layer_3 - estimator_1 - 10_folds.train_1.predict)=94.76%
[ 2018-07-31 20:18:41,637][kfold_wrapper.log_eval_metrics] Accuracy(layer_3 - estimator_1 - 10_folds.train_2.predict)=97.38%
[ 2018-07-31 20:18:42,707][kfold_wrapper.log_eval_metrics] Accuracy(layer_3 - estimator_1 - 10_folds.train_3.predict)=97.38%
[ 2018-07-31 20:18:43,813][kfold_wrapper.log_eval_metrics] Accuracy(layer_3 - estimator_1 - 10_folds.train_4.predict)=98.25%
[ 2018-07-31 20:18:44,895][kfold_wrapper.log_eval_metrics] Accuracy(layer_3 - estimator_1 - 10_folds.train_5.predict)=95.61%
[ 2018-07-31 20:18:46,000][kfold_wrapper.log_eval_metrics] Accuracy(layer_3 - estimator_1 - 10_folds.train_6.predict)=97.37%
[ 2018-07-31 20:18:47,080][kfold_wrapper.log_eval_metrics] Accuracy(layer_3 - estimator_1 - 10_folds.train_7.predict)=98.68%
[ 2018-07-31 20:18:48,180][kfold_wrapper.log_eval_metrics] Accuracy(layer_3 - estimator_1 - 10_folds.train_8.predict)=96.49%
[ 2018-07-31 20:18:49,256][kfold_wrapper.log_eval_metrics] Accuracy(layer_3 - estimator_1 - 10_folds.train_9.predict)=97.81%
[ 2018-07-31 20:18:49,477][kfold_wrapper.log_eval_metrics] Accuracy(layer_3 - estimator_1 - 10_folds.train_cv.predict)=97.15%
[ 2018-07-31 20:18:49,478][kfold_wrapper.log_eval_metrics] Accuracy(layer_3 - estimator_1 - 10_folds.test.predict)=98.16%
[ 2018-07-31 20:18:49,510][kfold_wrapper.log_eval_metrics] Accuracy(layer_3 - estimator_2 - 10_folds.train_0.predict)=96.94%
[ 2018-07-31 20:18:49,541][kfold_wrapper.log_eval_metrics] Accuracy(layer_3 - estimator_2 - 10_folds.train_1.predict)=96.51%
[ 2018-07-31 20:18:49,573][kfold_wrapper.log_eval_metrics] Accuracy(layer_3 - estimator_2 - 10_folds.train_2.predict)=96.51%
[ 2018-07-31 20:18:49,614][kfold_wrapper.log_eval_metrics] Accuracy(layer_3 - estimator_2 - 10_folds.train_3.predict)=97.38%
[ 2018-07-31 20:18:49,648][kfold_wrapper.log_eval_metrics] Accuracy(layer_3 - estimator_2 - 10_folds.train_4.predict)=96.93%
[ 2018-07-31 20:18:49,681][kfold_wrapper.log_eval_metrics] Accuracy(layer_3 - estimator_2 - 10_folds.train_5.predict)=96.49%
[ 2018-07-31 20:18:49,717][kfold_wrapper.log_eval_metrics] Accuracy(layer_3 - estimator_2 - 10_folds.train_6.predict)=97.37%
[ 2018-07-31 20:18:49,748][kfold_wrapper.log_eval_metrics] Accuracy(layer_3 - estimator_2 - 10_folds.train_7.predict)=99.12%
[ 2018-07-31 20:18:49,779][kfold_wrapper.log_eval_metrics] Accuracy(layer_3 - estimator_2 - 10_folds.train_8.predict)=97.81%
[ 2018-07-31 20:18:49,814][kfold_wrapper.log_eval_metrics] Accuracy(layer_3 - estimator_2 - 10_folds.train_9.predict)=96.93%
[ 2018-07-31 20:18:49,817][kfold_wrapper.log_eval_metrics] Accuracy(layer_3 - estimator_2 - 10_folds.train_cv.predict)=97.20%
[ 2018-07-31 20:18:49,818][kfold_wrapper.log_eval_metrics] Accuracy(layer_3 - estimator_2 - 10_folds.test.predict)=97.55%
[ 2018-07-31 20:18:49,820][cascade_classifier.calc_accuracy] Accuracy(layer_3 - train.classifier_average)=97.33%
[ 2018-07-31 20:18:49,822][cascade_classifier.calc_accuracy] Accuracy(layer_3 - test.classifier_average)=98.16%
[ 2018-07-31 20:18:49,833][cascade_classifier.fit_transform] [layer=4] look_indexs=[0], X_cur_train.shape=(2284, 1561), X_cur_test.shape=(980, 1561)
[ 2018-07-31 20:18:50,710][kfold_wrapper.log_eval_metrics] Accuracy(layer_4 - estimator_0 - 10_folds.train_0.predict)=97.38%
[ 2018-07-31 20:18:51,682][kfold_wrapper.log_eval_metrics] Accuracy(layer_4 - estimator_0 - 10_folds.train_1.predict)=98.25%
[ 2018-07-31 20:18:52,678][kfold_wrapper.log_eval_metrics] Accuracy(layer_4 - estimator_0 - 10_folds.train_2.predict)=97.38%
[ 2018-07-31 20:18:53,702][kfold_wrapper.log_eval_metrics] Accuracy(layer_4 - estimator_0 - 10_folds.train_3.predict)=97.38%
[ 2018-07-31 20:18:54,810][kfold_wrapper.log_eval_metrics] Accuracy(layer_4 - estimator_0 - 10_folds.train_4.predict)=96.93%
[ 2018-07-31 20:18:55,784][kfold_wrapper.log_eval_metrics] Accuracy(layer_4 - estimator_0 - 10_folds.train_5.predict)=97.37%
[ 2018-07-31 20:18:56,931][kfold_wrapper.log_eval_metrics] Accuracy(layer_4 - estimator_0 - 10_folds.train_6.predict)=97.37%
[ 2018-07-31 20:18:57,930][kfold_wrapper.log_eval_metrics] Accuracy(layer_4 - estimator_0 - 10_folds.train_7.predict)=96.05%
[ 2018-07-31 20:18:59,236][kfold_wrapper.log_eval_metrics] Accuracy(layer_4 - estimator_0 - 10_folds.train_8.predict)=97.37%
[ 2018-07-31 20:19:00,457][kfold_wrapper.log_eval_metrics] Accuracy(layer_4 - estimator_0 - 10_folds.train_9.predict)=96.93%
[ 2018-07-31 20:19:00,699][kfold_wrapper.log_eval_metrics] Accuracy(layer_4 - estimator_0 - 10_folds.train_cv.predict)=97.24%
[ 2018-07-31 20:19:00,700][kfold_wrapper.log_eval_metrics] Accuracy(layer_4 - estimator_0 - 10_folds.test.predict)=98.06%
[ 2018-07-31 20:19:01,849][kfold_wrapper.log_eval_metrics] Accuracy(layer_4 - estimator_1 - 10_folds.train_0.predict)=96.94%
[ 2018-07-31 20:19:03,224][kfold_wrapper.log_eval_metrics] Accuracy(layer_4 - estimator_1 - 10_folds.train_1.predict)=97.38%
[ 2018-07-31 20:19:04,306][kfold_wrapper.log_eval_metrics] Accuracy(layer_4 - estimator_1 - 10_folds.train_2.predict)=97.38%
[ 2018-07-31 20:19:05,355][kfold_wrapper.log_eval_metrics] Accuracy(layer_4 - estimator_1 - 10_folds.train_3.predict)=96.07%
[ 2018-07-31 20:19:06,459][kfold_wrapper.log_eval_metrics] Accuracy(layer_4 - estimator_1 - 10_folds.train_4.predict)=96.49%
[ 2018-07-31 20:19:07,489][kfold_wrapper.log_eval_metrics] Accuracy(layer_4 - estimator_1 - 10_folds.train_5.predict)=96.05%
[ 2018-07-31 20:19:08,593][kfold_wrapper.log_eval_metrics] Accuracy(layer_4 - estimator_1 - 10_folds.train_6.predict)=99.12%
[ 2018-07-31 20:19:09,735][kfold_wrapper.log_eval_metrics] Accuracy(layer_4 - estimator_1 - 10_folds.train_7.predict)=98.25%
[ 2018-07-31 20:19:10,858][kfold_wrapper.log_eval_metrics] Accuracy(layer_4 - estimator_1 - 10_folds.train_8.predict)=96.49%
[ 2018-07-31 20:19:12,040][kfold_wrapper.log_eval_metrics] Accuracy(layer_4 - estimator_1 - 10_folds.train_9.predict)=96.49%
[ 2018-07-31 20:19:12,280][kfold_wrapper.log_eval_metrics] Accuracy(layer_4 - estimator_1 - 10_folds.train_cv.predict)=97.07%
[ 2018-07-31 20:19:12,281][kfold_wrapper.log_eval_metrics] Accuracy(layer_4 - estimator_1 - 10_folds.test.predict)=98.16%
[ 2018-07-31 20:19:12,313][kfold_wrapper.log_eval_metrics] Accuracy(layer_4 - estimator_2 - 10_folds.train_0.predict)=95.63%
[ 2018-07-31 20:19:12,345][kfold_wrapper.log_eval_metrics] Accuracy(layer_4 - estimator_2 - 10_folds.train_1.predict)=99.13%
[ 2018-07-31 20:19:12,380][kfold_wrapper.log_eval_metrics] Accuracy(layer_4 - estimator_2 - 10_folds.train_2.predict)=96.51%
[ 2018-07-31 20:19:12,421][kfold_wrapper.log_eval_metrics] Accuracy(layer_4 - estimator_2 - 10_folds.train_3.predict)=96.94%
[ 2018-07-31 20:19:12,453][kfold_wrapper.log_eval_metrics] Accuracy(layer_4 - estimator_2 - 10_folds.train_4.predict)=96.93%
[ 2018-07-31 20:19:12,486][kfold_wrapper.log_eval_metrics] Accuracy(layer_4 - estimator_2 - 10_folds.train_5.predict)=96.93%
[ 2018-07-31 20:19:12,517][kfold_wrapper.log_eval_metrics] Accuracy(layer_4 - estimator_2 - 10_folds.train_6.predict)=97.81%
[ 2018-07-31 20:19:12,554][kfold_wrapper.log_eval_metrics] Accuracy(layer_4 - estimator_2 - 10_folds.train_7.predict)=97.37%
[ 2018-07-31 20:19:12,590][kfold_wrapper.log_eval_metrics] Accuracy(layer_4 - estimator_2 - 10_folds.train_8.predict)=96.93%
[ 2018-07-31 20:19:12,624][kfold_wrapper.log_eval_metrics] Accuracy(layer_4 - estimator_2 - 10_folds.train_9.predict)=97.81%
[ 2018-07-31 20:19:12,627][kfold_wrapper.log_eval_metrics] Accuracy(layer_4 - estimator_2 - 10_folds.train_cv.predict)=97.20%
[ 2018-07-31 20:19:12,628][kfold_wrapper.log_eval_metrics] Accuracy(layer_4 - estimator_2 - 10_folds.test.predict)=98.06%
[ 2018-07-31 20:19:12,630][cascade_classifier.calc_accuracy] Accuracy(layer_4 - train.classifier_average)=97.11%
[ 2018-07-31 20:19:12,631][cascade_classifier.calc_accuracy] Accuracy(layer_4 - test.classifier_average)=98.16%
[ 2018-07-31 20:19:12,642][cascade_classifier.fit_transform] [layer=5] look_indexs=[0], X_cur_train.shape=(2284, 1561), X_cur_test.shape=(980, 1561)
[ 2018-07-31 20:19:13,539][kfold_wrapper.log_eval_metrics] Accuracy(layer_5 - estimator_0 - 10_folds.train_0.predict)=98.25%
[ 2018-07-31 20:19:14,511][kfold_wrapper.log_eval_metrics] Accuracy(layer_5 - estimator_0 - 10_folds.train_1.predict)=97.38%
[ 2018-07-31 20:19:15,499][kfold_wrapper.log_eval_metrics] Accuracy(layer_5 - estimator_0 - 10_folds.train_2.predict)=97.82%
[ 2018-07-31 20:19:16,516][kfold_wrapper.log_eval_metrics] Accuracy(layer_5 - estimator_0 - 10_folds.train_3.predict)=97.38%
[ 2018-07-31 20:19:17,448][kfold_wrapper.log_eval_metrics] Accuracy(layer_5 - estimator_0 - 10_folds.train_4.predict)=97.37%
[ 2018-07-31 20:19:18,597][kfold_wrapper.log_eval_metrics] Accuracy(layer_5 - estimator_0 - 10_folds.train_5.predict)=98.25%
[ 2018-07-31 20:19:19,695][kfold_wrapper.log_eval_metrics] Accuracy(layer_5 - estimator_0 - 10_folds.train_6.predict)=97.37%
[ 2018-07-31 20:19:20,815][kfold_wrapper.log_eval_metrics] Accuracy(layer_5 - estimator_0 - 10_folds.train_7.predict)=96.05%
[ 2018-07-31 20:19:21,957][kfold_wrapper.log_eval_metrics] Accuracy(layer_5 - estimator_0 - 10_folds.train_8.predict)=96.05%
[ 2018-07-31 20:19:23,055][kfold_wrapper.log_eval_metrics] Accuracy(layer_5 - estimator_0 - 10_folds.train_9.predict)=97.81%
[ 2018-07-31 20:19:23,301][kfold_wrapper.log_eval_metrics] Accuracy(layer_5 - estimator_0 - 10_folds.train_cv.predict)=97.37%
[ 2018-07-31 20:19:23,302][kfold_wrapper.log_eval_metrics] Accuracy(layer_5 - estimator_0 - 10_folds.test.predict)=98.06%
[ 2018-07-31 20:19:24,502][kfold_wrapper.log_eval_metrics] Accuracy(layer_5 - estimator_1 - 10_folds.train_0.predict)=96.94%
[ 2018-07-31 20:19:25,908][kfold_wrapper.log_eval_metrics] Accuracy(layer_5 - estimator_1 - 10_folds.train_1.predict)=97.38%
[ 2018-07-31 20:19:27,237][kfold_wrapper.log_eval_metrics] Accuracy(layer_5 - estimator_1 - 10_folds.train_2.predict)=96.94%
[ 2018-07-31 20:19:28,563][kfold_wrapper.log_eval_metrics] Accuracy(layer_5 - estimator_1 - 10_folds.train_3.predict)=97.82%
[ 2018-07-31 20:19:29,642][kfold_wrapper.log_eval_metrics] Accuracy(layer_5 - estimator_1 - 10_folds.train_4.predict)=96.49%
[ 2018-07-31 20:19:30,775][kfold_wrapper.log_eval_metrics] Accuracy(layer_5 - estimator_1 - 10_folds.train_5.predict)=96.49%
[ 2018-07-31 20:19:31,996][kfold_wrapper.log_eval_metrics] Accuracy(layer_5 - estimator_1 - 10_folds.train_6.predict)=97.37%
[ 2018-07-31 20:19:33,037][kfold_wrapper.log_eval_metrics] Accuracy(layer_5 - estimator_1 - 10_folds.train_7.predict)=98.25%
[ 2018-07-31 20:19:34,146][kfold_wrapper.log_eval_metrics] Accuracy(layer_5 - estimator_1 - 10_folds.train_8.predict)=96.93%
[ 2018-07-31 20:19:35,255][kfold_wrapper.log_eval_metrics] Accuracy(layer_5 - estimator_1 - 10_folds.train_9.predict)=97.81%
[ 2018-07-31 20:19:35,506][kfold_wrapper.log_eval_metrics] Accuracy(layer_5 - estimator_1 - 10_folds.train_cv.predict)=97.24%
[ 2018-07-31 20:19:35,507][kfold_wrapper.log_eval_metrics] Accuracy(layer_5 - estimator_1 - 10_folds.test.predict)=97.96%
[ 2018-07-31 20:19:35,553][kfold_wrapper.log_eval_metrics] Accuracy(layer_5 - estimator_2 - 10_folds.train_0.predict)=98.25%
[ 2018-07-31 20:19:35,587][kfold_wrapper.log_eval_metrics] Accuracy(layer_5 - estimator_2 - 10_folds.train_1.predict)=96.94%
[ 2018-07-31 20:19:35,621][kfold_wrapper.log_eval_metrics] Accuracy(layer_5 - estimator_2 - 10_folds.train_2.predict)=96.94%
[ 2018-07-31 20:19:35,655][kfold_wrapper.log_eval_metrics] Accuracy(layer_5 - estimator_2 - 10_folds.train_3.predict)=97.82%
[ 2018-07-31 20:19:35,688][kfold_wrapper.log_eval_metrics] Accuracy(layer_5 - estimator_2 - 10_folds.train_4.predict)=96.93%
[ 2018-07-31 20:19:35,722][kfold_wrapper.log_eval_metrics] Accuracy(layer_5 - estimator_2 - 10_folds.train_5.predict)=98.25%
[ 2018-07-31 20:19:35,756][kfold_wrapper.log_eval_metrics] Accuracy(layer_5 - estimator_2 - 10_folds.train_6.predict)=96.05%
[ 2018-07-31 20:19:35,790][kfold_wrapper.log_eval_metrics] Accuracy(layer_5 - estimator_2 - 10_folds.train_7.predict)=95.61%
[ 2018-07-31 20:19:35,824][kfold_wrapper.log_eval_metrics] Accuracy(layer_5 - estimator_2 - 10_folds.train_8.predict)=96.49%
[ 2018-07-31 20:19:35,866][kfold_wrapper.log_eval_metrics] Accuracy(layer_5 - estimator_2 - 10_folds.train_9.predict)=97.37%
[ 2018-07-31 20:19:35,870][kfold_wrapper.log_eval_metrics] Accuracy(layer_5 - estimator_2 - 10_folds.train_cv.predict)=97.07%
[ 2018-07-31 20:19:35,871][kfold_wrapper.log_eval_metrics] Accuracy(layer_5 - estimator_2 - 10_folds.test.predict)=98.06%
[ 2018-07-31 20:19:35,874][cascade_classifier.calc_accuracy] Accuracy(layer_5 - train.classifier_average)=97.33%
[ 2018-07-31 20:19:35,877][cascade_classifier.calc_accuracy] Accuracy(layer_5 - test.classifier_average)=98.16%
[ 2018-07-31 20:19:35,880][cascade_classifier.fit_transform] [Result][Optimal Level Detected] opt_layer_num=3, accuracy_train=97.55%, accuracy_test=97.86%
[ 2018-07-31 20:19:35,903][cascade_classifier.transform] X_groups_test.shape=[(980, 1555)]
[ 2018-07-31 20:19:35,907][cascade_classifier.transform] group_dims=[1555]
[ 2018-07-31 20:19:35,908][cascade_classifier.transform] X_test.shape=(980, 1555)
[ 2018-07-31 20:19:35,912][cascade_classifier.transform] [layer=0] look_indexs=[0], X_cur_test.shape=(980, 1555)
[ 2018-07-31 20:19:40,695][cascade_classifier.transform] [layer=1] look_indexs=[0], X_cur_test.shape=(980, 1561)
[ 2018-07-31 20:19:45,488][cascade_classifier.transform] [layer=2] look_indexs=[0], X_cur_test.shape=(980, 1561)
