[ 2019-01-12 18:20:57,057][cascade_classifier.fit_transform] X_groups_train.shape=[(13314, 10)],y_train.shape=(13314,),X_groups_test.shape=[(5706, 10)],y_test.shape=(5706,)
[ 2019-01-12 18:20:57,059][cascade_classifier.fit_transform] group_dims=[10]
[ 2019-01-12 18:20:57,061][cascade_classifier.fit_transform] group_starts=[0]
[ 2019-01-12 18:20:57,063][cascade_classifier.fit_transform] group_ends=[10]
[ 2019-01-12 18:20:57,064][cascade_classifier.fit_transform] X_train.shape=(13314, 10),X_test.shape=(5706, 10)
[ 2019-01-12 18:20:57,068][cascade_classifier.fit_transform] [layer=0] look_indexs=[0], X_cur_train.shape=(13314, 10), X_cur_test.shape=(5706, 10)
[ 2019-01-12 18:20:59,650][kfold_wrapper.log_eval_metrics] Accuracy(layer_0 - estimator_0 - 10_folds.train_0.predict)=88.97%
[ 2019-01-12 18:21:02,225][kfold_wrapper.log_eval_metrics] Accuracy(layer_0 - estimator_0 - 10_folds.train_1.predict)=87.09%
[ 2019-01-12 18:21:04,966][kfold_wrapper.log_eval_metrics] Accuracy(layer_0 - estimator_0 - 10_folds.train_2.predict)=87.69%
[ 2019-01-12 18:21:07,303][kfold_wrapper.log_eval_metrics] Accuracy(layer_0 - estimator_0 - 10_folds.train_3.predict)=87.23%
[ 2019-01-12 18:21:09,535][kfold_wrapper.log_eval_metrics] Accuracy(layer_0 - estimator_0 - 10_folds.train_4.predict)=87.83%
[ 2019-01-12 18:21:12,205][kfold_wrapper.log_eval_metrics] Accuracy(layer_0 - estimator_0 - 10_folds.train_5.predict)=87.45%
[ 2019-01-12 18:21:14,475][kfold_wrapper.log_eval_metrics] Accuracy(layer_0 - estimator_0 - 10_folds.train_6.predict)=88.96%
[ 2019-01-12 18:21:16,736][kfold_wrapper.log_eval_metrics] Accuracy(layer_0 - estimator_0 - 10_folds.train_7.predict)=87.45%
[ 2019-01-12 18:21:18,981][kfold_wrapper.log_eval_metrics] Accuracy(layer_0 - estimator_0 - 10_folds.train_8.predict)=85.50%
[ 2019-01-12 18:21:21,244][kfold_wrapper.log_eval_metrics] Accuracy(layer_0 - estimator_0 - 10_folds.train_9.predict)=88.13%
[ 2019-01-12 18:21:21,376][kfold_wrapper.log_eval_metrics] Accuracy(layer_0 - estimator_0 - 10_folds.train_cv.predict)=87.63%
[ 2019-01-12 18:21:21,380][kfold_wrapper.log_eval_metrics] Accuracy(layer_0 - estimator_0 - 10_folds.test.predict)=88.26%
[ 2019-01-12 18:21:22,290][kfold_wrapper.log_eval_metrics] Accuracy(layer_0 - estimator_1 - 10_folds.train_0.predict)=86.80%
[ 2019-01-12 18:21:23,320][kfold_wrapper.log_eval_metrics] Accuracy(layer_0 - estimator_1 - 10_folds.train_1.predict)=88.66%
[ 2019-01-12 18:21:24,323][kfold_wrapper.log_eval_metrics] Accuracy(layer_0 - estimator_1 - 10_folds.train_2.predict)=87.01%
[ 2019-01-12 18:21:25,321][kfold_wrapper.log_eval_metrics] Accuracy(layer_0 - estimator_1 - 10_folds.train_3.predict)=87.08%
[ 2019-01-12 18:21:26,312][kfold_wrapper.log_eval_metrics] Accuracy(layer_0 - estimator_1 - 10_folds.train_4.predict)=87.75%
[ 2019-01-12 18:21:27,300][kfold_wrapper.log_eval_metrics] Accuracy(layer_0 - estimator_1 - 10_folds.train_5.predict)=86.25%
[ 2019-01-12 18:21:28,305][kfold_wrapper.log_eval_metrics] Accuracy(layer_0 - estimator_1 - 10_folds.train_6.predict)=87.15%
[ 2019-01-12 18:21:29,316][kfold_wrapper.log_eval_metrics] Accuracy(layer_0 - estimator_1 - 10_folds.train_7.predict)=86.78%
[ 2019-01-12 18:21:30,313][kfold_wrapper.log_eval_metrics] Accuracy(layer_0 - estimator_1 - 10_folds.train_8.predict)=86.93%
[ 2019-01-12 18:21:31,356][kfold_wrapper.log_eval_metrics] Accuracy(layer_0 - estimator_1 - 10_folds.train_9.predict)=87.30%
[ 2019-01-12 18:21:31,471][kfold_wrapper.log_eval_metrics] Accuracy(layer_0 - estimator_1 - 10_folds.train_cv.predict)=87.17%
[ 2019-01-12 18:21:31,475][kfold_wrapper.log_eval_metrics] Accuracy(layer_0 - estimator_1 - 10_folds.test.predict)=87.75%
[ 2019-01-12 18:21:32,642][kfold_wrapper.log_eval_metrics] Accuracy(layer_0 - estimator_2 - 10_folds.train_0.predict)=78.47%
[ 2019-01-12 18:21:32,806][kfold_wrapper.log_eval_metrics] Accuracy(layer_0 - estimator_2 - 10_folds.train_1.predict)=77.93%
[ 2019-01-12 18:21:32,945][kfold_wrapper.log_eval_metrics] Accuracy(layer_0 - estimator_2 - 10_folds.train_2.predict)=79.43%
[ 2019-01-12 18:21:33,114][kfold_wrapper.log_eval_metrics] Accuracy(layer_0 - estimator_2 - 10_folds.train_3.predict)=78.06%
[ 2019-01-12 18:21:33,289][kfold_wrapper.log_eval_metrics] Accuracy(layer_0 - estimator_2 - 10_folds.train_4.predict)=79.34%
[ 2019-01-12 18:21:33,411][kfold_wrapper.log_eval_metrics] Accuracy(layer_0 - estimator_2 - 10_folds.train_5.predict)=79.26%
[ 2019-01-12 18:21:33,615][kfold_wrapper.log_eval_metrics] Accuracy(layer_0 - estimator_2 - 10_folds.train_6.predict)=78.21%
[ 2019-01-12 18:21:33,792][kfold_wrapper.log_eval_metrics] Accuracy(layer_0 - estimator_2 - 10_folds.train_7.predict)=78.89%
[ 2019-01-12 18:21:33,965][kfold_wrapper.log_eval_metrics] Accuracy(layer_0 - estimator_2 - 10_folds.train_8.predict)=78.36%
[ 2019-01-12 18:21:34,140][kfold_wrapper.log_eval_metrics] Accuracy(layer_0 - estimator_2 - 10_folds.train_9.predict)=80.24%
[ 2019-01-12 18:21:34,143][kfold_wrapper.log_eval_metrics] Accuracy(layer_0 - estimator_2 - 10_folds.train_cv.predict)=78.82%
[ 2019-01-12 18:21:34,144][kfold_wrapper.log_eval_metrics] Accuracy(layer_0 - estimator_2 - 10_folds.test.predict)=79.09%
[ 2019-01-12 18:21:34,145][cascade_classifier.calc_accuracy] Accuracy(layer_0 - train.classifier_average)=86.63%
[ 2019-01-12 18:21:34,148][cascade_classifier.calc_accuracy] Accuracy(layer_0 - test.classifier_average)=87.12%
[ 2019-01-12 18:21:34,150][cascade_classifier.fit_transform] [layer=1] look_indexs=[0], X_cur_train.shape=(13314, 16), X_cur_test.shape=(5706, 16)
[ 2019-01-12 18:21:36,063][kfold_wrapper.log_eval_metrics] Accuracy(layer_1 - estimator_0 - 10_folds.train_0.predict)=88.37%
[ 2019-01-12 18:21:38,272][kfold_wrapper.log_eval_metrics] Accuracy(layer_1 - estimator_0 - 10_folds.train_1.predict)=87.31%
[ 2019-01-12 18:21:40,625][kfold_wrapper.log_eval_metrics] Accuracy(layer_1 - estimator_0 - 10_folds.train_2.predict)=86.41%
[ 2019-01-12 18:21:43,011][kfold_wrapper.log_eval_metrics] Accuracy(layer_1 - estimator_0 - 10_folds.train_3.predict)=87.75%
[ 2019-01-12 18:21:45,373][kfold_wrapper.log_eval_metrics] Accuracy(layer_1 - estimator_0 - 10_folds.train_4.predict)=87.75%
[ 2019-01-12 18:21:47,647][kfold_wrapper.log_eval_metrics] Accuracy(layer_1 - estimator_0 - 10_folds.train_5.predict)=86.85%
[ 2019-01-12 18:21:49,921][kfold_wrapper.log_eval_metrics] Accuracy(layer_1 - estimator_0 - 10_folds.train_6.predict)=89.86%
[ 2019-01-12 18:21:52,160][kfold_wrapper.log_eval_metrics] Accuracy(layer_1 - estimator_0 - 10_folds.train_7.predict)=87.45%
[ 2019-01-12 18:21:54,424][kfold_wrapper.log_eval_metrics] Accuracy(layer_1 - estimator_0 - 10_folds.train_8.predict)=88.13%
[ 2019-01-12 18:21:56,863][kfold_wrapper.log_eval_metrics] Accuracy(layer_1 - estimator_0 - 10_folds.train_9.predict)=87.15%
[ 2019-01-12 18:21:57,002][kfold_wrapper.log_eval_metrics] Accuracy(layer_1 - estimator_0 - 10_folds.train_cv.predict)=87.70%
[ 2019-01-12 18:21:57,004][kfold_wrapper.log_eval_metrics] Accuracy(layer_1 - estimator_0 - 10_folds.test.predict)=88.59%
[ 2019-01-12 18:21:58,046][kfold_wrapper.log_eval_metrics] Accuracy(layer_1 - estimator_1 - 10_folds.train_0.predict)=85.75%
[ 2019-01-12 18:21:59,200][kfold_wrapper.log_eval_metrics] Accuracy(layer_1 - estimator_1 - 10_folds.train_1.predict)=87.99%
[ 2019-01-12 18:22:00,354][kfold_wrapper.log_eval_metrics] Accuracy(layer_1 - estimator_1 - 10_folds.train_2.predict)=86.64%
[ 2019-01-12 18:22:01,541][kfold_wrapper.log_eval_metrics] Accuracy(layer_1 - estimator_1 - 10_folds.train_3.predict)=87.75%
[ 2019-01-12 18:22:02,704][kfold_wrapper.log_eval_metrics] Accuracy(layer_1 - estimator_1 - 10_folds.train_4.predict)=87.98%
[ 2019-01-12 18:22:03,873][kfold_wrapper.log_eval_metrics] Accuracy(layer_1 - estimator_1 - 10_folds.train_5.predict)=88.13%
[ 2019-01-12 18:22:05,048][kfold_wrapper.log_eval_metrics] Accuracy(layer_1 - estimator_1 - 10_folds.train_6.predict)=87.08%
[ 2019-01-12 18:22:06,155][kfold_wrapper.log_eval_metrics] Accuracy(layer_1 - estimator_1 - 10_folds.train_7.predict)=88.96%
[ 2019-01-12 18:22:07,309][kfold_wrapper.log_eval_metrics] Accuracy(layer_1 - estimator_1 - 10_folds.train_8.predict)=87.38%
[ 2019-01-12 18:22:08,424][kfold_wrapper.log_eval_metrics] Accuracy(layer_1 - estimator_1 - 10_folds.train_9.predict)=87.23%
[ 2019-01-12 18:22:08,545][kfold_wrapper.log_eval_metrics] Accuracy(layer_1 - estimator_1 - 10_folds.train_cv.predict)=87.49%
[ 2019-01-12 18:22:08,547][kfold_wrapper.log_eval_metrics] Accuracy(layer_1 - estimator_1 - 10_folds.test.predict)=88.36%
[ 2019-01-12 18:22:08,792][kfold_wrapper.log_eval_metrics] Accuracy(layer_1 - estimator_2 - 10_folds.train_0.predict)=85.97%
[ 2019-01-12 18:22:09,029][kfold_wrapper.log_eval_metrics] Accuracy(layer_1 - estimator_2 - 10_folds.train_1.predict)=88.29%
[ 2019-01-12 18:22:09,277][kfold_wrapper.log_eval_metrics] Accuracy(layer_1 - estimator_2 - 10_folds.train_2.predict)=88.74%
[ 2019-01-12 18:22:09,611][kfold_wrapper.log_eval_metrics] Accuracy(layer_1 - estimator_2 - 10_folds.train_3.predict)=88.20%
[ 2019-01-12 18:22:09,863][kfold_wrapper.log_eval_metrics] Accuracy(layer_1 - estimator_2 - 10_folds.train_4.predict)=87.08%
[ 2019-01-12 18:22:10,108][kfold_wrapper.log_eval_metrics] Accuracy(layer_1 - estimator_2 - 10_folds.train_5.predict)=86.63%
[ 2019-01-12 18:22:10,358][kfold_wrapper.log_eval_metrics] Accuracy(layer_1 - estimator_2 - 10_folds.train_6.predict)=87.38%
[ 2019-01-12 18:22:10,569][kfold_wrapper.log_eval_metrics] Accuracy(layer_1 - estimator_2 - 10_folds.train_7.predict)=88.66%
[ 2019-01-12 18:22:10,815][kfold_wrapper.log_eval_metrics] Accuracy(layer_1 - estimator_2 - 10_folds.train_8.predict)=89.93%
[ 2019-01-12 18:22:11,039][kfold_wrapper.log_eval_metrics] Accuracy(layer_1 - estimator_2 - 10_folds.train_9.predict)=87.83%
[ 2019-01-12 18:22:11,041][kfold_wrapper.log_eval_metrics] Accuracy(layer_1 - estimator_2 - 10_folds.train_cv.predict)=87.87%
[ 2019-01-12 18:22:11,042][kfold_wrapper.log_eval_metrics] Accuracy(layer_1 - estimator_2 - 10_folds.test.predict)=88.19%
[ 2019-01-12 18:22:11,044][cascade_classifier.calc_accuracy] Accuracy(layer_1 - train.classifier_average)=88.01%
[ 2019-01-12 18:22:11,045][cascade_classifier.calc_accuracy] Accuracy(layer_1 - test.classifier_average)=88.47%
[ 2019-01-12 18:22:11,133][cascade_classifier.fit_transform] [layer=2] look_indexs=[0], X_cur_train.shape=(13314, 16), X_cur_test.shape=(5706, 16)
[ 2019-01-12 18:22:13,418][kfold_wrapper.log_eval_metrics] Accuracy(layer_2 - estimator_0 - 10_folds.train_0.predict)=87.47%
[ 2019-01-12 18:22:15,678][kfold_wrapper.log_eval_metrics] Accuracy(layer_2 - estimator_0 - 10_folds.train_1.predict)=89.11%
[ 2019-01-12 18:22:17,939][kfold_wrapper.log_eval_metrics] Accuracy(layer_2 - estimator_0 - 10_folds.train_2.predict)=88.14%
[ 2019-01-12 18:22:20,318][kfold_wrapper.log_eval_metrics] Accuracy(layer_2 - estimator_0 - 10_folds.train_3.predict)=86.85%
[ 2019-01-12 18:22:22,578][kfold_wrapper.log_eval_metrics] Accuracy(layer_2 - estimator_0 - 10_folds.train_4.predict)=87.53%
[ 2019-01-12 18:22:24,839][kfold_wrapper.log_eval_metrics] Accuracy(layer_2 - estimator_0 - 10_folds.train_5.predict)=87.98%
[ 2019-01-12 18:22:27,101][kfold_wrapper.log_eval_metrics] Accuracy(layer_2 - estimator_0 - 10_folds.train_6.predict)=88.28%
[ 2019-01-12 18:22:29,337][kfold_wrapper.log_eval_metrics] Accuracy(layer_2 - estimator_0 - 10_folds.train_7.predict)=88.20%
[ 2019-01-12 18:22:31,582][kfold_wrapper.log_eval_metrics] Accuracy(layer_2 - estimator_0 - 10_folds.train_8.predict)=86.33%
[ 2019-01-12 18:22:33,848][kfold_wrapper.log_eval_metrics] Accuracy(layer_2 - estimator_0 - 10_folds.train_9.predict)=86.93%
[ 2019-01-12 18:22:33,988][kfold_wrapper.log_eval_metrics] Accuracy(layer_2 - estimator_0 - 10_folds.train_cv.predict)=87.68%
[ 2019-01-12 18:22:33,992][kfold_wrapper.log_eval_metrics] Accuracy(layer_2 - estimator_0 - 10_folds.test.predict)=88.47%
[ 2019-01-12 18:22:35,044][kfold_wrapper.log_eval_metrics] Accuracy(layer_2 - estimator_1 - 10_folds.train_0.predict)=88.22%
[ 2019-01-12 18:22:36,199][kfold_wrapper.log_eval_metrics] Accuracy(layer_2 - estimator_1 - 10_folds.train_1.predict)=86.34%
[ 2019-01-12 18:22:37,339][kfold_wrapper.log_eval_metrics] Accuracy(layer_2 - estimator_1 - 10_folds.train_2.predict)=88.36%
[ 2019-01-12 18:22:38,486][kfold_wrapper.log_eval_metrics] Accuracy(layer_2 - estimator_1 - 10_folds.train_3.predict)=86.33%
[ 2019-01-12 18:22:39,858][kfold_wrapper.log_eval_metrics] Accuracy(layer_2 - estimator_1 - 10_folds.train_4.predict)=87.30%
[ 2019-01-12 18:22:41,134][kfold_wrapper.log_eval_metrics] Accuracy(layer_2 - estimator_1 - 10_folds.train_5.predict)=86.78%
[ 2019-01-12 18:22:42,286][kfold_wrapper.log_eval_metrics] Accuracy(layer_2 - estimator_1 - 10_folds.train_6.predict)=88.20%
[ 2019-01-12 18:22:43,435][kfold_wrapper.log_eval_metrics] Accuracy(layer_2 - estimator_1 - 10_folds.train_7.predict)=88.66%
[ 2019-01-12 18:22:44,616][kfold_wrapper.log_eval_metrics] Accuracy(layer_2 - estimator_1 - 10_folds.train_8.predict)=87.90%
[ 2019-01-12 18:22:45,806][kfold_wrapper.log_eval_metrics] Accuracy(layer_2 - estimator_1 - 10_folds.train_9.predict)=87.90%
[ 2019-01-12 18:22:45,923][kfold_wrapper.log_eval_metrics] Accuracy(layer_2 - estimator_1 - 10_folds.train_cv.predict)=87.60%
[ 2019-01-12 18:22:45,925][kfold_wrapper.log_eval_metrics] Accuracy(layer_2 - estimator_1 - 10_folds.test.predict)=88.31%
[ 2019-01-12 18:22:46,180][kfold_wrapper.log_eval_metrics] Accuracy(layer_2 - estimator_2 - 10_folds.train_0.predict)=89.05%
[ 2019-01-12 18:22:46,412][kfold_wrapper.log_eval_metrics] Accuracy(layer_2 - estimator_2 - 10_folds.train_1.predict)=89.79%
[ 2019-01-12 18:22:46,642][kfold_wrapper.log_eval_metrics] Accuracy(layer_2 - estimator_2 - 10_folds.train_2.predict)=87.91%
[ 2019-01-12 18:22:46,872][kfold_wrapper.log_eval_metrics] Accuracy(layer_2 - estimator_2 - 10_folds.train_3.predict)=88.58%
[ 2019-01-12 18:22:47,107][kfold_wrapper.log_eval_metrics] Accuracy(layer_2 - estimator_2 - 10_folds.train_4.predict)=87.00%
[ 2019-01-12 18:22:47,350][kfold_wrapper.log_eval_metrics] Accuracy(layer_2 - estimator_2 - 10_folds.train_5.predict)=86.70%
[ 2019-01-12 18:22:47,636][kfold_wrapper.log_eval_metrics] Accuracy(layer_2 - estimator_2 - 10_folds.train_6.predict)=87.53%
[ 2019-01-12 18:22:47,866][kfold_wrapper.log_eval_metrics] Accuracy(layer_2 - estimator_2 - 10_folds.train_7.predict)=87.15%
[ 2019-01-12 18:22:48,102][kfold_wrapper.log_eval_metrics] Accuracy(layer_2 - estimator_2 - 10_folds.train_8.predict)=88.73%
[ 2019-01-12 18:22:48,342][kfold_wrapper.log_eval_metrics] Accuracy(layer_2 - estimator_2 - 10_folds.train_9.predict)=86.93%
[ 2019-01-12 18:22:48,344][kfold_wrapper.log_eval_metrics] Accuracy(layer_2 - estimator_2 - 10_folds.train_cv.predict)=87.94%
[ 2019-01-12 18:22:48,346][kfold_wrapper.log_eval_metrics] Accuracy(layer_2 - estimator_2 - 10_folds.test.predict)=88.52%
[ 2019-01-12 18:22:48,349][cascade_classifier.calc_accuracy] Accuracy(layer_2 - train.classifier_average)=87.95%
[ 2019-01-12 18:22:48,353][cascade_classifier.calc_accuracy] Accuracy(layer_2 - test.classifier_average)=88.54%
[ 2019-01-12 18:22:48,355][cascade_classifier.fit_transform] [layer=3] look_indexs=[0], X_cur_train.shape=(13314, 16), X_cur_test.shape=(5706, 16)
[ 2019-01-12 18:22:50,650][kfold_wrapper.log_eval_metrics] Accuracy(layer_3 - estimator_0 - 10_folds.train_0.predict)=88.45%
[ 2019-01-12 18:22:53,012][kfold_wrapper.log_eval_metrics] Accuracy(layer_3 - estimator_0 - 10_folds.train_1.predict)=87.46%
[ 2019-01-12 18:22:55,288][kfold_wrapper.log_eval_metrics] Accuracy(layer_3 - estimator_0 - 10_folds.train_2.predict)=86.86%
[ 2019-01-12 18:22:57,682][kfold_wrapper.log_eval_metrics] Accuracy(layer_3 - estimator_0 - 10_folds.train_3.predict)=88.28%
[ 2019-01-12 18:22:59,918][kfold_wrapper.log_eval_metrics] Accuracy(layer_3 - estimator_0 - 10_folds.train_4.predict)=87.08%
[ 2019-01-12 18:23:02,274][kfold_wrapper.log_eval_metrics] Accuracy(layer_3 - estimator_0 - 10_folds.train_5.predict)=87.15%
[ 2019-01-12 18:23:04,604][kfold_wrapper.log_eval_metrics] Accuracy(layer_3 - estimator_0 - 10_folds.train_6.predict)=87.23%
[ 2019-01-12 18:23:06,953][kfold_wrapper.log_eval_metrics] Accuracy(layer_3 - estimator_0 - 10_folds.train_7.predict)=87.75%
[ 2019-01-12 18:23:09,350][kfold_wrapper.log_eval_metrics] Accuracy(layer_3 - estimator_0 - 10_folds.train_8.predict)=87.98%
[ 2019-01-12 18:23:11,721][kfold_wrapper.log_eval_metrics] Accuracy(layer_3 - estimator_0 - 10_folds.train_9.predict)=88.35%
[ 2019-01-12 18:23:11,859][kfold_wrapper.log_eval_metrics] Accuracy(layer_3 - estimator_0 - 10_folds.train_cv.predict)=87.66%
[ 2019-01-12 18:23:11,862][kfold_wrapper.log_eval_metrics] Accuracy(layer_3 - estimator_0 - 10_folds.test.predict)=88.42%
[ 2019-01-12 18:23:12,898][kfold_wrapper.log_eval_metrics] Accuracy(layer_3 - estimator_1 - 10_folds.train_0.predict)=87.47%
[ 2019-01-12 18:23:14,057][kfold_wrapper.log_eval_metrics] Accuracy(layer_3 - estimator_1 - 10_folds.train_1.predict)=87.99%
[ 2019-01-12 18:23:15,216][kfold_wrapper.log_eval_metrics] Accuracy(layer_3 - estimator_1 - 10_folds.train_2.predict)=86.64%
[ 2019-01-12 18:23:16,383][kfold_wrapper.log_eval_metrics] Accuracy(layer_3 - estimator_1 - 10_folds.train_3.predict)=87.68%
[ 2019-01-12 18:23:17,619][kfold_wrapper.log_eval_metrics] Accuracy(layer_3 - estimator_1 - 10_folds.train_4.predict)=87.00%
[ 2019-01-12 18:23:18,741][kfold_wrapper.log_eval_metrics] Accuracy(layer_3 - estimator_1 - 10_folds.train_5.predict)=88.35%
[ 2019-01-12 18:23:19,890][kfold_wrapper.log_eval_metrics] Accuracy(layer_3 - estimator_1 - 10_folds.train_6.predict)=87.68%
[ 2019-01-12 18:23:21,024][kfold_wrapper.log_eval_metrics] Accuracy(layer_3 - estimator_1 - 10_folds.train_7.predict)=88.05%
[ 2019-01-12 18:23:22,172][kfold_wrapper.log_eval_metrics] Accuracy(layer_3 - estimator_1 - 10_folds.train_8.predict)=86.33%
[ 2019-01-12 18:23:23,300][kfold_wrapper.log_eval_metrics] Accuracy(layer_3 - estimator_1 - 10_folds.train_9.predict)=87.08%
[ 2019-01-12 18:23:23,423][kfold_wrapper.log_eval_metrics] Accuracy(layer_3 - estimator_1 - 10_folds.train_cv.predict)=87.43%
[ 2019-01-12 18:23:23,425][kfold_wrapper.log_eval_metrics] Accuracy(layer_3 - estimator_1 - 10_folds.test.predict)=88.57%
[ 2019-01-12 18:23:23,713][kfold_wrapper.log_eval_metrics] Accuracy(layer_3 - estimator_2 - 10_folds.train_0.predict)=88.90%
[ 2019-01-12 18:23:23,940][kfold_wrapper.log_eval_metrics] Accuracy(layer_3 - estimator_2 - 10_folds.train_1.predict)=88.44%
[ 2019-01-12 18:23:24,201][kfold_wrapper.log_eval_metrics] Accuracy(layer_3 - estimator_2 - 10_folds.train_2.predict)=87.39%
[ 2019-01-12 18:23:24,427][kfold_wrapper.log_eval_metrics] Accuracy(layer_3 - estimator_2 - 10_folds.train_3.predict)=87.83%
[ 2019-01-12 18:23:24,652][kfold_wrapper.log_eval_metrics] Accuracy(layer_3 - estimator_2 - 10_folds.train_4.predict)=87.23%
[ 2019-01-12 18:23:24,854][kfold_wrapper.log_eval_metrics] Accuracy(layer_3 - estimator_2 - 10_folds.train_5.predict)=86.63%
[ 2019-01-12 18:23:25,068][kfold_wrapper.log_eval_metrics] Accuracy(layer_3 - estimator_2 - 10_folds.train_6.predict)=88.43%
[ 2019-01-12 18:23:25,300][kfold_wrapper.log_eval_metrics] Accuracy(layer_3 - estimator_2 - 10_folds.train_7.predict)=88.35%
[ 2019-01-12 18:23:25,535][kfold_wrapper.log_eval_metrics] Accuracy(layer_3 - estimator_2 - 10_folds.train_8.predict)=87.08%
[ 2019-01-12 18:23:25,746][kfold_wrapper.log_eval_metrics] Accuracy(layer_3 - estimator_2 - 10_folds.train_9.predict)=87.90%
[ 2019-01-12 18:23:25,749][kfold_wrapper.log_eval_metrics] Accuracy(layer_3 - estimator_2 - 10_folds.train_cv.predict)=87.82%
[ 2019-01-12 18:23:25,752][kfold_wrapper.log_eval_metrics] Accuracy(layer_3 - estimator_2 - 10_folds.test.predict)=88.31%
[ 2019-01-12 18:23:25,757][cascade_classifier.calc_accuracy] Accuracy(layer_3 - train.classifier_average)=87.79%
[ 2019-01-12 18:23:25,758][cascade_classifier.calc_accuracy] Accuracy(layer_3 - test.classifier_average)=88.59%
[ 2019-01-12 18:23:25,760][cascade_classifier.fit_transform] [layer=4] look_indexs=[0], X_cur_train.shape=(13314, 16), X_cur_test.shape=(5706, 16)
[ 2019-01-12 18:23:28,038][kfold_wrapper.log_eval_metrics] Accuracy(layer_4 - estimator_0 - 10_folds.train_0.predict)=88.67%
[ 2019-01-12 18:23:30,525][kfold_wrapper.log_eval_metrics] Accuracy(layer_4 - estimator_0 - 10_folds.train_1.predict)=87.09%
[ 2019-01-12 18:23:32,868][kfold_wrapper.log_eval_metrics] Accuracy(layer_4 - estimator_0 - 10_folds.train_2.predict)=86.71%
[ 2019-01-12 18:23:35,249][kfold_wrapper.log_eval_metrics] Accuracy(layer_4 - estimator_0 - 10_folds.train_3.predict)=88.20%
[ 2019-01-12 18:23:37,632][kfold_wrapper.log_eval_metrics] Accuracy(layer_4 - estimator_0 - 10_folds.train_4.predict)=87.53%
[ 2019-01-12 18:23:40,030][kfold_wrapper.log_eval_metrics] Accuracy(layer_4 - estimator_0 - 10_folds.train_5.predict)=87.30%
[ 2019-01-12 18:23:42,511][kfold_wrapper.log_eval_metrics] Accuracy(layer_4 - estimator_0 - 10_folds.train_6.predict)=87.15%
[ 2019-01-12 18:23:44,892][kfold_wrapper.log_eval_metrics] Accuracy(layer_4 - estimator_0 - 10_folds.train_7.predict)=87.45%
[ 2019-01-12 18:23:47,276][kfold_wrapper.log_eval_metrics] Accuracy(layer_4 - estimator_0 - 10_folds.train_8.predict)=87.45%
[ 2019-01-12 18:23:49,718][kfold_wrapper.log_eval_metrics] Accuracy(layer_4 - estimator_0 - 10_folds.train_9.predict)=87.15%
[ 2019-01-12 18:23:49,856][kfold_wrapper.log_eval_metrics] Accuracy(layer_4 - estimator_0 - 10_folds.train_cv.predict)=87.47%
[ 2019-01-12 18:23:49,859][kfold_wrapper.log_eval_metrics] Accuracy(layer_4 - estimator_0 - 10_folds.test.predict)=88.43%
[ 2019-01-12 18:23:50,953][kfold_wrapper.log_eval_metrics] Accuracy(layer_4 - estimator_1 - 10_folds.train_0.predict)=88.67%
[ 2019-01-12 18:23:52,138][kfold_wrapper.log_eval_metrics] Accuracy(layer_4 - estimator_1 - 10_folds.train_1.predict)=87.69%
[ 2019-01-12 18:23:53,282][kfold_wrapper.log_eval_metrics] Accuracy(layer_4 - estimator_1 - 10_folds.train_2.predict)=86.34%
[ 2019-01-12 18:23:54,565][kfold_wrapper.log_eval_metrics] Accuracy(layer_4 - estimator_1 - 10_folds.train_3.predict)=88.20%
[ 2019-01-12 18:23:55,682][kfold_wrapper.log_eval_metrics] Accuracy(layer_4 - estimator_1 - 10_folds.train_4.predict)=87.00%
[ 2019-01-12 18:23:56,832][kfold_wrapper.log_eval_metrics] Accuracy(layer_4 - estimator_1 - 10_folds.train_5.predict)=87.90%
[ 2019-01-12 18:23:57,951][kfold_wrapper.log_eval_metrics] Accuracy(layer_4 - estimator_1 - 10_folds.train_6.predict)=87.60%
[ 2019-01-12 18:23:59,100][kfold_wrapper.log_eval_metrics] Accuracy(layer_4 - estimator_1 - 10_folds.train_7.predict)=86.93%
[ 2019-01-12 18:24:00,230][kfold_wrapper.log_eval_metrics] Accuracy(layer_4 - estimator_1 - 10_folds.train_8.predict)=87.45%
[ 2019-01-12 18:24:01,368][kfold_wrapper.log_eval_metrics] Accuracy(layer_4 - estimator_1 - 10_folds.train_9.predict)=86.70%
[ 2019-01-12 18:24:01,482][kfold_wrapper.log_eval_metrics] Accuracy(layer_4 - estimator_1 - 10_folds.train_cv.predict)=87.45%
[ 2019-01-12 18:24:01,484][kfold_wrapper.log_eval_metrics] Accuracy(layer_4 - estimator_1 - 10_folds.test.predict)=88.26%
[ 2019-01-12 18:24:01,702][kfold_wrapper.log_eval_metrics] Accuracy(layer_4 - estimator_2 - 10_folds.train_0.predict)=85.97%
[ 2019-01-12 18:24:01,903][kfold_wrapper.log_eval_metrics] Accuracy(layer_4 - estimator_2 - 10_folds.train_1.predict)=89.11%
[ 2019-01-12 18:24:02,087][kfold_wrapper.log_eval_metrics] Accuracy(layer_4 - estimator_2 - 10_folds.train_2.predict)=87.61%
[ 2019-01-12 18:24:02,335][kfold_wrapper.log_eval_metrics] Accuracy(layer_4 - estimator_2 - 10_folds.train_3.predict)=86.93%
[ 2019-01-12 18:24:02,572][kfold_wrapper.log_eval_metrics] Accuracy(layer_4 - estimator_2 - 10_folds.train_4.predict)=88.05%
[ 2019-01-12 18:24:02,812][kfold_wrapper.log_eval_metrics] Accuracy(layer_4 - estimator_2 - 10_folds.train_5.predict)=88.05%
[ 2019-01-12 18:24:03,025][kfold_wrapper.log_eval_metrics] Accuracy(layer_4 - estimator_2 - 10_folds.train_6.predict)=87.68%
[ 2019-01-12 18:24:03,275][kfold_wrapper.log_eval_metrics] Accuracy(layer_4 - estimator_2 - 10_folds.train_7.predict)=88.13%
[ 2019-01-12 18:24:03,516][kfold_wrapper.log_eval_metrics] Accuracy(layer_4 - estimator_2 - 10_folds.train_8.predict)=86.85%
[ 2019-01-12 18:24:03,733][kfold_wrapper.log_eval_metrics] Accuracy(layer_4 - estimator_2 - 10_folds.train_9.predict)=88.13%
[ 2019-01-12 18:24:03,735][kfold_wrapper.log_eval_metrics] Accuracy(layer_4 - estimator_2 - 10_folds.train_cv.predict)=87.65%
[ 2019-01-12 18:24:03,736][kfold_wrapper.log_eval_metrics] Accuracy(layer_4 - estimator_2 - 10_folds.test.predict)=88.38%
[ 2019-01-12 18:24:03,738][cascade_classifier.calc_accuracy] Accuracy(layer_4 - train.classifier_average)=87.84%
[ 2019-01-12 18:24:03,739][cascade_classifier.calc_accuracy] Accuracy(layer_4 - test.classifier_average)=88.36%
[ 2019-01-12 18:24:03,740][cascade_classifier.fit_transform] [Result][Optimal Level Detected] opt_layer_num=2, accuracy_train=88.01%, accuracy_test=88.47%
[ 2019-01-12 18:24:03,791][cascade_classifier.transform] X_groups_test.shape=[(5706, 10)]
[ 2019-01-12 18:24:03,794][cascade_classifier.transform] group_dims=[10]
[ 2019-01-12 18:24:03,802][cascade_classifier.transform] X_test.shape=(5706, 10)
[ 2019-01-12 18:24:03,811][cascade_classifier.transform] [layer=0] look_indexs=[0], X_cur_test.shape=(5706, 10)
[ 2019-01-12 18:24:06,261][cascade_classifier.transform] [layer=1] look_indexs=[0], X_cur_test.shape=(5706, 16)
