[ 2019-01-12 13:05:03,603][cascade_classifier.fit_transform] X_groups_train.shape=[(13314, 10)],y_train.shape=(13314,),X_groups_test.shape=[(5706, 10)],y_test.shape=(5706,)
[ 2019-01-12 13:05:03,619][cascade_classifier.fit_transform] group_dims=[10]
[ 2019-01-12 13:05:03,678][cascade_classifier.fit_transform] group_starts=[0]
[ 2019-01-12 13:05:03,681][cascade_classifier.fit_transform] group_ends=[10]
[ 2019-01-12 13:05:03,683][cascade_classifier.fit_transform] X_train.shape=(13314, 10),X_test.shape=(5706, 10)
[ 2019-01-12 13:05:03,687][cascade_classifier.fit_transform] [layer=0] look_indexs=[0], X_cur_train.shape=(13314, 10), X_cur_test.shape=(5706, 10)
[ 2019-01-12 13:05:07,315][kfold_wrapper.log_eval_metrics] Accuracy(layer_0 - estimator_0 - 10_folds.train_0.predict)=88.97%
[ 2019-01-12 13:05:10,156][kfold_wrapper.log_eval_metrics] Accuracy(layer_0 - estimator_0 - 10_folds.train_1.predict)=87.09%
[ 2019-01-12 13:05:12,758][kfold_wrapper.log_eval_metrics] Accuracy(layer_0 - estimator_0 - 10_folds.train_2.predict)=87.69%
[ 2019-01-12 13:05:15,452][kfold_wrapper.log_eval_metrics] Accuracy(layer_0 - estimator_0 - 10_folds.train_3.predict)=87.23%
[ 2019-01-12 13:05:18,026][kfold_wrapper.log_eval_metrics] Accuracy(layer_0 - estimator_0 - 10_folds.train_4.predict)=87.83%
[ 2019-01-12 13:05:20,625][kfold_wrapper.log_eval_metrics] Accuracy(layer_0 - estimator_0 - 10_folds.train_5.predict)=87.45%
[ 2019-01-12 13:05:23,219][kfold_wrapper.log_eval_metrics] Accuracy(layer_0 - estimator_0 - 10_folds.train_6.predict)=88.96%
[ 2019-01-12 13:05:25,804][kfold_wrapper.log_eval_metrics] Accuracy(layer_0 - estimator_0 - 10_folds.train_7.predict)=87.45%
[ 2019-01-12 13:05:28,277][kfold_wrapper.log_eval_metrics] Accuracy(layer_0 - estimator_0 - 10_folds.train_8.predict)=85.50%
[ 2019-01-12 13:05:30,872][kfold_wrapper.log_eval_metrics] Accuracy(layer_0 - estimator_0 - 10_folds.train_9.predict)=88.13%
[ 2019-01-12 13:05:30,981][kfold_wrapper.log_eval_metrics] Accuracy(layer_0 - estimator_0 - 10_folds.train_cv.predict)=87.63%
[ 2019-01-12 13:05:30,984][kfold_wrapper.log_eval_metrics] Accuracy(layer_0 - estimator_0 - 10_folds.test.predict)=88.26%
[ 2019-01-12 13:05:32,039][kfold_wrapper.log_eval_metrics] Accuracy(layer_0 - estimator_1 - 10_folds.train_0.predict)=86.80%
[ 2019-01-12 13:05:33,203][kfold_wrapper.log_eval_metrics] Accuracy(layer_0 - estimator_1 - 10_folds.train_1.predict)=88.66%
[ 2019-01-12 13:05:34,345][kfold_wrapper.log_eval_metrics] Accuracy(layer_0 - estimator_1 - 10_folds.train_2.predict)=87.01%
[ 2019-01-12 13:05:35,526][kfold_wrapper.log_eval_metrics] Accuracy(layer_0 - estimator_1 - 10_folds.train_3.predict)=87.08%
[ 2019-01-12 13:05:36,691][kfold_wrapper.log_eval_metrics] Accuracy(layer_0 - estimator_1 - 10_folds.train_4.predict)=87.75%
[ 2019-01-12 13:05:37,966][kfold_wrapper.log_eval_metrics] Accuracy(layer_0 - estimator_1 - 10_folds.train_5.predict)=86.25%
[ 2019-01-12 13:05:39,717][kfold_wrapper.log_eval_metrics] Accuracy(layer_0 - estimator_1 - 10_folds.train_6.predict)=87.15%
[ 2019-01-12 13:05:42,557][kfold_wrapper.log_eval_metrics] Accuracy(layer_0 - estimator_1 - 10_folds.train_7.predict)=86.78%
[ 2019-01-12 13:05:48,526][kfold_wrapper.log_eval_metrics] Accuracy(layer_0 - estimator_1 - 10_folds.train_8.predict)=86.93%
[ 2019-01-12 13:05:53,001][kfold_wrapper.log_eval_metrics] Accuracy(layer_0 - estimator_1 - 10_folds.train_9.predict)=87.30%
[ 2019-01-12 13:05:53,243][kfold_wrapper.log_eval_metrics] Accuracy(layer_0 - estimator_1 - 10_folds.train_cv.predict)=87.17%
[ 2019-01-12 13:05:53,250][kfold_wrapper.log_eval_metrics] Accuracy(layer_0 - estimator_1 - 10_folds.test.predict)=87.75%
[ 2019-01-12 13:05:56,823][kfold_wrapper.log_eval_metrics] Accuracy(layer_0 - estimator_2 - 10_folds.train_0.predict)=78.47%
[ 2019-01-12 13:05:57,040][kfold_wrapper.log_eval_metrics] Accuracy(layer_0 - estimator_2 - 10_folds.train_1.predict)=77.93%
[ 2019-01-12 13:05:57,220][kfold_wrapper.log_eval_metrics] Accuracy(layer_0 - estimator_2 - 10_folds.train_2.predict)=79.43%
[ 2019-01-12 13:05:57,421][kfold_wrapper.log_eval_metrics] Accuracy(layer_0 - estimator_2 - 10_folds.train_3.predict)=78.06%
[ 2019-01-12 13:05:57,624][kfold_wrapper.log_eval_metrics] Accuracy(layer_0 - estimator_2 - 10_folds.train_4.predict)=79.34%
[ 2019-01-12 13:05:57,768][kfold_wrapper.log_eval_metrics] Accuracy(layer_0 - estimator_2 - 10_folds.train_5.predict)=79.26%
[ 2019-01-12 13:05:57,984][kfold_wrapper.log_eval_metrics] Accuracy(layer_0 - estimator_2 - 10_folds.train_6.predict)=78.21%
[ 2019-01-12 13:05:58,211][kfold_wrapper.log_eval_metrics] Accuracy(layer_0 - estimator_2 - 10_folds.train_7.predict)=78.89%
[ 2019-01-12 13:05:58,419][kfold_wrapper.log_eval_metrics] Accuracy(layer_0 - estimator_2 - 10_folds.train_8.predict)=78.36%
[ 2019-01-12 13:05:58,623][kfold_wrapper.log_eval_metrics] Accuracy(layer_0 - estimator_2 - 10_folds.train_9.predict)=80.24%
[ 2019-01-12 13:05:58,625][kfold_wrapper.log_eval_metrics] Accuracy(layer_0 - estimator_2 - 10_folds.train_cv.predict)=78.82%
[ 2019-01-12 13:05:58,630][kfold_wrapper.log_eval_metrics] Accuracy(layer_0 - estimator_2 - 10_folds.test.predict)=79.09%
[ 2019-01-12 13:05:58,634][cascade_classifier.calc_accuracy] Accuracy(layer_0 - train.classifier_average)=86.63%
[ 2019-01-12 13:05:58,637][cascade_classifier.calc_accuracy] Accuracy(layer_0 - test.classifier_average)=87.12%
[ 2019-01-12 13:05:58,665][cascade_classifier.fit_transform] [layer=1] look_indexs=[0], X_cur_train.shape=(13314, 16), X_cur_test.shape=(5706, 16)
[ 2019-01-12 13:06:00,936][kfold_wrapper.log_eval_metrics] Accuracy(layer_1 - estimator_0 - 10_folds.train_0.predict)=88.37%
[ 2019-01-12 13:06:03,275][kfold_wrapper.log_eval_metrics] Accuracy(layer_1 - estimator_0 - 10_folds.train_1.predict)=87.31%
[ 2019-01-12 13:06:05,506][kfold_wrapper.log_eval_metrics] Accuracy(layer_1 - estimator_0 - 10_folds.train_2.predict)=86.41%
[ 2019-01-12 13:06:07,875][kfold_wrapper.log_eval_metrics] Accuracy(layer_1 - estimator_0 - 10_folds.train_3.predict)=87.75%
[ 2019-01-12 13:06:10,226][kfold_wrapper.log_eval_metrics] Accuracy(layer_1 - estimator_0 - 10_folds.train_4.predict)=87.75%
[ 2019-01-12 13:06:12,468][kfold_wrapper.log_eval_metrics] Accuracy(layer_1 - estimator_0 - 10_folds.train_5.predict)=86.85%
[ 2019-01-12 13:06:14,825][kfold_wrapper.log_eval_metrics] Accuracy(layer_1 - estimator_0 - 10_folds.train_6.predict)=89.86%
[ 2019-01-12 13:06:17,209][kfold_wrapper.log_eval_metrics] Accuracy(layer_1 - estimator_0 - 10_folds.train_7.predict)=87.45%
[ 2019-01-12 13:06:19,609][kfold_wrapper.log_eval_metrics] Accuracy(layer_1 - estimator_0 - 10_folds.train_8.predict)=88.13%
[ 2019-01-12 13:06:22,053][kfold_wrapper.log_eval_metrics] Accuracy(layer_1 - estimator_0 - 10_folds.train_9.predict)=87.15%
[ 2019-01-12 13:06:22,189][kfold_wrapper.log_eval_metrics] Accuracy(layer_1 - estimator_0 - 10_folds.train_cv.predict)=87.70%
[ 2019-01-12 13:06:22,191][kfold_wrapper.log_eval_metrics] Accuracy(layer_1 - estimator_0 - 10_folds.test.predict)=88.59%
[ 2019-01-12 13:06:23,240][kfold_wrapper.log_eval_metrics] Accuracy(layer_1 - estimator_1 - 10_folds.train_0.predict)=85.75%
[ 2019-01-12 13:06:24,525][kfold_wrapper.log_eval_metrics] Accuracy(layer_1 - estimator_1 - 10_folds.train_1.predict)=87.99%
[ 2019-01-12 13:06:25,706][kfold_wrapper.log_eval_metrics] Accuracy(layer_1 - estimator_1 - 10_folds.train_2.predict)=86.64%
[ 2019-01-12 13:06:27,004][kfold_wrapper.log_eval_metrics] Accuracy(layer_1 - estimator_1 - 10_folds.train_3.predict)=87.75%
[ 2019-01-12 13:06:28,150][kfold_wrapper.log_eval_metrics] Accuracy(layer_1 - estimator_1 - 10_folds.train_4.predict)=87.98%
[ 2019-01-12 13:06:30,588][kfold_wrapper.log_eval_metrics] Accuracy(layer_1 - estimator_1 - 10_folds.train_5.predict)=88.13%
[ 2019-01-12 13:06:31,762][kfold_wrapper.log_eval_metrics] Accuracy(layer_1 - estimator_1 - 10_folds.train_6.predict)=87.08%
[ 2019-01-12 13:06:32,995][kfold_wrapper.log_eval_metrics] Accuracy(layer_1 - estimator_1 - 10_folds.train_7.predict)=88.96%
[ 2019-01-12 13:06:34,110][kfold_wrapper.log_eval_metrics] Accuracy(layer_1 - estimator_1 - 10_folds.train_8.predict)=87.38%
[ 2019-01-12 13:06:35,232][kfold_wrapper.log_eval_metrics] Accuracy(layer_1 - estimator_1 - 10_folds.train_9.predict)=87.23%
[ 2019-01-12 13:06:35,347][kfold_wrapper.log_eval_metrics] Accuracy(layer_1 - estimator_1 - 10_folds.train_cv.predict)=87.49%
[ 2019-01-12 13:06:35,349][kfold_wrapper.log_eval_metrics] Accuracy(layer_1 - estimator_1 - 10_folds.test.predict)=88.36%
[ 2019-01-12 13:06:36,225][kfold_wrapper.log_eval_metrics] Accuracy(layer_1 - estimator_2 - 10_folds.train_0.predict)=85.97%
[ 2019-01-12 13:06:36,463][kfold_wrapper.log_eval_metrics] Accuracy(layer_1 - estimator_2 - 10_folds.train_1.predict)=88.29%
[ 2019-01-12 13:06:36,692][kfold_wrapper.log_eval_metrics] Accuracy(layer_1 - estimator_2 - 10_folds.train_2.predict)=88.74%
[ 2019-01-12 13:06:36,992][kfold_wrapper.log_eval_metrics] Accuracy(layer_1 - estimator_2 - 10_folds.train_3.predict)=88.20%
[ 2019-01-12 13:06:37,278][kfold_wrapper.log_eval_metrics] Accuracy(layer_1 - estimator_2 - 10_folds.train_4.predict)=87.08%
[ 2019-01-12 13:06:37,560][kfold_wrapper.log_eval_metrics] Accuracy(layer_1 - estimator_2 - 10_folds.train_5.predict)=86.63%
[ 2019-01-12 13:06:37,809][kfold_wrapper.log_eval_metrics] Accuracy(layer_1 - estimator_2 - 10_folds.train_6.predict)=87.38%
[ 2019-01-12 13:06:38,027][kfold_wrapper.log_eval_metrics] Accuracy(layer_1 - estimator_2 - 10_folds.train_7.predict)=88.66%
[ 2019-01-12 13:06:38,287][kfold_wrapper.log_eval_metrics] Accuracy(layer_1 - estimator_2 - 10_folds.train_8.predict)=89.93%
[ 2019-01-12 13:06:38,521][kfold_wrapper.log_eval_metrics] Accuracy(layer_1 - estimator_2 - 10_folds.train_9.predict)=87.83%
[ 2019-01-12 13:06:38,524][kfold_wrapper.log_eval_metrics] Accuracy(layer_1 - estimator_2 - 10_folds.train_cv.predict)=87.87%
[ 2019-01-12 13:06:38,526][kfold_wrapper.log_eval_metrics] Accuracy(layer_1 - estimator_2 - 10_folds.test.predict)=88.19%
[ 2019-01-12 13:06:38,528][cascade_classifier.calc_accuracy] Accuracy(layer_1 - train.classifier_average)=88.01%
[ 2019-01-12 13:06:38,530][cascade_classifier.calc_accuracy] Accuracy(layer_1 - test.classifier_average)=88.47%
[ 2019-01-12 13:06:38,578][cascade_classifier.fit_transform] [layer=2] look_indexs=[0], X_cur_train.shape=(13314, 16), X_cur_test.shape=(5706, 16)
[ 2019-01-12 13:06:40,975][kfold_wrapper.log_eval_metrics] Accuracy(layer_2 - estimator_0 - 10_folds.train_0.predict)=87.47%
[ 2019-01-12 13:06:43,340][kfold_wrapper.log_eval_metrics] Accuracy(layer_2 - estimator_0 - 10_folds.train_1.predict)=89.11%
[ 2019-01-12 13:06:45,912][kfold_wrapper.log_eval_metrics] Accuracy(layer_2 - estimator_0 - 10_folds.train_2.predict)=88.14%
[ 2019-01-12 13:06:48,158][kfold_wrapper.log_eval_metrics] Accuracy(layer_2 - estimator_0 - 10_folds.train_3.predict)=86.85%
[ 2019-01-12 13:06:50,568][kfold_wrapper.log_eval_metrics] Accuracy(layer_2 - estimator_0 - 10_folds.train_4.predict)=87.53%
[ 2019-01-12 13:06:53,039][kfold_wrapper.log_eval_metrics] Accuracy(layer_2 - estimator_0 - 10_folds.train_5.predict)=87.98%
[ 2019-01-12 13:06:55,412][kfold_wrapper.log_eval_metrics] Accuracy(layer_2 - estimator_0 - 10_folds.train_6.predict)=88.28%
[ 2019-01-12 13:06:57,891][kfold_wrapper.log_eval_metrics] Accuracy(layer_2 - estimator_0 - 10_folds.train_7.predict)=88.20%
[ 2019-01-12 13:07:00,276][kfold_wrapper.log_eval_metrics] Accuracy(layer_2 - estimator_0 - 10_folds.train_8.predict)=86.33%
[ 2019-01-12 13:07:02,806][kfold_wrapper.log_eval_metrics] Accuracy(layer_2 - estimator_0 - 10_folds.train_9.predict)=86.93%
[ 2019-01-12 13:07:02,947][kfold_wrapper.log_eval_metrics] Accuracy(layer_2 - estimator_0 - 10_folds.train_cv.predict)=87.68%
[ 2019-01-12 13:07:02,951][kfold_wrapper.log_eval_metrics] Accuracy(layer_2 - estimator_0 - 10_folds.test.predict)=88.47%
[ 2019-01-12 13:07:04,111][kfold_wrapper.log_eval_metrics] Accuracy(layer_2 - estimator_1 - 10_folds.train_0.predict)=88.22%
[ 2019-01-12 13:07:05,232][kfold_wrapper.log_eval_metrics] Accuracy(layer_2 - estimator_1 - 10_folds.train_1.predict)=86.34%
[ 2019-01-12 13:07:06,367][kfold_wrapper.log_eval_metrics] Accuracy(layer_2 - estimator_1 - 10_folds.train_2.predict)=88.36%
[ 2019-01-12 13:07:07,505][kfold_wrapper.log_eval_metrics] Accuracy(layer_2 - estimator_1 - 10_folds.train_3.predict)=86.33%
[ 2019-01-12 13:07:08,761][kfold_wrapper.log_eval_metrics] Accuracy(layer_2 - estimator_1 - 10_folds.train_4.predict)=87.30%
[ 2019-01-12 13:07:10,015][kfold_wrapper.log_eval_metrics] Accuracy(layer_2 - estimator_1 - 10_folds.train_5.predict)=86.78%
[ 2019-01-12 13:07:11,171][kfold_wrapper.log_eval_metrics] Accuracy(layer_2 - estimator_1 - 10_folds.train_6.predict)=88.20%
[ 2019-01-12 13:07:12,346][kfold_wrapper.log_eval_metrics] Accuracy(layer_2 - estimator_1 - 10_folds.train_7.predict)=88.66%
[ 2019-01-12 13:07:13,505][kfold_wrapper.log_eval_metrics] Accuracy(layer_2 - estimator_1 - 10_folds.train_8.predict)=87.90%
[ 2019-01-12 13:07:14,774][kfold_wrapper.log_eval_metrics] Accuracy(layer_2 - estimator_1 - 10_folds.train_9.predict)=87.90%
[ 2019-01-12 13:07:14,889][kfold_wrapper.log_eval_metrics] Accuracy(layer_2 - estimator_1 - 10_folds.train_cv.predict)=87.60%
[ 2019-01-12 13:07:14,891][kfold_wrapper.log_eval_metrics] Accuracy(layer_2 - estimator_1 - 10_folds.test.predict)=88.31%
[ 2019-01-12 13:07:16,611][kfold_wrapper.log_eval_metrics] Accuracy(layer_2 - estimator_2 - 10_folds.train_0.predict)=89.05%
[ 2019-01-12 13:07:16,843][kfold_wrapper.log_eval_metrics] Accuracy(layer_2 - estimator_2 - 10_folds.train_1.predict)=89.79%
[ 2019-01-12 13:07:17,070][kfold_wrapper.log_eval_metrics] Accuracy(layer_2 - estimator_2 - 10_folds.train_2.predict)=87.91%
[ 2019-01-12 13:07:17,289][kfold_wrapper.log_eval_metrics] Accuracy(layer_2 - estimator_2 - 10_folds.train_3.predict)=88.58%
[ 2019-01-12 13:07:17,528][kfold_wrapper.log_eval_metrics] Accuracy(layer_2 - estimator_2 - 10_folds.train_4.predict)=87.00%
[ 2019-01-12 13:07:17,784][kfold_wrapper.log_eval_metrics] Accuracy(layer_2 - estimator_2 - 10_folds.train_5.predict)=86.70%
[ 2019-01-12 13:07:18,084][kfold_wrapper.log_eval_metrics] Accuracy(layer_2 - estimator_2 - 10_folds.train_6.predict)=87.53%
[ 2019-01-12 13:07:18,331][kfold_wrapper.log_eval_metrics] Accuracy(layer_2 - estimator_2 - 10_folds.train_7.predict)=87.15%
[ 2019-01-12 13:07:18,582][kfold_wrapper.log_eval_metrics] Accuracy(layer_2 - estimator_2 - 10_folds.train_8.predict)=88.73%
[ 2019-01-12 13:07:18,809][kfold_wrapper.log_eval_metrics] Accuracy(layer_2 - estimator_2 - 10_folds.train_9.predict)=86.93%
[ 2019-01-12 13:07:18,812][kfold_wrapper.log_eval_metrics] Accuracy(layer_2 - estimator_2 - 10_folds.train_cv.predict)=87.94%
[ 2019-01-12 13:07:18,815][kfold_wrapper.log_eval_metrics] Accuracy(layer_2 - estimator_2 - 10_folds.test.predict)=88.52%
[ 2019-01-12 13:07:18,817][cascade_classifier.calc_accuracy] Accuracy(layer_2 - train.classifier_average)=87.95%
[ 2019-01-12 13:07:18,819][cascade_classifier.calc_accuracy] Accuracy(layer_2 - test.classifier_average)=88.54%
[ 2019-01-12 13:07:18,822][cascade_classifier.fit_transform] [layer=3] look_indexs=[0], X_cur_train.shape=(13314, 16), X_cur_test.shape=(5706, 16)
[ 2019-01-12 13:07:21,083][kfold_wrapper.log_eval_metrics] Accuracy(layer_3 - estimator_0 - 10_folds.train_0.predict)=88.45%
[ 2019-01-12 13:07:23,460][kfold_wrapper.log_eval_metrics] Accuracy(layer_3 - estimator_0 - 10_folds.train_1.predict)=87.46%
[ 2019-01-12 13:07:25,839][kfold_wrapper.log_eval_metrics] Accuracy(layer_3 - estimator_0 - 10_folds.train_2.predict)=86.86%
[ 2019-01-12 13:07:28,329][kfold_wrapper.log_eval_metrics] Accuracy(layer_3 - estimator_0 - 10_folds.train_3.predict)=88.28%
[ 2019-01-12 13:07:30,585][kfold_wrapper.log_eval_metrics] Accuracy(layer_3 - estimator_0 - 10_folds.train_4.predict)=87.08%
[ 2019-01-12 13:07:32,941][kfold_wrapper.log_eval_metrics] Accuracy(layer_3 - estimator_0 - 10_folds.train_5.predict)=87.15%
[ 2019-01-12 13:07:35,314][kfold_wrapper.log_eval_metrics] Accuracy(layer_3 - estimator_0 - 10_folds.train_6.predict)=87.23%
[ 2019-01-12 13:07:37,680][kfold_wrapper.log_eval_metrics] Accuracy(layer_3 - estimator_0 - 10_folds.train_7.predict)=87.75%
[ 2019-01-12 13:07:40,094][kfold_wrapper.log_eval_metrics] Accuracy(layer_3 - estimator_0 - 10_folds.train_8.predict)=87.98%
[ 2019-01-12 13:07:44,560][kfold_wrapper.log_eval_metrics] Accuracy(layer_3 - estimator_0 - 10_folds.train_9.predict)=88.35%
[ 2019-01-12 13:07:44,672][kfold_wrapper.log_eval_metrics] Accuracy(layer_3 - estimator_0 - 10_folds.train_cv.predict)=87.66%
[ 2019-01-12 13:07:44,674][kfold_wrapper.log_eval_metrics] Accuracy(layer_3 - estimator_0 - 10_folds.test.predict)=88.42%
[ 2019-01-12 13:07:45,863][kfold_wrapper.log_eval_metrics] Accuracy(layer_3 - estimator_1 - 10_folds.train_0.predict)=87.47%
[ 2019-01-12 13:07:47,062][kfold_wrapper.log_eval_metrics] Accuracy(layer_3 - estimator_1 - 10_folds.train_1.predict)=87.99%
[ 2019-01-12 13:07:49,257][kfold_wrapper.log_eval_metrics] Accuracy(layer_3 - estimator_1 - 10_folds.train_2.predict)=86.64%
[ 2019-01-12 13:07:51,065][kfold_wrapper.log_eval_metrics] Accuracy(layer_3 - estimator_1 - 10_folds.train_3.predict)=87.68%
[ 2019-01-12 13:07:52,213][kfold_wrapper.log_eval_metrics] Accuracy(layer_3 - estimator_1 - 10_folds.train_4.predict)=87.00%
[ 2019-01-12 13:07:53,383][kfold_wrapper.log_eval_metrics] Accuracy(layer_3 - estimator_1 - 10_folds.train_5.predict)=88.35%
[ 2019-01-12 13:07:55,719][kfold_wrapper.log_eval_metrics] Accuracy(layer_3 - estimator_1 - 10_folds.train_6.predict)=87.68%
[ 2019-01-12 13:07:56,970][kfold_wrapper.log_eval_metrics] Accuracy(layer_3 - estimator_1 - 10_folds.train_7.predict)=88.05%
[ 2019-01-12 13:07:58,093][kfold_wrapper.log_eval_metrics] Accuracy(layer_3 - estimator_1 - 10_folds.train_8.predict)=86.33%
[ 2019-01-12 13:07:59,245][kfold_wrapper.log_eval_metrics] Accuracy(layer_3 - estimator_1 - 10_folds.train_9.predict)=87.08%
[ 2019-01-12 13:07:59,362][kfold_wrapper.log_eval_metrics] Accuracy(layer_3 - estimator_1 - 10_folds.train_cv.predict)=87.43%
[ 2019-01-12 13:07:59,364][kfold_wrapper.log_eval_metrics] Accuracy(layer_3 - estimator_1 - 10_folds.test.predict)=88.57%
[ 2019-01-12 13:08:00,362][kfold_wrapper.log_eval_metrics] Accuracy(layer_3 - estimator_2 - 10_folds.train_0.predict)=88.90%
[ 2019-01-12 13:08:00,578][kfold_wrapper.log_eval_metrics] Accuracy(layer_3 - estimator_2 - 10_folds.train_1.predict)=88.44%
[ 2019-01-12 13:08:00,803][kfold_wrapper.log_eval_metrics] Accuracy(layer_3 - estimator_2 - 10_folds.train_2.predict)=87.39%
[ 2019-01-12 13:08:01,035][kfold_wrapper.log_eval_metrics] Accuracy(layer_3 - estimator_2 - 10_folds.train_3.predict)=87.83%
[ 2019-01-12 13:08:01,273][kfold_wrapper.log_eval_metrics] Accuracy(layer_3 - estimator_2 - 10_folds.train_4.predict)=87.23%
[ 2019-01-12 13:08:01,494][kfold_wrapper.log_eval_metrics] Accuracy(layer_3 - estimator_2 - 10_folds.train_5.predict)=86.63%
[ 2019-01-12 13:08:01,759][kfold_wrapper.log_eval_metrics] Accuracy(layer_3 - estimator_2 - 10_folds.train_6.predict)=88.43%
[ 2019-01-12 13:08:01,996][kfold_wrapper.log_eval_metrics] Accuracy(layer_3 - estimator_2 - 10_folds.train_7.predict)=88.35%
[ 2019-01-12 13:08:02,250][kfold_wrapper.log_eval_metrics] Accuracy(layer_3 - estimator_2 - 10_folds.train_8.predict)=87.08%
[ 2019-01-12 13:08:02,475][kfold_wrapper.log_eval_metrics] Accuracy(layer_3 - estimator_2 - 10_folds.train_9.predict)=87.90%
[ 2019-01-12 13:08:02,478][kfold_wrapper.log_eval_metrics] Accuracy(layer_3 - estimator_2 - 10_folds.train_cv.predict)=87.82%
[ 2019-01-12 13:08:02,480][kfold_wrapper.log_eval_metrics] Accuracy(layer_3 - estimator_2 - 10_folds.test.predict)=88.31%
[ 2019-01-12 13:08:02,482][cascade_classifier.calc_accuracy] Accuracy(layer_3 - train.classifier_average)=87.79%
[ 2019-01-12 13:08:02,484][cascade_classifier.calc_accuracy] Accuracy(layer_3 - test.classifier_average)=88.59%
[ 2019-01-12 13:08:02,487][cascade_classifier.fit_transform] [layer=4] look_indexs=[0], X_cur_train.shape=(13314, 16), X_cur_test.shape=(5706, 16)
[ 2019-01-12 13:08:04,798][kfold_wrapper.log_eval_metrics] Accuracy(layer_4 - estimator_0 - 10_folds.train_0.predict)=88.67%
[ 2019-01-12 13:08:07,329][kfold_wrapper.log_eval_metrics] Accuracy(layer_4 - estimator_0 - 10_folds.train_1.predict)=87.09%
[ 2019-01-12 13:08:09,718][kfold_wrapper.log_eval_metrics] Accuracy(layer_4 - estimator_0 - 10_folds.train_2.predict)=86.71%
[ 2019-01-12 13:08:12,124][kfold_wrapper.log_eval_metrics] Accuracy(layer_4 - estimator_0 - 10_folds.train_3.predict)=88.20%
[ 2019-01-12 13:08:14,286][kfold_wrapper.log_eval_metrics] Accuracy(layer_4 - estimator_0 - 10_folds.train_4.predict)=87.53%
[ 2019-01-12 13:08:16,563][kfold_wrapper.log_eval_metrics] Accuracy(layer_4 - estimator_0 - 10_folds.train_5.predict)=87.30%
[ 2019-01-12 13:08:18,719][kfold_wrapper.log_eval_metrics] Accuracy(layer_4 - estimator_0 - 10_folds.train_6.predict)=87.15%
[ 2019-01-12 13:08:21,055][kfold_wrapper.log_eval_metrics] Accuracy(layer_4 - estimator_0 - 10_folds.train_7.predict)=87.45%
[ 2019-01-12 13:08:24,097][kfold_wrapper.log_eval_metrics] Accuracy(layer_4 - estimator_0 - 10_folds.train_8.predict)=87.45%
[ 2019-01-12 13:08:26,848][kfold_wrapper.log_eval_metrics] Accuracy(layer_4 - estimator_0 - 10_folds.train_9.predict)=87.15%
[ 2019-01-12 13:08:26,965][kfold_wrapper.log_eval_metrics] Accuracy(layer_4 - estimator_0 - 10_folds.train_cv.predict)=87.47%
[ 2019-01-12 13:08:26,967][kfold_wrapper.log_eval_metrics] Accuracy(layer_4 - estimator_0 - 10_folds.test.predict)=88.43%
[ 2019-01-12 13:08:28,209][kfold_wrapper.log_eval_metrics] Accuracy(layer_4 - estimator_1 - 10_folds.train_0.predict)=88.67%
[ 2019-01-12 13:08:29,355][kfold_wrapper.log_eval_metrics] Accuracy(layer_4 - estimator_1 - 10_folds.train_1.predict)=87.69%
[ 2019-01-12 13:08:35,370][kfold_wrapper.log_eval_metrics] Accuracy(layer_4 - estimator_1 - 10_folds.train_2.predict)=86.34%
[ 2019-01-12 13:08:39,761][kfold_wrapper.log_eval_metrics] Accuracy(layer_4 - estimator_1 - 10_folds.train_3.predict)=88.20%
[ 2019-01-12 13:08:42,567][kfold_wrapper.log_eval_metrics] Accuracy(layer_4 - estimator_1 - 10_folds.train_4.predict)=87.00%
[ 2019-01-12 13:08:45,688][kfold_wrapper.log_eval_metrics] Accuracy(layer_4 - estimator_1 - 10_folds.train_5.predict)=87.90%
[ 2019-01-12 13:08:47,521][kfold_wrapper.log_eval_metrics] Accuracy(layer_4 - estimator_1 - 10_folds.train_6.predict)=87.60%
[ 2019-01-12 13:08:49,310][kfold_wrapper.log_eval_metrics] Accuracy(layer_4 - estimator_1 - 10_folds.train_7.predict)=86.93%
[ 2019-01-12 13:08:51,201][kfold_wrapper.log_eval_metrics] Accuracy(layer_4 - estimator_1 - 10_folds.train_8.predict)=87.45%
[ 2019-01-12 13:08:52,717][kfold_wrapper.log_eval_metrics] Accuracy(layer_4 - estimator_1 - 10_folds.train_9.predict)=86.70%
[ 2019-01-12 13:08:52,829][kfold_wrapper.log_eval_metrics] Accuracy(layer_4 - estimator_1 - 10_folds.train_cv.predict)=87.45%
[ 2019-01-12 13:08:52,838][kfold_wrapper.log_eval_metrics] Accuracy(layer_4 - estimator_1 - 10_folds.test.predict)=88.26%
[ 2019-01-12 13:08:56,162][kfold_wrapper.log_eval_metrics] Accuracy(layer_4 - estimator_2 - 10_folds.train_0.predict)=85.97%
[ 2019-01-12 13:08:56,354][kfold_wrapper.log_eval_metrics] Accuracy(layer_4 - estimator_2 - 10_folds.train_1.predict)=89.11%
[ 2019-01-12 13:08:56,533][kfold_wrapper.log_eval_metrics] Accuracy(layer_4 - estimator_2 - 10_folds.train_2.predict)=87.61%
[ 2019-01-12 13:08:56,758][kfold_wrapper.log_eval_metrics] Accuracy(layer_4 - estimator_2 - 10_folds.train_3.predict)=86.93%
[ 2019-01-12 13:08:56,971][kfold_wrapper.log_eval_metrics] Accuracy(layer_4 - estimator_2 - 10_folds.train_4.predict)=88.05%
[ 2019-01-12 13:08:57,188][kfold_wrapper.log_eval_metrics] Accuracy(layer_4 - estimator_2 - 10_folds.train_5.predict)=88.05%
[ 2019-01-12 13:08:57,374][kfold_wrapper.log_eval_metrics] Accuracy(layer_4 - estimator_2 - 10_folds.train_6.predict)=87.68%
[ 2019-01-12 13:08:57,594][kfold_wrapper.log_eval_metrics] Accuracy(layer_4 - estimator_2 - 10_folds.train_7.predict)=88.13%
[ 2019-01-12 13:08:57,807][kfold_wrapper.log_eval_metrics] Accuracy(layer_4 - estimator_2 - 10_folds.train_8.predict)=86.85%
[ 2019-01-12 13:08:58,004][kfold_wrapper.log_eval_metrics] Accuracy(layer_4 - estimator_2 - 10_folds.train_9.predict)=88.13%
[ 2019-01-12 13:08:58,006][kfold_wrapper.log_eval_metrics] Accuracy(layer_4 - estimator_2 - 10_folds.train_cv.predict)=87.65%
[ 2019-01-12 13:08:58,007][kfold_wrapper.log_eval_metrics] Accuracy(layer_4 - estimator_2 - 10_folds.test.predict)=88.38%
[ 2019-01-12 13:08:58,009][cascade_classifier.calc_accuracy] Accuracy(layer_4 - train.classifier_average)=87.84%
[ 2019-01-12 13:08:58,010][cascade_classifier.calc_accuracy] Accuracy(layer_4 - test.classifier_average)=88.36%
[ 2019-01-12 13:08:58,011][cascade_classifier.fit_transform] [Result][Optimal Level Detected] opt_layer_num=2, accuracy_train=88.01%, accuracy_test=88.47%
[ 2019-01-12 13:08:59,151][cascade_classifier.transform] X_groups_test.shape=[(5706, 10)]
[ 2019-01-12 13:08:59,366][cascade_classifier.transform] group_dims=[10]
[ 2019-01-12 13:08:59,368][cascade_classifier.transform] X_test.shape=(5706, 10)
[ 2019-01-12 13:08:59,370][cascade_classifier.transform] [layer=0] look_indexs=[0], X_cur_test.shape=(5706, 10)
[ 2019-01-12 13:09:01,697][cascade_classifier.transform] [layer=1] look_indexs=[0], X_cur_test.shape=(5706, 16)
