[ 2018-07-31 16:39:34,038][cascade_classifier.fit_transform] X_groups_train.shape=[(4761, 21)],y_train.shape=(4761,),X_groups_test.shape=[(2041, 21)],y_test.shape=(2041,)
[ 2018-07-31 16:39:34,040][cascade_classifier.fit_transform] group_dims=[21]
[ 2018-07-31 16:39:34,041][cascade_classifier.fit_transform] group_starts=[0]
[ 2018-07-31 16:39:34,042][cascade_classifier.fit_transform] group_ends=[21]
[ 2018-07-31 16:39:34,043][cascade_classifier.fit_transform] X_train.shape=(4761, 21),X_test.shape=(2041, 21)
[ 2018-07-31 16:39:34,045][cascade_classifier.fit_transform] [layer=0] look_indexs=[0], X_cur_train.shape=(4761, 21), X_cur_test.shape=(2041, 21)
[ 2018-07-31 16:39:34,603][kfold_wrapper.log_eval_metrics] Accuracy(layer_0 - estimator_0 - 10_folds.train_0.predict)=99.16%
[ 2018-07-31 16:39:35,437][kfold_wrapper.log_eval_metrics] Accuracy(layer_0 - estimator_0 - 10_folds.train_1.predict)=100.00%
[ 2018-07-31 16:39:36,063][kfold_wrapper.log_eval_metrics] Accuracy(layer_0 - estimator_0 - 10_folds.train_2.predict)=99.37%
[ 2018-07-31 16:39:36,921][kfold_wrapper.log_eval_metrics] Accuracy(layer_0 - estimator_0 - 10_folds.train_3.predict)=99.58%
[ 2018-07-31 16:39:37,637][kfold_wrapper.log_eval_metrics] Accuracy(layer_0 - estimator_0 - 10_folds.train_4.predict)=99.16%
[ 2018-07-31 16:39:38,377][kfold_wrapper.log_eval_metrics] Accuracy(layer_0 - estimator_0 - 10_folds.train_5.predict)=99.79%
[ 2018-07-31 16:39:38,977][kfold_wrapper.log_eval_metrics] Accuracy(layer_0 - estimator_0 - 10_folds.train_6.predict)=98.95%
[ 2018-07-31 16:39:39,723][kfold_wrapper.log_eval_metrics] Accuracy(layer_0 - estimator_0 - 10_folds.train_7.predict)=99.37%
[ 2018-07-31 16:39:40,438][kfold_wrapper.log_eval_metrics] Accuracy(layer_0 - estimator_0 - 10_folds.train_8.predict)=98.95%
[ 2018-07-31 16:39:41,153][kfold_wrapper.log_eval_metrics] Accuracy(layer_0 - estimator_0 - 10_folds.train_9.predict)=99.16%
[ 2018-07-31 16:39:41,374][kfold_wrapper.log_eval_metrics] Accuracy(layer_0 - estimator_0 - 10_folds.train_cv.predict)=99.35%
[ 2018-07-31 16:39:41,375][kfold_wrapper.log_eval_metrics] Accuracy(layer_0 - estimator_0 - 10_folds.test.predict)=99.56%
[ 2018-07-31 16:39:41,879][kfold_wrapper.log_eval_metrics] Accuracy(layer_0 - estimator_1 - 10_folds.train_0.predict)=98.74%
[ 2018-07-31 16:39:42,605][kfold_wrapper.log_eval_metrics] Accuracy(layer_0 - estimator_1 - 10_folds.train_1.predict)=99.16%
[ 2018-07-31 16:39:43,331][kfold_wrapper.log_eval_metrics] Accuracy(layer_0 - estimator_1 - 10_folds.train_2.predict)=98.53%
[ 2018-07-31 16:39:44,170][kfold_wrapper.log_eval_metrics] Accuracy(layer_0 - estimator_1 - 10_folds.train_3.predict)=98.74%
[ 2018-07-31 16:39:45,013][kfold_wrapper.log_eval_metrics] Accuracy(layer_0 - estimator_1 - 10_folds.train_4.predict)=99.16%
[ 2018-07-31 16:39:45,856][kfold_wrapper.log_eval_metrics] Accuracy(layer_0 - estimator_1 - 10_folds.train_5.predict)=98.74%
[ 2018-07-31 16:39:46,590][kfold_wrapper.log_eval_metrics] Accuracy(layer_0 - estimator_1 - 10_folds.train_6.predict)=98.74%
[ 2018-07-31 16:39:47,366][kfold_wrapper.log_eval_metrics] Accuracy(layer_0 - estimator_1 - 10_folds.train_7.predict)=98.74%
[ 2018-07-31 16:39:48,094][kfold_wrapper.log_eval_metrics] Accuracy(layer_0 - estimator_1 - 10_folds.train_8.predict)=98.53%
[ 2018-07-31 16:39:48,965][kfold_wrapper.log_eval_metrics] Accuracy(layer_0 - estimator_1 - 10_folds.train_9.predict)=99.58%
[ 2018-07-31 16:39:49,212][kfold_wrapper.log_eval_metrics] Accuracy(layer_0 - estimator_1 - 10_folds.train_cv.predict)=98.87%
[ 2018-07-31 16:39:49,213][kfold_wrapper.log_eval_metrics] Accuracy(layer_0 - estimator_1 - 10_folds.test.predict)=98.97%
[ 2018-07-31 16:39:49,241][kfold_wrapper.log_eval_metrics] Accuracy(layer_0 - estimator_2 - 10_folds.train_0.predict)=97.90%
[ 2018-07-31 16:39:49,255][kfold_wrapper.log_eval_metrics] Accuracy(layer_0 - estimator_2 - 10_folds.train_1.predict)=97.90%
[ 2018-07-31 16:39:49,267][kfold_wrapper.log_eval_metrics] Accuracy(layer_0 - estimator_2 - 10_folds.train_2.predict)=97.90%
[ 2018-07-31 16:39:49,282][kfold_wrapper.log_eval_metrics] Accuracy(layer_0 - estimator_2 - 10_folds.train_3.predict)=97.90%
[ 2018-07-31 16:39:49,301][kfold_wrapper.log_eval_metrics] Accuracy(layer_0 - estimator_2 - 10_folds.train_4.predict)=97.90%
[ 2018-07-31 16:39:49,318][kfold_wrapper.log_eval_metrics] Accuracy(layer_0 - estimator_2 - 10_folds.train_5.predict)=97.90%
[ 2018-07-31 16:39:49,337][kfold_wrapper.log_eval_metrics] Accuracy(layer_0 - estimator_2 - 10_folds.train_6.predict)=97.90%
[ 2018-07-31 16:39:49,354][kfold_wrapper.log_eval_metrics] Accuracy(layer_0 - estimator_2 - 10_folds.train_7.predict)=98.11%
[ 2018-07-31 16:39:49,371][kfold_wrapper.log_eval_metrics] Accuracy(layer_0 - estimator_2 - 10_folds.train_8.predict)=98.11%
[ 2018-07-31 16:39:49,390][kfold_wrapper.log_eval_metrics] Accuracy(layer_0 - estimator_2 - 10_folds.train_9.predict)=98.11%
[ 2018-07-31 16:39:49,392][kfold_wrapper.log_eval_metrics] Accuracy(layer_0 - estimator_2 - 10_folds.train_cv.predict)=97.96%
[ 2018-07-31 16:39:49,393][kfold_wrapper.log_eval_metrics] Accuracy(layer_0 - estimator_2 - 10_folds.test.predict)=98.09%
[ 2018-07-31 16:39:49,394][cascade_classifier.calc_accuracy] Accuracy(layer_0 - train.classifier_average)=98.51%
[ 2018-07-31 16:39:49,395][cascade_classifier.calc_accuracy] Accuracy(layer_0 - test.classifier_average)=98.38%
[ 2018-07-31 16:39:49,397][cascade_classifier.fit_transform] [layer=1] look_indexs=[0], X_cur_train.shape=(4761, 27), X_cur_test.shape=(2041, 27)
[ 2018-07-31 16:39:49,974][kfold_wrapper.log_eval_metrics] Accuracy(layer_1 - estimator_0 - 10_folds.train_0.predict)=99.79%
[ 2018-07-31 16:39:50,718][kfold_wrapper.log_eval_metrics] Accuracy(layer_1 - estimator_0 - 10_folds.train_1.predict)=99.58%
[ 2018-07-31 16:39:51,598][kfold_wrapper.log_eval_metrics] Accuracy(layer_1 - estimator_0 - 10_folds.train_2.predict)=99.79%
[ 2018-07-31 16:39:52,453][kfold_wrapper.log_eval_metrics] Accuracy(layer_1 - estimator_0 - 10_folds.train_3.predict)=99.37%
[ 2018-07-31 16:39:53,304][kfold_wrapper.log_eval_metrics] Accuracy(layer_1 - estimator_0 - 10_folds.train_4.predict)=99.79%
[ 2018-07-31 16:39:54,153][kfold_wrapper.log_eval_metrics] Accuracy(layer_1 - estimator_0 - 10_folds.train_5.predict)=99.79%
[ 2018-07-31 16:39:55,116][kfold_wrapper.log_eval_metrics] Accuracy(layer_1 - estimator_0 - 10_folds.train_6.predict)=99.37%
[ 2018-07-31 16:39:55,835][kfold_wrapper.log_eval_metrics] Accuracy(layer_1 - estimator_0 - 10_folds.train_7.predict)=98.74%
[ 2018-07-31 16:39:56,552][kfold_wrapper.log_eval_metrics] Accuracy(layer_1 - estimator_0 - 10_folds.train_8.predict)=99.79%
[ 2018-07-31 16:39:57,297][kfold_wrapper.log_eval_metrics] Accuracy(layer_1 - estimator_0 - 10_folds.train_9.predict)=99.37%
[ 2018-07-31 16:39:57,522][kfold_wrapper.log_eval_metrics] Accuracy(layer_1 - estimator_0 - 10_folds.train_cv.predict)=99.54%
[ 2018-07-31 16:39:57,524][kfold_wrapper.log_eval_metrics] Accuracy(layer_1 - estimator_0 - 10_folds.test.predict)=99.46%
[ 2018-07-31 16:39:58,177][kfold_wrapper.log_eval_metrics] Accuracy(layer_1 - estimator_1 - 10_folds.train_0.predict)=99.58%
[ 2018-07-31 16:39:58,955][kfold_wrapper.log_eval_metrics] Accuracy(layer_1 - estimator_1 - 10_folds.train_1.predict)=99.16%
[ 2018-07-31 16:39:59,678][kfold_wrapper.log_eval_metrics] Accuracy(layer_1 - estimator_1 - 10_folds.train_2.predict)=99.37%
[ 2018-07-31 16:40:00,395][kfold_wrapper.log_eval_metrics] Accuracy(layer_1 - estimator_1 - 10_folds.train_3.predict)=100.00%
[ 2018-07-31 16:40:01,119][kfold_wrapper.log_eval_metrics] Accuracy(layer_1 - estimator_1 - 10_folds.train_4.predict)=99.37%
[ 2018-07-31 16:40:01,956][kfold_wrapper.log_eval_metrics] Accuracy(layer_1 - estimator_1 - 10_folds.train_5.predict)=99.58%
[ 2018-07-31 16:40:02,684][kfold_wrapper.log_eval_metrics] Accuracy(layer_1 - estimator_1 - 10_folds.train_6.predict)=99.58%
[ 2018-07-31 16:40:03,508][kfold_wrapper.log_eval_metrics] Accuracy(layer_1 - estimator_1 - 10_folds.train_7.predict)=99.79%
[ 2018-07-31 16:40:04,257][kfold_wrapper.log_eval_metrics] Accuracy(layer_1 - estimator_1 - 10_folds.train_8.predict)=99.58%
[ 2018-07-31 16:40:04,980][kfold_wrapper.log_eval_metrics] Accuracy(layer_1 - estimator_1 - 10_folds.train_9.predict)=99.79%
[ 2018-07-31 16:40:05,203][kfold_wrapper.log_eval_metrics] Accuracy(layer_1 - estimator_1 - 10_folds.train_cv.predict)=99.58%
[ 2018-07-31 16:40:05,204][kfold_wrapper.log_eval_metrics] Accuracy(layer_1 - estimator_1 - 10_folds.test.predict)=99.56%
[ 2018-07-31 16:40:05,223][kfold_wrapper.log_eval_metrics] Accuracy(layer_1 - estimator_2 - 10_folds.train_0.predict)=99.16%
[ 2018-07-31 16:40:05,239][kfold_wrapper.log_eval_metrics] Accuracy(layer_1 - estimator_2 - 10_folds.train_1.predict)=99.58%
[ 2018-07-31 16:40:05,254][kfold_wrapper.log_eval_metrics] Accuracy(layer_1 - estimator_2 - 10_folds.train_2.predict)=99.16%
[ 2018-07-31 16:40:05,269][kfold_wrapper.log_eval_metrics] Accuracy(layer_1 - estimator_2 - 10_folds.train_3.predict)=99.37%
[ 2018-07-31 16:40:05,285][kfold_wrapper.log_eval_metrics] Accuracy(layer_1 - estimator_2 - 10_folds.train_4.predict)=99.58%
[ 2018-07-31 16:40:05,300][kfold_wrapper.log_eval_metrics] Accuracy(layer_1 - estimator_2 - 10_folds.train_5.predict)=98.53%
[ 2018-07-31 16:40:05,316][kfold_wrapper.log_eval_metrics] Accuracy(layer_1 - estimator_2 - 10_folds.train_6.predict)=99.58%
[ 2018-07-31 16:40:05,331][kfold_wrapper.log_eval_metrics] Accuracy(layer_1 - estimator_2 - 10_folds.train_7.predict)=98.95%
[ 2018-07-31 16:40:05,346][kfold_wrapper.log_eval_metrics] Accuracy(layer_1 - estimator_2 - 10_folds.train_8.predict)=99.37%
[ 2018-07-31 16:40:05,362][kfold_wrapper.log_eval_metrics] Accuracy(layer_1 - estimator_2 - 10_folds.train_9.predict)=99.58%
[ 2018-07-31 16:40:05,363][kfold_wrapper.log_eval_metrics] Accuracy(layer_1 - estimator_2 - 10_folds.train_cv.predict)=99.29%
[ 2018-07-31 16:40:05,364][kfold_wrapper.log_eval_metrics] Accuracy(layer_1 - estimator_2 - 10_folds.test.predict)=99.51%
[ 2018-07-31 16:40:05,366][cascade_classifier.calc_accuracy] Accuracy(layer_1 - train.classifier_average)=99.56%
[ 2018-07-31 16:40:05,367][cascade_classifier.calc_accuracy] Accuracy(layer_1 - test.classifier_average)=99.61%
[ 2018-07-31 16:40:05,369][cascade_classifier.fit_transform] [layer=2] look_indexs=[0], X_cur_train.shape=(4761, 27), X_cur_test.shape=(2041, 27)
[ 2018-07-31 16:40:05,921][kfold_wrapper.log_eval_metrics] Accuracy(layer_2 - estimator_0 - 10_folds.train_0.predict)=98.53%
[ 2018-07-31 16:40:06,670][kfold_wrapper.log_eval_metrics] Accuracy(layer_2 - estimator_0 - 10_folds.train_1.predict)=99.58%
[ 2018-07-31 16:40:07,531][kfold_wrapper.log_eval_metrics] Accuracy(layer_2 - estimator_0 - 10_folds.train_2.predict)=100.00%
[ 2018-07-31 16:40:08,631][kfold_wrapper.log_eval_metrics] Accuracy(layer_2 - estimator_0 - 10_folds.train_3.predict)=100.00%
[ 2018-07-31 16:40:09,719][kfold_wrapper.log_eval_metrics] Accuracy(layer_2 - estimator_0 - 10_folds.train_4.predict)=99.79%
[ 2018-07-31 16:40:10,790][kfold_wrapper.log_eval_metrics] Accuracy(layer_2 - estimator_0 - 10_folds.train_5.predict)=99.16%
[ 2018-07-31 16:40:11,770][kfold_wrapper.log_eval_metrics] Accuracy(layer_2 - estimator_0 - 10_folds.train_6.predict)=99.37%
[ 2018-07-31 16:40:12,907][kfold_wrapper.log_eval_metrics] Accuracy(layer_2 - estimator_0 - 10_folds.train_7.predict)=99.79%
[ 2018-07-31 16:40:13,844][kfold_wrapper.log_eval_metrics] Accuracy(layer_2 - estimator_0 - 10_folds.train_8.predict)=99.16%
[ 2018-07-31 16:40:14,632][kfold_wrapper.log_eval_metrics] Accuracy(layer_2 - estimator_0 - 10_folds.train_9.predict)=98.95%
[ 2018-07-31 16:40:14,863][kfold_wrapper.log_eval_metrics] Accuracy(layer_2 - estimator_0 - 10_folds.train_cv.predict)=99.43%
[ 2018-07-31 16:40:14,864][kfold_wrapper.log_eval_metrics] Accuracy(layer_2 - estimator_0 - 10_folds.test.predict)=99.51%
[ 2018-07-31 16:40:15,380][kfold_wrapper.log_eval_metrics] Accuracy(layer_2 - estimator_1 - 10_folds.train_0.predict)=99.58%
[ 2018-07-31 16:40:16,106][kfold_wrapper.log_eval_metrics] Accuracy(layer_2 - estimator_1 - 10_folds.train_1.predict)=99.58%
[ 2018-07-31 16:40:16,868][kfold_wrapper.log_eval_metrics] Accuracy(layer_2 - estimator_1 - 10_folds.train_2.predict)=99.37%
[ 2018-07-31 16:40:17,589][kfold_wrapper.log_eval_metrics] Accuracy(layer_2 - estimator_1 - 10_folds.train_3.predict)=99.58%
[ 2018-07-31 16:40:18,309][kfold_wrapper.log_eval_metrics] Accuracy(layer_2 - estimator_1 - 10_folds.train_4.predict)=99.79%
[ 2018-07-31 16:40:19,148][kfold_wrapper.log_eval_metrics] Accuracy(layer_2 - estimator_1 - 10_folds.train_5.predict)=98.95%
[ 2018-07-31 16:40:19,878][kfold_wrapper.log_eval_metrics] Accuracy(layer_2 - estimator_1 - 10_folds.train_6.predict)=99.16%
[ 2018-07-31 16:40:20,488][kfold_wrapper.log_eval_metrics] Accuracy(layer_2 - estimator_1 - 10_folds.train_7.predict)=99.79%
[ 2018-07-31 16:40:21,208][kfold_wrapper.log_eval_metrics] Accuracy(layer_2 - estimator_1 - 10_folds.train_8.predict)=100.00%
[ 2018-07-31 16:40:22,044][kfold_wrapper.log_eval_metrics] Accuracy(layer_2 - estimator_1 - 10_folds.train_9.predict)=99.16%
[ 2018-07-31 16:40:22,266][kfold_wrapper.log_eval_metrics] Accuracy(layer_2 - estimator_1 - 10_folds.train_cv.predict)=99.50%
[ 2018-07-31 16:40:22,267][kfold_wrapper.log_eval_metrics] Accuracy(layer_2 - estimator_1 - 10_folds.test.predict)=99.61%
[ 2018-07-31 16:40:22,285][kfold_wrapper.log_eval_metrics] Accuracy(layer_2 - estimator_2 - 10_folds.train_0.predict)=99.37%
[ 2018-07-31 16:40:22,302][kfold_wrapper.log_eval_metrics] Accuracy(layer_2 - estimator_2 - 10_folds.train_1.predict)=99.58%
[ 2018-07-31 16:40:22,318][kfold_wrapper.log_eval_metrics] Accuracy(layer_2 - estimator_2 - 10_folds.train_2.predict)=99.79%
[ 2018-07-31 16:40:22,332][kfold_wrapper.log_eval_metrics] Accuracy(layer_2 - estimator_2 - 10_folds.train_3.predict)=99.79%
[ 2018-07-31 16:40:22,348][kfold_wrapper.log_eval_metrics] Accuracy(layer_2 - estimator_2 - 10_folds.train_4.predict)=99.37%
[ 2018-07-31 16:40:22,365][kfold_wrapper.log_eval_metrics] Accuracy(layer_2 - estimator_2 - 10_folds.train_5.predict)=99.79%
[ 2018-07-31 16:40:22,382][kfold_wrapper.log_eval_metrics] Accuracy(layer_2 - estimator_2 - 10_folds.train_6.predict)=99.16%
[ 2018-07-31 16:40:22,397][kfold_wrapper.log_eval_metrics] Accuracy(layer_2 - estimator_2 - 10_folds.train_7.predict)=99.79%
[ 2018-07-31 16:40:22,414][kfold_wrapper.log_eval_metrics] Accuracy(layer_2 - estimator_2 - 10_folds.train_8.predict)=99.37%
[ 2018-07-31 16:40:22,430][kfold_wrapper.log_eval_metrics] Accuracy(layer_2 - estimator_2 - 10_folds.train_9.predict)=99.16%
[ 2018-07-31 16:40:22,432][kfold_wrapper.log_eval_metrics] Accuracy(layer_2 - estimator_2 - 10_folds.train_cv.predict)=99.52%
[ 2018-07-31 16:40:22,433][kfold_wrapper.log_eval_metrics] Accuracy(layer_2 - estimator_2 - 10_folds.test.predict)=99.51%
[ 2018-07-31 16:40:22,434][cascade_classifier.calc_accuracy] Accuracy(layer_2 - train.classifier_average)=99.43%
[ 2018-07-31 16:40:22,435][cascade_classifier.calc_accuracy] Accuracy(layer_2 - test.classifier_average)=99.61%
[ 2018-07-31 16:40:22,437][cascade_classifier.fit_transform] [layer=3] look_indexs=[0], X_cur_train.shape=(4761, 27), X_cur_test.shape=(2041, 27)
[ 2018-07-31 16:40:22,977][kfold_wrapper.log_eval_metrics] Accuracy(layer_3 - estimator_0 - 10_folds.train_0.predict)=99.37%
[ 2018-07-31 16:40:23,709][kfold_wrapper.log_eval_metrics] Accuracy(layer_3 - estimator_0 - 10_folds.train_1.predict)=99.37%
[ 2018-07-31 16:40:24,454][kfold_wrapper.log_eval_metrics] Accuracy(layer_3 - estimator_0 - 10_folds.train_2.predict)=99.79%
[ 2018-07-31 16:40:25,136][kfold_wrapper.log_eval_metrics] Accuracy(layer_3 - estimator_0 - 10_folds.train_3.predict)=98.95%
[ 2018-07-31 16:40:25,881][kfold_wrapper.log_eval_metrics] Accuracy(layer_3 - estimator_0 - 10_folds.train_4.predict)=99.16%
[ 2018-07-31 16:40:26,624][kfold_wrapper.log_eval_metrics] Accuracy(layer_3 - estimator_0 - 10_folds.train_5.predict)=99.58%
[ 2018-07-31 16:40:27,348][kfold_wrapper.log_eval_metrics] Accuracy(layer_3 - estimator_0 - 10_folds.train_6.predict)=99.37%
[ 2018-07-31 16:40:28,092][kfold_wrapper.log_eval_metrics] Accuracy(layer_3 - estimator_0 - 10_folds.train_7.predict)=99.58%
[ 2018-07-31 16:40:28,840][kfold_wrapper.log_eval_metrics] Accuracy(layer_3 - estimator_0 - 10_folds.train_8.predict)=99.16%
[ 2018-07-31 16:40:29,662][kfold_wrapper.log_eval_metrics] Accuracy(layer_3 - estimator_0 - 10_folds.train_9.predict)=100.00%
[ 2018-07-31 16:40:29,900][kfold_wrapper.log_eval_metrics] Accuracy(layer_3 - estimator_0 - 10_folds.train_cv.predict)=99.43%
[ 2018-07-31 16:40:29,905][kfold_wrapper.log_eval_metrics] Accuracy(layer_3 - estimator_0 - 10_folds.test.predict)=99.46%
[ 2018-07-31 16:40:30,689][kfold_wrapper.log_eval_metrics] Accuracy(layer_3 - estimator_1 - 10_folds.train_0.predict)=99.16%
[ 2018-07-31 16:40:31,607][kfold_wrapper.log_eval_metrics] Accuracy(layer_3 - estimator_1 - 10_folds.train_1.predict)=99.58%
[ 2018-07-31 16:40:32,714][kfold_wrapper.log_eval_metrics] Accuracy(layer_3 - estimator_1 - 10_folds.train_2.predict)=99.58%
[ 2018-07-31 16:40:33,479][kfold_wrapper.log_eval_metrics] Accuracy(layer_3 - estimator_1 - 10_folds.train_3.predict)=99.58%
[ 2018-07-31 16:40:34,204][kfold_wrapper.log_eval_metrics] Accuracy(layer_3 - estimator_1 - 10_folds.train_4.predict)=99.58%
[ 2018-07-31 16:40:34,933][kfold_wrapper.log_eval_metrics] Accuracy(layer_3 - estimator_1 - 10_folds.train_5.predict)=99.37%
[ 2018-07-31 16:40:35,776][kfold_wrapper.log_eval_metrics] Accuracy(layer_3 - estimator_1 - 10_folds.train_6.predict)=99.58%
[ 2018-07-31 16:40:36,505][kfold_wrapper.log_eval_metrics] Accuracy(layer_3 - estimator_1 - 10_folds.train_7.predict)=100.00%
[ 2018-07-31 16:40:37,227][kfold_wrapper.log_eval_metrics] Accuracy(layer_3 - estimator_1 - 10_folds.train_8.predict)=99.16%
[ 2018-07-31 16:40:37,949][kfold_wrapper.log_eval_metrics] Accuracy(layer_3 - estimator_1 - 10_folds.train_9.predict)=99.58%
[ 2018-07-31 16:40:38,176][kfold_wrapper.log_eval_metrics] Accuracy(layer_3 - estimator_1 - 10_folds.train_cv.predict)=99.52%
[ 2018-07-31 16:40:38,177][kfold_wrapper.log_eval_metrics] Accuracy(layer_3 - estimator_1 - 10_folds.test.predict)=99.61%
[ 2018-07-31 16:40:38,197][kfold_wrapper.log_eval_metrics] Accuracy(layer_3 - estimator_2 - 10_folds.train_0.predict)=99.79%
[ 2018-07-31 16:40:38,214][kfold_wrapper.log_eval_metrics] Accuracy(layer_3 - estimator_2 - 10_folds.train_1.predict)=99.37%
[ 2018-07-31 16:40:38,231][kfold_wrapper.log_eval_metrics] Accuracy(layer_3 - estimator_2 - 10_folds.train_2.predict)=99.58%
[ 2018-07-31 16:40:38,248][kfold_wrapper.log_eval_metrics] Accuracy(layer_3 - estimator_2 - 10_folds.train_3.predict)=99.16%
[ 2018-07-31 16:40:38,265][kfold_wrapper.log_eval_metrics] Accuracy(layer_3 - estimator_2 - 10_folds.train_4.predict)=99.37%
[ 2018-07-31 16:40:38,283][kfold_wrapper.log_eval_metrics] Accuracy(layer_3 - estimator_2 - 10_folds.train_5.predict)=99.58%
[ 2018-07-31 16:40:38,301][kfold_wrapper.log_eval_metrics] Accuracy(layer_3 - estimator_2 - 10_folds.train_6.predict)=99.79%
[ 2018-07-31 16:40:38,317][kfold_wrapper.log_eval_metrics] Accuracy(layer_3 - estimator_2 - 10_folds.train_7.predict)=98.32%
[ 2018-07-31 16:40:38,334][kfold_wrapper.log_eval_metrics] Accuracy(layer_3 - estimator_2 - 10_folds.train_8.predict)=99.37%
[ 2018-07-31 16:40:38,350][kfold_wrapper.log_eval_metrics] Accuracy(layer_3 - estimator_2 - 10_folds.train_9.predict)=99.16%
[ 2018-07-31 16:40:38,351][kfold_wrapper.log_eval_metrics] Accuracy(layer_3 - estimator_2 - 10_folds.train_cv.predict)=99.35%
[ 2018-07-31 16:40:38,352][kfold_wrapper.log_eval_metrics] Accuracy(layer_3 - estimator_2 - 10_folds.test.predict)=99.51%
[ 2018-07-31 16:40:38,354][cascade_classifier.calc_accuracy] Accuracy(layer_3 - train.classifier_average)=99.37%
[ 2018-07-31 16:40:38,355][cascade_classifier.calc_accuracy] Accuracy(layer_3 - test.classifier_average)=99.61%
[ 2018-07-31 16:40:38,357][cascade_classifier.fit_transform] [layer=4] look_indexs=[0], X_cur_train.shape=(4761, 27), X_cur_test.shape=(2041, 27)
[ 2018-07-31 16:40:38,852][kfold_wrapper.log_eval_metrics] Accuracy(layer_4 - estimator_0 - 10_folds.train_0.predict)=99.37%
[ 2018-07-31 16:40:39,592][kfold_wrapper.log_eval_metrics] Accuracy(layer_4 - estimator_0 - 10_folds.train_1.predict)=99.37%
[ 2018-07-31 16:40:40,337][kfold_wrapper.log_eval_metrics] Accuracy(layer_4 - estimator_0 - 10_folds.train_2.predict)=99.37%
[ 2018-07-31 16:40:41,082][kfold_wrapper.log_eval_metrics] Accuracy(layer_4 - estimator_0 - 10_folds.train_3.predict)=99.16%
[ 2018-07-31 16:40:41,822][kfold_wrapper.log_eval_metrics] Accuracy(layer_4 - estimator_0 - 10_folds.train_4.predict)=99.37%
[ 2018-07-31 16:40:42,543][kfold_wrapper.log_eval_metrics] Accuracy(layer_4 - estimator_0 - 10_folds.train_5.predict)=98.53%
[ 2018-07-31 16:40:43,403][kfold_wrapper.log_eval_metrics] Accuracy(layer_4 - estimator_0 - 10_folds.train_6.predict)=99.58%
[ 2018-07-31 16:40:44,121][kfold_wrapper.log_eval_metrics] Accuracy(layer_4 - estimator_0 - 10_folds.train_7.predict)=99.79%
[ 2018-07-31 16:40:44,833][kfold_wrapper.log_eval_metrics] Accuracy(layer_4 - estimator_0 - 10_folds.train_8.predict)=99.37%
[ 2018-07-31 16:40:45,696][kfold_wrapper.log_eval_metrics] Accuracy(layer_4 - estimator_0 - 10_folds.train_9.predict)=99.37%
[ 2018-07-31 16:40:45,934][kfold_wrapper.log_eval_metrics] Accuracy(layer_4 - estimator_0 - 10_folds.train_cv.predict)=99.33%
[ 2018-07-31 16:40:45,935][kfold_wrapper.log_eval_metrics] Accuracy(layer_4 - estimator_0 - 10_folds.test.predict)=99.36%
[ 2018-07-31 16:40:46,434][kfold_wrapper.log_eval_metrics] Accuracy(layer_4 - estimator_1 - 10_folds.train_0.predict)=98.95%
[ 2018-07-31 16:40:47,155][kfold_wrapper.log_eval_metrics] Accuracy(layer_4 - estimator_1 - 10_folds.train_1.predict)=99.37%
[ 2018-07-31 16:40:48,013][kfold_wrapper.log_eval_metrics] Accuracy(layer_4 - estimator_1 - 10_folds.train_2.predict)=100.00%
[ 2018-07-31 16:40:48,863][kfold_wrapper.log_eval_metrics] Accuracy(layer_4 - estimator_1 - 10_folds.train_3.predict)=99.37%
[ 2018-07-31 16:40:49,837][kfold_wrapper.log_eval_metrics] Accuracy(layer_4 - estimator_1 - 10_folds.train_4.predict)=99.16%
[ 2018-07-31 16:40:50,928][kfold_wrapper.log_eval_metrics] Accuracy(layer_4 - estimator_1 - 10_folds.train_5.predict)=99.37%
[ 2018-07-31 16:40:51,752][kfold_wrapper.log_eval_metrics] Accuracy(layer_4 - estimator_1 - 10_folds.train_6.predict)=100.00%
[ 2018-07-31 16:40:52,586][kfold_wrapper.log_eval_metrics] Accuracy(layer_4 - estimator_1 - 10_folds.train_7.predict)=99.37%
[ 2018-07-31 16:40:53,313][kfold_wrapper.log_eval_metrics] Accuracy(layer_4 - estimator_1 - 10_folds.train_8.predict)=99.58%
[ 2018-07-31 16:40:54,040][kfold_wrapper.log_eval_metrics] Accuracy(layer_4 - estimator_1 - 10_folds.train_9.predict)=99.37%
[ 2018-07-31 16:40:54,265][kfold_wrapper.log_eval_metrics] Accuracy(layer_4 - estimator_1 - 10_folds.train_cv.predict)=99.45%
[ 2018-07-31 16:40:54,266][kfold_wrapper.log_eval_metrics] Accuracy(layer_4 - estimator_1 - 10_folds.test.predict)=99.41%
[ 2018-07-31 16:40:54,287][kfold_wrapper.log_eval_metrics] Accuracy(layer_4 - estimator_2 - 10_folds.train_0.predict)=99.37%
[ 2018-07-31 16:40:54,312][kfold_wrapper.log_eval_metrics] Accuracy(layer_4 - estimator_2 - 10_folds.train_1.predict)=99.16%
[ 2018-07-31 16:40:54,338][kfold_wrapper.log_eval_metrics] Accuracy(layer_4 - estimator_2 - 10_folds.train_2.predict)=99.58%
[ 2018-07-31 16:40:54,362][kfold_wrapper.log_eval_metrics] Accuracy(layer_4 - estimator_2 - 10_folds.train_3.predict)=99.16%
[ 2018-07-31 16:40:54,387][kfold_wrapper.log_eval_metrics] Accuracy(layer_4 - estimator_2 - 10_folds.train_4.predict)=99.58%
[ 2018-07-31 16:40:54,412][kfold_wrapper.log_eval_metrics] Accuracy(layer_4 - estimator_2 - 10_folds.train_5.predict)=99.58%
[ 2018-07-31 16:40:54,436][kfold_wrapper.log_eval_metrics] Accuracy(layer_4 - estimator_2 - 10_folds.train_6.predict)=99.16%
[ 2018-07-31 16:40:54,460][kfold_wrapper.log_eval_metrics] Accuracy(layer_4 - estimator_2 - 10_folds.train_7.predict)=99.37%
[ 2018-07-31 16:40:54,485][kfold_wrapper.log_eval_metrics] Accuracy(layer_4 - estimator_2 - 10_folds.train_8.predict)=99.58%
[ 2018-07-31 16:40:54,506][kfold_wrapper.log_eval_metrics] Accuracy(layer_4 - estimator_2 - 10_folds.train_9.predict)=99.58%
[ 2018-07-31 16:40:54,508][kfold_wrapper.log_eval_metrics] Accuracy(layer_4 - estimator_2 - 10_folds.train_cv.predict)=99.41%
[ 2018-07-31 16:40:54,509][kfold_wrapper.log_eval_metrics] Accuracy(layer_4 - estimator_2 - 10_folds.test.predict)=99.56%
[ 2018-07-31 16:40:54,511][cascade_classifier.calc_accuracy] Accuracy(layer_4 - train.classifier_average)=99.39%
[ 2018-07-31 16:40:54,512][cascade_classifier.calc_accuracy] Accuracy(layer_4 - test.classifier_average)=99.51%
[ 2018-07-31 16:40:54,513][cascade_classifier.fit_transform] [Result][Optimal Level Detected] opt_layer_num=2, accuracy_train=99.56%, accuracy_test=99.61%
[ 2018-07-31 16:40:54,533][cascade_classifier.transform] X_groups_test.shape=[(2041, 21)]
[ 2018-07-31 16:40:54,534][cascade_classifier.transform] group_dims=[21]
[ 2018-07-31 16:40:54,536][cascade_classifier.transform] X_test.shape=(2041, 21)
[ 2018-07-31 16:40:54,538][cascade_classifier.transform] [layer=0] look_indexs=[0], X_cur_test.shape=(2041, 21)
[ 2018-07-31 16:40:58,992][cascade_classifier.transform] [layer=1] look_indexs=[0], X_cur_test.shape=(2041, 27)
