[ 2018-07-31 22:12:13,706][cascade_classifier.fit_transform] X_groups_train.shape=[(3373, 5)],y_train.shape=(3373,),X_groups_test.shape=[(1446, 5)],y_test.shape=(1446,)
[ 2018-07-31 22:12:13,708][cascade_classifier.fit_transform] group_dims=[5]
[ 2018-07-31 22:12:13,709][cascade_classifier.fit_transform] group_starts=[0]
[ 2018-07-31 22:12:13,725][cascade_classifier.fit_transform] group_ends=[5]
[ 2018-07-31 22:12:13,726][cascade_classifier.fit_transform] X_train.shape=(3373, 5),X_test.shape=(1446, 5)
[ 2018-07-31 22:12:13,729][cascade_classifier.fit_transform] [layer=0] look_indexs=[0], X_cur_train.shape=(3373, 5), X_cur_test.shape=(1446, 5)
[ 2018-07-31 22:12:15,032][kfold_wrapper.log_eval_metrics] Accuracy(layer_0 - estimator_0 - 10_folds.train_0.predict)=98.52%
[ 2018-07-31 22:12:16,673][kfold_wrapper.log_eval_metrics] Accuracy(layer_0 - estimator_0 - 10_folds.train_1.predict)=98.22%
[ 2018-07-31 22:12:17,881][kfold_wrapper.log_eval_metrics] Accuracy(layer_0 - estimator_0 - 10_folds.train_2.predict)=98.82%
[ 2018-07-31 22:12:19,146][kfold_wrapper.log_eval_metrics] Accuracy(layer_0 - estimator_0 - 10_folds.train_3.predict)=98.52%
[ 2018-07-31 22:12:20,709][kfold_wrapper.log_eval_metrics] Accuracy(layer_0 - estimator_0 - 10_folds.train_4.predict)=98.52%
[ 2018-07-31 22:12:22,190][kfold_wrapper.log_eval_metrics] Accuracy(layer_0 - estimator_0 - 10_folds.train_5.predict)=98.22%
[ 2018-07-31 22:12:23,522][kfold_wrapper.log_eval_metrics] Accuracy(layer_0 - estimator_0 - 10_folds.train_6.predict)=97.92%
[ 2018-07-31 22:12:24,837][kfold_wrapper.log_eval_metrics] Accuracy(layer_0 - estimator_0 - 10_folds.train_7.predict)=98.51%
[ 2018-07-31 22:12:26,073][kfold_wrapper.log_eval_metrics] Accuracy(layer_0 - estimator_0 - 10_folds.train_8.predict)=99.11%
[ 2018-07-31 22:12:27,274][kfold_wrapper.log_eval_metrics] Accuracy(layer_0 - estimator_0 - 10_folds.train_9.predict)=98.21%
[ 2018-07-31 22:12:27,495][kfold_wrapper.log_eval_metrics] Accuracy(layer_0 - estimator_0 - 10_folds.train_cv.predict)=98.46%
[ 2018-07-31 22:12:27,496][kfold_wrapper.log_eval_metrics] Accuracy(layer_0 - estimator_0 - 10_folds.test.predict)=97.23%
[ 2018-07-31 22:12:28,403][kfold_wrapper.log_eval_metrics] Accuracy(layer_0 - estimator_1 - 10_folds.train_0.predict)=97.93%
[ 2018-07-31 22:12:29,656][kfold_wrapper.log_eval_metrics] Accuracy(layer_0 - estimator_1 - 10_folds.train_1.predict)=98.82%
[ 2018-07-31 22:12:30,881][kfold_wrapper.log_eval_metrics] Accuracy(layer_0 - estimator_1 - 10_folds.train_2.predict)=97.93%
[ 2018-07-31 22:12:32,267][kfold_wrapper.log_eval_metrics] Accuracy(layer_0 - estimator_1 - 10_folds.train_3.predict)=98.52%
[ 2018-07-31 22:12:33,517][kfold_wrapper.log_eval_metrics] Accuracy(layer_0 - estimator_1 - 10_folds.train_4.predict)=98.52%
[ 2018-07-31 22:12:34,937][kfold_wrapper.log_eval_metrics] Accuracy(layer_0 - estimator_1 - 10_folds.train_5.predict)=97.93%
[ 2018-07-31 22:12:36,255][kfold_wrapper.log_eval_metrics] Accuracy(layer_0 - estimator_1 - 10_folds.train_6.predict)=98.81%
[ 2018-07-31 22:12:37,731][kfold_wrapper.log_eval_metrics] Accuracy(layer_0 - estimator_1 - 10_folds.train_7.predict)=97.62%
[ 2018-07-31 22:12:39,264][kfold_wrapper.log_eval_metrics] Accuracy(layer_0 - estimator_1 - 10_folds.train_8.predict)=100.00%
[ 2018-07-31 22:12:40,682][kfold_wrapper.log_eval_metrics] Accuracy(layer_0 - estimator_1 - 10_folds.train_9.predict)=98.21%
[ 2018-07-31 22:12:40,908][kfold_wrapper.log_eval_metrics] Accuracy(layer_0 - estimator_1 - 10_folds.train_cv.predict)=98.43%
[ 2018-07-31 22:12:40,913][kfold_wrapper.log_eval_metrics] Accuracy(layer_0 - estimator_1 - 10_folds.test.predict)=97.51%
[ 2018-07-31 22:12:41,097][kfold_wrapper.log_eval_metrics] Accuracy(layer_0 - estimator_2 - 10_folds.train_0.predict)=94.67%
[ 2018-07-31 22:12:41,117][kfold_wrapper.log_eval_metrics] Accuracy(layer_0 - estimator_2 - 10_folds.train_1.predict)=94.67%
[ 2018-07-31 22:12:41,139][kfold_wrapper.log_eval_metrics] Accuracy(layer_0 - estimator_2 - 10_folds.train_2.predict)=94.67%
[ 2018-07-31 22:12:41,149][kfold_wrapper.log_eval_metrics] Accuracy(layer_0 - estimator_2 - 10_folds.train_3.predict)=94.67%
[ 2018-07-31 22:12:41,165][kfold_wrapper.log_eval_metrics] Accuracy(layer_0 - estimator_2 - 10_folds.train_4.predict)=94.67%
[ 2018-07-31 22:12:41,178][kfold_wrapper.log_eval_metrics] Accuracy(layer_0 - estimator_2 - 10_folds.train_5.predict)=94.67%
[ 2018-07-31 22:12:41,193][kfold_wrapper.log_eval_metrics] Accuracy(layer_0 - estimator_2 - 10_folds.train_6.predict)=94.96%
[ 2018-07-31 22:12:41,205][kfold_wrapper.log_eval_metrics] Accuracy(layer_0 - estimator_2 - 10_folds.train_7.predict)=94.94%
[ 2018-07-31 22:12:41,217][kfold_wrapper.log_eval_metrics] Accuracy(layer_0 - estimator_2 - 10_folds.train_8.predict)=94.94%
[ 2018-07-31 22:12:41,229][kfold_wrapper.log_eval_metrics] Accuracy(layer_0 - estimator_2 - 10_folds.train_9.predict)=94.94%
[ 2018-07-31 22:12:41,231][kfold_wrapper.log_eval_metrics] Accuracy(layer_0 - estimator_2 - 10_folds.train_cv.predict)=94.78%
[ 2018-07-31 22:12:41,233][kfold_wrapper.log_eval_metrics] Accuracy(layer_0 - estimator_2 - 10_folds.test.predict)=94.40%
[ 2018-07-31 22:12:41,235][cascade_classifier.calc_accuracy] Accuracy(layer_0 - train.classifier_average)=97.42%
[ 2018-07-31 22:12:41,237][cascade_classifier.calc_accuracy] Accuracy(layer_0 - test.classifier_average)=96.68%
[ 2018-07-31 22:12:41,239][cascade_classifier.fit_transform] [layer=1] look_indexs=[0], X_cur_train.shape=(3373, 11), X_cur_test.shape=(1446, 11)
[ 2018-07-31 22:12:42,518][kfold_wrapper.log_eval_metrics] Accuracy(layer_1 - estimator_0 - 10_folds.train_0.predict)=99.11%
[ 2018-07-31 22:12:44,007][kfold_wrapper.log_eval_metrics] Accuracy(layer_1 - estimator_0 - 10_folds.train_1.predict)=99.41%
[ 2018-07-31 22:12:45,582][kfold_wrapper.log_eval_metrics] Accuracy(layer_1 - estimator_0 - 10_folds.train_2.predict)=98.82%
[ 2018-07-31 22:12:47,026][kfold_wrapper.log_eval_metrics] Accuracy(layer_1 - estimator_0 - 10_folds.train_3.predict)=98.52%
[ 2018-07-31 22:12:48,429][kfold_wrapper.log_eval_metrics] Accuracy(layer_1 - estimator_0 - 10_folds.train_4.predict)=98.52%
[ 2018-07-31 22:12:49,772][kfold_wrapper.log_eval_metrics] Accuracy(layer_1 - estimator_0 - 10_folds.train_5.predict)=98.22%
[ 2018-07-31 22:12:51,481][kfold_wrapper.log_eval_metrics] Accuracy(layer_1 - estimator_0 - 10_folds.train_6.predict)=99.70%
[ 2018-07-31 22:12:52,973][kfold_wrapper.log_eval_metrics] Accuracy(layer_1 - estimator_0 - 10_folds.train_7.predict)=98.51%
[ 2018-07-31 22:12:54,414][kfold_wrapper.log_eval_metrics] Accuracy(layer_1 - estimator_0 - 10_folds.train_8.predict)=98.51%
[ 2018-07-31 22:12:55,676][kfold_wrapper.log_eval_metrics] Accuracy(layer_1 - estimator_0 - 10_folds.train_9.predict)=97.62%
[ 2018-07-31 22:12:55,955][kfold_wrapper.log_eval_metrics] Accuracy(layer_1 - estimator_0 - 10_folds.train_cv.predict)=98.70%
[ 2018-07-31 22:12:55,957][kfold_wrapper.log_eval_metrics] Accuracy(layer_1 - estimator_0 - 10_folds.test.predict)=98.20%
[ 2018-07-31 22:12:56,831][kfold_wrapper.log_eval_metrics] Accuracy(layer_1 - estimator_1 - 10_folds.train_0.predict)=97.93%
[ 2018-07-31 22:12:58,111][kfold_wrapper.log_eval_metrics] Accuracy(layer_1 - estimator_1 - 10_folds.train_1.predict)=98.52%
[ 2018-07-31 22:12:59,231][kfold_wrapper.log_eval_metrics] Accuracy(layer_1 - estimator_1 - 10_folds.train_2.predict)=99.11%
[ 2018-07-31 22:13:00,502][kfold_wrapper.log_eval_metrics] Accuracy(layer_1 - estimator_1 - 10_folds.train_3.predict)=99.11%
[ 2018-07-31 22:13:01,729][kfold_wrapper.log_eval_metrics] Accuracy(layer_1 - estimator_1 - 10_folds.train_4.predict)=98.52%
[ 2018-07-31 22:13:03,154][kfold_wrapper.log_eval_metrics] Accuracy(layer_1 - estimator_1 - 10_folds.train_5.predict)=99.11%
[ 2018-07-31 22:13:04,425][kfold_wrapper.log_eval_metrics] Accuracy(layer_1 - estimator_1 - 10_folds.train_6.predict)=98.52%
[ 2018-07-31 22:13:05,613][kfold_wrapper.log_eval_metrics] Accuracy(layer_1 - estimator_1 - 10_folds.train_7.predict)=98.51%
[ 2018-07-31 22:13:06,975][kfold_wrapper.log_eval_metrics] Accuracy(layer_1 - estimator_1 - 10_folds.train_8.predict)=98.81%
[ 2018-07-31 22:13:07,989][kfold_wrapper.log_eval_metrics] Accuracy(layer_1 - estimator_1 - 10_folds.train_9.predict)=98.81%
[ 2018-07-31 22:13:08,378][kfold_wrapper.log_eval_metrics] Accuracy(layer_1 - estimator_1 - 10_folds.train_cv.predict)=98.70%
[ 2018-07-31 22:13:08,381][kfold_wrapper.log_eval_metrics] Accuracy(layer_1 - estimator_1 - 10_folds.test.predict)=98.34%
[ 2018-07-31 22:13:08,411][kfold_wrapper.log_eval_metrics] Accuracy(layer_1 - estimator_2 - 10_folds.train_0.predict)=98.82%
[ 2018-07-31 22:13:08,446][kfold_wrapper.log_eval_metrics] Accuracy(layer_1 - estimator_2 - 10_folds.train_1.predict)=98.52%
[ 2018-07-31 22:13:08,493][kfold_wrapper.log_eval_metrics] Accuracy(layer_1 - estimator_2 - 10_folds.train_2.predict)=99.11%
[ 2018-07-31 22:13:08,529][kfold_wrapper.log_eval_metrics] Accuracy(layer_1 - estimator_2 - 10_folds.train_3.predict)=98.82%
[ 2018-07-31 22:13:08,547][kfold_wrapper.log_eval_metrics] Accuracy(layer_1 - estimator_2 - 10_folds.train_4.predict)=97.93%
[ 2018-07-31 22:13:08,564][kfold_wrapper.log_eval_metrics] Accuracy(layer_1 - estimator_2 - 10_folds.train_5.predict)=98.52%
[ 2018-07-31 22:13:08,583][kfold_wrapper.log_eval_metrics] Accuracy(layer_1 - estimator_2 - 10_folds.train_6.predict)=98.52%
[ 2018-07-31 22:13:08,602][kfold_wrapper.log_eval_metrics] Accuracy(layer_1 - estimator_2 - 10_folds.train_7.predict)=97.32%
[ 2018-07-31 22:13:08,628][kfold_wrapper.log_eval_metrics] Accuracy(layer_1 - estimator_2 - 10_folds.train_8.predict)=99.70%
[ 2018-07-31 22:13:08,667][kfold_wrapper.log_eval_metrics] Accuracy(layer_1 - estimator_2 - 10_folds.train_9.predict)=99.11%
[ 2018-07-31 22:13:08,681][kfold_wrapper.log_eval_metrics] Accuracy(layer_1 - estimator_2 - 10_folds.train_cv.predict)=98.64%
[ 2018-07-31 22:13:08,683][kfold_wrapper.log_eval_metrics] Accuracy(layer_1 - estimator_2 - 10_folds.test.predict)=97.58%
[ 2018-07-31 22:13:08,686][cascade_classifier.calc_accuracy] Accuracy(layer_1 - train.classifier_average)=98.67%
[ 2018-07-31 22:13:08,688][cascade_classifier.calc_accuracy] Accuracy(layer_1 - test.classifier_average)=98.20%
[ 2018-07-31 22:13:08,690][cascade_classifier.fit_transform] [layer=2] look_indexs=[0], X_cur_train.shape=(3373, 11), X_cur_test.shape=(1446, 11)
[ 2018-07-31 22:13:09,891][kfold_wrapper.log_eval_metrics] Accuracy(layer_2 - estimator_0 - 10_folds.train_0.predict)=98.22%
[ 2018-07-31 22:13:11,179][kfold_wrapper.log_eval_metrics] Accuracy(layer_2 - estimator_0 - 10_folds.train_1.predict)=97.63%
[ 2018-07-31 22:13:12,524][kfold_wrapper.log_eval_metrics] Accuracy(layer_2 - estimator_0 - 10_folds.train_2.predict)=98.52%
[ 2018-07-31 22:13:13,914][kfold_wrapper.log_eval_metrics] Accuracy(layer_2 - estimator_0 - 10_folds.train_3.predict)=98.52%
[ 2018-07-31 22:13:15,343][kfold_wrapper.log_eval_metrics] Accuracy(layer_2 - estimator_0 - 10_folds.train_4.predict)=99.11%
[ 2018-07-31 22:13:16,726][kfold_wrapper.log_eval_metrics] Accuracy(layer_2 - estimator_0 - 10_folds.train_5.predict)=99.11%
[ 2018-07-31 22:13:18,192][kfold_wrapper.log_eval_metrics] Accuracy(layer_2 - estimator_0 - 10_folds.train_6.predict)=98.52%
[ 2018-07-31 22:13:19,430][kfold_wrapper.log_eval_metrics] Accuracy(layer_2 - estimator_0 - 10_folds.train_7.predict)=99.11%
[ 2018-07-31 22:13:20,933][kfold_wrapper.log_eval_metrics] Accuracy(layer_2 - estimator_0 - 10_folds.train_8.predict)=98.51%
[ 2018-07-31 22:13:22,688][kfold_wrapper.log_eval_metrics] Accuracy(layer_2 - estimator_0 - 10_folds.train_9.predict)=97.92%
[ 2018-07-31 22:13:23,032][kfold_wrapper.log_eval_metrics] Accuracy(layer_2 - estimator_0 - 10_folds.train_cv.predict)=98.52%
[ 2018-07-31 22:13:23,034][kfold_wrapper.log_eval_metrics] Accuracy(layer_2 - estimator_0 - 10_folds.test.predict)=98.13%
[ 2018-07-31 22:13:24,187][kfold_wrapper.log_eval_metrics] Accuracy(layer_2 - estimator_1 - 10_folds.train_0.predict)=98.52%
[ 2018-07-31 22:13:25,698][kfold_wrapper.log_eval_metrics] Accuracy(layer_2 - estimator_1 - 10_folds.train_1.predict)=99.11%
[ 2018-07-31 22:13:26,978][kfold_wrapper.log_eval_metrics] Accuracy(layer_2 - estimator_1 - 10_folds.train_2.predict)=98.82%
[ 2018-07-31 22:13:28,521][kfold_wrapper.log_eval_metrics] Accuracy(layer_2 - estimator_1 - 10_folds.train_3.predict)=97.93%
[ 2018-07-31 22:13:29,838][kfold_wrapper.log_eval_metrics] Accuracy(layer_2 - estimator_1 - 10_folds.train_4.predict)=98.82%
[ 2018-07-31 22:13:31,414][kfold_wrapper.log_eval_metrics] Accuracy(layer_2 - estimator_1 - 10_folds.train_5.predict)=98.82%
[ 2018-07-31 22:13:32,876][kfold_wrapper.log_eval_metrics] Accuracy(layer_2 - estimator_1 - 10_folds.train_6.predict)=98.22%
[ 2018-07-31 22:13:34,294][kfold_wrapper.log_eval_metrics] Accuracy(layer_2 - estimator_1 - 10_folds.train_7.predict)=98.51%
[ 2018-07-31 22:13:36,016][kfold_wrapper.log_eval_metrics] Accuracy(layer_2 - estimator_1 - 10_folds.train_8.predict)=98.21%
[ 2018-07-31 22:13:37,506][kfold_wrapper.log_eval_metrics] Accuracy(layer_2 - estimator_1 - 10_folds.train_9.predict)=98.81%
[ 2018-07-31 22:13:37,791][kfold_wrapper.log_eval_metrics] Accuracy(layer_2 - estimator_1 - 10_folds.train_cv.predict)=98.58%
[ 2018-07-31 22:13:37,792][kfold_wrapper.log_eval_metrics] Accuracy(layer_2 - estimator_1 - 10_folds.test.predict)=97.99%
[ 2018-07-31 22:13:37,826][kfold_wrapper.log_eval_metrics] Accuracy(layer_2 - estimator_2 - 10_folds.train_0.predict)=98.52%
[ 2018-07-31 22:13:37,897][kfold_wrapper.log_eval_metrics] Accuracy(layer_2 - estimator_2 - 10_folds.train_1.predict)=99.11%
[ 2018-07-31 22:13:37,923][kfold_wrapper.log_eval_metrics] Accuracy(layer_2 - estimator_2 - 10_folds.train_2.predict)=98.82%
[ 2018-07-31 22:13:37,944][kfold_wrapper.log_eval_metrics] Accuracy(layer_2 - estimator_2 - 10_folds.train_3.predict)=98.82%
[ 2018-07-31 22:13:37,967][kfold_wrapper.log_eval_metrics] Accuracy(layer_2 - estimator_2 - 10_folds.train_4.predict)=98.52%
[ 2018-07-31 22:13:37,983][kfold_wrapper.log_eval_metrics] Accuracy(layer_2 - estimator_2 - 10_folds.train_5.predict)=98.22%
[ 2018-07-31 22:13:38,000][kfold_wrapper.log_eval_metrics] Accuracy(layer_2 - estimator_2 - 10_folds.train_6.predict)=97.92%
[ 2018-07-31 22:13:38,022][kfold_wrapper.log_eval_metrics] Accuracy(layer_2 - estimator_2 - 10_folds.train_7.predict)=97.62%
[ 2018-07-31 22:13:38,049][kfold_wrapper.log_eval_metrics] Accuracy(layer_2 - estimator_2 - 10_folds.train_8.predict)=99.40%
[ 2018-07-31 22:13:38,065][kfold_wrapper.log_eval_metrics] Accuracy(layer_2 - estimator_2 - 10_folds.train_9.predict)=99.70%
[ 2018-07-31 22:13:38,068][kfold_wrapper.log_eval_metrics] Accuracy(layer_2 - estimator_2 - 10_folds.train_cv.predict)=98.67%
[ 2018-07-31 22:13:38,069][kfold_wrapper.log_eval_metrics] Accuracy(layer_2 - estimator_2 - 10_folds.test.predict)=98.20%
[ 2018-07-31 22:13:38,070][cascade_classifier.calc_accuracy] Accuracy(layer_2 - train.classifier_average)=98.64%
[ 2018-07-31 22:13:38,072][cascade_classifier.calc_accuracy] Accuracy(layer_2 - test.classifier_average)=98.06%
[ 2018-07-31 22:13:38,073][cascade_classifier.fit_transform] [layer=3] look_indexs=[0], X_cur_train.shape=(3373, 11), X_cur_test.shape=(1446, 11)
[ 2018-07-31 22:13:39,680][kfold_wrapper.log_eval_metrics] Accuracy(layer_3 - estimator_0 - 10_folds.train_0.predict)=99.41%
[ 2018-07-31 22:13:41,419][kfold_wrapper.log_eval_metrics] Accuracy(layer_3 - estimator_0 - 10_folds.train_1.predict)=98.82%
[ 2018-07-31 22:13:43,447][kfold_wrapper.log_eval_metrics] Accuracy(layer_3 - estimator_0 - 10_folds.train_2.predict)=98.22%
[ 2018-07-31 22:13:45,057][kfold_wrapper.log_eval_metrics] Accuracy(layer_3 - estimator_0 - 10_folds.train_3.predict)=97.63%
[ 2018-07-31 22:13:46,902][kfold_wrapper.log_eval_metrics] Accuracy(layer_3 - estimator_0 - 10_folds.train_4.predict)=98.52%
[ 2018-07-31 22:13:48,634][kfold_wrapper.log_eval_metrics] Accuracy(layer_3 - estimator_0 - 10_folds.train_5.predict)=97.93%
[ 2018-07-31 22:13:50,007][kfold_wrapper.log_eval_metrics] Accuracy(layer_3 - estimator_0 - 10_folds.train_6.predict)=99.11%
[ 2018-07-31 22:13:51,656][kfold_wrapper.log_eval_metrics] Accuracy(layer_3 - estimator_0 - 10_folds.train_7.predict)=97.62%
[ 2018-07-31 22:13:53,300][kfold_wrapper.log_eval_metrics] Accuracy(layer_3 - estimator_0 - 10_folds.train_8.predict)=98.81%
[ 2018-07-31 22:13:55,218][kfold_wrapper.log_eval_metrics] Accuracy(layer_3 - estimator_0 - 10_folds.train_9.predict)=99.11%
[ 2018-07-31 22:13:55,568][kfold_wrapper.log_eval_metrics] Accuracy(layer_3 - estimator_0 - 10_folds.train_cv.predict)=98.52%
[ 2018-07-31 22:13:55,570][kfold_wrapper.log_eval_metrics] Accuracy(layer_3 - estimator_0 - 10_folds.test.predict)=98.34%
[ 2018-07-31 22:13:56,784][kfold_wrapper.log_eval_metrics] Accuracy(layer_3 - estimator_1 - 10_folds.train_0.predict)=98.82%
[ 2018-07-31 22:13:58,329][kfold_wrapper.log_eval_metrics] Accuracy(layer_3 - estimator_1 - 10_folds.train_1.predict)=98.22%
[ 2018-07-31 22:14:00,006][kfold_wrapper.log_eval_metrics] Accuracy(layer_3 - estimator_1 - 10_folds.train_2.predict)=97.93%
[ 2018-07-31 22:14:02,088][kfold_wrapper.log_eval_metrics] Accuracy(layer_3 - estimator_1 - 10_folds.train_3.predict)=97.93%
[ 2018-07-31 22:14:04,118][kfold_wrapper.log_eval_metrics] Accuracy(layer_3 - estimator_1 - 10_folds.train_4.predict)=98.52%
[ 2018-07-31 22:14:05,941][kfold_wrapper.log_eval_metrics] Accuracy(layer_3 - estimator_1 - 10_folds.train_5.predict)=98.22%
[ 2018-07-31 22:14:08,098][kfold_wrapper.log_eval_metrics] Accuracy(layer_3 - estimator_1 - 10_folds.train_6.predict)=98.52%
[ 2018-07-31 22:14:09,825][kfold_wrapper.log_eval_metrics] Accuracy(layer_3 - estimator_1 - 10_folds.train_7.predict)=98.21%
[ 2018-07-31 22:14:11,374][kfold_wrapper.log_eval_metrics] Accuracy(layer_3 - estimator_1 - 10_folds.train_8.predict)=99.40%
[ 2018-07-31 22:14:13,073][kfold_wrapper.log_eval_metrics] Accuracy(layer_3 - estimator_1 - 10_folds.train_9.predict)=98.21%
[ 2018-07-31 22:14:13,569][kfold_wrapper.log_eval_metrics] Accuracy(layer_3 - estimator_1 - 10_folds.train_cv.predict)=98.40%
[ 2018-07-31 22:14:13,575][kfold_wrapper.log_eval_metrics] Accuracy(layer_3 - estimator_1 - 10_folds.test.predict)=98.13%
[ 2018-07-31 22:14:13,663][kfold_wrapper.log_eval_metrics] Accuracy(layer_3 - estimator_2 - 10_folds.train_0.predict)=98.22%
[ 2018-07-31 22:14:13,789][kfold_wrapper.log_eval_metrics] Accuracy(layer_3 - estimator_2 - 10_folds.train_1.predict)=98.52%
[ 2018-07-31 22:14:13,833][kfold_wrapper.log_eval_metrics] Accuracy(layer_3 - estimator_2 - 10_folds.train_2.predict)=99.70%
[ 2018-07-31 22:14:13,882][kfold_wrapper.log_eval_metrics] Accuracy(layer_3 - estimator_2 - 10_folds.train_3.predict)=97.93%
[ 2018-07-31 22:14:13,922][kfold_wrapper.log_eval_metrics] Accuracy(layer_3 - estimator_2 - 10_folds.train_4.predict)=97.93%
[ 2018-07-31 22:14:13,942][kfold_wrapper.log_eval_metrics] Accuracy(layer_3 - estimator_2 - 10_folds.train_5.predict)=99.11%
[ 2018-07-31 22:14:13,985][kfold_wrapper.log_eval_metrics] Accuracy(layer_3 - estimator_2 - 10_folds.train_6.predict)=98.52%
[ 2018-07-31 22:14:14,031][kfold_wrapper.log_eval_metrics] Accuracy(layer_3 - estimator_2 - 10_folds.train_7.predict)=99.11%
[ 2018-07-31 22:14:14,116][kfold_wrapper.log_eval_metrics] Accuracy(layer_3 - estimator_2 - 10_folds.train_8.predict)=98.21%
[ 2018-07-31 22:14:14,163][kfold_wrapper.log_eval_metrics] Accuracy(layer_3 - estimator_2 - 10_folds.train_9.predict)=97.92%
[ 2018-07-31 22:14:14,187][kfold_wrapper.log_eval_metrics] Accuracy(layer_3 - estimator_2 - 10_folds.train_cv.predict)=98.52%
[ 2018-07-31 22:14:14,197][kfold_wrapper.log_eval_metrics] Accuracy(layer_3 - estimator_2 - 10_folds.test.predict)=98.20%
[ 2018-07-31 22:14:14,201][cascade_classifier.calc_accuracy] Accuracy(layer_3 - train.classifier_average)=98.43%
[ 2018-07-31 22:14:14,203][cascade_classifier.calc_accuracy] Accuracy(layer_3 - test.classifier_average)=98.13%
[ 2018-07-31 22:14:14,217][cascade_classifier.fit_transform] [layer=4] look_indexs=[0], X_cur_train.shape=(3373, 11), X_cur_test.shape=(1446, 11)
[ 2018-07-31 22:14:15,887][kfold_wrapper.log_eval_metrics] Accuracy(layer_4 - estimator_0 - 10_folds.train_0.predict)=98.22%
[ 2018-07-31 22:14:17,360][kfold_wrapper.log_eval_metrics] Accuracy(layer_4 - estimator_0 - 10_folds.train_1.predict)=97.93%
[ 2018-07-31 22:14:18,949][kfold_wrapper.log_eval_metrics] Accuracy(layer_4 - estimator_0 - 10_folds.train_2.predict)=98.52%
[ 2018-07-31 22:14:20,327][kfold_wrapper.log_eval_metrics] Accuracy(layer_4 - estimator_0 - 10_folds.train_3.predict)=99.11%
[ 2018-07-31 22:14:22,542][kfold_wrapper.log_eval_metrics] Accuracy(layer_4 - estimator_0 - 10_folds.train_4.predict)=99.11%
[ 2018-07-31 22:14:24,572][kfold_wrapper.log_eval_metrics] Accuracy(layer_4 - estimator_0 - 10_folds.train_5.predict)=98.52%
[ 2018-07-31 22:14:26,556][kfold_wrapper.log_eval_metrics] Accuracy(layer_4 - estimator_0 - 10_folds.train_6.predict)=99.41%
[ 2018-07-31 22:14:29,252][kfold_wrapper.log_eval_metrics] Accuracy(layer_4 - estimator_0 - 10_folds.train_7.predict)=97.02%
[ 2018-07-31 22:14:32,259][kfold_wrapper.log_eval_metrics] Accuracy(layer_4 - estimator_0 - 10_folds.train_8.predict)=98.21%
[ 2018-07-31 22:14:34,452][kfold_wrapper.log_eval_metrics] Accuracy(layer_4 - estimator_0 - 10_folds.train_9.predict)=97.92%
[ 2018-07-31 22:14:34,834][kfold_wrapper.log_eval_metrics] Accuracy(layer_4 - estimator_0 - 10_folds.train_cv.predict)=98.40%
[ 2018-07-31 22:14:34,836][kfold_wrapper.log_eval_metrics] Accuracy(layer_4 - estimator_0 - 10_folds.test.predict)=98.20%
[ 2018-07-31 22:14:36,972][kfold_wrapper.log_eval_metrics] Accuracy(layer_4 - estimator_1 - 10_folds.train_0.predict)=97.93%
[ 2018-07-31 22:14:38,811][kfold_wrapper.log_eval_metrics] Accuracy(layer_4 - estimator_1 - 10_folds.train_1.predict)=99.41%
[ 2018-07-31 22:14:41,257][kfold_wrapper.log_eval_metrics] Accuracy(layer_4 - estimator_1 - 10_folds.train_2.predict)=99.41%
[ 2018-07-31 22:14:43,998][kfold_wrapper.log_eval_metrics] Accuracy(layer_4 - estimator_1 - 10_folds.train_3.predict)=97.93%
[ 2018-07-31 22:14:46,846][kfold_wrapper.log_eval_metrics] Accuracy(layer_4 - estimator_1 - 10_folds.train_4.predict)=98.22%
[ 2018-07-31 22:14:49,190][kfold_wrapper.log_eval_metrics] Accuracy(layer_4 - estimator_1 - 10_folds.train_5.predict)=97.63%
[ 2018-07-31 22:14:52,322][kfold_wrapper.log_eval_metrics] Accuracy(layer_4 - estimator_1 - 10_folds.train_6.predict)=98.81%
[ 2018-07-31 22:14:55,132][kfold_wrapper.log_eval_metrics] Accuracy(layer_4 - estimator_1 - 10_folds.train_7.predict)=99.11%
[ 2018-07-31 22:14:57,216][kfold_wrapper.log_eval_metrics] Accuracy(layer_4 - estimator_1 - 10_folds.train_8.predict)=98.81%
[ 2018-07-31 22:14:59,727][kfold_wrapper.log_eval_metrics] Accuracy(layer_4 - estimator_1 - 10_folds.train_9.predict)=99.11%
[ 2018-07-31 22:15:00,121][kfold_wrapper.log_eval_metrics] Accuracy(layer_4 - estimator_1 - 10_folds.train_cv.predict)=98.64%
[ 2018-07-31 22:15:00,123][kfold_wrapper.log_eval_metrics] Accuracy(layer_4 - estimator_1 - 10_folds.test.predict)=97.79%
[ 2018-07-31 22:15:00,209][kfold_wrapper.log_eval_metrics] Accuracy(layer_4 - estimator_2 - 10_folds.train_0.predict)=98.82%
[ 2018-07-31 22:15:00,289][kfold_wrapper.log_eval_metrics] Accuracy(layer_4 - estimator_2 - 10_folds.train_1.predict)=98.82%
[ 2018-07-31 22:15:00,322][kfold_wrapper.log_eval_metrics] Accuracy(layer_4 - estimator_2 - 10_folds.train_2.predict)=97.93%
[ 2018-07-31 22:15:00,367][kfold_wrapper.log_eval_metrics] Accuracy(layer_4 - estimator_2 - 10_folds.train_3.predict)=99.11%
[ 2018-07-31 22:15:00,417][kfold_wrapper.log_eval_metrics] Accuracy(layer_4 - estimator_2 - 10_folds.train_4.predict)=99.11%
[ 2018-07-31 22:15:00,488][kfold_wrapper.log_eval_metrics] Accuracy(layer_4 - estimator_2 - 10_folds.train_5.predict)=97.63%
[ 2018-07-31 22:15:00,506][kfold_wrapper.log_eval_metrics] Accuracy(layer_4 - estimator_2 - 10_folds.train_6.predict)=99.11%
[ 2018-07-31 22:15:00,546][kfold_wrapper.log_eval_metrics] Accuracy(layer_4 - estimator_2 - 10_folds.train_7.predict)=99.11%
[ 2018-07-31 22:15:00,647][kfold_wrapper.log_eval_metrics] Accuracy(layer_4 - estimator_2 - 10_folds.train_8.predict)=97.32%
[ 2018-07-31 22:15:00,689][kfold_wrapper.log_eval_metrics] Accuracy(layer_4 - estimator_2 - 10_folds.train_9.predict)=98.21%
[ 2018-07-31 22:15:00,697][kfold_wrapper.log_eval_metrics] Accuracy(layer_4 - estimator_2 - 10_folds.train_cv.predict)=98.52%
[ 2018-07-31 22:15:00,705][kfold_wrapper.log_eval_metrics] Accuracy(layer_4 - estimator_2 - 10_folds.test.predict)=98.13%
[ 2018-07-31 22:15:00,712][cascade_classifier.calc_accuracy] Accuracy(layer_4 - train.classifier_average)=98.55%
[ 2018-07-31 22:15:00,714][cascade_classifier.calc_accuracy] Accuracy(layer_4 - test.classifier_average)=98.27%
[ 2018-07-31 22:15:00,715][cascade_classifier.fit_transform] [Result][Optimal Level Detected] opt_layer_num=2, accuracy_train=98.67%, accuracy_test=98.20%
[ 2018-07-31 22:15:00,802][cascade_classifier.transform] X_groups_test.shape=[(1446, 5)]
[ 2018-07-31 22:15:00,812][cascade_classifier.transform] group_dims=[5]
[ 2018-07-31 22:15:00,817][cascade_classifier.transform] X_test.shape=(1446, 5)
[ 2018-07-31 22:15:00,822][cascade_classifier.transform] [layer=0] look_indexs=[0], X_cur_test.shape=(1446, 5)
[ 2018-07-31 22:15:08,102][cascade_classifier.transform] [layer=1] look_indexs=[0], X_cur_test.shape=(1446, 11)
