[ 2018-07-31 22:11:04,111][cascade_classifier.fit_transform] X_groups_train.shape=[(3487, 10)],y_train.shape=(3487,),X_groups_test.shape=[(1495, 10)],y_test.shape=(1495,)
[ 2018-07-31 22:11:04,114][cascade_classifier.fit_transform] group_dims=[10]
[ 2018-07-31 22:11:04,115][cascade_classifier.fit_transform] group_starts=[0]
[ 2018-07-31 22:11:04,117][cascade_classifier.fit_transform] group_ends=[10]
[ 2018-07-31 22:11:04,118][cascade_classifier.fit_transform] X_train.shape=(3487, 10),X_test.shape=(1495, 10)
[ 2018-07-31 22:11:04,119][cascade_classifier.fit_transform] [layer=0] look_indexs=[0], X_cur_train.shape=(3487, 10), X_cur_test.shape=(1495, 10)
[ 2018-07-31 22:11:05,015][kfold_wrapper.log_eval_metrics] Accuracy(layer_0 - estimator_0 - 10_folds.train_0.predict)=99.43%
[ 2018-07-31 22:11:06,193][kfold_wrapper.log_eval_metrics] Accuracy(layer_0 - estimator_0 - 10_folds.train_1.predict)=99.14%
[ 2018-07-31 22:11:07,276][kfold_wrapper.log_eval_metrics] Accuracy(layer_0 - estimator_0 - 10_folds.train_2.predict)=99.43%
[ 2018-07-31 22:11:08,336][kfold_wrapper.log_eval_metrics] Accuracy(layer_0 - estimator_0 - 10_folds.train_3.predict)=98.28%
[ 2018-07-31 22:11:09,360][kfold_wrapper.log_eval_metrics] Accuracy(layer_0 - estimator_0 - 10_folds.train_4.predict)=98.85%
[ 2018-07-31 22:11:10,503][kfold_wrapper.log_eval_metrics] Accuracy(layer_0 - estimator_0 - 10_folds.train_5.predict)=97.70%
[ 2018-07-31 22:11:11,604][kfold_wrapper.log_eval_metrics] Accuracy(layer_0 - estimator_0 - 10_folds.train_6.predict)=98.85%
[ 2018-07-31 22:11:12,677][kfold_wrapper.log_eval_metrics] Accuracy(layer_0 - estimator_0 - 10_folds.train_7.predict)=98.85%
[ 2018-07-31 22:11:13,726][kfold_wrapper.log_eval_metrics] Accuracy(layer_0 - estimator_0 - 10_folds.train_8.predict)=98.85%
[ 2018-07-31 22:11:14,827][kfold_wrapper.log_eval_metrics] Accuracy(layer_0 - estimator_0 - 10_folds.train_9.predict)=98.85%
[ 2018-07-31 22:11:15,083][kfold_wrapper.log_eval_metrics] Accuracy(layer_0 - estimator_0 - 10_folds.train_cv.predict)=98.82%
[ 2018-07-31 22:11:15,084][kfold_wrapper.log_eval_metrics] Accuracy(layer_0 - estimator_0 - 10_folds.test.predict)=99.13%
[ 2018-07-31 22:11:15,929][kfold_wrapper.log_eval_metrics] Accuracy(layer_0 - estimator_1 - 10_folds.train_0.predict)=99.43%
[ 2018-07-31 22:11:16,970][kfold_wrapper.log_eval_metrics] Accuracy(layer_0 - estimator_1 - 10_folds.train_1.predict)=98.29%
[ 2018-07-31 22:11:17,987][kfold_wrapper.log_eval_metrics] Accuracy(layer_0 - estimator_1 - 10_folds.train_2.predict)=98.85%
[ 2018-07-31 22:11:19,083][kfold_wrapper.log_eval_metrics] Accuracy(layer_0 - estimator_1 - 10_folds.train_3.predict)=98.85%
[ 2018-07-31 22:11:20,163][kfold_wrapper.log_eval_metrics] Accuracy(layer_0 - estimator_1 - 10_folds.train_4.predict)=98.57%
[ 2018-07-31 22:11:21,231][kfold_wrapper.log_eval_metrics] Accuracy(layer_0 - estimator_1 - 10_folds.train_5.predict)=98.56%
[ 2018-07-31 22:11:22,310][kfold_wrapper.log_eval_metrics] Accuracy(layer_0 - estimator_1 - 10_folds.train_6.predict)=98.28%
[ 2018-07-31 22:11:23,434][kfold_wrapper.log_eval_metrics] Accuracy(layer_0 - estimator_1 - 10_folds.train_7.predict)=99.14%
[ 2018-07-31 22:11:24,462][kfold_wrapper.log_eval_metrics] Accuracy(layer_0 - estimator_1 - 10_folds.train_8.predict)=97.99%
[ 2018-07-31 22:11:25,582][kfold_wrapper.log_eval_metrics] Accuracy(layer_0 - estimator_1 - 10_folds.train_9.predict)=98.56%
[ 2018-07-31 22:11:25,835][kfold_wrapper.log_eval_metrics] Accuracy(layer_0 - estimator_1 - 10_folds.train_cv.predict)=98.65%
[ 2018-07-31 22:11:25,837][kfold_wrapper.log_eval_metrics] Accuracy(layer_0 - estimator_1 - 10_folds.test.predict)=99.20%
[ 2018-07-31 22:11:26,021][kfold_wrapper.log_eval_metrics] Accuracy(layer_0 - estimator_2 - 10_folds.train_0.predict)=98.29%
[ 2018-07-31 22:11:26,145][kfold_wrapper.log_eval_metrics] Accuracy(layer_0 - estimator_2 - 10_folds.train_1.predict)=98.29%
[ 2018-07-31 22:11:26,278][kfold_wrapper.log_eval_metrics] Accuracy(layer_0 - estimator_2 - 10_folds.train_2.predict)=97.71%
[ 2018-07-31 22:11:26,405][kfold_wrapper.log_eval_metrics] Accuracy(layer_0 - estimator_2 - 10_folds.train_3.predict)=97.13%
[ 2018-07-31 22:11:26,541][kfold_wrapper.log_eval_metrics] Accuracy(layer_0 - estimator_2 - 10_folds.train_4.predict)=97.99%
[ 2018-07-31 22:11:26,680][kfold_wrapper.log_eval_metrics] Accuracy(layer_0 - estimator_2 - 10_folds.train_5.predict)=97.99%
[ 2018-07-31 22:11:26,817][kfold_wrapper.log_eval_metrics] Accuracy(layer_0 - estimator_2 - 10_folds.train_6.predict)=98.28%
[ 2018-07-31 22:11:26,944][kfold_wrapper.log_eval_metrics] Accuracy(layer_0 - estimator_2 - 10_folds.train_7.predict)=96.84%
[ 2018-07-31 22:11:27,097][kfold_wrapper.log_eval_metrics] Accuracy(layer_0 - estimator_2 - 10_folds.train_8.predict)=97.99%
[ 2018-07-31 22:11:27,227][kfold_wrapper.log_eval_metrics] Accuracy(layer_0 - estimator_2 - 10_folds.train_9.predict)=98.28%
[ 2018-07-31 22:11:27,229][kfold_wrapper.log_eval_metrics] Accuracy(layer_0 - estimator_2 - 10_folds.train_cv.predict)=97.88%
[ 2018-07-31 22:11:27,234][kfold_wrapper.log_eval_metrics] Accuracy(layer_0 - estimator_2 - 10_folds.test.predict)=98.33%
[ 2018-07-31 22:11:27,236][cascade_classifier.calc_accuracy] Accuracy(layer_0 - train.classifier_average)=98.45%
[ 2018-07-31 22:11:27,237][cascade_classifier.calc_accuracy] Accuracy(layer_0 - test.classifier_average)=98.80%
[ 2018-07-31 22:11:27,239][cascade_classifier.fit_transform] [layer=1] look_indexs=[0], X_cur_train.shape=(3487, 16), X_cur_test.shape=(1495, 16)
[ 2018-07-31 22:11:28,073][kfold_wrapper.log_eval_metrics] Accuracy(layer_1 - estimator_0 - 10_folds.train_0.predict)=98.57%
[ 2018-07-31 22:11:29,158][kfold_wrapper.log_eval_metrics] Accuracy(layer_1 - estimator_0 - 10_folds.train_1.predict)=98.86%
[ 2018-07-31 22:11:30,361][kfold_wrapper.log_eval_metrics] Accuracy(layer_1 - estimator_0 - 10_folds.train_2.predict)=98.85%
[ 2018-07-31 22:11:31,534][kfold_wrapper.log_eval_metrics] Accuracy(layer_1 - estimator_0 - 10_folds.train_3.predict)=98.28%
[ 2018-07-31 22:11:32,628][kfold_wrapper.log_eval_metrics] Accuracy(layer_1 - estimator_0 - 10_folds.train_4.predict)=99.43%
[ 2018-07-31 22:11:33,745][kfold_wrapper.log_eval_metrics] Accuracy(layer_1 - estimator_0 - 10_folds.train_5.predict)=99.43%
[ 2018-07-31 22:11:34,874][kfold_wrapper.log_eval_metrics] Accuracy(layer_1 - estimator_0 - 10_folds.train_6.predict)=99.14%
[ 2018-07-31 22:11:35,938][kfold_wrapper.log_eval_metrics] Accuracy(layer_1 - estimator_0 - 10_folds.train_7.predict)=99.14%
[ 2018-07-31 22:11:37,245][kfold_wrapper.log_eval_metrics] Accuracy(layer_1 - estimator_0 - 10_folds.train_8.predict)=98.85%
[ 2018-07-31 22:11:38,474][kfold_wrapper.log_eval_metrics] Accuracy(layer_1 - estimator_0 - 10_folds.train_9.predict)=99.14%
[ 2018-07-31 22:11:38,685][kfold_wrapper.log_eval_metrics] Accuracy(layer_1 - estimator_0 - 10_folds.train_cv.predict)=98.97%
[ 2018-07-31 22:11:38,686][kfold_wrapper.log_eval_metrics] Accuracy(layer_1 - estimator_0 - 10_folds.test.predict)=98.53%
[ 2018-07-31 22:11:39,605][kfold_wrapper.log_eval_metrics] Accuracy(layer_1 - estimator_1 - 10_folds.train_0.predict)=99.14%
[ 2018-07-31 22:11:40,716][kfold_wrapper.log_eval_metrics] Accuracy(layer_1 - estimator_1 - 10_folds.train_1.predict)=98.00%
[ 2018-07-31 22:11:42,192][kfold_wrapper.log_eval_metrics] Accuracy(layer_1 - estimator_1 - 10_folds.train_2.predict)=99.14%
[ 2018-07-31 22:11:43,283][kfold_wrapper.log_eval_metrics] Accuracy(layer_1 - estimator_1 - 10_folds.train_3.predict)=98.28%
[ 2018-07-31 22:11:44,386][kfold_wrapper.log_eval_metrics] Accuracy(layer_1 - estimator_1 - 10_folds.train_4.predict)=98.57%
[ 2018-07-31 22:11:45,461][kfold_wrapper.log_eval_metrics] Accuracy(layer_1 - estimator_1 - 10_folds.train_5.predict)=98.56%
[ 2018-07-31 22:11:46,586][kfold_wrapper.log_eval_metrics] Accuracy(layer_1 - estimator_1 - 10_folds.train_6.predict)=99.14%
[ 2018-07-31 22:11:47,670][kfold_wrapper.log_eval_metrics] Accuracy(layer_1 - estimator_1 - 10_folds.train_7.predict)=99.14%
[ 2018-07-31 22:11:48,805][kfold_wrapper.log_eval_metrics] Accuracy(layer_1 - estimator_1 - 10_folds.train_8.predict)=98.56%
[ 2018-07-31 22:11:49,912][kfold_wrapper.log_eval_metrics] Accuracy(layer_1 - estimator_1 - 10_folds.train_9.predict)=99.14%
[ 2018-07-31 22:11:50,143][kfold_wrapper.log_eval_metrics] Accuracy(layer_1 - estimator_1 - 10_folds.train_cv.predict)=98.77%
[ 2018-07-31 22:11:50,144][kfold_wrapper.log_eval_metrics] Accuracy(layer_1 - estimator_1 - 10_folds.test.predict)=98.73%
[ 2018-07-31 22:11:50,318][kfold_wrapper.log_eval_metrics] Accuracy(layer_1 - estimator_2 - 10_folds.train_0.predict)=98.00%
[ 2018-07-31 22:11:50,524][kfold_wrapper.log_eval_metrics] Accuracy(layer_1 - estimator_2 - 10_folds.train_1.predict)=97.71%
[ 2018-07-31 22:11:50,776][kfold_wrapper.log_eval_metrics] Accuracy(layer_1 - estimator_2 - 10_folds.train_2.predict)=98.28%
[ 2018-07-31 22:11:50,987][kfold_wrapper.log_eval_metrics] Accuracy(layer_1 - estimator_2 - 10_folds.train_3.predict)=98.28%
[ 2018-07-31 22:11:51,229][kfold_wrapper.log_eval_metrics] Accuracy(layer_1 - estimator_2 - 10_folds.train_4.predict)=98.28%
[ 2018-07-31 22:11:51,485][kfold_wrapper.log_eval_metrics] Accuracy(layer_1 - estimator_2 - 10_folds.train_5.predict)=97.99%
[ 2018-07-31 22:11:51,747][kfold_wrapper.log_eval_metrics] Accuracy(layer_1 - estimator_2 - 10_folds.train_6.predict)=97.99%
[ 2018-07-31 22:11:51,986][kfold_wrapper.log_eval_metrics] Accuracy(layer_1 - estimator_2 - 10_folds.train_7.predict)=97.70%
[ 2018-07-31 22:11:52,216][kfold_wrapper.log_eval_metrics] Accuracy(layer_1 - estimator_2 - 10_folds.train_8.predict)=98.28%
[ 2018-07-31 22:11:52,410][kfold_wrapper.log_eval_metrics] Accuracy(layer_1 - estimator_2 - 10_folds.train_9.predict)=97.70%
[ 2018-07-31 22:11:52,417][kfold_wrapper.log_eval_metrics] Accuracy(layer_1 - estimator_2 - 10_folds.train_cv.predict)=98.02%
[ 2018-07-31 22:11:52,426][kfold_wrapper.log_eval_metrics] Accuracy(layer_1 - estimator_2 - 10_folds.test.predict)=98.39%
[ 2018-07-31 22:11:52,431][cascade_classifier.calc_accuracy] Accuracy(layer_1 - train.classifier_average)=98.62%
[ 2018-07-31 22:11:52,435][cascade_classifier.calc_accuracy] Accuracy(layer_1 - test.classifier_average)=98.73%
[ 2018-07-31 22:11:52,436][cascade_classifier.fit_transform] [layer=2] look_indexs=[0], X_cur_train.shape=(3487, 16), X_cur_test.shape=(1495, 16)
[ 2018-07-31 22:11:53,364][kfold_wrapper.log_eval_metrics] Accuracy(layer_2 - estimator_0 - 10_folds.train_0.predict)=99.14%
[ 2018-07-31 22:11:54,503][kfold_wrapper.log_eval_metrics] Accuracy(layer_2 - estimator_0 - 10_folds.train_1.predict)=97.71%
[ 2018-07-31 22:11:55,586][kfold_wrapper.log_eval_metrics] Accuracy(layer_2 - estimator_0 - 10_folds.train_2.predict)=98.28%
[ 2018-07-31 22:11:56,916][kfold_wrapper.log_eval_metrics] Accuracy(layer_2 - estimator_0 - 10_folds.train_3.predict)=98.57%
[ 2018-07-31 22:11:58,041][kfold_wrapper.log_eval_metrics] Accuracy(layer_2 - estimator_0 - 10_folds.train_4.predict)=98.57%
[ 2018-07-31 22:11:59,144][kfold_wrapper.log_eval_metrics] Accuracy(layer_2 - estimator_0 - 10_folds.train_5.predict)=98.85%
[ 2018-07-31 22:12:00,262][kfold_wrapper.log_eval_metrics] Accuracy(layer_2 - estimator_0 - 10_folds.train_6.predict)=98.28%
[ 2018-07-31 22:12:01,443][kfold_wrapper.log_eval_metrics] Accuracy(layer_2 - estimator_0 - 10_folds.train_7.predict)=99.43%
[ 2018-07-31 22:12:02,809][kfold_wrapper.log_eval_metrics] Accuracy(layer_2 - estimator_0 - 10_folds.train_8.predict)=99.14%
[ 2018-07-31 22:12:04,528][kfold_wrapper.log_eval_metrics] Accuracy(layer_2 - estimator_0 - 10_folds.train_9.predict)=98.56%
[ 2018-07-31 22:12:04,771][kfold_wrapper.log_eval_metrics] Accuracy(layer_2 - estimator_0 - 10_folds.train_cv.predict)=98.65%
[ 2018-07-31 22:12:04,773][kfold_wrapper.log_eval_metrics] Accuracy(layer_2 - estimator_0 - 10_folds.test.predict)=98.66%
[ 2018-07-31 22:12:05,858][kfold_wrapper.log_eval_metrics] Accuracy(layer_2 - estimator_1 - 10_folds.train_0.predict)=98.29%
[ 2018-07-31 22:12:07,518][kfold_wrapper.log_eval_metrics] Accuracy(layer_2 - estimator_1 - 10_folds.train_1.predict)=98.57%
[ 2018-07-31 22:12:09,263][kfold_wrapper.log_eval_metrics] Accuracy(layer_2 - estimator_1 - 10_folds.train_2.predict)=98.57%
[ 2018-07-31 22:12:10,781][kfold_wrapper.log_eval_metrics] Accuracy(layer_2 - estimator_1 - 10_folds.train_3.predict)=98.28%
[ 2018-07-31 22:12:12,571][kfold_wrapper.log_eval_metrics] Accuracy(layer_2 - estimator_1 - 10_folds.train_4.predict)=98.85%
[ 2018-07-31 22:12:14,229][kfold_wrapper.log_eval_metrics] Accuracy(layer_2 - estimator_1 - 10_folds.train_5.predict)=99.14%
[ 2018-07-31 22:12:15,512][kfold_wrapper.log_eval_metrics] Accuracy(layer_2 - estimator_1 - 10_folds.train_6.predict)=98.56%
[ 2018-07-31 22:12:16,826][kfold_wrapper.log_eval_metrics] Accuracy(layer_2 - estimator_1 - 10_folds.train_7.predict)=99.14%
[ 2018-07-31 22:12:18,175][kfold_wrapper.log_eval_metrics] Accuracy(layer_2 - estimator_1 - 10_folds.train_8.predict)=97.99%
[ 2018-07-31 22:12:19,367][kfold_wrapper.log_eval_metrics] Accuracy(layer_2 - estimator_1 - 10_folds.train_9.predict)=99.14%
[ 2018-07-31 22:12:19,589][kfold_wrapper.log_eval_metrics] Accuracy(layer_2 - estimator_1 - 10_folds.train_cv.predict)=98.65%
[ 2018-07-31 22:12:19,590][kfold_wrapper.log_eval_metrics] Accuracy(layer_2 - estimator_1 - 10_folds.test.predict)=98.33%
[ 2018-07-31 22:12:19,811][kfold_wrapper.log_eval_metrics] Accuracy(layer_2 - estimator_2 - 10_folds.train_0.predict)=98.86%
[ 2018-07-31 22:12:20,157][kfold_wrapper.log_eval_metrics] Accuracy(layer_2 - estimator_2 - 10_folds.train_1.predict)=97.71%
[ 2018-07-31 22:12:20,453][kfold_wrapper.log_eval_metrics] Accuracy(layer_2 - estimator_2 - 10_folds.train_2.predict)=98.57%
[ 2018-07-31 22:12:20,772][kfold_wrapper.log_eval_metrics] Accuracy(layer_2 - estimator_2 - 10_folds.train_3.predict)=98.57%
[ 2018-07-31 22:12:21,110][kfold_wrapper.log_eval_metrics] Accuracy(layer_2 - estimator_2 - 10_folds.train_4.predict)=98.85%
[ 2018-07-31 22:12:21,360][kfold_wrapper.log_eval_metrics] Accuracy(layer_2 - estimator_2 - 10_folds.train_5.predict)=96.84%
[ 2018-07-31 22:12:21,570][kfold_wrapper.log_eval_metrics] Accuracy(layer_2 - estimator_2 - 10_folds.train_6.predict)=97.99%
[ 2018-07-31 22:12:21,865][kfold_wrapper.log_eval_metrics] Accuracy(layer_2 - estimator_2 - 10_folds.train_7.predict)=97.99%
[ 2018-07-31 22:12:22,145][kfold_wrapper.log_eval_metrics] Accuracy(layer_2 - estimator_2 - 10_folds.train_8.predict)=97.70%
[ 2018-07-31 22:12:22,419][kfold_wrapper.log_eval_metrics] Accuracy(layer_2 - estimator_2 - 10_folds.train_9.predict)=98.28%
[ 2018-07-31 22:12:22,425][kfold_wrapper.log_eval_metrics] Accuracy(layer_2 - estimator_2 - 10_folds.train_cv.predict)=98.14%
[ 2018-07-31 22:12:22,429][kfold_wrapper.log_eval_metrics] Accuracy(layer_2 - estimator_2 - 10_folds.test.predict)=98.46%
[ 2018-07-31 22:12:22,433][cascade_classifier.calc_accuracy] Accuracy(layer_2 - train.classifier_average)=98.71%
[ 2018-07-31 22:12:22,437][cascade_classifier.calc_accuracy] Accuracy(layer_2 - test.classifier_average)=98.80%
[ 2018-07-31 22:12:22,441][cascade_classifier.fit_transform] [layer=3] look_indexs=[0], X_cur_train.shape=(3487, 16), X_cur_test.shape=(1495, 16)
[ 2018-07-31 22:12:23,523][kfold_wrapper.log_eval_metrics] Accuracy(layer_3 - estimator_0 - 10_folds.train_0.predict)=98.86%
[ 2018-07-31 22:12:24,916][kfold_wrapper.log_eval_metrics] Accuracy(layer_3 - estimator_0 - 10_folds.train_1.predict)=98.57%
[ 2018-07-31 22:12:26,183][kfold_wrapper.log_eval_metrics] Accuracy(layer_3 - estimator_0 - 10_folds.train_2.predict)=98.28%
[ 2018-07-31 22:12:27,578][kfold_wrapper.log_eval_metrics] Accuracy(layer_3 - estimator_0 - 10_folds.train_3.predict)=99.14%
[ 2018-07-31 22:12:28,926][kfold_wrapper.log_eval_metrics] Accuracy(layer_3 - estimator_0 - 10_folds.train_4.predict)=98.85%
[ 2018-07-31 22:12:30,276][kfold_wrapper.log_eval_metrics] Accuracy(layer_3 - estimator_0 - 10_folds.train_5.predict)=97.99%
[ 2018-07-31 22:12:31,828][kfold_wrapper.log_eval_metrics] Accuracy(layer_3 - estimator_0 - 10_folds.train_6.predict)=98.56%
[ 2018-07-31 22:12:33,130][kfold_wrapper.log_eval_metrics] Accuracy(layer_3 - estimator_0 - 10_folds.train_7.predict)=98.56%
[ 2018-07-31 22:12:34,288][kfold_wrapper.log_eval_metrics] Accuracy(layer_3 - estimator_0 - 10_folds.train_8.predict)=98.28%
[ 2018-07-31 22:12:35,413][kfold_wrapper.log_eval_metrics] Accuracy(layer_3 - estimator_0 - 10_folds.train_9.predict)=99.14%
[ 2018-07-31 22:12:35,672][kfold_wrapper.log_eval_metrics] Accuracy(layer_3 - estimator_0 - 10_folds.train_cv.predict)=98.62%
[ 2018-07-31 22:12:35,673][kfold_wrapper.log_eval_metrics] Accuracy(layer_3 - estimator_0 - 10_folds.test.predict)=98.46%
[ 2018-07-31 22:12:36,850][kfold_wrapper.log_eval_metrics] Accuracy(layer_3 - estimator_1 - 10_folds.train_0.predict)=98.86%
[ 2018-07-31 22:12:38,260][kfold_wrapper.log_eval_metrics] Accuracy(layer_3 - estimator_1 - 10_folds.train_1.predict)=98.29%
[ 2018-07-31 22:12:39,969][kfold_wrapper.log_eval_metrics] Accuracy(layer_3 - estimator_1 - 10_folds.train_2.predict)=98.85%
[ 2018-07-31 22:12:41,413][kfold_wrapper.log_eval_metrics] Accuracy(layer_3 - estimator_1 - 10_folds.train_3.predict)=99.14%
[ 2018-07-31 22:12:42,829][kfold_wrapper.log_eval_metrics] Accuracy(layer_3 - estimator_1 - 10_folds.train_4.predict)=98.57%
[ 2018-07-31 22:12:44,428][kfold_wrapper.log_eval_metrics] Accuracy(layer_3 - estimator_1 - 10_folds.train_5.predict)=98.28%
[ 2018-07-31 22:12:45,782][kfold_wrapper.log_eval_metrics] Accuracy(layer_3 - estimator_1 - 10_folds.train_6.predict)=99.43%
[ 2018-07-31 22:12:47,235][kfold_wrapper.log_eval_metrics] Accuracy(layer_3 - estimator_1 - 10_folds.train_7.predict)=97.70%
[ 2018-07-31 22:12:48,346][kfold_wrapper.log_eval_metrics] Accuracy(layer_3 - estimator_1 - 10_folds.train_8.predict)=98.28%
[ 2018-07-31 22:12:49,526][kfold_wrapper.log_eval_metrics] Accuracy(layer_3 - estimator_1 - 10_folds.train_9.predict)=98.85%
[ 2018-07-31 22:12:49,745][kfold_wrapper.log_eval_metrics] Accuracy(layer_3 - estimator_1 - 10_folds.train_cv.predict)=98.62%
[ 2018-07-31 22:12:49,747][kfold_wrapper.log_eval_metrics] Accuracy(layer_3 - estimator_1 - 10_folds.test.predict)=98.46%
[ 2018-07-31 22:12:50,023][kfold_wrapper.log_eval_metrics] Accuracy(layer_3 - estimator_2 - 10_folds.train_0.predict)=98.00%
[ 2018-07-31 22:12:50,373][kfold_wrapper.log_eval_metrics] Accuracy(layer_3 - estimator_2 - 10_folds.train_1.predict)=97.71%
[ 2018-07-31 22:12:50,672][kfold_wrapper.log_eval_metrics] Accuracy(layer_3 - estimator_2 - 10_folds.train_2.predict)=97.71%
[ 2018-07-31 22:12:51,024][kfold_wrapper.log_eval_metrics] Accuracy(layer_3 - estimator_2 - 10_folds.train_3.predict)=97.71%
[ 2018-07-31 22:12:51,424][kfold_wrapper.log_eval_metrics] Accuracy(layer_3 - estimator_2 - 10_folds.train_4.predict)=97.99%
[ 2018-07-31 22:12:51,750][kfold_wrapper.log_eval_metrics] Accuracy(layer_3 - estimator_2 - 10_folds.train_5.predict)=97.99%
[ 2018-07-31 22:12:52,038][kfold_wrapper.log_eval_metrics] Accuracy(layer_3 - estimator_2 - 10_folds.train_6.predict)=97.41%
[ 2018-07-31 22:12:52,386][kfold_wrapper.log_eval_metrics] Accuracy(layer_3 - estimator_2 - 10_folds.train_7.predict)=98.56%
[ 2018-07-31 22:12:52,703][kfold_wrapper.log_eval_metrics] Accuracy(layer_3 - estimator_2 - 10_folds.train_8.predict)=98.28%
[ 2018-07-31 22:12:53,040][kfold_wrapper.log_eval_metrics] Accuracy(layer_3 - estimator_2 - 10_folds.train_9.predict)=97.99%
[ 2018-07-31 22:12:53,057][kfold_wrapper.log_eval_metrics] Accuracy(layer_3 - estimator_2 - 10_folds.train_cv.predict)=97.94%
[ 2018-07-31 22:12:53,061][kfold_wrapper.log_eval_metrics] Accuracy(layer_3 - estimator_2 - 10_folds.test.predict)=98.39%
[ 2018-07-31 22:12:53,065][cascade_classifier.calc_accuracy] Accuracy(layer_3 - train.classifier_average)=98.65%
[ 2018-07-31 22:12:53,066][cascade_classifier.calc_accuracy] Accuracy(layer_3 - test.classifier_average)=98.86%
[ 2018-07-31 22:12:53,068][cascade_classifier.fit_transform] [layer=4] look_indexs=[0], X_cur_train.shape=(3487, 16), X_cur_test.shape=(1495, 16)
[ 2018-07-31 22:12:54,345][kfold_wrapper.log_eval_metrics] Accuracy(layer_4 - estimator_0 - 10_folds.train_0.predict)=99.14%
[ 2018-07-31 22:12:55,773][kfold_wrapper.log_eval_metrics] Accuracy(layer_4 - estimator_0 - 10_folds.train_1.predict)=97.71%
[ 2018-07-31 22:12:57,073][kfold_wrapper.log_eval_metrics] Accuracy(layer_4 - estimator_0 - 10_folds.train_2.predict)=98.85%
[ 2018-07-31 22:12:58,545][kfold_wrapper.log_eval_metrics] Accuracy(layer_4 - estimator_0 - 10_folds.train_3.predict)=99.43%
[ 2018-07-31 22:12:59,807][kfold_wrapper.log_eval_metrics] Accuracy(layer_4 - estimator_0 - 10_folds.train_4.predict)=98.28%
[ 2018-07-31 22:13:01,134][kfold_wrapper.log_eval_metrics] Accuracy(layer_4 - estimator_0 - 10_folds.train_5.predict)=98.56%
[ 2018-07-31 22:13:02,368][kfold_wrapper.log_eval_metrics] Accuracy(layer_4 - estimator_0 - 10_folds.train_6.predict)=98.56%
[ 2018-07-31 22:13:03,832][kfold_wrapper.log_eval_metrics] Accuracy(layer_4 - estimator_0 - 10_folds.train_7.predict)=98.28%
[ 2018-07-31 22:13:05,242][kfold_wrapper.log_eval_metrics] Accuracy(layer_4 - estimator_0 - 10_folds.train_8.predict)=98.85%
[ 2018-07-31 22:13:06,714][kfold_wrapper.log_eval_metrics] Accuracy(layer_4 - estimator_0 - 10_folds.train_9.predict)=98.28%
[ 2018-07-31 22:13:06,926][kfold_wrapper.log_eval_metrics] Accuracy(layer_4 - estimator_0 - 10_folds.train_cv.predict)=98.59%
[ 2018-07-31 22:13:06,928][kfold_wrapper.log_eval_metrics] Accuracy(layer_4 - estimator_0 - 10_folds.test.predict)=98.60%
[ 2018-07-31 22:13:08,064][kfold_wrapper.log_eval_metrics] Accuracy(layer_4 - estimator_1 - 10_folds.train_0.predict)=98.86%
[ 2018-07-31 22:13:09,473][kfold_wrapper.log_eval_metrics] Accuracy(layer_4 - estimator_1 - 10_folds.train_1.predict)=99.43%
[ 2018-07-31 22:13:10,813][kfold_wrapper.log_eval_metrics] Accuracy(layer_4 - estimator_1 - 10_folds.train_2.predict)=98.85%
[ 2018-07-31 22:13:12,020][kfold_wrapper.log_eval_metrics] Accuracy(layer_4 - estimator_1 - 10_folds.train_3.predict)=97.99%
[ 2018-07-31 22:13:13,473][kfold_wrapper.log_eval_metrics] Accuracy(layer_4 - estimator_1 - 10_folds.train_4.predict)=97.13%
[ 2018-07-31 22:13:14,687][kfold_wrapper.log_eval_metrics] Accuracy(layer_4 - estimator_1 - 10_folds.train_5.predict)=97.99%
[ 2018-07-31 22:13:16,033][kfold_wrapper.log_eval_metrics] Accuracy(layer_4 - estimator_1 - 10_folds.train_6.predict)=98.85%
[ 2018-07-31 22:13:17,261][kfold_wrapper.log_eval_metrics] Accuracy(layer_4 - estimator_1 - 10_folds.train_7.predict)=98.85%
[ 2018-07-31 22:13:18,575][kfold_wrapper.log_eval_metrics] Accuracy(layer_4 - estimator_1 - 10_folds.train_8.predict)=98.56%
[ 2018-07-31 22:13:20,143][kfold_wrapper.log_eval_metrics] Accuracy(layer_4 - estimator_1 - 10_folds.train_9.predict)=97.70%
[ 2018-07-31 22:13:20,380][kfold_wrapper.log_eval_metrics] Accuracy(layer_4 - estimator_1 - 10_folds.train_cv.predict)=98.42%
[ 2018-07-31 22:13:20,382][kfold_wrapper.log_eval_metrics] Accuracy(layer_4 - estimator_1 - 10_folds.test.predict)=98.53%
[ 2018-07-31 22:13:20,613][kfold_wrapper.log_eval_metrics] Accuracy(layer_4 - estimator_2 - 10_folds.train_0.predict)=97.43%
[ 2018-07-31 22:13:20,919][kfold_wrapper.log_eval_metrics] Accuracy(layer_4 - estimator_2 - 10_folds.train_1.predict)=98.57%
[ 2018-07-31 22:13:21,226][kfold_wrapper.log_eval_metrics] Accuracy(layer_4 - estimator_2 - 10_folds.train_2.predict)=98.28%
[ 2018-07-31 22:13:21,491][kfold_wrapper.log_eval_metrics] Accuracy(layer_4 - estimator_2 - 10_folds.train_3.predict)=97.99%
[ 2018-07-31 22:13:21,888][kfold_wrapper.log_eval_metrics] Accuracy(layer_4 - estimator_2 - 10_folds.train_4.predict)=97.71%
[ 2018-07-31 22:13:22,316][kfold_wrapper.log_eval_metrics] Accuracy(layer_4 - estimator_2 - 10_folds.train_5.predict)=97.99%
[ 2018-07-31 22:13:22,708][kfold_wrapper.log_eval_metrics] Accuracy(layer_4 - estimator_2 - 10_folds.train_6.predict)=98.28%
[ 2018-07-31 22:13:23,106][kfold_wrapper.log_eval_metrics] Accuracy(layer_4 - estimator_2 - 10_folds.train_7.predict)=98.28%
[ 2018-07-31 22:13:23,382][kfold_wrapper.log_eval_metrics] Accuracy(layer_4 - estimator_2 - 10_folds.train_8.predict)=97.70%
[ 2018-07-31 22:13:23,610][kfold_wrapper.log_eval_metrics] Accuracy(layer_4 - estimator_2 - 10_folds.train_9.predict)=98.56%
[ 2018-07-31 22:13:23,662][kfold_wrapper.log_eval_metrics] Accuracy(layer_4 - estimator_2 - 10_folds.train_cv.predict)=98.08%
[ 2018-07-31 22:13:23,672][kfold_wrapper.log_eval_metrics] Accuracy(layer_4 - estimator_2 - 10_folds.test.predict)=98.39%
[ 2018-07-31 22:13:23,676][cascade_classifier.calc_accuracy] Accuracy(layer_4 - train.classifier_average)=98.65%
[ 2018-07-31 22:13:23,680][cascade_classifier.calc_accuracy] Accuracy(layer_4 - test.classifier_average)=98.93%
[ 2018-07-31 22:13:23,684][cascade_classifier.fit_transform] [layer=5] look_indexs=[0], X_cur_train.shape=(3487, 16), X_cur_test.shape=(1495, 16)
[ 2018-07-31 22:13:24,885][kfold_wrapper.log_eval_metrics] Accuracy(layer_5 - estimator_0 - 10_folds.train_0.predict)=98.29%
[ 2018-07-31 22:13:26,489][kfold_wrapper.log_eval_metrics] Accuracy(layer_5 - estimator_0 - 10_folds.train_1.predict)=97.71%
[ 2018-07-31 22:13:28,101][kfold_wrapper.log_eval_metrics] Accuracy(layer_5 - estimator_0 - 10_folds.train_2.predict)=98.85%
[ 2018-07-31 22:13:29,813][kfold_wrapper.log_eval_metrics] Accuracy(layer_5 - estimator_0 - 10_folds.train_3.predict)=99.14%
[ 2018-07-31 22:13:32,295][kfold_wrapper.log_eval_metrics] Accuracy(layer_5 - estimator_0 - 10_folds.train_4.predict)=98.28%
[ 2018-07-31 22:13:34,000][kfold_wrapper.log_eval_metrics] Accuracy(layer_5 - estimator_0 - 10_folds.train_5.predict)=98.85%
[ 2018-07-31 22:13:35,487][kfold_wrapper.log_eval_metrics] Accuracy(layer_5 - estimator_0 - 10_folds.train_6.predict)=99.14%
[ 2018-07-31 22:13:36,901][kfold_wrapper.log_eval_metrics] Accuracy(layer_5 - estimator_0 - 10_folds.train_7.predict)=97.70%
[ 2018-07-31 22:13:38,794][kfold_wrapper.log_eval_metrics] Accuracy(layer_5 - estimator_0 - 10_folds.train_8.predict)=97.99%
[ 2018-07-31 22:13:40,557][kfold_wrapper.log_eval_metrics] Accuracy(layer_5 - estimator_0 - 10_folds.train_9.predict)=98.56%
[ 2018-07-31 22:13:40,785][kfold_wrapper.log_eval_metrics] Accuracy(layer_5 - estimator_0 - 10_folds.train_cv.predict)=98.45%
[ 2018-07-31 22:13:40,787][kfold_wrapper.log_eval_metrics] Accuracy(layer_5 - estimator_0 - 10_folds.test.predict)=98.46%
[ 2018-07-31 22:13:42,275][kfold_wrapper.log_eval_metrics] Accuracy(layer_5 - estimator_1 - 10_folds.train_0.predict)=97.71%
[ 2018-07-31 22:13:43,733][kfold_wrapper.log_eval_metrics] Accuracy(layer_5 - estimator_1 - 10_folds.train_1.predict)=98.57%
[ 2018-07-31 22:13:45,296][kfold_wrapper.log_eval_metrics] Accuracy(layer_5 - estimator_1 - 10_folds.train_2.predict)=98.57%
[ 2018-07-31 22:13:47,025][kfold_wrapper.log_eval_metrics] Accuracy(layer_5 - estimator_1 - 10_folds.train_3.predict)=98.28%
[ 2018-07-31 22:13:48,368][kfold_wrapper.log_eval_metrics] Accuracy(layer_5 - estimator_1 - 10_folds.train_4.predict)=99.14%
[ 2018-07-31 22:13:49,850][kfold_wrapper.log_eval_metrics] Accuracy(layer_5 - estimator_1 - 10_folds.train_5.predict)=98.56%
[ 2018-07-31 22:13:51,525][kfold_wrapper.log_eval_metrics] Accuracy(layer_5 - estimator_1 - 10_folds.train_6.predict)=99.43%
[ 2018-07-31 22:13:52,985][kfold_wrapper.log_eval_metrics] Accuracy(layer_5 - estimator_1 - 10_folds.train_7.predict)=98.56%
[ 2018-07-31 22:13:54,424][kfold_wrapper.log_eval_metrics] Accuracy(layer_5 - estimator_1 - 10_folds.train_8.predict)=97.99%
[ 2018-07-31 22:13:55,732][kfold_wrapper.log_eval_metrics] Accuracy(layer_5 - estimator_1 - 10_folds.train_9.predict)=98.28%
[ 2018-07-31 22:13:56,101][kfold_wrapper.log_eval_metrics] Accuracy(layer_5 - estimator_1 - 10_folds.train_cv.predict)=98.51%
[ 2018-07-31 22:13:56,103][kfold_wrapper.log_eval_metrics] Accuracy(layer_5 - estimator_1 - 10_folds.test.predict)=98.73%
[ 2018-07-31 22:13:56,459][kfold_wrapper.log_eval_metrics] Accuracy(layer_5 - estimator_2 - 10_folds.train_0.predict)=97.71%
[ 2018-07-31 22:13:56,903][kfold_wrapper.log_eval_metrics] Accuracy(layer_5 - estimator_2 - 10_folds.train_1.predict)=98.29%
[ 2018-07-31 22:13:57,207][kfold_wrapper.log_eval_metrics] Accuracy(layer_5 - estimator_2 - 10_folds.train_2.predict)=98.28%
[ 2018-07-31 22:13:57,612][kfold_wrapper.log_eval_metrics] Accuracy(layer_5 - estimator_2 - 10_folds.train_3.predict)=97.42%
[ 2018-07-31 22:13:57,956][kfold_wrapper.log_eval_metrics] Accuracy(layer_5 - estimator_2 - 10_folds.train_4.predict)=98.28%
[ 2018-07-31 22:13:58,558][kfold_wrapper.log_eval_metrics] Accuracy(layer_5 - estimator_2 - 10_folds.train_5.predict)=97.99%
[ 2018-07-31 22:13:59,057][kfold_wrapper.log_eval_metrics] Accuracy(layer_5 - estimator_2 - 10_folds.train_6.predict)=97.99%
[ 2018-07-31 22:13:59,360][kfold_wrapper.log_eval_metrics] Accuracy(layer_5 - estimator_2 - 10_folds.train_7.predict)=97.99%
[ 2018-07-31 22:13:59,781][kfold_wrapper.log_eval_metrics] Accuracy(layer_5 - estimator_2 - 10_folds.train_8.predict)=98.56%
[ 2018-07-31 22:14:00,620][kfold_wrapper.log_eval_metrics] Accuracy(layer_5 - estimator_2 - 10_folds.train_9.predict)=98.56%
[ 2018-07-31 22:14:00,661][kfold_wrapper.log_eval_metrics] Accuracy(layer_5 - estimator_2 - 10_folds.train_cv.predict)=98.11%
[ 2018-07-31 22:14:00,683][kfold_wrapper.log_eval_metrics] Accuracy(layer_5 - estimator_2 - 10_folds.test.predict)=98.39%
[ 2018-07-31 22:14:00,694][cascade_classifier.calc_accuracy] Accuracy(layer_5 - train.classifier_average)=98.65%
[ 2018-07-31 22:14:00,702][cascade_classifier.calc_accuracy] Accuracy(layer_5 - test.classifier_average)=98.80%
[ 2018-07-31 22:14:00,704][cascade_classifier.fit_transform] [Result][Optimal Level Detected] opt_layer_num=3, accuracy_train=98.71%, accuracy_test=98.80%
[ 2018-07-31 22:14:00,798][cascade_classifier.transform] X_groups_test.shape=[(1495, 10)]
[ 2018-07-31 22:14:00,806][cascade_classifier.transform] group_dims=[10]
[ 2018-07-31 22:14:00,808][cascade_classifier.transform] X_test.shape=(1495, 10)
[ 2018-07-31 22:14:00,810][cascade_classifier.transform] [layer=0] look_indexs=[0], X_cur_test.shape=(1495, 10)
[ 2018-07-31 22:14:06,528][cascade_classifier.transform] [layer=1] look_indexs=[0], X_cur_test.shape=(1495, 16)
[ 2018-07-31 22:14:12,479][cascade_classifier.transform] [layer=2] look_indexs=[0], X_cur_test.shape=(1495, 16)
