[ 2018-07-31 18:35:46,775][cascade_classifier.fit_transform] X_groups_train.shape=[(25000, 500)],y_train.shape=(25000,),X_groups_test.shape=[(25000, 500)],y_test.shape=(25000,)
[ 2018-07-31 18:35:46,803][cascade_classifier.fit_transform] group_dims=[500]
[ 2018-07-31 18:35:46,804][cascade_classifier.fit_transform] group_starts=[0]
[ 2018-07-31 18:35:46,805][cascade_classifier.fit_transform] group_ends=[500]
[ 2018-07-31 18:35:46,806][cascade_classifier.fit_transform] X_train.shape=(25000, 500),X_test.shape=(25000, 500)
[ 2018-07-31 18:35:46,874][cascade_classifier.fit_transform] [layer=0] look_indexs=[0], X_cur_train.shape=(25000, 500), X_cur_test.shape=(25000, 500)
[ 2018-07-31 18:35:52,057][kfold_wrapper.log_eval_metrics] Accuracy(layer_0 - estimator_0 - 10_folds.train_0.predict)=52.28%
[ 2018-07-31 18:35:57,337][kfold_wrapper.log_eval_metrics] Accuracy(layer_0 - estimator_0 - 10_folds.train_1.predict)=54.40%
[ 2018-07-31 18:36:02,606][kfold_wrapper.log_eval_metrics] Accuracy(layer_0 - estimator_0 - 10_folds.train_2.predict)=53.44%
[ 2018-07-31 18:36:10,437][kfold_wrapper.log_eval_metrics] Accuracy(layer_0 - estimator_0 - 10_folds.train_3.predict)=53.64%
[ 2018-07-31 18:36:16,851][kfold_wrapper.log_eval_metrics] Accuracy(layer_0 - estimator_0 - 10_folds.train_4.predict)=52.88%
[ 2018-07-31 18:36:22,265][kfold_wrapper.log_eval_metrics] Accuracy(layer_0 - estimator_0 - 10_folds.train_5.predict)=55.08%
[ 2018-07-31 18:36:27,674][kfold_wrapper.log_eval_metrics] Accuracy(layer_0 - estimator_0 - 10_folds.train_6.predict)=52.68%
[ 2018-07-31 18:36:33,080][kfold_wrapper.log_eval_metrics] Accuracy(layer_0 - estimator_0 - 10_folds.train_7.predict)=52.64%
[ 2018-07-31 18:36:38,478][kfold_wrapper.log_eval_metrics] Accuracy(layer_0 - estimator_0 - 10_folds.train_8.predict)=53.36%
[ 2018-07-31 18:36:43,723][kfold_wrapper.log_eval_metrics] Accuracy(layer_0 - estimator_0 - 10_folds.train_9.predict)=53.72%
[ 2018-07-31 18:36:43,966][kfold_wrapper.log_eval_metrics] Accuracy(layer_0 - estimator_0 - 10_folds.train_cv.predict)=53.41%
[ 2018-07-31 18:36:43,968][kfold_wrapper.log_eval_metrics] Accuracy(layer_0 - estimator_0 - 10_folds.test.predict)=54.98%
[ 2018-07-31 18:36:48,423][kfold_wrapper.log_eval_metrics] Accuracy(layer_0 - estimator_1 - 10_folds.train_0.predict)=53.20%
[ 2018-07-31 18:36:52,968][kfold_wrapper.log_eval_metrics] Accuracy(layer_0 - estimator_1 - 10_folds.train_1.predict)=52.68%
[ 2018-07-31 18:36:57,557][kfold_wrapper.log_eval_metrics] Accuracy(layer_0 - estimator_1 - 10_folds.train_2.predict)=51.92%
[ 2018-07-31 18:37:02,013][kfold_wrapper.log_eval_metrics] Accuracy(layer_0 - estimator_1 - 10_folds.train_3.predict)=52.32%
[ 2018-07-31 18:37:06,793][kfold_wrapper.log_eval_metrics] Accuracy(layer_0 - estimator_1 - 10_folds.train_4.predict)=50.92%
[ 2018-07-31 18:37:12,103][kfold_wrapper.log_eval_metrics] Accuracy(layer_0 - estimator_1 - 10_folds.train_5.predict)=52.28%
[ 2018-07-31 18:37:17,089][kfold_wrapper.log_eval_metrics] Accuracy(layer_0 - estimator_1 - 10_folds.train_6.predict)=53.32%
[ 2018-07-31 18:37:21,598][kfold_wrapper.log_eval_metrics] Accuracy(layer_0 - estimator_1 - 10_folds.train_7.predict)=51.80%
[ 2018-07-31 18:37:26,165][kfold_wrapper.log_eval_metrics] Accuracy(layer_0 - estimator_1 - 10_folds.train_8.predict)=52.68%
[ 2018-07-31 18:37:30,551][kfold_wrapper.log_eval_metrics] Accuracy(layer_0 - estimator_1 - 10_folds.train_9.predict)=52.48%
[ 2018-07-31 18:37:30,909][kfold_wrapper.log_eval_metrics] Accuracy(layer_0 - estimator_1 - 10_folds.train_cv.predict)=52.36%
[ 2018-07-31 18:37:30,911][kfold_wrapper.log_eval_metrics] Accuracy(layer_0 - estimator_1 - 10_folds.test.predict)=52.48%
[ 2018-07-31 18:38:02,401][kfold_wrapper.log_eval_metrics] Accuracy(layer_0 - estimator_2 - 10_folds.train_0.predict)=49.40%
[ 2018-07-31 18:38:29,222][kfold_wrapper.log_eval_metrics] Accuracy(layer_0 - estimator_2 - 10_folds.train_1.predict)=50.00%
[ 2018-07-31 18:38:59,117][kfold_wrapper.log_eval_metrics] Accuracy(layer_0 - estimator_2 - 10_folds.train_2.predict)=52.12%
[ 2018-07-31 18:39:28,412][kfold_wrapper.log_eval_metrics] Accuracy(layer_0 - estimator_2 - 10_folds.train_3.predict)=50.64%
[ 2018-07-31 18:40:02,787][kfold_wrapper.log_eval_metrics] Accuracy(layer_0 - estimator_2 - 10_folds.train_4.predict)=51.44%
[ 2018-07-31 18:40:27,822][kfold_wrapper.log_eval_metrics] Accuracy(layer_0 - estimator_2 - 10_folds.train_5.predict)=50.56%
[ 2018-07-31 18:40:55,866][kfold_wrapper.log_eval_metrics] Accuracy(layer_0 - estimator_2 - 10_folds.train_6.predict)=50.76%
[ 2018-07-31 18:41:23,163][kfold_wrapper.log_eval_metrics] Accuracy(layer_0 - estimator_2 - 10_folds.train_7.predict)=51.24%
[ 2018-07-31 18:41:56,005][kfold_wrapper.log_eval_metrics] Accuracy(layer_0 - estimator_2 - 10_folds.train_8.predict)=50.68%
[ 2018-07-31 18:42:27,394][kfold_wrapper.log_eval_metrics] Accuracy(layer_0 - estimator_2 - 10_folds.train_9.predict)=49.64%
[ 2018-07-31 18:42:27,413][kfold_wrapper.log_eval_metrics] Accuracy(layer_0 - estimator_2 - 10_folds.train_cv.predict)=50.65%
[ 2018-07-31 18:42:27,416][kfold_wrapper.log_eval_metrics] Accuracy(layer_0 - estimator_2 - 10_folds.test.predict)=50.84%
[ 2018-07-31 18:42:27,419][cascade_classifier.calc_accuracy] Accuracy(layer_0 - train.classifier_average)=52.93%
[ 2018-07-31 18:42:27,420][cascade_classifier.calc_accuracy] Accuracy(layer_0 - test.classifier_average)=52.88%
[ 2018-07-31 18:42:27,506][cascade_classifier.fit_transform] [layer=1] look_indexs=[0], X_cur_train.shape=(25000, 506), X_cur_test.shape=(25000, 506)
[ 2018-07-31 18:42:34,018][kfold_wrapper.log_eval_metrics] Accuracy(layer_1 - estimator_0 - 10_folds.train_0.predict)=53.00%
[ 2018-07-31 18:42:41,264][kfold_wrapper.log_eval_metrics] Accuracy(layer_1 - estimator_0 - 10_folds.train_1.predict)=53.84%
[ 2018-07-31 18:42:47,615][kfold_wrapper.log_eval_metrics] Accuracy(layer_1 - estimator_0 - 10_folds.train_2.predict)=52.76%
[ 2018-07-31 18:42:53,183][kfold_wrapper.log_eval_metrics] Accuracy(layer_1 - estimator_0 - 10_folds.train_3.predict)=54.04%
[ 2018-07-31 18:42:58,662][kfold_wrapper.log_eval_metrics] Accuracy(layer_1 - estimator_0 - 10_folds.train_4.predict)=53.64%
[ 2018-07-31 18:43:04,165][kfold_wrapper.log_eval_metrics] Accuracy(layer_1 - estimator_0 - 10_folds.train_5.predict)=55.28%
[ 2018-07-31 18:43:10,087][kfold_wrapper.log_eval_metrics] Accuracy(layer_1 - estimator_0 - 10_folds.train_6.predict)=54.24%
[ 2018-07-31 18:43:16,673][kfold_wrapper.log_eval_metrics] Accuracy(layer_1 - estimator_0 - 10_folds.train_7.predict)=54.64%
[ 2018-07-31 18:43:22,292][kfold_wrapper.log_eval_metrics] Accuracy(layer_1 - estimator_0 - 10_folds.train_8.predict)=54.12%
[ 2018-07-31 18:43:27,871][kfold_wrapper.log_eval_metrics] Accuracy(layer_1 - estimator_0 - 10_folds.train_9.predict)=54.20%
[ 2018-07-31 18:43:28,241][kfold_wrapper.log_eval_metrics] Accuracy(layer_1 - estimator_0 - 10_folds.train_cv.predict)=53.98%
[ 2018-07-31 18:43:28,243][kfold_wrapper.log_eval_metrics] Accuracy(layer_1 - estimator_0 - 10_folds.test.predict)=54.60%
[ 2018-07-31 18:43:32,882][kfold_wrapper.log_eval_metrics] Accuracy(layer_1 - estimator_1 - 10_folds.train_0.predict)=51.84%
[ 2018-07-31 18:43:37,649][kfold_wrapper.log_eval_metrics] Accuracy(layer_1 - estimator_1 - 10_folds.train_1.predict)=53.40%
[ 2018-07-31 18:43:42,206][kfold_wrapper.log_eval_metrics] Accuracy(layer_1 - estimator_1 - 10_folds.train_2.predict)=50.96%
[ 2018-07-31 18:43:46,962][kfold_wrapper.log_eval_metrics] Accuracy(layer_1 - estimator_1 - 10_folds.train_3.predict)=54.80%
[ 2018-07-31 18:43:51,516][kfold_wrapper.log_eval_metrics] Accuracy(layer_1 - estimator_1 - 10_folds.train_4.predict)=51.60%
[ 2018-07-31 18:43:56,291][kfold_wrapper.log_eval_metrics] Accuracy(layer_1 - estimator_1 - 10_folds.train_5.predict)=55.40%
[ 2018-07-31 18:44:00,936][kfold_wrapper.log_eval_metrics] Accuracy(layer_1 - estimator_1 - 10_folds.train_6.predict)=52.80%
[ 2018-07-31 18:44:05,989][kfold_wrapper.log_eval_metrics] Accuracy(layer_1 - estimator_1 - 10_folds.train_7.predict)=52.96%
[ 2018-07-31 18:44:11,238][kfold_wrapper.log_eval_metrics] Accuracy(layer_1 - estimator_1 - 10_folds.train_8.predict)=51.28%
[ 2018-07-31 18:44:16,685][kfold_wrapper.log_eval_metrics] Accuracy(layer_1 - estimator_1 - 10_folds.train_9.predict)=53.36%
[ 2018-07-31 18:44:17,159][kfold_wrapper.log_eval_metrics] Accuracy(layer_1 - estimator_1 - 10_folds.train_cv.predict)=52.84%
[ 2018-07-31 18:44:17,160][kfold_wrapper.log_eval_metrics] Accuracy(layer_1 - estimator_1 - 10_folds.test.predict)=53.50%
[ 2018-07-31 18:44:58,439][kfold_wrapper.log_eval_metrics] Accuracy(layer_1 - estimator_2 - 10_folds.train_0.predict)=58.72%
[ 2018-07-31 18:45:42,094][kfold_wrapper.log_eval_metrics] Accuracy(layer_1 - estimator_2 - 10_folds.train_1.predict)=58.60%
[ 2018-07-31 18:46:22,934][kfold_wrapper.log_eval_metrics] Accuracy(layer_1 - estimator_2 - 10_folds.train_2.predict)=57.28%
[ 2018-07-31 18:47:04,062][kfold_wrapper.log_eval_metrics] Accuracy(layer_1 - estimator_2 - 10_folds.train_3.predict)=55.48%
[ 2018-07-31 18:47:46,291][kfold_wrapper.log_eval_metrics] Accuracy(layer_1 - estimator_2 - 10_folds.train_4.predict)=54.24%
[ 2018-07-31 18:48:26,267][kfold_wrapper.log_eval_metrics] Accuracy(layer_1 - estimator_2 - 10_folds.train_5.predict)=53.40%
[ 2018-07-31 18:49:05,168][kfold_wrapper.log_eval_metrics] Accuracy(layer_1 - estimator_2 - 10_folds.train_6.predict)=55.36%
[ 2018-07-31 18:49:46,110][kfold_wrapper.log_eval_metrics] Accuracy(layer_1 - estimator_2 - 10_folds.train_7.predict)=56.52%
[ 2018-07-31 18:50:27,160][kfold_wrapper.log_eval_metrics] Accuracy(layer_1 - estimator_2 - 10_folds.train_8.predict)=53.92%
[ 2018-07-31 18:51:09,254][kfold_wrapper.log_eval_metrics] Accuracy(layer_1 - estimator_2 - 10_folds.train_9.predict)=53.28%
[ 2018-07-31 18:51:09,271][kfold_wrapper.log_eval_metrics] Accuracy(layer_1 - estimator_2 - 10_folds.train_cv.predict)=55.68%
[ 2018-07-31 18:51:09,273][kfold_wrapper.log_eval_metrics] Accuracy(layer_1 - estimator_2 - 10_folds.test.predict)=52.46%
[ 2018-07-31 18:51:09,275][cascade_classifier.calc_accuracy] Accuracy(layer_1 - train.classifier_average)=55.81%
[ 2018-07-31 18:51:09,277][cascade_classifier.calc_accuracy] Accuracy(layer_1 - test.classifier_average)=53.52%
[ 2018-07-31 18:51:09,360][cascade_classifier.fit_transform] [layer=2] look_indexs=[0], X_cur_train.shape=(25000, 506), X_cur_test.shape=(25000, 506)
[ 2018-07-31 18:51:14,399][kfold_wrapper.log_eval_metrics] Accuracy(layer_2 - estimator_0 - 10_folds.train_0.predict)=55.28%
[ 2018-07-31 18:51:21,595][kfold_wrapper.log_eval_metrics] Accuracy(layer_2 - estimator_0 - 10_folds.train_1.predict)=54.36%
[ 2018-07-31 18:51:27,189][kfold_wrapper.log_eval_metrics] Accuracy(layer_2 - estimator_0 - 10_folds.train_2.predict)=53.92%
[ 2018-07-31 18:51:32,566][kfold_wrapper.log_eval_metrics] Accuracy(layer_2 - estimator_0 - 10_folds.train_3.predict)=56.00%
[ 2018-07-31 18:51:38,053][kfold_wrapper.log_eval_metrics] Accuracy(layer_2 - estimator_0 - 10_folds.train_4.predict)=55.56%
[ 2018-07-31 18:51:45,037][kfold_wrapper.log_eval_metrics] Accuracy(layer_2 - estimator_0 - 10_folds.train_5.predict)=54.48%
[ 2018-07-31 18:51:50,511][kfold_wrapper.log_eval_metrics] Accuracy(layer_2 - estimator_0 - 10_folds.train_6.predict)=54.20%
[ 2018-07-31 18:51:55,910][kfold_wrapper.log_eval_metrics] Accuracy(layer_2 - estimator_0 - 10_folds.train_7.predict)=53.68%
[ 2018-07-31 18:52:01,290][kfold_wrapper.log_eval_metrics] Accuracy(layer_2 - estimator_0 - 10_folds.train_8.predict)=55.24%
[ 2018-07-31 18:52:08,362][kfold_wrapper.log_eval_metrics] Accuracy(layer_2 - estimator_0 - 10_folds.train_9.predict)=55.28%
[ 2018-07-31 18:52:08,826][kfold_wrapper.log_eval_metrics] Accuracy(layer_2 - estimator_0 - 10_folds.train_cv.predict)=54.80%
[ 2018-07-31 18:52:08,828][kfold_wrapper.log_eval_metrics] Accuracy(layer_2 - estimator_0 - 10_folds.test.predict)=54.24%
[ 2018-07-31 18:52:13,175][kfold_wrapper.log_eval_metrics] Accuracy(layer_2 - estimator_1 - 10_folds.train_0.predict)=54.28%
[ 2018-07-31 18:52:17,969][kfold_wrapper.log_eval_metrics] Accuracy(layer_2 - estimator_1 - 10_folds.train_1.predict)=51.48%
[ 2018-07-31 18:52:22,928][kfold_wrapper.log_eval_metrics] Accuracy(layer_2 - estimator_1 - 10_folds.train_2.predict)=53.28%
[ 2018-07-31 18:52:30,125][kfold_wrapper.log_eval_metrics] Accuracy(layer_2 - estimator_1 - 10_folds.train_3.predict)=53.60%
[ 2018-07-31 18:52:36,469][kfold_wrapper.log_eval_metrics] Accuracy(layer_2 - estimator_1 - 10_folds.train_4.predict)=53.84%
[ 2018-07-31 18:52:42,631][kfold_wrapper.log_eval_metrics] Accuracy(layer_2 - estimator_1 - 10_folds.train_5.predict)=55.24%
[ 2018-07-31 18:52:47,181][kfold_wrapper.log_eval_metrics] Accuracy(layer_2 - estimator_1 - 10_folds.train_6.predict)=54.44%
[ 2018-07-31 18:52:51,846][kfold_wrapper.log_eval_metrics] Accuracy(layer_2 - estimator_1 - 10_folds.train_7.predict)=53.36%
[ 2018-07-31 18:52:56,417][kfold_wrapper.log_eval_metrics] Accuracy(layer_2 - estimator_1 - 10_folds.train_8.predict)=54.00%
[ 2018-07-31 18:53:01,053][kfold_wrapper.log_eval_metrics] Accuracy(layer_2 - estimator_1 - 10_folds.train_9.predict)=52.48%
[ 2018-07-31 18:53:01,417][kfold_wrapper.log_eval_metrics] Accuracy(layer_2 - estimator_1 - 10_folds.train_cv.predict)=53.60%
[ 2018-07-31 18:53:01,418][kfold_wrapper.log_eval_metrics] Accuracy(layer_2 - estimator_1 - 10_folds.test.predict)=53.11%
[ 2018-07-31 18:53:37,632][kfold_wrapper.log_eval_metrics] Accuracy(layer_2 - estimator_2 - 10_folds.train_0.predict)=52.24%
[ 2018-07-31 18:54:15,097][kfold_wrapper.log_eval_metrics] Accuracy(layer_2 - estimator_2 - 10_folds.train_1.predict)=52.04%
[ 2018-07-31 18:54:54,571][kfold_wrapper.log_eval_metrics] Accuracy(layer_2 - estimator_2 - 10_folds.train_2.predict)=51.88%
[ 2018-07-31 18:55:34,775][kfold_wrapper.log_eval_metrics] Accuracy(layer_2 - estimator_2 - 10_folds.train_3.predict)=51.64%
[ 2018-07-31 18:56:08,554][kfold_wrapper.log_eval_metrics] Accuracy(layer_2 - estimator_2 - 10_folds.train_4.predict)=51.24%
[ 2018-07-31 18:56:48,682][kfold_wrapper.log_eval_metrics] Accuracy(layer_2 - estimator_2 - 10_folds.train_5.predict)=53.64%
[ 2018-07-31 18:57:31,716][kfold_wrapper.log_eval_metrics] Accuracy(layer_2 - estimator_2 - 10_folds.train_6.predict)=52.28%
[ 2018-07-31 18:58:06,807][kfold_wrapper.log_eval_metrics] Accuracy(layer_2 - estimator_2 - 10_folds.train_7.predict)=53.12%
[ 2018-07-31 18:58:40,788][kfold_wrapper.log_eval_metrics] Accuracy(layer_2 - estimator_2 - 10_folds.train_8.predict)=53.52%
[ 2018-07-31 18:59:15,443][kfold_wrapper.log_eval_metrics] Accuracy(layer_2 - estimator_2 - 10_folds.train_9.predict)=52.36%
[ 2018-07-31 18:59:15,460][kfold_wrapper.log_eval_metrics] Accuracy(layer_2 - estimator_2 - 10_folds.train_cv.predict)=52.40%
[ 2018-07-31 18:59:15,461][kfold_wrapper.log_eval_metrics] Accuracy(layer_2 - estimator_2 - 10_folds.test.predict)=52.50%
[ 2018-07-31 18:59:15,463][cascade_classifier.calc_accuracy] Accuracy(layer_2 - train.classifier_average)=54.16%
[ 2018-07-31 18:59:15,465][cascade_classifier.calc_accuracy] Accuracy(layer_2 - test.classifier_average)=53.16%
[ 2018-07-31 18:59:15,545][cascade_classifier.fit_transform] [layer=3] look_indexs=[0], X_cur_train.shape=(25000, 506), X_cur_test.shape=(25000, 506)
[ 2018-07-31 18:59:20,561][kfold_wrapper.log_eval_metrics] Accuracy(layer_3 - estimator_0 - 10_folds.train_0.predict)=54.44%
[ 2018-07-31 18:59:25,970][kfold_wrapper.log_eval_metrics] Accuracy(layer_3 - estimator_0 - 10_folds.train_1.predict)=52.60%
[ 2018-07-31 18:59:31,337][kfold_wrapper.log_eval_metrics] Accuracy(layer_3 - estimator_0 - 10_folds.train_2.predict)=53.32%
[ 2018-07-31 18:59:36,819][kfold_wrapper.log_eval_metrics] Accuracy(layer_3 - estimator_0 - 10_folds.train_3.predict)=54.32%
[ 2018-07-31 18:59:42,191][kfold_wrapper.log_eval_metrics] Accuracy(layer_3 - estimator_0 - 10_folds.train_4.predict)=55.08%
[ 2018-07-31 18:59:47,658][kfold_wrapper.log_eval_metrics] Accuracy(layer_3 - estimator_0 - 10_folds.train_5.predict)=53.80%
[ 2018-07-31 18:59:53,131][kfold_wrapper.log_eval_metrics] Accuracy(layer_3 - estimator_0 - 10_folds.train_6.predict)=54.56%
[ 2018-07-31 18:59:58,625][kfold_wrapper.log_eval_metrics] Accuracy(layer_3 - estimator_0 - 10_folds.train_7.predict)=53.04%
[ 2018-07-31 19:00:04,514][kfold_wrapper.log_eval_metrics] Accuracy(layer_3 - estimator_0 - 10_folds.train_8.predict)=53.32%
[ 2018-07-31 19:00:12,016][kfold_wrapper.log_eval_metrics] Accuracy(layer_3 - estimator_0 - 10_folds.train_9.predict)=51.04%
[ 2018-07-31 19:00:12,371][kfold_wrapper.log_eval_metrics] Accuracy(layer_3 - estimator_0 - 10_folds.train_cv.predict)=53.55%
[ 2018-07-31 19:00:12,373][kfold_wrapper.log_eval_metrics] Accuracy(layer_3 - estimator_0 - 10_folds.test.predict)=54.95%
[ 2018-07-31 19:00:17,540][kfold_wrapper.log_eval_metrics] Accuracy(layer_3 - estimator_1 - 10_folds.train_0.predict)=52.64%
[ 2018-07-31 19:00:22,912][kfold_wrapper.log_eval_metrics] Accuracy(layer_3 - estimator_1 - 10_folds.train_1.predict)=50.92%
[ 2018-07-31 19:00:27,562][kfold_wrapper.log_eval_metrics] Accuracy(layer_3 - estimator_1 - 10_folds.train_2.predict)=54.24%
[ 2018-07-31 19:00:32,546][kfold_wrapper.log_eval_metrics] Accuracy(layer_3 - estimator_1 - 10_folds.train_3.predict)=53.00%
[ 2018-07-31 19:00:37,491][kfold_wrapper.log_eval_metrics] Accuracy(layer_3 - estimator_1 - 10_folds.train_4.predict)=53.48%
[ 2018-07-31 19:00:45,480][kfold_wrapper.log_eval_metrics] Accuracy(layer_3 - estimator_1 - 10_folds.train_5.predict)=54.04%
[ 2018-07-31 19:00:51,542][kfold_wrapper.log_eval_metrics] Accuracy(layer_3 - estimator_1 - 10_folds.train_6.predict)=53.76%
[ 2018-07-31 19:00:56,387][kfold_wrapper.log_eval_metrics] Accuracy(layer_3 - estimator_1 - 10_folds.train_7.predict)=52.12%
[ 2018-07-31 19:01:01,174][kfold_wrapper.log_eval_metrics] Accuracy(layer_3 - estimator_1 - 10_folds.train_8.predict)=51.64%
[ 2018-07-31 19:01:06,238][kfold_wrapper.log_eval_metrics] Accuracy(layer_3 - estimator_1 - 10_folds.train_9.predict)=54.16%
[ 2018-07-31 19:01:06,688][kfold_wrapper.log_eval_metrics] Accuracy(layer_3 - estimator_1 - 10_folds.train_cv.predict)=53.00%
[ 2018-07-31 19:01:06,691][kfold_wrapper.log_eval_metrics] Accuracy(layer_3 - estimator_1 - 10_folds.test.predict)=53.59%
[ 2018-07-31 19:01:48,632][kfold_wrapper.log_eval_metrics] Accuracy(layer_3 - estimator_2 - 10_folds.train_0.predict)=52.32%
[ 2018-07-31 19:02:30,533][kfold_wrapper.log_eval_metrics] Accuracy(layer_3 - estimator_2 - 10_folds.train_1.predict)=54.40%
[ 2018-07-31 19:03:14,643][kfold_wrapper.log_eval_metrics] Accuracy(layer_3 - estimator_2 - 10_folds.train_2.predict)=55.48%
[ 2018-07-31 19:03:56,122][kfold_wrapper.log_eval_metrics] Accuracy(layer_3 - estimator_2 - 10_folds.train_3.predict)=54.12%
[ 2018-07-31 19:04:36,003][kfold_wrapper.log_eval_metrics] Accuracy(layer_3 - estimator_2 - 10_folds.train_4.predict)=53.16%
[ 2018-07-31 19:05:17,528][kfold_wrapper.log_eval_metrics] Accuracy(layer_3 - estimator_2 - 10_folds.train_5.predict)=54.56%
[ 2018-07-31 19:05:59,378][kfold_wrapper.log_eval_metrics] Accuracy(layer_3 - estimator_2 - 10_folds.train_6.predict)=56.40%
[ 2018-07-31 19:06:41,545][kfold_wrapper.log_eval_metrics] Accuracy(layer_3 - estimator_2 - 10_folds.train_7.predict)=54.72%
[ 2018-07-31 19:07:22,460][kfold_wrapper.log_eval_metrics] Accuracy(layer_3 - estimator_2 - 10_folds.train_8.predict)=55.16%
[ 2018-07-31 19:08:04,821][kfold_wrapper.log_eval_metrics] Accuracy(layer_3 - estimator_2 - 10_folds.train_9.predict)=58.00%
[ 2018-07-31 19:08:04,838][kfold_wrapper.log_eval_metrics] Accuracy(layer_3 - estimator_2 - 10_folds.train_cv.predict)=54.83%
[ 2018-07-31 19:08:04,840][kfold_wrapper.log_eval_metrics] Accuracy(layer_3 - estimator_2 - 10_folds.test.predict)=51.82%
[ 2018-07-31 19:08:04,842][cascade_classifier.calc_accuracy] Accuracy(layer_3 - train.classifier_average)=55.56%
[ 2018-07-31 19:08:04,843][cascade_classifier.calc_accuracy] Accuracy(layer_3 - test.classifier_average)=53.26%
[ 2018-07-31 19:08:04,926][cascade_classifier.fit_transform] [layer=4] look_indexs=[0], X_cur_train.shape=(25000, 506), X_cur_test.shape=(25000, 506)
[ 2018-07-31 19:08:09,973][kfold_wrapper.log_eval_metrics] Accuracy(layer_4 - estimator_0 - 10_folds.train_0.predict)=54.32%
[ 2018-07-31 19:08:16,063][kfold_wrapper.log_eval_metrics] Accuracy(layer_4 - estimator_0 - 10_folds.train_1.predict)=54.04%
[ 2018-07-31 19:08:21,849][kfold_wrapper.log_eval_metrics] Accuracy(layer_4 - estimator_0 - 10_folds.train_2.predict)=52.56%
[ 2018-07-31 19:08:27,222][kfold_wrapper.log_eval_metrics] Accuracy(layer_4 - estimator_0 - 10_folds.train_3.predict)=54.00%
[ 2018-07-31 19:08:32,469][kfold_wrapper.log_eval_metrics] Accuracy(layer_4 - estimator_0 - 10_folds.train_4.predict)=54.96%
[ 2018-07-31 19:08:37,847][kfold_wrapper.log_eval_metrics] Accuracy(layer_4 - estimator_0 - 10_folds.train_5.predict)=53.48%
[ 2018-07-31 19:08:43,100][kfold_wrapper.log_eval_metrics] Accuracy(layer_4 - estimator_0 - 10_folds.train_6.predict)=54.92%
[ 2018-07-31 19:08:48,491][kfold_wrapper.log_eval_metrics] Accuracy(layer_4 - estimator_0 - 10_folds.train_7.predict)=55.80%
[ 2018-07-31 19:08:53,872][kfold_wrapper.log_eval_metrics] Accuracy(layer_4 - estimator_0 - 10_folds.train_8.predict)=54.24%
[ 2018-07-31 19:08:59,243][kfold_wrapper.log_eval_metrics] Accuracy(layer_4 - estimator_0 - 10_folds.train_9.predict)=55.36%
[ 2018-07-31 19:08:59,490][kfold_wrapper.log_eval_metrics] Accuracy(layer_4 - estimator_0 - 10_folds.train_cv.predict)=54.37%
[ 2018-07-31 19:08:59,491][kfold_wrapper.log_eval_metrics] Accuracy(layer_4 - estimator_0 - 10_folds.test.predict)=54.30%
[ 2018-07-31 19:09:03,922][kfold_wrapper.log_eval_metrics] Accuracy(layer_4 - estimator_1 - 10_folds.train_0.predict)=51.48%
[ 2018-07-31 19:09:10,331][kfold_wrapper.log_eval_metrics] Accuracy(layer_4 - estimator_1 - 10_folds.train_1.predict)=53.56%
[ 2018-07-31 19:09:15,707][kfold_wrapper.log_eval_metrics] Accuracy(layer_4 - estimator_1 - 10_folds.train_2.predict)=53.36%
[ 2018-07-31 19:09:20,993][kfold_wrapper.log_eval_metrics] Accuracy(layer_4 - estimator_1 - 10_folds.train_3.predict)=53.36%
[ 2018-07-31 19:09:25,555][kfold_wrapper.log_eval_metrics] Accuracy(layer_4 - estimator_1 - 10_folds.train_4.predict)=50.72%
[ 2018-07-31 19:09:30,092][kfold_wrapper.log_eval_metrics] Accuracy(layer_4 - estimator_1 - 10_folds.train_5.predict)=54.24%
[ 2018-07-31 19:09:34,863][kfold_wrapper.log_eval_metrics] Accuracy(layer_4 - estimator_1 - 10_folds.train_6.predict)=53.32%
[ 2018-07-31 19:09:39,636][kfold_wrapper.log_eval_metrics] Accuracy(layer_4 - estimator_1 - 10_folds.train_7.predict)=54.48%
[ 2018-07-31 19:09:44,435][kfold_wrapper.log_eval_metrics] Accuracy(layer_4 - estimator_1 - 10_folds.train_8.predict)=51.76%
[ 2018-07-31 19:09:48,997][kfold_wrapper.log_eval_metrics] Accuracy(layer_4 - estimator_1 - 10_folds.train_9.predict)=53.24%
[ 2018-07-31 19:09:49,354][kfold_wrapper.log_eval_metrics] Accuracy(layer_4 - estimator_1 - 10_folds.train_cv.predict)=52.95%
[ 2018-07-31 19:09:49,356][kfold_wrapper.log_eval_metrics] Accuracy(layer_4 - estimator_1 - 10_folds.test.predict)=52.99%
[ 2018-07-31 19:10:30,321][kfold_wrapper.log_eval_metrics] Accuracy(layer_4 - estimator_2 - 10_folds.train_0.predict)=51.88%
[ 2018-07-31 19:11:01,009][kfold_wrapper.log_eval_metrics] Accuracy(layer_4 - estimator_2 - 10_folds.train_1.predict)=52.04%
[ 2018-07-31 19:11:33,799][kfold_wrapper.log_eval_metrics] Accuracy(layer_4 - estimator_2 - 10_folds.train_2.predict)=52.88%
[ 2018-07-31 19:12:14,075][kfold_wrapper.log_eval_metrics] Accuracy(layer_4 - estimator_2 - 10_folds.train_3.predict)=51.00%
[ 2018-07-31 19:12:43,788][kfold_wrapper.log_eval_metrics] Accuracy(layer_4 - estimator_2 - 10_folds.train_4.predict)=52.40%
[ 2018-07-31 19:13:20,152][kfold_wrapper.log_eval_metrics] Accuracy(layer_4 - estimator_2 - 10_folds.train_5.predict)=52.76%
[ 2018-07-31 19:13:57,454][kfold_wrapper.log_eval_metrics] Accuracy(layer_4 - estimator_2 - 10_folds.train_6.predict)=52.04%
[ 2018-07-31 19:14:37,750][kfold_wrapper.log_eval_metrics] Accuracy(layer_4 - estimator_2 - 10_folds.train_7.predict)=51.80%
[ 2018-07-31 19:15:11,857][kfold_wrapper.log_eval_metrics] Accuracy(layer_4 - estimator_2 - 10_folds.train_8.predict)=50.00%
[ 2018-07-31 19:15:50,995][kfold_wrapper.log_eval_metrics] Accuracy(layer_4 - estimator_2 - 10_folds.train_9.predict)=52.48%
[ 2018-07-31 19:15:51,014][kfold_wrapper.log_eval_metrics] Accuracy(layer_4 - estimator_2 - 10_folds.train_cv.predict)=51.93%
[ 2018-07-31 19:15:51,015][kfold_wrapper.log_eval_metrics] Accuracy(layer_4 - estimator_2 - 10_folds.test.predict)=52.59%
[ 2018-07-31 19:15:51,017][cascade_classifier.calc_accuracy] Accuracy(layer_4 - train.classifier_average)=53.87%
[ 2018-07-31 19:15:51,019][cascade_classifier.calc_accuracy] Accuracy(layer_4 - test.classifier_average)=53.42%
[ 2018-07-31 19:15:51,020][cascade_classifier.fit_transform] [Result][Optimal Level Detected] opt_layer_num=2, accuracy_train=55.81%, accuracy_test=53.52%
[ 2018-07-31 19:15:51,198][cascade_classifier.transform] X_groups_test.shape=[(25000, 500)]
[ 2018-07-31 19:15:51,206][cascade_classifier.transform] group_dims=[500]
[ 2018-07-31 19:15:51,207][cascade_classifier.transform] X_test.shape=(25000, 500)
[ 2018-07-31 19:15:51,240][cascade_classifier.transform] [layer=0] look_indexs=[0], X_cur_test.shape=(25000, 500)
[ 2018-07-31 19:15:57,806][cascade_classifier.transform] [layer=1] look_indexs=[0], X_cur_test.shape=(25000, 506)
