[ 2018-07-31 17:37:14,746][cascade_classifier.fit_transform] X_groups_train.shape=[(280, 4096)],y_train.shape=(280,),X_groups_test.shape=[(120, 4096)],y_test.shape=(120,)
[ 2018-07-31 17:37:14,748][cascade_classifier.fit_transform] group_dims=[4096]
[ 2018-07-31 17:37:14,749][cascade_classifier.fit_transform] group_starts=[0]
[ 2018-07-31 17:37:14,750][cascade_classifier.fit_transform] group_ends=[4096]
[ 2018-07-31 17:37:14,751][cascade_classifier.fit_transform] X_train.shape=(280, 4096),X_test.shape=(120, 4096)
[ 2018-07-31 17:37:14,755][cascade_classifier.fit_transform] [layer=0] look_indexs=[0], X_cur_train.shape=(280, 4096), X_cur_test.shape=(120, 4096)
[ 2018-07-31 17:37:15,669][kfold_wrapper.log_eval_metrics] Accuracy(layer_0 - estimator_0 - 10_folds.train_0.predict)=96.43%
[ 2018-07-31 17:37:16,494][kfold_wrapper.log_eval_metrics] Accuracy(layer_0 - estimator_0 - 10_folds.train_1.predict)=93.10%
[ 2018-07-31 17:37:17,488][kfold_wrapper.log_eval_metrics] Accuracy(layer_0 - estimator_0 - 10_folds.train_2.predict)=89.66%
[ 2018-07-31 17:37:18,415][kfold_wrapper.log_eval_metrics] Accuracy(layer_0 - estimator_0 - 10_folds.train_3.predict)=90.00%
[ 2018-07-31 17:37:19,230][kfold_wrapper.log_eval_metrics] Accuracy(layer_0 - estimator_0 - 10_folds.train_4.predict)=87.10%
[ 2018-07-31 17:37:20,060][kfold_wrapper.log_eval_metrics] Accuracy(layer_0 - estimator_0 - 10_folds.train_5.predict)=92.86%
[ 2018-07-31 17:37:20,991][kfold_wrapper.log_eval_metrics] Accuracy(layer_0 - estimator_0 - 10_folds.train_6.predict)=90.00%
[ 2018-07-31 17:37:21,813][kfold_wrapper.log_eval_metrics] Accuracy(layer_0 - estimator_0 - 10_folds.train_7.predict)=95.83%
[ 2018-07-31 17:37:22,758][kfold_wrapper.log_eval_metrics] Accuracy(layer_0 - estimator_0 - 10_folds.train_8.predict)=90.91%
[ 2018-07-31 17:37:23,697][kfold_wrapper.log_eval_metrics] Accuracy(layer_0 - estimator_0 - 10_folds.train_9.predict)=82.76%
[ 2018-07-31 17:37:23,917][kfold_wrapper.log_eval_metrics] Accuracy(layer_0 - estimator_0 - 10_folds.train_cv.predict)=90.71%
[ 2018-07-31 17:37:23,918][kfold_wrapper.log_eval_metrics] Accuracy(layer_0 - estimator_0 - 10_folds.test.predict)=85.83%
[ 2018-07-31 17:37:24,430][kfold_wrapper.log_eval_metrics] Accuracy(layer_0 - estimator_1 - 10_folds.train_0.predict)=92.00%
[ 2018-07-31 17:37:25,039][kfold_wrapper.log_eval_metrics] Accuracy(layer_0 - estimator_1 - 10_folds.train_1.predict)=96.15%
[ 2018-07-31 17:37:25,647][kfold_wrapper.log_eval_metrics] Accuracy(layer_0 - estimator_1 - 10_folds.train_2.predict)=93.33%
[ 2018-07-31 17:37:26,377][kfold_wrapper.log_eval_metrics] Accuracy(layer_0 - estimator_1 - 10_folds.train_3.predict)=93.33%
[ 2018-07-31 17:37:27,121][kfold_wrapper.log_eval_metrics] Accuracy(layer_0 - estimator_1 - 10_folds.train_4.predict)=85.71%
[ 2018-07-31 17:37:27,845][kfold_wrapper.log_eval_metrics] Accuracy(layer_0 - estimator_1 - 10_folds.train_5.predict)=89.66%
[ 2018-07-31 17:37:28,452][kfold_wrapper.log_eval_metrics] Accuracy(layer_0 - estimator_1 - 10_folds.train_6.predict)=89.66%
[ 2018-07-31 17:37:29,341][kfold_wrapper.log_eval_metrics] Accuracy(layer_0 - estimator_1 - 10_folds.train_7.predict)=87.50%
[ 2018-07-31 17:37:29,947][kfold_wrapper.log_eval_metrics] Accuracy(layer_0 - estimator_1 - 10_folds.train_8.predict)=92.31%
[ 2018-07-31 17:37:30,678][kfold_wrapper.log_eval_metrics] Accuracy(layer_0 - estimator_1 - 10_folds.train_9.predict)=92.31%
[ 2018-07-31 17:37:30,786][kfold_wrapper.log_eval_metrics] Accuracy(layer_0 - estimator_1 - 10_folds.train_cv.predict)=91.07%
[ 2018-07-31 17:37:30,788][kfold_wrapper.log_eval_metrics] Accuracy(layer_0 - estimator_1 - 10_folds.test.predict)=88.33%
[ 2018-07-31 17:37:35,493][kfold_wrapper.log_eval_metrics] Accuracy(layer_0 - estimator_2 - 10_folds.train_0.predict)=92.31%
[ 2018-07-31 17:37:39,975][kfold_wrapper.log_eval_metrics] Accuracy(layer_0 - estimator_2 - 10_folds.train_1.predict)=92.59%
[ 2018-07-31 17:37:44,345][kfold_wrapper.log_eval_metrics] Accuracy(layer_0 - estimator_2 - 10_folds.train_2.predict)=96.30%
[ 2018-07-31 17:37:48,683][kfold_wrapper.log_eval_metrics] Accuracy(layer_0 - estimator_2 - 10_folds.train_3.predict)=100.00%
[ 2018-07-31 17:37:53,255][kfold_wrapper.log_eval_metrics] Accuracy(layer_0 - estimator_2 - 10_folds.train_4.predict)=91.30%
[ 2018-07-31 17:37:57,743][kfold_wrapper.log_eval_metrics] Accuracy(layer_0 - estimator_2 - 10_folds.train_5.predict)=92.31%
[ 2018-07-31 17:38:02,487][kfold_wrapper.log_eval_metrics] Accuracy(layer_0 - estimator_2 - 10_folds.train_6.predict)=100.00%
[ 2018-07-31 17:38:07,228][kfold_wrapper.log_eval_metrics] Accuracy(layer_0 - estimator_2 - 10_folds.train_7.predict)=90.62%
[ 2018-07-31 17:38:11,610][kfold_wrapper.log_eval_metrics] Accuracy(layer_0 - estimator_2 - 10_folds.train_8.predict)=93.10%
[ 2018-07-31 17:38:16,084][kfold_wrapper.log_eval_metrics] Accuracy(layer_0 - estimator_2 - 10_folds.train_9.predict)=90.62%
[ 2018-07-31 17:38:16,087][kfold_wrapper.log_eval_metrics] Accuracy(layer_0 - estimator_2 - 10_folds.train_cv.predict)=93.93%
[ 2018-07-31 17:38:16,088][kfold_wrapper.log_eval_metrics] Accuracy(layer_0 - estimator_2 - 10_folds.test.predict)=89.17%
[ 2018-07-31 17:38:16,089][cascade_classifier.calc_accuracy] Accuracy(layer_0 - train.classifier_average)=94.64%
[ 2018-07-31 17:38:16,090][cascade_classifier.calc_accuracy] Accuracy(layer_0 - test.classifier_average)=92.50%
[ 2018-07-31 17:38:16,093][cascade_classifier.fit_transform] [layer=1] look_indexs=[0], X_cur_train.shape=(280, 4216), X_cur_test.shape=(120, 4216)
[ 2018-07-31 17:38:16,805][kfold_wrapper.log_eval_metrics] Accuracy(layer_1 - estimator_0 - 10_folds.train_0.predict)=95.83%
[ 2018-07-31 17:38:17,729][kfold_wrapper.log_eval_metrics] Accuracy(layer_1 - estimator_0 - 10_folds.train_1.predict)=89.66%
[ 2018-07-31 17:38:18,763][kfold_wrapper.log_eval_metrics] Accuracy(layer_1 - estimator_0 - 10_folds.train_2.predict)=92.59%
[ 2018-07-31 17:38:19,795][kfold_wrapper.log_eval_metrics] Accuracy(layer_1 - estimator_0 - 10_folds.train_3.predict)=92.31%
[ 2018-07-31 17:38:20,725][kfold_wrapper.log_eval_metrics] Accuracy(layer_1 - estimator_0 - 10_folds.train_4.predict)=96.30%
[ 2018-07-31 17:38:21,758][kfold_wrapper.log_eval_metrics] Accuracy(layer_1 - estimator_0 - 10_folds.train_5.predict)=93.75%
[ 2018-07-31 17:38:22,683][kfold_wrapper.log_eval_metrics] Accuracy(layer_1 - estimator_0 - 10_folds.train_6.predict)=93.33%
[ 2018-07-31 17:38:23,612][kfold_wrapper.log_eval_metrics] Accuracy(layer_1 - estimator_0 - 10_folds.train_7.predict)=86.67%
[ 2018-07-31 17:38:24,542][kfold_wrapper.log_eval_metrics] Accuracy(layer_1 - estimator_0 - 10_folds.train_8.predict)=96.00%
[ 2018-07-31 17:38:25,468][kfold_wrapper.log_eval_metrics] Accuracy(layer_1 - estimator_0 - 10_folds.train_9.predict)=96.67%
[ 2018-07-31 17:38:25,689][kfold_wrapper.log_eval_metrics] Accuracy(layer_1 - estimator_0 - 10_folds.train_cv.predict)=93.21%
[ 2018-07-31 17:38:25,690][kfold_wrapper.log_eval_metrics] Accuracy(layer_1 - estimator_0 - 10_folds.test.predict)=87.50%
[ 2018-07-31 17:38:26,203][kfold_wrapper.log_eval_metrics] Accuracy(layer_1 - estimator_1 - 10_folds.train_0.predict)=93.10%
[ 2018-07-31 17:38:26,930][kfold_wrapper.log_eval_metrics] Accuracy(layer_1 - estimator_1 - 10_folds.train_1.predict)=96.67%
[ 2018-07-31 17:38:27,642][kfold_wrapper.log_eval_metrics] Accuracy(layer_1 - estimator_1 - 10_folds.train_2.predict)=89.66%
[ 2018-07-31 17:38:28,365][kfold_wrapper.log_eval_metrics] Accuracy(layer_1 - estimator_1 - 10_folds.train_3.predict)=96.43%
[ 2018-07-31 17:38:29,094][kfold_wrapper.log_eval_metrics] Accuracy(layer_1 - estimator_1 - 10_folds.train_4.predict)=96.55%
[ 2018-07-31 17:38:29,824][kfold_wrapper.log_eval_metrics] Accuracy(layer_1 - estimator_1 - 10_folds.train_5.predict)=89.29%
[ 2018-07-31 17:38:30,547][kfold_wrapper.log_eval_metrics] Accuracy(layer_1 - estimator_1 - 10_folds.train_6.predict)=93.55%
[ 2018-07-31 17:38:31,159][kfold_wrapper.log_eval_metrics] Accuracy(layer_1 - estimator_1 - 10_folds.train_7.predict)=100.00%
[ 2018-07-31 17:38:31,886][kfold_wrapper.log_eval_metrics] Accuracy(layer_1 - estimator_1 - 10_folds.train_8.predict)=96.00%
[ 2018-07-31 17:38:32,615][kfold_wrapper.log_eval_metrics] Accuracy(layer_1 - estimator_1 - 10_folds.train_9.predict)=84.00%
[ 2018-07-31 17:38:32,836][kfold_wrapper.log_eval_metrics] Accuracy(layer_1 - estimator_1 - 10_folds.train_cv.predict)=93.57%
[ 2018-07-31 17:38:32,837][kfold_wrapper.log_eval_metrics] Accuracy(layer_1 - estimator_1 - 10_folds.test.predict)=90.83%
[ 2018-07-31 17:38:37,637][kfold_wrapper.log_eval_metrics] Accuracy(layer_1 - estimator_2 - 10_folds.train_0.predict)=96.15%
[ 2018-07-31 17:38:42,243][kfold_wrapper.log_eval_metrics] Accuracy(layer_1 - estimator_2 - 10_folds.train_1.predict)=93.33%
[ 2018-07-31 17:38:46,886][kfold_wrapper.log_eval_metrics] Accuracy(layer_1 - estimator_2 - 10_folds.train_2.predict)=93.10%
[ 2018-07-31 17:38:51,583][kfold_wrapper.log_eval_metrics] Accuracy(layer_1 - estimator_2 - 10_folds.train_3.predict)=88.89%
[ 2018-07-31 17:38:56,288][kfold_wrapper.log_eval_metrics] Accuracy(layer_1 - estimator_2 - 10_folds.train_4.predict)=95.65%
[ 2018-07-31 17:39:00,891][kfold_wrapper.log_eval_metrics] Accuracy(layer_1 - estimator_2 - 10_folds.train_5.predict)=85.19%
[ 2018-07-31 17:39:06,805][kfold_wrapper.log_eval_metrics] Accuracy(layer_1 - estimator_2 - 10_folds.train_6.predict)=93.33%
[ 2018-07-31 17:39:12,045][kfold_wrapper.log_eval_metrics] Accuracy(layer_1 - estimator_2 - 10_folds.train_7.predict)=96.55%
[ 2018-07-31 17:39:16,488][kfold_wrapper.log_eval_metrics] Accuracy(layer_1 - estimator_2 - 10_folds.train_8.predict)=90.00%
[ 2018-07-31 17:39:21,095][kfold_wrapper.log_eval_metrics] Accuracy(layer_1 - estimator_2 - 10_folds.train_9.predict)=100.00%
[ 2018-07-31 17:39:21,098][kfold_wrapper.log_eval_metrics] Accuracy(layer_1 - estimator_2 - 10_folds.train_cv.predict)=93.21%
[ 2018-07-31 17:39:21,099][kfold_wrapper.log_eval_metrics] Accuracy(layer_1 - estimator_2 - 10_folds.test.predict)=90.00%
[ 2018-07-31 17:39:21,101][cascade_classifier.calc_accuracy] Accuracy(layer_1 - train.classifier_average)=95.00%
[ 2018-07-31 17:39:21,102][cascade_classifier.calc_accuracy] Accuracy(layer_1 - test.classifier_average)=92.50%
[ 2018-07-31 17:39:21,105][cascade_classifier.fit_transform] [layer=2] look_indexs=[0], X_cur_train.shape=(280, 4216), X_cur_test.shape=(120, 4216)
[ 2018-07-31 17:39:21,814][kfold_wrapper.log_eval_metrics] Accuracy(layer_2 - estimator_0 - 10_folds.train_0.predict)=96.43%
[ 2018-07-31 17:39:22,615][kfold_wrapper.log_eval_metrics] Accuracy(layer_2 - estimator_0 - 10_folds.train_1.predict)=87.50%
[ 2018-07-31 17:39:23,541][kfold_wrapper.log_eval_metrics] Accuracy(layer_2 - estimator_0 - 10_folds.train_2.predict)=90.00%
[ 2018-07-31 17:39:24,346][kfold_wrapper.log_eval_metrics] Accuracy(layer_2 - estimator_0 - 10_folds.train_3.predict)=96.43%
[ 2018-07-31 17:39:25,277][kfold_wrapper.log_eval_metrics] Accuracy(layer_2 - estimator_0 - 10_folds.train_4.predict)=92.00%
[ 2018-07-31 17:39:26,193][kfold_wrapper.log_eval_metrics] Accuracy(layer_2 - estimator_0 - 10_folds.train_5.predict)=90.91%
[ 2018-07-31 17:39:27,120][kfold_wrapper.log_eval_metrics] Accuracy(layer_2 - estimator_0 - 10_folds.train_6.predict)=96.30%
[ 2018-07-31 17:39:28,050][kfold_wrapper.log_eval_metrics] Accuracy(layer_2 - estimator_0 - 10_folds.train_7.predict)=92.59%
[ 2018-07-31 17:39:29,084][kfold_wrapper.log_eval_metrics] Accuracy(layer_2 - estimator_0 - 10_folds.train_8.predict)=92.59%
[ 2018-07-31 17:39:30,080][kfold_wrapper.log_eval_metrics] Accuracy(layer_2 - estimator_0 - 10_folds.train_9.predict)=88.24%
[ 2018-07-31 17:39:30,301][kfold_wrapper.log_eval_metrics] Accuracy(layer_2 - estimator_0 - 10_folds.train_cv.predict)=92.14%
[ 2018-07-31 17:39:30,302][kfold_wrapper.log_eval_metrics] Accuracy(layer_2 - estimator_0 - 10_folds.test.predict)=90.00%
[ 2018-07-31 17:39:30,819][kfold_wrapper.log_eval_metrics] Accuracy(layer_2 - estimator_1 - 10_folds.train_0.predict)=88.89%
[ 2018-07-31 17:39:31,544][kfold_wrapper.log_eval_metrics] Accuracy(layer_2 - estimator_1 - 10_folds.train_1.predict)=93.55%
[ 2018-07-31 17:39:32,277][kfold_wrapper.log_eval_metrics] Accuracy(layer_2 - estimator_1 - 10_folds.train_2.predict)=100.00%
[ 2018-07-31 17:39:33,001][kfold_wrapper.log_eval_metrics] Accuracy(layer_2 - estimator_1 - 10_folds.train_3.predict)=100.00%
[ 2018-07-31 17:39:33,612][kfold_wrapper.log_eval_metrics] Accuracy(layer_2 - estimator_1 - 10_folds.train_4.predict)=93.55%
[ 2018-07-31 17:39:34,336][kfold_wrapper.log_eval_metrics] Accuracy(layer_2 - estimator_1 - 10_folds.train_5.predict)=89.29%
[ 2018-07-31 17:39:35,068][kfold_wrapper.log_eval_metrics] Accuracy(layer_2 - estimator_1 - 10_folds.train_6.predict)=92.00%
[ 2018-07-31 17:39:35,798][kfold_wrapper.log_eval_metrics] Accuracy(layer_2 - estimator_1 - 10_folds.train_7.predict)=87.88%
[ 2018-07-31 17:39:36,412][kfold_wrapper.log_eval_metrics] Accuracy(layer_2 - estimator_1 - 10_folds.train_8.predict)=91.67%
[ 2018-07-31 17:39:37,137][kfold_wrapper.log_eval_metrics] Accuracy(layer_2 - estimator_1 - 10_folds.train_9.predict)=93.75%
[ 2018-07-31 17:39:37,358][kfold_wrapper.log_eval_metrics] Accuracy(layer_2 - estimator_1 - 10_folds.train_cv.predict)=92.86%
[ 2018-07-31 17:39:37,359][kfold_wrapper.log_eval_metrics] Accuracy(layer_2 - estimator_1 - 10_folds.test.predict)=91.67%
[ 2018-07-31 17:39:41,978][kfold_wrapper.log_eval_metrics] Accuracy(layer_2 - estimator_2 - 10_folds.train_0.predict)=92.86%
[ 2018-07-31 17:39:46,495][kfold_wrapper.log_eval_metrics] Accuracy(layer_2 - estimator_2 - 10_folds.train_1.predict)=96.15%
[ 2018-07-31 17:39:50,974][kfold_wrapper.log_eval_metrics] Accuracy(layer_2 - estimator_2 - 10_folds.train_2.predict)=90.00%
[ 2018-07-31 17:39:55,701][kfold_wrapper.log_eval_metrics] Accuracy(layer_2 - estimator_2 - 10_folds.train_3.predict)=95.83%
[ 2018-07-31 17:40:00,254][kfold_wrapper.log_eval_metrics] Accuracy(layer_2 - estimator_2 - 10_folds.train_4.predict)=100.00%
[ 2018-07-31 17:40:05,248][kfold_wrapper.log_eval_metrics] Accuracy(layer_2 - estimator_2 - 10_folds.train_5.predict)=93.55%
[ 2018-07-31 17:40:09,957][kfold_wrapper.log_eval_metrics] Accuracy(layer_2 - estimator_2 - 10_folds.train_6.predict)=89.29%
[ 2018-07-31 17:40:14,717][kfold_wrapper.log_eval_metrics] Accuracy(layer_2 - estimator_2 - 10_folds.train_7.predict)=92.86%
[ 2018-07-31 17:40:20,191][kfold_wrapper.log_eval_metrics] Accuracy(layer_2 - estimator_2 - 10_folds.train_8.predict)=96.67%
[ 2018-07-31 17:40:27,533][kfold_wrapper.log_eval_metrics] Accuracy(layer_2 - estimator_2 - 10_folds.train_9.predict)=88.46%
[ 2018-07-31 17:40:27,536][kfold_wrapper.log_eval_metrics] Accuracy(layer_2 - estimator_2 - 10_folds.train_cv.predict)=93.57%
[ 2018-07-31 17:40:27,538][kfold_wrapper.log_eval_metrics] Accuracy(layer_2 - estimator_2 - 10_folds.test.predict)=90.00%
[ 2018-07-31 17:40:27,539][cascade_classifier.calc_accuracy] Accuracy(layer_2 - train.classifier_average)=94.29%
[ 2018-07-31 17:40:27,540][cascade_classifier.calc_accuracy] Accuracy(layer_2 - test.classifier_average)=92.50%
[ 2018-07-31 17:40:27,543][cascade_classifier.fit_transform] [layer=3] look_indexs=[0], X_cur_train.shape=(280, 4216), X_cur_test.shape=(120, 4216)
[ 2018-07-31 17:40:28,389][kfold_wrapper.log_eval_metrics] Accuracy(layer_3 - estimator_0 - 10_folds.train_0.predict)=93.10%
[ 2018-07-31 17:40:29,206][kfold_wrapper.log_eval_metrics] Accuracy(layer_3 - estimator_0 - 10_folds.train_1.predict)=96.00%
[ 2018-07-31 17:40:30,122][kfold_wrapper.log_eval_metrics] Accuracy(layer_3 - estimator_0 - 10_folds.train_2.predict)=89.47%
[ 2018-07-31 17:40:31,052][kfold_wrapper.log_eval_metrics] Accuracy(layer_3 - estimator_0 - 10_folds.train_3.predict)=100.00%
[ 2018-07-31 17:40:31,855][kfold_wrapper.log_eval_metrics] Accuracy(layer_3 - estimator_0 - 10_folds.train_4.predict)=93.75%
[ 2018-07-31 17:40:32,781][kfold_wrapper.log_eval_metrics] Accuracy(layer_3 - estimator_0 - 10_folds.train_5.predict)=89.66%
[ 2018-07-31 17:40:33,696][kfold_wrapper.log_eval_metrics] Accuracy(layer_3 - estimator_0 - 10_folds.train_6.predict)=96.67%
[ 2018-07-31 17:40:34,617][kfold_wrapper.log_eval_metrics] Accuracy(layer_3 - estimator_0 - 10_folds.train_7.predict)=83.33%
[ 2018-07-31 17:40:35,425][kfold_wrapper.log_eval_metrics] Accuracy(layer_3 - estimator_0 - 10_folds.train_8.predict)=86.67%
[ 2018-07-31 17:40:36,359][kfold_wrapper.log_eval_metrics] Accuracy(layer_3 - estimator_0 - 10_folds.train_9.predict)=93.55%
[ 2018-07-31 17:40:36,581][kfold_wrapper.log_eval_metrics] Accuracy(layer_3 - estimator_0 - 10_folds.train_cv.predict)=92.14%
[ 2018-07-31 17:40:36,583][kfold_wrapper.log_eval_metrics] Accuracy(layer_3 - estimator_0 - 10_folds.test.predict)=90.00%
[ 2018-07-31 17:40:37,094][kfold_wrapper.log_eval_metrics] Accuracy(layer_3 - estimator_1 - 10_folds.train_0.predict)=92.86%
[ 2018-07-31 17:40:37,936][kfold_wrapper.log_eval_metrics] Accuracy(layer_3 - estimator_1 - 10_folds.train_1.predict)=96.77%
[ 2018-07-31 17:40:38,783][kfold_wrapper.log_eval_metrics] Accuracy(layer_3 - estimator_1 - 10_folds.train_2.predict)=90.62%
[ 2018-07-31 17:40:39,520][kfold_wrapper.log_eval_metrics] Accuracy(layer_3 - estimator_1 - 10_folds.train_3.predict)=96.00%
[ 2018-07-31 17:40:40,252][kfold_wrapper.log_eval_metrics] Accuracy(layer_3 - estimator_1 - 10_folds.train_4.predict)=96.43%
[ 2018-07-31 17:40:40,978][kfold_wrapper.log_eval_metrics] Accuracy(layer_3 - estimator_1 - 10_folds.train_5.predict)=89.29%
[ 2018-07-31 17:40:41,835][kfold_wrapper.log_eval_metrics] Accuracy(layer_3 - estimator_1 - 10_folds.train_6.predict)=84.00%
[ 2018-07-31 17:40:42,793][kfold_wrapper.log_eval_metrics] Accuracy(layer_3 - estimator_1 - 10_folds.train_7.predict)=96.67%
[ 2018-07-31 17:40:43,965][kfold_wrapper.log_eval_metrics] Accuracy(layer_3 - estimator_1 - 10_folds.train_8.predict)=88.46%
[ 2018-07-31 17:40:44,967][kfold_wrapper.log_eval_metrics] Accuracy(layer_3 - estimator_1 - 10_folds.train_9.predict)=88.89%
[ 2018-07-31 17:40:45,218][kfold_wrapper.log_eval_metrics] Accuracy(layer_3 - estimator_1 - 10_folds.train_cv.predict)=92.14%
[ 2018-07-31 17:40:45,220][kfold_wrapper.log_eval_metrics] Accuracy(layer_3 - estimator_1 - 10_folds.test.predict)=92.50%
[ 2018-07-31 17:40:49,886][kfold_wrapper.log_eval_metrics] Accuracy(layer_3 - estimator_2 - 10_folds.train_0.predict)=96.30%
[ 2018-07-31 17:40:54,375][kfold_wrapper.log_eval_metrics] Accuracy(layer_3 - estimator_2 - 10_folds.train_1.predict)=88.00%
[ 2018-07-31 17:40:59,034][kfold_wrapper.log_eval_metrics] Accuracy(layer_3 - estimator_2 - 10_folds.train_2.predict)=92.86%
[ 2018-07-31 17:41:05,326][kfold_wrapper.log_eval_metrics] Accuracy(layer_3 - estimator_2 - 10_folds.train_3.predict)=96.77%
[ 2018-07-31 17:41:09,996][kfold_wrapper.log_eval_metrics] Accuracy(layer_3 - estimator_2 - 10_folds.train_4.predict)=89.66%
[ 2018-07-31 17:41:14,641][kfold_wrapper.log_eval_metrics] Accuracy(layer_3 - estimator_2 - 10_folds.train_5.predict)=84.85%
[ 2018-07-31 17:41:19,464][kfold_wrapper.log_eval_metrics] Accuracy(layer_3 - estimator_2 - 10_folds.train_6.predict)=96.77%
[ 2018-07-31 17:41:25,382][kfold_wrapper.log_eval_metrics] Accuracy(layer_3 - estimator_2 - 10_folds.train_7.predict)=100.00%
[ 2018-07-31 17:41:30,007][kfold_wrapper.log_eval_metrics] Accuracy(layer_3 - estimator_2 - 10_folds.train_8.predict)=92.00%
[ 2018-07-31 17:41:34,967][kfold_wrapper.log_eval_metrics] Accuracy(layer_3 - estimator_2 - 10_folds.train_9.predict)=100.00%
[ 2018-07-31 17:41:34,971][kfold_wrapper.log_eval_metrics] Accuracy(layer_3 - estimator_2 - 10_folds.train_cv.predict)=93.57%
[ 2018-07-31 17:41:34,972][kfold_wrapper.log_eval_metrics] Accuracy(layer_3 - estimator_2 - 10_folds.test.predict)=90.00%
[ 2018-07-31 17:41:34,974][cascade_classifier.calc_accuracy] Accuracy(layer_3 - train.classifier_average)=95.36%
[ 2018-07-31 17:41:34,974][cascade_classifier.calc_accuracy] Accuracy(layer_3 - test.classifier_average)=92.50%
[ 2018-07-31 17:41:34,977][cascade_classifier.fit_transform] [layer=4] look_indexs=[0], X_cur_train.shape=(280, 4216), X_cur_test.shape=(120, 4216)
[ 2018-07-31 17:41:35,683][kfold_wrapper.log_eval_metrics] Accuracy(layer_4 - estimator_0 - 10_folds.train_0.predict)=92.31%
[ 2018-07-31 17:41:36,606][kfold_wrapper.log_eval_metrics] Accuracy(layer_4 - estimator_0 - 10_folds.train_1.predict)=88.46%
[ 2018-07-31 17:41:37,563][kfold_wrapper.log_eval_metrics] Accuracy(layer_4 - estimator_0 - 10_folds.train_2.predict)=96.00%
[ 2018-07-31 17:41:38,605][kfold_wrapper.log_eval_metrics] Accuracy(layer_4 - estimator_0 - 10_folds.train_3.predict)=90.91%
[ 2018-07-31 17:41:39,655][kfold_wrapper.log_eval_metrics] Accuracy(layer_4 - estimator_0 - 10_folds.train_4.predict)=93.33%
[ 2018-07-31 17:41:40,852][kfold_wrapper.log_eval_metrics] Accuracy(layer_4 - estimator_0 - 10_folds.train_5.predict)=88.89%
[ 2018-07-31 17:41:42,237][kfold_wrapper.log_eval_metrics] Accuracy(layer_4 - estimator_0 - 10_folds.train_6.predict)=93.33%
[ 2018-07-31 17:41:43,689][kfold_wrapper.log_eval_metrics] Accuracy(layer_4 - estimator_0 - 10_folds.train_7.predict)=92.59%
[ 2018-07-31 17:41:44,807][kfold_wrapper.log_eval_metrics] Accuracy(layer_4 - estimator_0 - 10_folds.train_8.predict)=91.67%
[ 2018-07-31 17:41:45,853][kfold_wrapper.log_eval_metrics] Accuracy(layer_4 - estimator_0 - 10_folds.train_9.predict)=87.50%
[ 2018-07-31 17:41:46,076][kfold_wrapper.log_eval_metrics] Accuracy(layer_4 - estimator_0 - 10_folds.train_cv.predict)=91.43%
[ 2018-07-31 17:41:46,078][kfold_wrapper.log_eval_metrics] Accuracy(layer_4 - estimator_0 - 10_folds.test.predict)=90.00%
[ 2018-07-31 17:41:46,605][kfold_wrapper.log_eval_metrics] Accuracy(layer_4 - estimator_1 - 10_folds.train_0.predict)=96.00%
[ 2018-07-31 17:41:47,335][kfold_wrapper.log_eval_metrics] Accuracy(layer_4 - estimator_1 - 10_folds.train_1.predict)=96.15%
[ 2018-07-31 17:41:48,063][kfold_wrapper.log_eval_metrics] Accuracy(layer_4 - estimator_1 - 10_folds.train_2.predict)=100.00%
[ 2018-07-31 17:41:48,911][kfold_wrapper.log_eval_metrics] Accuracy(layer_4 - estimator_1 - 10_folds.train_3.predict)=92.86%
[ 2018-07-31 17:41:49,645][kfold_wrapper.log_eval_metrics] Accuracy(layer_4 - estimator_1 - 10_folds.train_4.predict)=78.57%
[ 2018-07-31 17:41:50,372][kfold_wrapper.log_eval_metrics] Accuracy(layer_4 - estimator_1 - 10_folds.train_5.predict)=100.00%
[ 2018-07-31 17:41:51,111][kfold_wrapper.log_eval_metrics] Accuracy(layer_4 - estimator_1 - 10_folds.train_6.predict)=93.75%
[ 2018-07-31 17:41:51,874][kfold_wrapper.log_eval_metrics] Accuracy(layer_4 - estimator_1 - 10_folds.train_7.predict)=93.10%
[ 2018-07-31 17:41:52,721][kfold_wrapper.log_eval_metrics] Accuracy(layer_4 - estimator_1 - 10_folds.train_8.predict)=92.59%
[ 2018-07-31 17:41:53,567][kfold_wrapper.log_eval_metrics] Accuracy(layer_4 - estimator_1 - 10_folds.train_9.predict)=92.31%
[ 2018-07-31 17:41:53,788][kfold_wrapper.log_eval_metrics] Accuracy(layer_4 - estimator_1 - 10_folds.train_cv.predict)=93.57%
[ 2018-07-31 17:41:53,790][kfold_wrapper.log_eval_metrics] Accuracy(layer_4 - estimator_1 - 10_folds.test.predict)=90.00%
[ 2018-07-31 17:41:58,921][kfold_wrapper.log_eval_metrics] Accuracy(layer_4 - estimator_2 - 10_folds.train_0.predict)=91.67%
[ 2018-07-31 17:42:06,321][kfold_wrapper.log_eval_metrics] Accuracy(layer_4 - estimator_2 - 10_folds.train_1.predict)=89.66%
[ 2018-07-31 17:42:11,564][kfold_wrapper.log_eval_metrics] Accuracy(layer_4 - estimator_2 - 10_folds.train_2.predict)=88.57%
[ 2018-07-31 17:42:16,129][kfold_wrapper.log_eval_metrics] Accuracy(layer_4 - estimator_2 - 10_folds.train_3.predict)=89.66%
[ 2018-07-31 17:42:21,483][kfold_wrapper.log_eval_metrics] Accuracy(layer_4 - estimator_2 - 10_folds.train_4.predict)=100.00%
[ 2018-07-31 17:42:27,381][kfold_wrapper.log_eval_metrics] Accuracy(layer_4 - estimator_2 - 10_folds.train_5.predict)=88.46%
[ 2018-07-31 17:42:32,981][kfold_wrapper.log_eval_metrics] Accuracy(layer_4 - estimator_2 - 10_folds.train_6.predict)=96.55%
[ 2018-07-31 17:42:37,870][kfold_wrapper.log_eval_metrics] Accuracy(layer_4 - estimator_2 - 10_folds.train_7.predict)=95.45%
[ 2018-07-31 17:42:44,861][kfold_wrapper.log_eval_metrics] Accuracy(layer_4 - estimator_2 - 10_folds.train_8.predict)=92.86%
[ 2018-07-31 17:42:49,852][kfold_wrapper.log_eval_metrics] Accuracy(layer_4 - estimator_2 - 10_folds.train_9.predict)=100.00%
[ 2018-07-31 17:42:49,855][kfold_wrapper.log_eval_metrics] Accuracy(layer_4 - estimator_2 - 10_folds.train_cv.predict)=93.21%
[ 2018-07-31 17:42:49,856][kfold_wrapper.log_eval_metrics] Accuracy(layer_4 - estimator_2 - 10_folds.test.predict)=90.00%
[ 2018-07-31 17:42:49,857][cascade_classifier.calc_accuracy] Accuracy(layer_4 - train.classifier_average)=95.36%
[ 2018-07-31 17:42:49,858][cascade_classifier.calc_accuracy] Accuracy(layer_4 - test.classifier_average)=92.50%
[ 2018-07-31 17:42:49,861][cascade_classifier.fit_transform] [layer=5] look_indexs=[0], X_cur_train.shape=(280, 4216), X_cur_test.shape=(120, 4216)
[ 2018-07-31 17:42:50,746][kfold_wrapper.log_eval_metrics] Accuracy(layer_5 - estimator_0 - 10_folds.train_0.predict)=90.00%
[ 2018-07-31 17:42:51,784][kfold_wrapper.log_eval_metrics] Accuracy(layer_5 - estimator_0 - 10_folds.train_1.predict)=87.10%
[ 2018-07-31 17:42:52,715][kfold_wrapper.log_eval_metrics] Accuracy(layer_5 - estimator_0 - 10_folds.train_2.predict)=93.33%
[ 2018-07-31 17:42:53,754][kfold_wrapper.log_eval_metrics] Accuracy(layer_5 - estimator_0 - 10_folds.train_3.predict)=92.59%
[ 2018-07-31 17:42:54,679][kfold_wrapper.log_eval_metrics] Accuracy(layer_5 - estimator_0 - 10_folds.train_4.predict)=91.30%
[ 2018-07-31 17:42:55,607][kfold_wrapper.log_eval_metrics] Accuracy(layer_5 - estimator_0 - 10_folds.train_5.predict)=90.00%
[ 2018-07-31 17:42:56,416][kfold_wrapper.log_eval_metrics] Accuracy(layer_5 - estimator_0 - 10_folds.train_6.predict)=90.32%
[ 2018-07-31 17:42:57,229][kfold_wrapper.log_eval_metrics] Accuracy(layer_5 - estimator_0 - 10_folds.train_7.predict)=88.00%
[ 2018-07-31 17:42:58,388][kfold_wrapper.log_eval_metrics] Accuracy(layer_5 - estimator_0 - 10_folds.train_8.predict)=95.65%
[ 2018-07-31 17:42:59,536][kfold_wrapper.log_eval_metrics] Accuracy(layer_5 - estimator_0 - 10_folds.train_9.predict)=96.67%
[ 2018-07-31 17:42:59,761][kfold_wrapper.log_eval_metrics] Accuracy(layer_5 - estimator_0 - 10_folds.train_cv.predict)=91.43%
[ 2018-07-31 17:42:59,762][kfold_wrapper.log_eval_metrics] Accuracy(layer_5 - estimator_0 - 10_folds.test.predict)=87.50%
[ 2018-07-31 17:43:00,398][kfold_wrapper.log_eval_metrics] Accuracy(layer_5 - estimator_1 - 10_folds.train_0.predict)=100.00%
[ 2018-07-31 17:43:01,260][kfold_wrapper.log_eval_metrics] Accuracy(layer_5 - estimator_1 - 10_folds.train_1.predict)=100.00%
[ 2018-07-31 17:43:02,265][kfold_wrapper.log_eval_metrics] Accuracy(layer_5 - estimator_1 - 10_folds.train_2.predict)=100.00%
[ 2018-07-31 17:43:03,133][kfold_wrapper.log_eval_metrics] Accuracy(layer_5 - estimator_1 - 10_folds.train_3.predict)=86.21%
[ 2018-07-31 17:43:03,982][kfold_wrapper.log_eval_metrics] Accuracy(layer_5 - estimator_1 - 10_folds.train_4.predict)=86.21%
[ 2018-07-31 17:43:04,848][kfold_wrapper.log_eval_metrics] Accuracy(layer_5 - estimator_1 - 10_folds.train_5.predict)=95.65%
[ 2018-07-31 17:43:05,659][kfold_wrapper.log_eval_metrics] Accuracy(layer_5 - estimator_1 - 10_folds.train_6.predict)=96.30%
[ 2018-07-31 17:43:06,378][kfold_wrapper.log_eval_metrics] Accuracy(layer_5 - estimator_1 - 10_folds.train_7.predict)=90.00%
[ 2018-07-31 17:43:07,269][kfold_wrapper.log_eval_metrics] Accuracy(layer_5 - estimator_1 - 10_folds.train_8.predict)=90.00%
[ 2018-07-31 17:43:07,997][kfold_wrapper.log_eval_metrics] Accuracy(layer_5 - estimator_1 - 10_folds.train_9.predict)=93.55%
[ 2018-07-31 17:43:08,221][kfold_wrapper.log_eval_metrics] Accuracy(layer_5 - estimator_1 - 10_folds.train_cv.predict)=93.57%
[ 2018-07-31 17:43:08,222][kfold_wrapper.log_eval_metrics] Accuracy(layer_5 - estimator_1 - 10_folds.test.predict)=90.83%
[ 2018-07-31 17:43:12,832][kfold_wrapper.log_eval_metrics] Accuracy(layer_5 - estimator_2 - 10_folds.train_0.predict)=96.55%
[ 2018-07-31 17:43:17,666][kfold_wrapper.log_eval_metrics] Accuracy(layer_5 - estimator_2 - 10_folds.train_1.predict)=84.62%
[ 2018-07-31 17:43:22,489][kfold_wrapper.log_eval_metrics] Accuracy(layer_5 - estimator_2 - 10_folds.train_2.predict)=93.10%
[ 2018-07-31 17:43:27,317][kfold_wrapper.log_eval_metrics] Accuracy(layer_5 - estimator_2 - 10_folds.train_3.predict)=96.15%
[ 2018-07-31 17:43:31,966][kfold_wrapper.log_eval_metrics] Accuracy(layer_5 - estimator_2 - 10_folds.train_4.predict)=100.00%
[ 2018-07-31 17:43:36,623][kfold_wrapper.log_eval_metrics] Accuracy(layer_5 - estimator_2 - 10_folds.train_5.predict)=96.77%
[ 2018-07-31 17:43:41,259][kfold_wrapper.log_eval_metrics] Accuracy(layer_5 - estimator_2 - 10_folds.train_6.predict)=89.66%
[ 2018-07-31 17:43:46,084][kfold_wrapper.log_eval_metrics] Accuracy(layer_5 - estimator_2 - 10_folds.train_7.predict)=92.59%
[ 2018-07-31 17:43:50,945][kfold_wrapper.log_eval_metrics] Accuracy(layer_5 - estimator_2 - 10_folds.train_8.predict)=89.29%
[ 2018-07-31 17:43:55,723][kfold_wrapper.log_eval_metrics] Accuracy(layer_5 - estimator_2 - 10_folds.train_9.predict)=96.30%
[ 2018-07-31 17:43:55,727][kfold_wrapper.log_eval_metrics] Accuracy(layer_5 - estimator_2 - 10_folds.train_cv.predict)=93.57%
[ 2018-07-31 17:43:55,728][kfold_wrapper.log_eval_metrics] Accuracy(layer_5 - estimator_2 - 10_folds.test.predict)=90.00%
[ 2018-07-31 17:43:55,729][cascade_classifier.calc_accuracy] Accuracy(layer_5 - train.classifier_average)=95.00%
[ 2018-07-31 17:43:55,730][cascade_classifier.calc_accuracy] Accuracy(layer_5 - test.classifier_average)=92.50%
[ 2018-07-31 17:43:55,734][cascade_classifier.fit_transform] [layer=6] look_indexs=[0], X_cur_train.shape=(280, 4216), X_cur_test.shape=(120, 4216)
[ 2018-07-31 17:43:56,456][kfold_wrapper.log_eval_metrics] Accuracy(layer_6 - estimator_0 - 10_folds.train_0.predict)=96.00%
[ 2018-07-31 17:43:57,388][kfold_wrapper.log_eval_metrics] Accuracy(layer_6 - estimator_0 - 10_folds.train_1.predict)=96.43%
[ 2018-07-31 17:43:58,460][kfold_wrapper.log_eval_metrics] Accuracy(layer_6 - estimator_0 - 10_folds.train_2.predict)=89.66%
[ 2018-07-31 17:43:59,591][kfold_wrapper.log_eval_metrics] Accuracy(layer_6 - estimator_0 - 10_folds.train_3.predict)=90.91%
[ 2018-07-31 17:44:00,512][kfold_wrapper.log_eval_metrics] Accuracy(layer_6 - estimator_0 - 10_folds.train_4.predict)=95.83%
[ 2018-07-31 17:44:01,659][kfold_wrapper.log_eval_metrics] Accuracy(layer_6 - estimator_0 - 10_folds.train_5.predict)=96.55%
[ 2018-07-31 17:44:02,811][kfold_wrapper.log_eval_metrics] Accuracy(layer_6 - estimator_0 - 10_folds.train_6.predict)=96.00%
[ 2018-07-31 17:44:03,994][kfold_wrapper.log_eval_metrics] Accuracy(layer_6 - estimator_0 - 10_folds.train_7.predict)=77.27%
[ 2018-07-31 17:44:05,166][kfold_wrapper.log_eval_metrics] Accuracy(layer_6 - estimator_0 - 10_folds.train_8.predict)=87.88%
[ 2018-07-31 17:44:06,508][kfold_wrapper.log_eval_metrics] Accuracy(layer_6 - estimator_0 - 10_folds.train_9.predict)=87.50%
[ 2018-07-31 17:44:06,740][kfold_wrapper.log_eval_metrics] Accuracy(layer_6 - estimator_0 - 10_folds.train_cv.predict)=91.43%
[ 2018-07-31 17:44:06,741][kfold_wrapper.log_eval_metrics] Accuracy(layer_6 - estimator_0 - 10_folds.test.predict)=89.17%
[ 2018-07-31 17:44:07,259][kfold_wrapper.log_eval_metrics] Accuracy(layer_6 - estimator_1 - 10_folds.train_0.predict)=93.10%
[ 2018-07-31 17:44:07,987][kfold_wrapper.log_eval_metrics] Accuracy(layer_6 - estimator_1 - 10_folds.train_1.predict)=89.29%
[ 2018-07-31 17:44:08,825][kfold_wrapper.log_eval_metrics] Accuracy(layer_6 - estimator_1 - 10_folds.train_2.predict)=96.55%
[ 2018-07-31 17:44:09,553][kfold_wrapper.log_eval_metrics] Accuracy(layer_6 - estimator_1 - 10_folds.train_3.predict)=92.59%
[ 2018-07-31 17:44:10,399][kfold_wrapper.log_eval_metrics] Accuracy(layer_6 - estimator_1 - 10_folds.train_4.predict)=91.30%
[ 2018-07-31 17:44:11,127][kfold_wrapper.log_eval_metrics] Accuracy(layer_6 - estimator_1 - 10_folds.train_5.predict)=93.33%
[ 2018-07-31 17:44:11,910][kfold_wrapper.log_eval_metrics] Accuracy(layer_6 - estimator_1 - 10_folds.train_6.predict)=90.00%
[ 2018-07-31 17:44:12,638][kfold_wrapper.log_eval_metrics] Accuracy(layer_6 - estimator_1 - 10_folds.train_7.predict)=92.59%
[ 2018-07-31 17:44:13,368][kfold_wrapper.log_eval_metrics] Accuracy(layer_6 - estimator_1 - 10_folds.train_8.predict)=100.00%
[ 2018-07-31 17:44:14,105][kfold_wrapper.log_eval_metrics] Accuracy(layer_6 - estimator_1 - 10_folds.train_9.predict)=86.67%
[ 2018-07-31 17:44:14,328][kfold_wrapper.log_eval_metrics] Accuracy(layer_6 - estimator_1 - 10_folds.train_cv.predict)=92.50%
[ 2018-07-31 17:44:14,329][kfold_wrapper.log_eval_metrics] Accuracy(layer_6 - estimator_1 - 10_folds.test.predict)=90.83%
[ 2018-07-31 17:44:18,989][kfold_wrapper.log_eval_metrics] Accuracy(layer_6 - estimator_2 - 10_folds.train_0.predict)=90.00%
[ 2018-07-31 17:44:23,666][kfold_wrapper.log_eval_metrics] Accuracy(layer_6 - estimator_2 - 10_folds.train_1.predict)=96.43%
[ 2018-07-31 17:44:28,394][kfold_wrapper.log_eval_metrics] Accuracy(layer_6 - estimator_2 - 10_folds.train_2.predict)=88.24%
[ 2018-07-31 17:44:33,176][kfold_wrapper.log_eval_metrics] Accuracy(layer_6 - estimator_2 - 10_folds.train_3.predict)=89.29%
[ 2018-07-31 17:44:37,800][kfold_wrapper.log_eval_metrics] Accuracy(layer_6 - estimator_2 - 10_folds.train_4.predict)=91.18%
[ 2018-07-31 17:44:42,495][kfold_wrapper.log_eval_metrics] Accuracy(layer_6 - estimator_2 - 10_folds.train_5.predict)=92.00%
[ 2018-07-31 17:44:47,180][kfold_wrapper.log_eval_metrics] Accuracy(layer_6 - estimator_2 - 10_folds.train_6.predict)=100.00%
[ 2018-07-31 17:44:51,985][kfold_wrapper.log_eval_metrics] Accuracy(layer_6 - estimator_2 - 10_folds.train_7.predict)=92.00%
[ 2018-07-31 17:44:56,951][kfold_wrapper.log_eval_metrics] Accuracy(layer_6 - estimator_2 - 10_folds.train_8.predict)=100.00%
[ 2018-07-31 17:45:02,362][kfold_wrapper.log_eval_metrics] Accuracy(layer_6 - estimator_2 - 10_folds.train_9.predict)=96.55%
[ 2018-07-31 17:45:02,366][kfold_wrapper.log_eval_metrics] Accuracy(layer_6 - estimator_2 - 10_folds.train_cv.predict)=93.21%
[ 2018-07-31 17:45:02,367][kfold_wrapper.log_eval_metrics] Accuracy(layer_6 - estimator_2 - 10_folds.test.predict)=90.00%
[ 2018-07-31 17:45:02,368][cascade_classifier.calc_accuracy] Accuracy(layer_6 - train.classifier_average)=94.29%
[ 2018-07-31 17:45:02,369][cascade_classifier.calc_accuracy] Accuracy(layer_6 - test.classifier_average)=92.50%
[ 2018-07-31 17:45:02,370][cascade_classifier.fit_transform] [Result][Optimal Level Detected] opt_layer_num=4, accuracy_train=95.36%, accuracy_test=92.50%
[ 2018-07-31 17:45:02,397][cascade_classifier.transform] X_groups_test.shape=[(120, 4096)]
[ 2018-07-31 17:45:02,399][cascade_classifier.transform] group_dims=[4096]
[ 2018-07-31 17:45:02,401][cascade_classifier.transform] X_test.shape=(120, 4096)
[ 2018-07-31 17:45:02,402][cascade_classifier.transform] [layer=0] look_indexs=[0], X_cur_test.shape=(120, 4096)
[ 2018-07-31 17:45:07,072][cascade_classifier.transform] [layer=1] look_indexs=[0], X_cur_test.shape=(120, 4216)
[ 2018-07-31 17:45:11,153][cascade_classifier.transform] [layer=2] look_indexs=[0], X_cur_test.shape=(120, 4216)
[ 2018-07-31 17:45:15,393][cascade_classifier.transform] [layer=3] look_indexs=[0], X_cur_test.shape=(120, 4216)
