[ 2018-07-31 22:12:00,193][cascade_classifier.fit_transform] X_groups_train.shape=[(2410, 21)],y_train.shape=(2410,),X_groups_test.shape=[(1033, 21)],y_test.shape=(1033,)
[ 2018-07-31 22:12:00,196][cascade_classifier.fit_transform] group_dims=[21]
[ 2018-07-31 22:12:00,199][cascade_classifier.fit_transform] group_starts=[0]
[ 2018-07-31 22:12:00,200][cascade_classifier.fit_transform] group_ends=[21]
[ 2018-07-31 22:12:00,202][cascade_classifier.fit_transform] X_train.shape=(2410, 21),X_test.shape=(1033, 21)
[ 2018-07-31 22:12:00,203][cascade_classifier.fit_transform] [layer=0] look_indexs=[0], X_cur_train.shape=(2410, 21), X_cur_test.shape=(1033, 21)
[ 2018-07-31 22:12:01,280][kfold_wrapper.log_eval_metrics] Accuracy(layer_0 - estimator_0 - 10_folds.train_0.predict)=97.11%
[ 2018-07-31 22:12:02,746][kfold_wrapper.log_eval_metrics] Accuracy(layer_0 - estimator_0 - 10_folds.train_1.predict)=97.10%
[ 2018-07-31 22:12:04,667][kfold_wrapper.log_eval_metrics] Accuracy(layer_0 - estimator_0 - 10_folds.train_2.predict)=97.10%
[ 2018-07-31 22:12:06,160][kfold_wrapper.log_eval_metrics] Accuracy(layer_0 - estimator_0 - 10_folds.train_3.predict)=97.51%
[ 2018-07-31 22:12:08,048][kfold_wrapper.log_eval_metrics] Accuracy(layer_0 - estimator_0 - 10_folds.train_4.predict)=97.10%
[ 2018-07-31 22:12:10,238][kfold_wrapper.log_eval_metrics] Accuracy(layer_0 - estimator_0 - 10_folds.train_5.predict)=97.93%
[ 2018-07-31 22:12:12,020][kfold_wrapper.log_eval_metrics] Accuracy(layer_0 - estimator_0 - 10_folds.train_6.predict)=97.51%
[ 2018-07-31 22:12:14,007][kfold_wrapper.log_eval_metrics] Accuracy(layer_0 - estimator_0 - 10_folds.train_7.predict)=97.51%
[ 2018-07-31 22:12:15,530][kfold_wrapper.log_eval_metrics] Accuracy(layer_0 - estimator_0 - 10_folds.train_8.predict)=97.10%
[ 2018-07-31 22:12:16,998][kfold_wrapper.log_eval_metrics] Accuracy(layer_0 - estimator_0 - 10_folds.train_9.predict)=97.08%
[ 2018-07-31 22:12:17,213][kfold_wrapper.log_eval_metrics] Accuracy(layer_0 - estimator_0 - 10_folds.train_cv.predict)=97.30%
[ 2018-07-31 22:12:17,215][kfold_wrapper.log_eval_metrics] Accuracy(layer_0 - estimator_0 - 10_folds.test.predict)=97.29%
[ 2018-07-31 22:12:18,510][kfold_wrapper.log_eval_metrics] Accuracy(layer_0 - estimator_1 - 10_folds.train_0.predict)=96.69%
[ 2018-07-31 22:12:19,675][kfold_wrapper.log_eval_metrics] Accuracy(layer_0 - estimator_1 - 10_folds.train_1.predict)=97.10%
[ 2018-07-31 22:12:20,992][kfold_wrapper.log_eval_metrics] Accuracy(layer_0 - estimator_1 - 10_folds.train_2.predict)=97.10%
[ 2018-07-31 22:12:22,549][kfold_wrapper.log_eval_metrics] Accuracy(layer_0 - estimator_1 - 10_folds.train_3.predict)=97.51%
[ 2018-07-31 22:12:23,757][kfold_wrapper.log_eval_metrics] Accuracy(layer_0 - estimator_1 - 10_folds.train_4.predict)=97.51%
[ 2018-07-31 22:12:25,233][kfold_wrapper.log_eval_metrics] Accuracy(layer_0 - estimator_1 - 10_folds.train_5.predict)=97.51%
[ 2018-07-31 22:12:26,618][kfold_wrapper.log_eval_metrics] Accuracy(layer_0 - estimator_1 - 10_folds.train_6.predict)=97.51%
[ 2018-07-31 22:12:28,021][kfold_wrapper.log_eval_metrics] Accuracy(layer_0 - estimator_1 - 10_folds.train_7.predict)=97.10%
[ 2018-07-31 22:12:29,229][kfold_wrapper.log_eval_metrics] Accuracy(layer_0 - estimator_1 - 10_folds.train_8.predict)=97.51%
[ 2018-07-31 22:12:30,334][kfold_wrapper.log_eval_metrics] Accuracy(layer_0 - estimator_1 - 10_folds.train_9.predict)=97.08%
[ 2018-07-31 22:12:30,555][kfold_wrapper.log_eval_metrics] Accuracy(layer_0 - estimator_1 - 10_folds.train_cv.predict)=97.26%
[ 2018-07-31 22:12:30,556][kfold_wrapper.log_eval_metrics] Accuracy(layer_0 - estimator_1 - 10_folds.test.predict)=97.29%
[ 2018-07-31 22:12:30,631][kfold_wrapper.log_eval_metrics] Accuracy(layer_0 - estimator_2 - 10_folds.train_0.predict)=96.69%
[ 2018-07-31 22:12:30,646][kfold_wrapper.log_eval_metrics] Accuracy(layer_0 - estimator_2 - 10_folds.train_1.predict)=97.10%
[ 2018-07-31 22:12:30,660][kfold_wrapper.log_eval_metrics] Accuracy(layer_0 - estimator_2 - 10_folds.train_2.predict)=97.10%
[ 2018-07-31 22:12:30,721][kfold_wrapper.log_eval_metrics] Accuracy(layer_0 - estimator_2 - 10_folds.train_3.predict)=97.10%
[ 2018-07-31 22:12:30,761][kfold_wrapper.log_eval_metrics] Accuracy(layer_0 - estimator_2 - 10_folds.train_4.predict)=97.10%
[ 2018-07-31 22:12:30,784][kfold_wrapper.log_eval_metrics] Accuracy(layer_0 - estimator_2 - 10_folds.train_5.predict)=97.10%
[ 2018-07-31 22:12:30,861][kfold_wrapper.log_eval_metrics] Accuracy(layer_0 - estimator_2 - 10_folds.train_6.predict)=97.10%
[ 2018-07-31 22:12:30,898][kfold_wrapper.log_eval_metrics] Accuracy(layer_0 - estimator_2 - 10_folds.train_7.predict)=96.68%
[ 2018-07-31 22:12:30,923][kfold_wrapper.log_eval_metrics] Accuracy(layer_0 - estimator_2 - 10_folds.train_8.predict)=97.10%
[ 2018-07-31 22:12:31,011][kfold_wrapper.log_eval_metrics] Accuracy(layer_0 - estimator_2 - 10_folds.train_9.predict)=97.08%
[ 2018-07-31 22:12:31,037][kfold_wrapper.log_eval_metrics] Accuracy(layer_0 - estimator_2 - 10_folds.train_cv.predict)=97.01%
[ 2018-07-31 22:12:31,042][kfold_wrapper.log_eval_metrics] Accuracy(layer_0 - estimator_2 - 10_folds.test.predict)=97.19%
[ 2018-07-31 22:12:31,049][cascade_classifier.calc_accuracy] Accuracy(layer_0 - train.classifier_average)=97.14%
[ 2018-07-31 22:12:31,055][cascade_classifier.calc_accuracy] Accuracy(layer_0 - test.classifier_average)=97.19%
[ 2018-07-31 22:12:31,057][cascade_classifier.fit_transform] [layer=1] look_indexs=[0], X_cur_train.shape=(2410, 27), X_cur_test.shape=(1033, 27)
[ 2018-07-31 22:12:32,294][kfold_wrapper.log_eval_metrics] Accuracy(layer_1 - estimator_0 - 10_folds.train_0.predict)=97.11%
[ 2018-07-31 22:12:33,764][kfold_wrapper.log_eval_metrics] Accuracy(layer_1 - estimator_0 - 10_folds.train_1.predict)=97.93%
[ 2018-07-31 22:12:35,179][kfold_wrapper.log_eval_metrics] Accuracy(layer_1 - estimator_0 - 10_folds.train_2.predict)=97.93%
[ 2018-07-31 22:12:36,592][kfold_wrapper.log_eval_metrics] Accuracy(layer_1 - estimator_0 - 10_folds.train_3.predict)=97.10%
[ 2018-07-31 22:12:38,299][kfold_wrapper.log_eval_metrics] Accuracy(layer_1 - estimator_0 - 10_folds.train_4.predict)=97.51%
[ 2018-07-31 22:12:40,005][kfold_wrapper.log_eval_metrics] Accuracy(layer_1 - estimator_0 - 10_folds.train_5.predict)=99.17%
[ 2018-07-31 22:12:41,606][kfold_wrapper.log_eval_metrics] Accuracy(layer_1 - estimator_0 - 10_folds.train_6.predict)=97.93%
[ 2018-07-31 22:12:43,355][kfold_wrapper.log_eval_metrics] Accuracy(layer_1 - estimator_0 - 10_folds.train_7.predict)=97.10%
[ 2018-07-31 22:12:45,122][kfold_wrapper.log_eval_metrics] Accuracy(layer_1 - estimator_0 - 10_folds.train_8.predict)=99.17%
[ 2018-07-31 22:12:46,569][kfold_wrapper.log_eval_metrics] Accuracy(layer_1 - estimator_0 - 10_folds.train_9.predict)=97.92%
[ 2018-07-31 22:12:47,066][kfold_wrapper.log_eval_metrics] Accuracy(layer_1 - estimator_0 - 10_folds.train_cv.predict)=97.88%
[ 2018-07-31 22:12:47,068][kfold_wrapper.log_eval_metrics] Accuracy(layer_1 - estimator_0 - 10_folds.test.predict)=97.87%
[ 2018-07-31 22:12:48,034][kfold_wrapper.log_eval_metrics] Accuracy(layer_1 - estimator_1 - 10_folds.train_0.predict)=98.76%
[ 2018-07-31 22:12:49,165][kfold_wrapper.log_eval_metrics] Accuracy(layer_1 - estimator_1 - 10_folds.train_1.predict)=98.34%
[ 2018-07-31 22:12:50,411][kfold_wrapper.log_eval_metrics] Accuracy(layer_1 - estimator_1 - 10_folds.train_2.predict)=98.34%
[ 2018-07-31 22:12:51,962][kfold_wrapper.log_eval_metrics] Accuracy(layer_1 - estimator_1 - 10_folds.train_3.predict)=97.93%
[ 2018-07-31 22:12:53,446][kfold_wrapper.log_eval_metrics] Accuracy(layer_1 - estimator_1 - 10_folds.train_4.predict)=97.10%
[ 2018-07-31 22:12:54,752][kfold_wrapper.log_eval_metrics] Accuracy(layer_1 - estimator_1 - 10_folds.train_5.predict)=98.34%
[ 2018-07-31 22:12:56,143][kfold_wrapper.log_eval_metrics] Accuracy(layer_1 - estimator_1 - 10_folds.train_6.predict)=98.34%
[ 2018-07-31 22:12:57,433][kfold_wrapper.log_eval_metrics] Accuracy(layer_1 - estimator_1 - 10_folds.train_7.predict)=98.76%
[ 2018-07-31 22:12:58,503][kfold_wrapper.log_eval_metrics] Accuracy(layer_1 - estimator_1 - 10_folds.train_8.predict)=97.51%
[ 2018-07-31 22:12:59,662][kfold_wrapper.log_eval_metrics] Accuracy(layer_1 - estimator_1 - 10_folds.train_9.predict)=96.67%
[ 2018-07-31 22:13:00,076][kfold_wrapper.log_eval_metrics] Accuracy(layer_1 - estimator_1 - 10_folds.train_cv.predict)=98.01%
[ 2018-07-31 22:13:00,077][kfold_wrapper.log_eval_metrics] Accuracy(layer_1 - estimator_1 - 10_folds.test.predict)=97.87%
[ 2018-07-31 22:13:00,095][kfold_wrapper.log_eval_metrics] Accuracy(layer_1 - estimator_2 - 10_folds.train_0.predict)=97.93%
[ 2018-07-31 22:13:00,114][kfold_wrapper.log_eval_metrics] Accuracy(layer_1 - estimator_2 - 10_folds.train_1.predict)=97.51%
[ 2018-07-31 22:13:00,138][kfold_wrapper.log_eval_metrics] Accuracy(layer_1 - estimator_2 - 10_folds.train_2.predict)=98.34%
[ 2018-07-31 22:13:00,161][kfold_wrapper.log_eval_metrics] Accuracy(layer_1 - estimator_2 - 10_folds.train_3.predict)=97.51%
[ 2018-07-31 22:13:00,200][kfold_wrapper.log_eval_metrics] Accuracy(layer_1 - estimator_2 - 10_folds.train_4.predict)=97.51%
[ 2018-07-31 22:13:00,215][kfold_wrapper.log_eval_metrics] Accuracy(layer_1 - estimator_2 - 10_folds.train_5.predict)=97.93%
[ 2018-07-31 22:13:00,239][kfold_wrapper.log_eval_metrics] Accuracy(layer_1 - estimator_2 - 10_folds.train_6.predict)=97.10%
[ 2018-07-31 22:13:00,265][kfold_wrapper.log_eval_metrics] Accuracy(layer_1 - estimator_2 - 10_folds.train_7.predict)=97.51%
[ 2018-07-31 22:13:00,283][kfold_wrapper.log_eval_metrics] Accuracy(layer_1 - estimator_2 - 10_folds.train_8.predict)=97.51%
[ 2018-07-31 22:13:00,304][kfold_wrapper.log_eval_metrics] Accuracy(layer_1 - estimator_2 - 10_folds.train_9.predict)=96.67%
[ 2018-07-31 22:13:00,321][kfold_wrapper.log_eval_metrics] Accuracy(layer_1 - estimator_2 - 10_folds.train_cv.predict)=97.55%
[ 2018-07-31 22:13:00,324][kfold_wrapper.log_eval_metrics] Accuracy(layer_1 - estimator_2 - 10_folds.test.predict)=97.58%
[ 2018-07-31 22:13:00,327][cascade_classifier.calc_accuracy] Accuracy(layer_1 - train.classifier_average)=97.88%
[ 2018-07-31 22:13:00,330][cascade_classifier.calc_accuracy] Accuracy(layer_1 - test.classifier_average)=97.87%
[ 2018-07-31 22:13:00,332][cascade_classifier.fit_transform] [layer=2] look_indexs=[0], X_cur_train.shape=(2410, 27), X_cur_test.shape=(1033, 27)
[ 2018-07-31 22:13:01,603][kfold_wrapper.log_eval_metrics] Accuracy(layer_2 - estimator_0 - 10_folds.train_0.predict)=97.11%
[ 2018-07-31 22:13:03,065][kfold_wrapper.log_eval_metrics] Accuracy(layer_2 - estimator_0 - 10_folds.train_1.predict)=97.93%
[ 2018-07-31 22:13:04,557][kfold_wrapper.log_eval_metrics] Accuracy(layer_2 - estimator_0 - 10_folds.train_2.predict)=98.76%
[ 2018-07-31 22:13:06,007][kfold_wrapper.log_eval_metrics] Accuracy(layer_2 - estimator_0 - 10_folds.train_3.predict)=97.51%
[ 2018-07-31 22:13:07,425][kfold_wrapper.log_eval_metrics] Accuracy(layer_2 - estimator_0 - 10_folds.train_4.predict)=98.34%
[ 2018-07-31 22:13:08,893][kfold_wrapper.log_eval_metrics] Accuracy(layer_2 - estimator_0 - 10_folds.train_5.predict)=97.51%
[ 2018-07-31 22:13:10,342][kfold_wrapper.log_eval_metrics] Accuracy(layer_2 - estimator_0 - 10_folds.train_6.predict)=98.34%
[ 2018-07-31 22:13:11,622][kfold_wrapper.log_eval_metrics] Accuracy(layer_2 - estimator_0 - 10_folds.train_7.predict)=97.93%
[ 2018-07-31 22:13:13,022][kfold_wrapper.log_eval_metrics] Accuracy(layer_2 - estimator_0 - 10_folds.train_8.predict)=97.51%
[ 2018-07-31 22:13:14,532][kfold_wrapper.log_eval_metrics] Accuracy(layer_2 - estimator_0 - 10_folds.train_9.predict)=98.33%
[ 2018-07-31 22:13:14,761][kfold_wrapper.log_eval_metrics] Accuracy(layer_2 - estimator_0 - 10_folds.train_cv.predict)=97.93%
[ 2018-07-31 22:13:14,763][kfold_wrapper.log_eval_metrics] Accuracy(layer_2 - estimator_0 - 10_folds.test.predict)=97.87%
[ 2018-07-31 22:13:15,880][kfold_wrapper.log_eval_metrics] Accuracy(layer_2 - estimator_1 - 10_folds.train_0.predict)=96.69%
[ 2018-07-31 22:13:17,162][kfold_wrapper.log_eval_metrics] Accuracy(layer_2 - estimator_1 - 10_folds.train_1.predict)=96.68%
[ 2018-07-31 22:13:18,627][kfold_wrapper.log_eval_metrics] Accuracy(layer_2 - estimator_1 - 10_folds.train_2.predict)=98.34%
[ 2018-07-31 22:13:19,978][kfold_wrapper.log_eval_metrics] Accuracy(layer_2 - estimator_1 - 10_folds.train_3.predict)=97.93%
[ 2018-07-31 22:13:21,518][kfold_wrapper.log_eval_metrics] Accuracy(layer_2 - estimator_1 - 10_folds.train_4.predict)=98.76%
[ 2018-07-31 22:13:23,479][kfold_wrapper.log_eval_metrics] Accuracy(layer_2 - estimator_1 - 10_folds.train_5.predict)=98.34%
[ 2018-07-31 22:13:25,295][kfold_wrapper.log_eval_metrics] Accuracy(layer_2 - estimator_1 - 10_folds.train_6.predict)=98.34%
[ 2018-07-31 22:13:26,737][kfold_wrapper.log_eval_metrics] Accuracy(layer_2 - estimator_1 - 10_folds.train_7.predict)=97.51%
[ 2018-07-31 22:13:28,453][kfold_wrapper.log_eval_metrics] Accuracy(layer_2 - estimator_1 - 10_folds.train_8.predict)=97.93%
[ 2018-07-31 22:13:29,873][kfold_wrapper.log_eval_metrics] Accuracy(layer_2 - estimator_1 - 10_folds.train_9.predict)=98.33%
[ 2018-07-31 22:13:30,097][kfold_wrapper.log_eval_metrics] Accuracy(layer_2 - estimator_1 - 10_folds.train_cv.predict)=97.88%
[ 2018-07-31 22:13:30,104][kfold_wrapper.log_eval_metrics] Accuracy(layer_2 - estimator_1 - 10_folds.test.predict)=97.87%
[ 2018-07-31 22:13:30,155][kfold_wrapper.log_eval_metrics] Accuracy(layer_2 - estimator_2 - 10_folds.train_0.predict)=97.52%
[ 2018-07-31 22:13:30,242][kfold_wrapper.log_eval_metrics] Accuracy(layer_2 - estimator_2 - 10_folds.train_1.predict)=97.51%
[ 2018-07-31 22:13:30,344][kfold_wrapper.log_eval_metrics] Accuracy(layer_2 - estimator_2 - 10_folds.train_2.predict)=97.51%
[ 2018-07-31 22:13:30,462][kfold_wrapper.log_eval_metrics] Accuracy(layer_2 - estimator_2 - 10_folds.train_3.predict)=97.51%
[ 2018-07-31 22:13:30,484][kfold_wrapper.log_eval_metrics] Accuracy(layer_2 - estimator_2 - 10_folds.train_4.predict)=97.93%
[ 2018-07-31 22:13:30,518][kfold_wrapper.log_eval_metrics] Accuracy(layer_2 - estimator_2 - 10_folds.train_5.predict)=97.93%
[ 2018-07-31 22:13:30,590][kfold_wrapper.log_eval_metrics] Accuracy(layer_2 - estimator_2 - 10_folds.train_6.predict)=98.34%
[ 2018-07-31 22:13:30,652][kfold_wrapper.log_eval_metrics] Accuracy(layer_2 - estimator_2 - 10_folds.train_7.predict)=97.93%
[ 2018-07-31 22:13:30,747][kfold_wrapper.log_eval_metrics] Accuracy(layer_2 - estimator_2 - 10_folds.train_8.predict)=97.51%
[ 2018-07-31 22:13:30,810][kfold_wrapper.log_eval_metrics] Accuracy(layer_2 - estimator_2 - 10_folds.train_9.predict)=97.50%
[ 2018-07-31 22:13:30,823][kfold_wrapper.log_eval_metrics] Accuracy(layer_2 - estimator_2 - 10_folds.train_cv.predict)=97.72%
[ 2018-07-31 22:13:30,824][kfold_wrapper.log_eval_metrics] Accuracy(layer_2 - estimator_2 - 10_folds.test.predict)=97.87%
[ 2018-07-31 22:13:30,831][cascade_classifier.calc_accuracy] Accuracy(layer_2 - train.classifier_average)=97.88%
[ 2018-07-31 22:13:30,834][cascade_classifier.calc_accuracy] Accuracy(layer_2 - test.classifier_average)=97.87%
[ 2018-07-31 22:13:30,838][cascade_classifier.fit_transform] [layer=3] look_indexs=[0], X_cur_train.shape=(2410, 27), X_cur_test.shape=(1033, 27)
[ 2018-07-31 22:13:32,463][kfold_wrapper.log_eval_metrics] Accuracy(layer_3 - estimator_0 - 10_folds.train_0.predict)=97.93%
[ 2018-07-31 22:13:34,330][kfold_wrapper.log_eval_metrics] Accuracy(layer_3 - estimator_0 - 10_folds.train_1.predict)=97.10%
[ 2018-07-31 22:13:36,269][kfold_wrapper.log_eval_metrics] Accuracy(layer_3 - estimator_0 - 10_folds.train_2.predict)=99.17%
[ 2018-07-31 22:13:38,102][kfold_wrapper.log_eval_metrics] Accuracy(layer_3 - estimator_0 - 10_folds.train_3.predict)=97.93%
[ 2018-07-31 22:13:40,477][kfold_wrapper.log_eval_metrics] Accuracy(layer_3 - estimator_0 - 10_folds.train_4.predict)=97.10%
[ 2018-07-31 22:13:42,205][kfold_wrapper.log_eval_metrics] Accuracy(layer_3 - estimator_0 - 10_folds.train_5.predict)=97.93%
[ 2018-07-31 22:13:43,949][kfold_wrapper.log_eval_metrics] Accuracy(layer_3 - estimator_0 - 10_folds.train_6.predict)=97.51%
[ 2018-07-31 22:13:45,948][kfold_wrapper.log_eval_metrics] Accuracy(layer_3 - estimator_0 - 10_folds.train_7.predict)=98.34%
[ 2018-07-31 22:13:47,870][kfold_wrapper.log_eval_metrics] Accuracy(layer_3 - estimator_0 - 10_folds.train_8.predict)=97.51%
[ 2018-07-31 22:13:49,458][kfold_wrapper.log_eval_metrics] Accuracy(layer_3 - estimator_0 - 10_folds.train_9.predict)=97.50%
[ 2018-07-31 22:13:49,805][kfold_wrapper.log_eval_metrics] Accuracy(layer_3 - estimator_0 - 10_folds.train_cv.predict)=97.80%
[ 2018-07-31 22:13:49,807][kfold_wrapper.log_eval_metrics] Accuracy(layer_3 - estimator_0 - 10_folds.test.predict)=97.87%
[ 2018-07-31 22:13:50,813][kfold_wrapper.log_eval_metrics] Accuracy(layer_3 - estimator_1 - 10_folds.train_0.predict)=97.11%
[ 2018-07-31 22:13:52,266][kfold_wrapper.log_eval_metrics] Accuracy(layer_3 - estimator_1 - 10_folds.train_1.predict)=98.34%
[ 2018-07-31 22:13:53,735][kfold_wrapper.log_eval_metrics] Accuracy(layer_3 - estimator_1 - 10_folds.train_2.predict)=99.17%
[ 2018-07-31 22:13:55,228][kfold_wrapper.log_eval_metrics] Accuracy(layer_3 - estimator_1 - 10_folds.train_3.predict)=97.93%
[ 2018-07-31 22:13:56,740][kfold_wrapper.log_eval_metrics] Accuracy(layer_3 - estimator_1 - 10_folds.train_4.predict)=96.68%
[ 2018-07-31 22:13:58,809][kfold_wrapper.log_eval_metrics] Accuracy(layer_3 - estimator_1 - 10_folds.train_5.predict)=97.93%
[ 2018-07-31 22:14:00,729][kfold_wrapper.log_eval_metrics] Accuracy(layer_3 - estimator_1 - 10_folds.train_6.predict)=98.34%
[ 2018-07-31 22:14:02,201][kfold_wrapper.log_eval_metrics] Accuracy(layer_3 - estimator_1 - 10_folds.train_7.predict)=97.93%
[ 2018-07-31 22:14:03,825][kfold_wrapper.log_eval_metrics] Accuracy(layer_3 - estimator_1 - 10_folds.train_8.predict)=97.93%
[ 2018-07-31 22:14:05,606][kfold_wrapper.log_eval_metrics] Accuracy(layer_3 - estimator_1 - 10_folds.train_9.predict)=97.08%
[ 2018-07-31 22:14:05,968][kfold_wrapper.log_eval_metrics] Accuracy(layer_3 - estimator_1 - 10_folds.train_cv.predict)=97.84%
[ 2018-07-31 22:14:05,970][kfold_wrapper.log_eval_metrics] Accuracy(layer_3 - estimator_1 - 10_folds.test.predict)=97.87%
[ 2018-07-31 22:14:06,026][kfold_wrapper.log_eval_metrics] Accuracy(layer_3 - estimator_2 - 10_folds.train_0.predict)=97.52%
[ 2018-07-31 22:14:06,134][kfold_wrapper.log_eval_metrics] Accuracy(layer_3 - estimator_2 - 10_folds.train_1.predict)=97.51%
[ 2018-07-31 22:14:06,231][kfold_wrapper.log_eval_metrics] Accuracy(layer_3 - estimator_2 - 10_folds.train_2.predict)=99.59%
[ 2018-07-31 22:14:06,291][kfold_wrapper.log_eval_metrics] Accuracy(layer_3 - estimator_2 - 10_folds.train_3.predict)=97.93%
[ 2018-07-31 22:14:06,334][kfold_wrapper.log_eval_metrics] Accuracy(layer_3 - estimator_2 - 10_folds.train_4.predict)=97.51%
[ 2018-07-31 22:14:06,453][kfold_wrapper.log_eval_metrics] Accuracy(layer_3 - estimator_2 - 10_folds.train_5.predict)=97.51%
[ 2018-07-31 22:14:06,555][kfold_wrapper.log_eval_metrics] Accuracy(layer_3 - estimator_2 - 10_folds.train_6.predict)=97.10%
[ 2018-07-31 22:14:06,634][kfold_wrapper.log_eval_metrics] Accuracy(layer_3 - estimator_2 - 10_folds.train_7.predict)=97.51%
[ 2018-07-31 22:14:06,786][kfold_wrapper.log_eval_metrics] Accuracy(layer_3 - estimator_2 - 10_folds.train_8.predict)=98.34%
[ 2018-07-31 22:14:06,853][kfold_wrapper.log_eval_metrics] Accuracy(layer_3 - estimator_2 - 10_folds.train_9.predict)=97.92%
[ 2018-07-31 22:14:06,881][kfold_wrapper.log_eval_metrics] Accuracy(layer_3 - estimator_2 - 10_folds.train_cv.predict)=97.84%
[ 2018-07-31 22:14:06,882][kfold_wrapper.log_eval_metrics] Accuracy(layer_3 - estimator_2 - 10_folds.test.predict)=97.87%
[ 2018-07-31 22:14:06,895][cascade_classifier.calc_accuracy] Accuracy(layer_3 - train.classifier_average)=97.84%
[ 2018-07-31 22:14:06,896][cascade_classifier.calc_accuracy] Accuracy(layer_3 - test.classifier_average)=97.87%
[ 2018-07-31 22:14:06,913][cascade_classifier.fit_transform] [layer=4] look_indexs=[0], X_cur_train.shape=(2410, 27), X_cur_test.shape=(1033, 27)
[ 2018-07-31 22:14:08,589][kfold_wrapper.log_eval_metrics] Accuracy(layer_4 - estimator_0 - 10_folds.train_0.predict)=97.93%
[ 2018-07-31 22:14:10,490][kfold_wrapper.log_eval_metrics] Accuracy(layer_4 - estimator_0 - 10_folds.train_1.predict)=96.68%
[ 2018-07-31 22:14:12,280][kfold_wrapper.log_eval_metrics] Accuracy(layer_4 - estimator_0 - 10_folds.train_2.predict)=97.93%
[ 2018-07-31 22:14:13,996][kfold_wrapper.log_eval_metrics] Accuracy(layer_4 - estimator_0 - 10_folds.train_3.predict)=98.34%
[ 2018-07-31 22:14:15,744][kfold_wrapper.log_eval_metrics] Accuracy(layer_4 - estimator_0 - 10_folds.train_4.predict)=97.93%
[ 2018-07-31 22:14:17,703][kfold_wrapper.log_eval_metrics] Accuracy(layer_4 - estimator_0 - 10_folds.train_5.predict)=97.93%
[ 2018-07-31 22:14:19,686][kfold_wrapper.log_eval_metrics] Accuracy(layer_4 - estimator_0 - 10_folds.train_6.predict)=97.93%
[ 2018-07-31 22:14:21,490][kfold_wrapper.log_eval_metrics] Accuracy(layer_4 - estimator_0 - 10_folds.train_7.predict)=97.10%
[ 2018-07-31 22:14:23,289][kfold_wrapper.log_eval_metrics] Accuracy(layer_4 - estimator_0 - 10_folds.train_8.predict)=97.93%
[ 2018-07-31 22:14:25,697][kfold_wrapper.log_eval_metrics] Accuracy(layer_4 - estimator_0 - 10_folds.train_9.predict)=97.92%
[ 2018-07-31 22:14:26,023][kfold_wrapper.log_eval_metrics] Accuracy(layer_4 - estimator_0 - 10_folds.train_cv.predict)=97.76%
[ 2018-07-31 22:14:26,024][kfold_wrapper.log_eval_metrics] Accuracy(layer_4 - estimator_0 - 10_folds.test.predict)=97.87%
[ 2018-07-31 22:14:27,527][kfold_wrapper.log_eval_metrics] Accuracy(layer_4 - estimator_1 - 10_folds.train_0.predict)=97.11%
[ 2018-07-31 22:14:30,645][kfold_wrapper.log_eval_metrics] Accuracy(layer_4 - estimator_1 - 10_folds.train_1.predict)=97.93%
[ 2018-07-31 22:14:32,356][kfold_wrapper.log_eval_metrics] Accuracy(layer_4 - estimator_1 - 10_folds.train_2.predict)=98.34%
[ 2018-07-31 22:14:35,426][kfold_wrapper.log_eval_metrics] Accuracy(layer_4 - estimator_1 - 10_folds.train_3.predict)=98.34%
[ 2018-07-31 22:14:37,952][kfold_wrapper.log_eval_metrics] Accuracy(layer_4 - estimator_1 - 10_folds.train_4.predict)=97.93%
[ 2018-07-31 22:14:40,454][kfold_wrapper.log_eval_metrics] Accuracy(layer_4 - estimator_1 - 10_folds.train_5.predict)=99.17%
[ 2018-07-31 22:14:42,922][kfold_wrapper.log_eval_metrics] Accuracy(layer_4 - estimator_1 - 10_folds.train_6.predict)=97.10%
[ 2018-07-31 22:14:45,575][kfold_wrapper.log_eval_metrics] Accuracy(layer_4 - estimator_1 - 10_folds.train_7.predict)=97.51%
[ 2018-07-31 22:14:47,296][kfold_wrapper.log_eval_metrics] Accuracy(layer_4 - estimator_1 - 10_folds.train_8.predict)=97.10%
[ 2018-07-31 22:14:49,542][kfold_wrapper.log_eval_metrics] Accuracy(layer_4 - estimator_1 - 10_folds.train_9.predict)=97.92%
[ 2018-07-31 22:14:49,874][kfold_wrapper.log_eval_metrics] Accuracy(layer_4 - estimator_1 - 10_folds.train_cv.predict)=97.84%
[ 2018-07-31 22:14:49,877][kfold_wrapper.log_eval_metrics] Accuracy(layer_4 - estimator_1 - 10_folds.test.predict)=97.87%
[ 2018-07-31 22:14:49,924][kfold_wrapper.log_eval_metrics] Accuracy(layer_4 - estimator_2 - 10_folds.train_0.predict)=97.52%
[ 2018-07-31 22:14:50,084][kfold_wrapper.log_eval_metrics] Accuracy(layer_4 - estimator_2 - 10_folds.train_1.predict)=98.34%
[ 2018-07-31 22:14:50,139][kfold_wrapper.log_eval_metrics] Accuracy(layer_4 - estimator_2 - 10_folds.train_2.predict)=97.51%
[ 2018-07-31 22:14:50,277][kfold_wrapper.log_eval_metrics] Accuracy(layer_4 - estimator_2 - 10_folds.train_3.predict)=98.34%
[ 2018-07-31 22:14:50,402][kfold_wrapper.log_eval_metrics] Accuracy(layer_4 - estimator_2 - 10_folds.train_4.predict)=97.51%
[ 2018-07-31 22:14:50,445][kfold_wrapper.log_eval_metrics] Accuracy(layer_4 - estimator_2 - 10_folds.train_5.predict)=97.51%
[ 2018-07-31 22:14:50,474][kfold_wrapper.log_eval_metrics] Accuracy(layer_4 - estimator_2 - 10_folds.train_6.predict)=97.10%
[ 2018-07-31 22:14:50,524][kfold_wrapper.log_eval_metrics] Accuracy(layer_4 - estimator_2 - 10_folds.train_7.predict)=97.10%
[ 2018-07-31 22:14:50,565][kfold_wrapper.log_eval_metrics] Accuracy(layer_4 - estimator_2 - 10_folds.train_8.predict)=98.34%
[ 2018-07-31 22:14:50,667][kfold_wrapper.log_eval_metrics] Accuracy(layer_4 - estimator_2 - 10_folds.train_9.predict)=97.92%
[ 2018-07-31 22:14:50,705][kfold_wrapper.log_eval_metrics] Accuracy(layer_4 - estimator_2 - 10_folds.train_cv.predict)=97.72%
[ 2018-07-31 22:14:50,707][kfold_wrapper.log_eval_metrics] Accuracy(layer_4 - estimator_2 - 10_folds.test.predict)=97.87%
[ 2018-07-31 22:14:50,708][cascade_classifier.calc_accuracy] Accuracy(layer_4 - train.classifier_average)=97.80%
[ 2018-07-31 22:14:50,710][cascade_classifier.calc_accuracy] Accuracy(layer_4 - test.classifier_average)=97.87%
[ 2018-07-31 22:14:50,711][cascade_classifier.fit_transform] [Result][Optimal Level Detected] opt_layer_num=2, accuracy_train=97.88%, accuracy_test=97.87%
[ 2018-07-31 22:14:50,849][cascade_classifier.transform] X_groups_test.shape=[(1033, 21)]
[ 2018-07-31 22:14:50,857][cascade_classifier.transform] group_dims=[21]
[ 2018-07-31 22:14:50,863][cascade_classifier.transform] X_test.shape=(1033, 21)
[ 2018-07-31 22:14:50,878][cascade_classifier.transform] [layer=0] look_indexs=[0], X_cur_test.shape=(1033, 21)
[ 2018-07-31 22:14:58,111][cascade_classifier.transform] [layer=1] look_indexs=[0], X_cur_test.shape=(1033, 27)
