[ 2018-07-31 22:11:33,421][cascade_classifier.fit_transform] X_groups_train.shape=[(709, 9)],y_train.shape=(709,),X_groups_test.shape=[(304, 9)],y_test.shape=(304,)
[ 2018-07-31 22:11:33,422][cascade_classifier.fit_transform] group_dims=[9]
[ 2018-07-31 22:11:33,424][cascade_classifier.fit_transform] group_starts=[0]
[ 2018-07-31 22:11:33,425][cascade_classifier.fit_transform] group_ends=[9]
[ 2018-07-31 22:11:33,427][cascade_classifier.fit_transform] X_train.shape=(709, 9),X_test.shape=(304, 9)
[ 2018-07-31 22:11:33,429][cascade_classifier.fit_transform] [layer=0] look_indexs=[0], X_cur_train.shape=(709, 9), X_cur_test.shape=(304, 9)
[ 2018-07-31 22:11:34,252][kfold_wrapper.log_eval_metrics] Accuracy(layer_0 - estimator_0 - 10_folds.train_0.predict)=100.00%
[ 2018-07-31 22:11:35,209][kfold_wrapper.log_eval_metrics] Accuracy(layer_0 - estimator_0 - 10_folds.train_1.predict)=98.59%
[ 2018-07-31 22:11:36,347][kfold_wrapper.log_eval_metrics] Accuracy(layer_0 - estimator_0 - 10_folds.train_2.predict)=100.00%
[ 2018-07-31 22:11:37,372][kfold_wrapper.log_eval_metrics] Accuracy(layer_0 - estimator_0 - 10_folds.train_3.predict)=100.00%
[ 2018-07-31 22:11:38,360][kfold_wrapper.log_eval_metrics] Accuracy(layer_0 - estimator_0 - 10_folds.train_4.predict)=100.00%
[ 2018-07-31 22:11:39,488][kfold_wrapper.log_eval_metrics] Accuracy(layer_0 - estimator_0 - 10_folds.train_5.predict)=100.00%
[ 2018-07-31 22:11:40,507][kfold_wrapper.log_eval_metrics] Accuracy(layer_0 - estimator_0 - 10_folds.train_6.predict)=100.00%
[ 2018-07-31 22:11:41,551][kfold_wrapper.log_eval_metrics] Accuracy(layer_0 - estimator_0 - 10_folds.train_7.predict)=100.00%
[ 2018-07-31 22:11:42,588][kfold_wrapper.log_eval_metrics] Accuracy(layer_0 - estimator_0 - 10_folds.train_8.predict)=100.00%
[ 2018-07-31 22:11:43,683][kfold_wrapper.log_eval_metrics] Accuracy(layer_0 - estimator_0 - 10_folds.train_9.predict)=98.59%
[ 2018-07-31 22:11:43,928][kfold_wrapper.log_eval_metrics] Accuracy(layer_0 - estimator_0 - 10_folds.train_cv.predict)=99.72%
[ 2018-07-31 22:11:43,930][kfold_wrapper.log_eval_metrics] Accuracy(layer_0 - estimator_0 - 10_folds.test.predict)=100.00%
[ 2018-07-31 22:11:44,761][kfold_wrapper.log_eval_metrics] Accuracy(layer_0 - estimator_1 - 10_folds.train_0.predict)=100.00%
[ 2018-07-31 22:11:45,767][kfold_wrapper.log_eval_metrics] Accuracy(layer_0 - estimator_1 - 10_folds.train_1.predict)=100.00%
[ 2018-07-31 22:11:46,768][kfold_wrapper.log_eval_metrics] Accuracy(layer_0 - estimator_1 - 10_folds.train_2.predict)=100.00%
[ 2018-07-31 22:11:47,762][kfold_wrapper.log_eval_metrics] Accuracy(layer_0 - estimator_1 - 10_folds.train_3.predict)=100.00%
[ 2018-07-31 22:11:48,821][kfold_wrapper.log_eval_metrics] Accuracy(layer_0 - estimator_1 - 10_folds.train_4.predict)=98.59%
[ 2018-07-31 22:11:49,903][kfold_wrapper.log_eval_metrics] Accuracy(layer_0 - estimator_1 - 10_folds.train_5.predict)=100.00%
[ 2018-07-31 22:11:50,925][kfold_wrapper.log_eval_metrics] Accuracy(layer_0 - estimator_1 - 10_folds.train_6.predict)=98.59%
[ 2018-07-31 22:11:51,922][kfold_wrapper.log_eval_metrics] Accuracy(layer_0 - estimator_1 - 10_folds.train_7.predict)=100.00%
[ 2018-07-31 22:11:53,141][kfold_wrapper.log_eval_metrics] Accuracy(layer_0 - estimator_1 - 10_folds.train_8.predict)=98.59%
[ 2018-07-31 22:11:54,252][kfold_wrapper.log_eval_metrics] Accuracy(layer_0 - estimator_1 - 10_folds.train_9.predict)=100.00%
[ 2018-07-31 22:11:54,494][kfold_wrapper.log_eval_metrics] Accuracy(layer_0 - estimator_1 - 10_folds.train_cv.predict)=99.58%
[ 2018-07-31 22:11:54,496][kfold_wrapper.log_eval_metrics] Accuracy(layer_0 - estimator_1 - 10_folds.test.predict)=100.00%
[ 2018-07-31 22:11:54,562][kfold_wrapper.log_eval_metrics] Accuracy(layer_0 - estimator_2 - 10_folds.train_0.predict)=98.61%
[ 2018-07-31 22:11:54,572][kfold_wrapper.log_eval_metrics] Accuracy(layer_0 - estimator_2 - 10_folds.train_1.predict)=98.59%
[ 2018-07-31 22:11:54,580][kfold_wrapper.log_eval_metrics] Accuracy(layer_0 - estimator_2 - 10_folds.train_2.predict)=98.59%
[ 2018-07-31 22:11:54,590][kfold_wrapper.log_eval_metrics] Accuracy(layer_0 - estimator_2 - 10_folds.train_3.predict)=98.59%
[ 2018-07-31 22:11:54,595][kfold_wrapper.log_eval_metrics] Accuracy(layer_0 - estimator_2 - 10_folds.train_4.predict)=98.59%
[ 2018-07-31 22:11:54,611][kfold_wrapper.log_eval_metrics] Accuracy(layer_0 - estimator_2 - 10_folds.train_5.predict)=100.00%
[ 2018-07-31 22:11:54,633][kfold_wrapper.log_eval_metrics] Accuracy(layer_0 - estimator_2 - 10_folds.train_6.predict)=100.00%
[ 2018-07-31 22:11:54,640][kfold_wrapper.log_eval_metrics] Accuracy(layer_0 - estimator_2 - 10_folds.train_7.predict)=98.59%
[ 2018-07-31 22:11:54,645][kfold_wrapper.log_eval_metrics] Accuracy(layer_0 - estimator_2 - 10_folds.train_8.predict)=98.59%
[ 2018-07-31 22:11:54,657][kfold_wrapper.log_eval_metrics] Accuracy(layer_0 - estimator_2 - 10_folds.train_9.predict)=98.59%
[ 2018-07-31 22:11:54,661][kfold_wrapper.log_eval_metrics] Accuracy(layer_0 - estimator_2 - 10_folds.train_cv.predict)=98.87%
[ 2018-07-31 22:11:54,666][kfold_wrapper.log_eval_metrics] Accuracy(layer_0 - estimator_2 - 10_folds.test.predict)=98.36%
[ 2018-07-31 22:11:54,668][cascade_classifier.calc_accuracy] Accuracy(layer_0 - train.classifier_average)=99.58%
[ 2018-07-31 22:11:54,674][cascade_classifier.calc_accuracy] Accuracy(layer_0 - test.classifier_average)=99.67%
[ 2018-07-31 22:11:54,676][cascade_classifier.fit_transform] [layer=1] look_indexs=[0], X_cur_train.shape=(709, 15), X_cur_test.shape=(304, 15)
[ 2018-07-31 22:11:55,505][kfold_wrapper.log_eval_metrics] Accuracy(layer_1 - estimator_0 - 10_folds.train_0.predict)=100.00%
[ 2018-07-31 22:11:56,591][kfold_wrapper.log_eval_metrics] Accuracy(layer_1 - estimator_0 - 10_folds.train_1.predict)=100.00%
[ 2018-07-31 22:11:57,616][kfold_wrapper.log_eval_metrics] Accuracy(layer_1 - estimator_0 - 10_folds.train_2.predict)=100.00%
[ 2018-07-31 22:11:58,741][kfold_wrapper.log_eval_metrics] Accuracy(layer_1 - estimator_0 - 10_folds.train_3.predict)=100.00%
[ 2018-07-31 22:11:59,753][kfold_wrapper.log_eval_metrics] Accuracy(layer_1 - estimator_0 - 10_folds.train_4.predict)=98.59%
[ 2018-07-31 22:12:00,707][kfold_wrapper.log_eval_metrics] Accuracy(layer_1 - estimator_0 - 10_folds.train_5.predict)=100.00%
[ 2018-07-31 22:12:01,828][kfold_wrapper.log_eval_metrics] Accuracy(layer_1 - estimator_0 - 10_folds.train_6.predict)=100.00%
[ 2018-07-31 22:12:02,977][kfold_wrapper.log_eval_metrics] Accuracy(layer_1 - estimator_0 - 10_folds.train_7.predict)=100.00%
[ 2018-07-31 22:12:04,698][kfold_wrapper.log_eval_metrics] Accuracy(layer_1 - estimator_0 - 10_folds.train_8.predict)=100.00%
[ 2018-07-31 22:12:05,960][kfold_wrapper.log_eval_metrics] Accuracy(layer_1 - estimator_0 - 10_folds.train_9.predict)=100.00%
[ 2018-07-31 22:12:06,216][kfold_wrapper.log_eval_metrics] Accuracy(layer_1 - estimator_0 - 10_folds.train_cv.predict)=99.86%
[ 2018-07-31 22:12:06,218][kfold_wrapper.log_eval_metrics] Accuracy(layer_1 - estimator_0 - 10_folds.test.predict)=100.00%
[ 2018-07-31 22:12:07,368][kfold_wrapper.log_eval_metrics] Accuracy(layer_1 - estimator_1 - 10_folds.train_0.predict)=100.00%
[ 2018-07-31 22:12:08,650][kfold_wrapper.log_eval_metrics] Accuracy(layer_1 - estimator_1 - 10_folds.train_1.predict)=98.57%
[ 2018-07-31 22:12:10,400][kfold_wrapper.log_eval_metrics] Accuracy(layer_1 - estimator_1 - 10_folds.train_2.predict)=100.00%
[ 2018-07-31 22:12:11,890][kfold_wrapper.log_eval_metrics] Accuracy(layer_1 - estimator_1 - 10_folds.train_3.predict)=100.00%
[ 2018-07-31 22:12:13,276][kfold_wrapper.log_eval_metrics] Accuracy(layer_1 - estimator_1 - 10_folds.train_4.predict)=100.00%
[ 2018-07-31 22:12:14,598][kfold_wrapper.log_eval_metrics] Accuracy(layer_1 - estimator_1 - 10_folds.train_5.predict)=100.00%
[ 2018-07-31 22:12:15,894][kfold_wrapper.log_eval_metrics] Accuracy(layer_1 - estimator_1 - 10_folds.train_6.predict)=100.00%
[ 2018-07-31 22:12:17,128][kfold_wrapper.log_eval_metrics] Accuracy(layer_1 - estimator_1 - 10_folds.train_7.predict)=100.00%
[ 2018-07-31 22:12:18,222][kfold_wrapper.log_eval_metrics] Accuracy(layer_1 - estimator_1 - 10_folds.train_8.predict)=100.00%
[ 2018-07-31 22:12:19,391][kfold_wrapper.log_eval_metrics] Accuracy(layer_1 - estimator_1 - 10_folds.train_9.predict)=100.00%
[ 2018-07-31 22:12:19,605][kfold_wrapper.log_eval_metrics] Accuracy(layer_1 - estimator_1 - 10_folds.train_cv.predict)=99.86%
[ 2018-07-31 22:12:19,606][kfold_wrapper.log_eval_metrics] Accuracy(layer_1 - estimator_1 - 10_folds.test.predict)=100.00%
[ 2018-07-31 22:12:19,614][kfold_wrapper.log_eval_metrics] Accuracy(layer_1 - estimator_2 - 10_folds.train_0.predict)=100.00%
[ 2018-07-31 22:12:19,620][kfold_wrapper.log_eval_metrics] Accuracy(layer_1 - estimator_2 - 10_folds.train_1.predict)=100.00%
[ 2018-07-31 22:12:19,627][kfold_wrapper.log_eval_metrics] Accuracy(layer_1 - estimator_2 - 10_folds.train_2.predict)=98.59%
[ 2018-07-31 22:12:19,632][kfold_wrapper.log_eval_metrics] Accuracy(layer_1 - estimator_2 - 10_folds.train_3.predict)=98.59%
[ 2018-07-31 22:12:19,639][kfold_wrapper.log_eval_metrics] Accuracy(layer_1 - estimator_2 - 10_folds.train_4.predict)=100.00%
[ 2018-07-31 22:12:19,647][kfold_wrapper.log_eval_metrics] Accuracy(layer_1 - estimator_2 - 10_folds.train_5.predict)=100.00%
[ 2018-07-31 22:12:19,653][kfold_wrapper.log_eval_metrics] Accuracy(layer_1 - estimator_2 - 10_folds.train_6.predict)=100.00%
[ 2018-07-31 22:12:19,658][kfold_wrapper.log_eval_metrics] Accuracy(layer_1 - estimator_2 - 10_folds.train_7.predict)=100.00%
[ 2018-07-31 22:12:19,667][kfold_wrapper.log_eval_metrics] Accuracy(layer_1 - estimator_2 - 10_folds.train_8.predict)=98.59%
[ 2018-07-31 22:12:19,674][kfold_wrapper.log_eval_metrics] Accuracy(layer_1 - estimator_2 - 10_folds.train_9.predict)=100.00%
[ 2018-07-31 22:12:19,676][kfold_wrapper.log_eval_metrics] Accuracy(layer_1 - estimator_2 - 10_folds.train_cv.predict)=99.58%
[ 2018-07-31 22:12:19,678][kfold_wrapper.log_eval_metrics] Accuracy(layer_1 - estimator_2 - 10_folds.test.predict)=100.00%
[ 2018-07-31 22:12:19,681][cascade_classifier.calc_accuracy] Accuracy(layer_1 - train.classifier_average)=99.72%
[ 2018-07-31 22:12:19,683][cascade_classifier.calc_accuracy] Accuracy(layer_1 - test.classifier_average)=100.00%
[ 2018-07-31 22:12:19,686][cascade_classifier.fit_transform] [layer=2] look_indexs=[0], X_cur_train.shape=(709, 15), X_cur_test.shape=(304, 15)
[ 2018-07-31 22:12:20,607][kfold_wrapper.log_eval_metrics] Accuracy(layer_2 - estimator_0 - 10_folds.train_0.predict)=100.00%
[ 2018-07-31 22:12:21,939][kfold_wrapper.log_eval_metrics] Accuracy(layer_2 - estimator_0 - 10_folds.train_1.predict)=100.00%
[ 2018-07-31 22:12:23,352][kfold_wrapper.log_eval_metrics] Accuracy(layer_2 - estimator_0 - 10_folds.train_2.predict)=100.00%
[ 2018-07-31 22:12:24,332][kfold_wrapper.log_eval_metrics] Accuracy(layer_2 - estimator_0 - 10_folds.train_3.predict)=100.00%
[ 2018-07-31 22:12:25,380][kfold_wrapper.log_eval_metrics] Accuracy(layer_2 - estimator_0 - 10_folds.train_4.predict)=100.00%
[ 2018-07-31 22:12:26,642][kfold_wrapper.log_eval_metrics] Accuracy(layer_2 - estimator_0 - 10_folds.train_5.predict)=100.00%
[ 2018-07-31 22:12:27,792][kfold_wrapper.log_eval_metrics] Accuracy(layer_2 - estimator_0 - 10_folds.train_6.predict)=100.00%
[ 2018-07-31 22:12:29,178][kfold_wrapper.log_eval_metrics] Accuracy(layer_2 - estimator_0 - 10_folds.train_7.predict)=98.59%
[ 2018-07-31 22:12:30,713][kfold_wrapper.log_eval_metrics] Accuracy(layer_2 - estimator_0 - 10_folds.train_8.predict)=100.00%
[ 2018-07-31 22:12:32,076][kfold_wrapper.log_eval_metrics] Accuracy(layer_2 - estimator_0 - 10_folds.train_9.predict)=100.00%
[ 2018-07-31 22:12:32,339][kfold_wrapper.log_eval_metrics] Accuracy(layer_2 - estimator_0 - 10_folds.train_cv.predict)=99.86%
[ 2018-07-31 22:12:32,340][kfold_wrapper.log_eval_metrics] Accuracy(layer_2 - estimator_0 - 10_folds.test.predict)=100.00%
[ 2018-07-31 22:12:33,273][kfold_wrapper.log_eval_metrics] Accuracy(layer_2 - estimator_1 - 10_folds.train_0.predict)=100.00%
[ 2018-07-31 22:12:34,517][kfold_wrapper.log_eval_metrics] Accuracy(layer_2 - estimator_1 - 10_folds.train_1.predict)=98.59%
[ 2018-07-31 22:12:35,671][kfold_wrapper.log_eval_metrics] Accuracy(layer_2 - estimator_1 - 10_folds.train_2.predict)=100.00%
[ 2018-07-31 22:12:36,956][kfold_wrapper.log_eval_metrics] Accuracy(layer_2 - estimator_1 - 10_folds.train_3.predict)=100.00%
[ 2018-07-31 22:12:38,567][kfold_wrapper.log_eval_metrics] Accuracy(layer_2 - estimator_1 - 10_folds.train_4.predict)=100.00%
[ 2018-07-31 22:12:39,901][kfold_wrapper.log_eval_metrics] Accuracy(layer_2 - estimator_1 - 10_folds.train_5.predict)=100.00%
[ 2018-07-31 22:12:41,231][kfold_wrapper.log_eval_metrics] Accuracy(layer_2 - estimator_1 - 10_folds.train_6.predict)=98.59%
[ 2018-07-31 22:12:42,558][kfold_wrapper.log_eval_metrics] Accuracy(layer_2 - estimator_1 - 10_folds.train_7.predict)=100.00%
[ 2018-07-31 22:12:43,875][kfold_wrapper.log_eval_metrics] Accuracy(layer_2 - estimator_1 - 10_folds.train_8.predict)=100.00%
[ 2018-07-31 22:12:45,067][kfold_wrapper.log_eval_metrics] Accuracy(layer_2 - estimator_1 - 10_folds.train_9.predict)=100.00%
[ 2018-07-31 22:12:45,465][kfold_wrapper.log_eval_metrics] Accuracy(layer_2 - estimator_1 - 10_folds.train_cv.predict)=99.72%
[ 2018-07-31 22:12:45,472][kfold_wrapper.log_eval_metrics] Accuracy(layer_2 - estimator_1 - 10_folds.test.predict)=100.00%
[ 2018-07-31 22:12:45,483][kfold_wrapper.log_eval_metrics] Accuracy(layer_2 - estimator_2 - 10_folds.train_0.predict)=100.00%
[ 2018-07-31 22:12:45,489][kfold_wrapper.log_eval_metrics] Accuracy(layer_2 - estimator_2 - 10_folds.train_1.predict)=100.00%
[ 2018-07-31 22:12:45,505][kfold_wrapper.log_eval_metrics] Accuracy(layer_2 - estimator_2 - 10_folds.train_2.predict)=100.00%
[ 2018-07-31 22:12:45,517][kfold_wrapper.log_eval_metrics] Accuracy(layer_2 - estimator_2 - 10_folds.train_3.predict)=100.00%
[ 2018-07-31 22:12:45,534][kfold_wrapper.log_eval_metrics] Accuracy(layer_2 - estimator_2 - 10_folds.train_4.predict)=98.59%
[ 2018-07-31 22:12:45,541][kfold_wrapper.log_eval_metrics] Accuracy(layer_2 - estimator_2 - 10_folds.train_5.predict)=98.59%
[ 2018-07-31 22:12:45,547][kfold_wrapper.log_eval_metrics] Accuracy(layer_2 - estimator_2 - 10_folds.train_6.predict)=100.00%
[ 2018-07-31 22:12:45,552][kfold_wrapper.log_eval_metrics] Accuracy(layer_2 - estimator_2 - 10_folds.train_7.predict)=100.00%
[ 2018-07-31 22:12:45,561][kfold_wrapper.log_eval_metrics] Accuracy(layer_2 - estimator_2 - 10_folds.train_8.predict)=100.00%
[ 2018-07-31 22:12:45,571][kfold_wrapper.log_eval_metrics] Accuracy(layer_2 - estimator_2 - 10_folds.train_9.predict)=100.00%
[ 2018-07-31 22:12:45,580][kfold_wrapper.log_eval_metrics] Accuracy(layer_2 - estimator_2 - 10_folds.train_cv.predict)=99.72%
[ 2018-07-31 22:12:45,582][kfold_wrapper.log_eval_metrics] Accuracy(layer_2 - estimator_2 - 10_folds.test.predict)=100.00%
[ 2018-07-31 22:12:45,590][cascade_classifier.calc_accuracy] Accuracy(layer_2 - train.classifier_average)=99.72%
[ 2018-07-31 22:12:45,593][cascade_classifier.calc_accuracy] Accuracy(layer_2 - test.classifier_average)=100.00%
[ 2018-07-31 22:12:45,594][cascade_classifier.fit_transform] [layer=3] look_indexs=[0], X_cur_train.shape=(709, 15), X_cur_test.shape=(304, 15)
[ 2018-07-31 22:12:46,964][kfold_wrapper.log_eval_metrics] Accuracy(layer_3 - estimator_0 - 10_folds.train_0.predict)=100.00%
[ 2018-07-31 22:12:48,325][kfold_wrapper.log_eval_metrics] Accuracy(layer_3 - estimator_0 - 10_folds.train_1.predict)=98.59%
[ 2018-07-31 22:12:49,460][kfold_wrapper.log_eval_metrics] Accuracy(layer_3 - estimator_0 - 10_folds.train_2.predict)=100.00%
[ 2018-07-31 22:12:50,668][kfold_wrapper.log_eval_metrics] Accuracy(layer_3 - estimator_0 - 10_folds.train_3.predict)=100.00%
[ 2018-07-31 22:12:51,978][kfold_wrapper.log_eval_metrics] Accuracy(layer_3 - estimator_0 - 10_folds.train_4.predict)=100.00%
[ 2018-07-31 22:12:53,460][kfold_wrapper.log_eval_metrics] Accuracy(layer_3 - estimator_0 - 10_folds.train_5.predict)=100.00%
[ 2018-07-31 22:12:54,619][kfold_wrapper.log_eval_metrics] Accuracy(layer_3 - estimator_0 - 10_folds.train_6.predict)=100.00%
[ 2018-07-31 22:12:55,889][kfold_wrapper.log_eval_metrics] Accuracy(layer_3 - estimator_0 - 10_folds.train_7.predict)=100.00%
[ 2018-07-31 22:12:57,126][kfold_wrapper.log_eval_metrics] Accuracy(layer_3 - estimator_0 - 10_folds.train_8.predict)=100.00%
[ 2018-07-31 22:12:58,406][kfold_wrapper.log_eval_metrics] Accuracy(layer_3 - estimator_0 - 10_folds.train_9.predict)=100.00%
[ 2018-07-31 22:12:58,654][kfold_wrapper.log_eval_metrics] Accuracy(layer_3 - estimator_0 - 10_folds.train_cv.predict)=99.86%
[ 2018-07-31 22:12:58,656][kfold_wrapper.log_eval_metrics] Accuracy(layer_3 - estimator_0 - 10_folds.test.predict)=100.00%
[ 2018-07-31 22:12:59,571][kfold_wrapper.log_eval_metrics] Accuracy(layer_3 - estimator_1 - 10_folds.train_0.predict)=100.00%
[ 2018-07-31 22:13:00,829][kfold_wrapper.log_eval_metrics] Accuracy(layer_3 - estimator_1 - 10_folds.train_1.predict)=100.00%
[ 2018-07-31 22:13:01,939][kfold_wrapper.log_eval_metrics] Accuracy(layer_3 - estimator_1 - 10_folds.train_2.predict)=100.00%
[ 2018-07-31 22:13:03,152][kfold_wrapper.log_eval_metrics] Accuracy(layer_3 - estimator_1 - 10_folds.train_3.predict)=100.00%
[ 2018-07-31 22:13:04,405][kfold_wrapper.log_eval_metrics] Accuracy(layer_3 - estimator_1 - 10_folds.train_4.predict)=100.00%
[ 2018-07-31 22:13:05,867][kfold_wrapper.log_eval_metrics] Accuracy(layer_3 - estimator_1 - 10_folds.train_5.predict)=100.00%
[ 2018-07-31 22:13:07,116][kfold_wrapper.log_eval_metrics] Accuracy(layer_3 - estimator_1 - 10_folds.train_6.predict)=100.00%
[ 2018-07-31 22:13:08,226][kfold_wrapper.log_eval_metrics] Accuracy(layer_3 - estimator_1 - 10_folds.train_7.predict)=98.57%
[ 2018-07-31 22:13:09,684][kfold_wrapper.log_eval_metrics] Accuracy(layer_3 - estimator_1 - 10_folds.train_8.predict)=100.00%
[ 2018-07-31 22:13:10,952][kfold_wrapper.log_eval_metrics] Accuracy(layer_3 - estimator_1 - 10_folds.train_9.predict)=100.00%
[ 2018-07-31 22:13:11,207][kfold_wrapper.log_eval_metrics] Accuracy(layer_3 - estimator_1 - 10_folds.train_cv.predict)=99.86%
[ 2018-07-31 22:13:11,211][kfold_wrapper.log_eval_metrics] Accuracy(layer_3 - estimator_1 - 10_folds.test.predict)=100.00%
[ 2018-07-31 22:13:11,218][kfold_wrapper.log_eval_metrics] Accuracy(layer_3 - estimator_2 - 10_folds.train_0.predict)=100.00%
[ 2018-07-31 22:13:11,229][kfold_wrapper.log_eval_metrics] Accuracy(layer_3 - estimator_2 - 10_folds.train_1.predict)=98.59%
[ 2018-07-31 22:13:11,250][kfold_wrapper.log_eval_metrics] Accuracy(layer_3 - estimator_2 - 10_folds.train_2.predict)=100.00%
[ 2018-07-31 22:13:11,259][kfold_wrapper.log_eval_metrics] Accuracy(layer_3 - estimator_2 - 10_folds.train_3.predict)=100.00%
[ 2018-07-31 22:13:11,281][kfold_wrapper.log_eval_metrics] Accuracy(layer_3 - estimator_2 - 10_folds.train_4.predict)=100.00%
[ 2018-07-31 22:13:11,298][kfold_wrapper.log_eval_metrics] Accuracy(layer_3 - estimator_2 - 10_folds.train_5.predict)=100.00%
[ 2018-07-31 22:13:11,317][kfold_wrapper.log_eval_metrics] Accuracy(layer_3 - estimator_2 - 10_folds.train_6.predict)=98.59%
[ 2018-07-31 22:13:11,324][kfold_wrapper.log_eval_metrics] Accuracy(layer_3 - estimator_2 - 10_folds.train_7.predict)=98.59%
[ 2018-07-31 22:13:11,339][kfold_wrapper.log_eval_metrics] Accuracy(layer_3 - estimator_2 - 10_folds.train_8.predict)=100.00%
[ 2018-07-31 22:13:11,355][kfold_wrapper.log_eval_metrics] Accuracy(layer_3 - estimator_2 - 10_folds.train_9.predict)=98.59%
[ 2018-07-31 22:13:11,360][kfold_wrapper.log_eval_metrics] Accuracy(layer_3 - estimator_2 - 10_folds.train_cv.predict)=99.44%
[ 2018-07-31 22:13:11,367][kfold_wrapper.log_eval_metrics] Accuracy(layer_3 - estimator_2 - 10_folds.test.predict)=100.00%
[ 2018-07-31 22:13:11,369][cascade_classifier.calc_accuracy] Accuracy(layer_3 - train.classifier_average)=99.72%
[ 2018-07-31 22:13:11,372][cascade_classifier.calc_accuracy] Accuracy(layer_3 - test.classifier_average)=100.00%
[ 2018-07-31 22:13:11,373][cascade_classifier.fit_transform] [layer=4] look_indexs=[0], X_cur_train.shape=(709, 15), X_cur_test.shape=(304, 15)
[ 2018-07-31 22:13:12,482][kfold_wrapper.log_eval_metrics] Accuracy(layer_4 - estimator_0 - 10_folds.train_0.predict)=100.00%
[ 2018-07-31 22:13:13,582][kfold_wrapper.log_eval_metrics] Accuracy(layer_4 - estimator_0 - 10_folds.train_1.predict)=100.00%
[ 2018-07-31 22:13:14,901][kfold_wrapper.log_eval_metrics] Accuracy(layer_4 - estimator_0 - 10_folds.train_2.predict)=98.59%
[ 2018-07-31 22:13:16,227][kfold_wrapper.log_eval_metrics] Accuracy(layer_4 - estimator_0 - 10_folds.train_3.predict)=100.00%
[ 2018-07-31 22:13:17,379][kfold_wrapper.log_eval_metrics] Accuracy(layer_4 - estimator_0 - 10_folds.train_4.predict)=100.00%
[ 2018-07-31 22:13:18,584][kfold_wrapper.log_eval_metrics] Accuracy(layer_4 - estimator_0 - 10_folds.train_5.predict)=100.00%
[ 2018-07-31 22:13:19,862][kfold_wrapper.log_eval_metrics] Accuracy(layer_4 - estimator_0 - 10_folds.train_6.predict)=100.00%
[ 2018-07-31 22:13:21,518][kfold_wrapper.log_eval_metrics] Accuracy(layer_4 - estimator_0 - 10_folds.train_7.predict)=100.00%
[ 2018-07-31 22:13:23,144][kfold_wrapper.log_eval_metrics] Accuracy(layer_4 - estimator_0 - 10_folds.train_8.predict)=100.00%
[ 2018-07-31 22:13:24,745][kfold_wrapper.log_eval_metrics] Accuracy(layer_4 - estimator_0 - 10_folds.train_9.predict)=100.00%
[ 2018-07-31 22:13:25,085][kfold_wrapper.log_eval_metrics] Accuracy(layer_4 - estimator_0 - 10_folds.train_cv.predict)=99.86%
[ 2018-07-31 22:13:25,109][kfold_wrapper.log_eval_metrics] Accuracy(layer_4 - estimator_0 - 10_folds.test.predict)=100.00%
[ 2018-07-31 22:13:26,087][kfold_wrapper.log_eval_metrics] Accuracy(layer_4 - estimator_1 - 10_folds.train_0.predict)=100.00%
[ 2018-07-31 22:13:27,505][kfold_wrapper.log_eval_metrics] Accuracy(layer_4 - estimator_1 - 10_folds.train_1.predict)=100.00%
[ 2018-07-31 22:13:28,693][kfold_wrapper.log_eval_metrics] Accuracy(layer_4 - estimator_1 - 10_folds.train_2.predict)=100.00%
[ 2018-07-31 22:13:30,371][kfold_wrapper.log_eval_metrics] Accuracy(layer_4 - estimator_1 - 10_folds.train_3.predict)=100.00%
[ 2018-07-31 22:13:32,198][kfold_wrapper.log_eval_metrics] Accuracy(layer_4 - estimator_1 - 10_folds.train_4.predict)=100.00%
[ 2018-07-31 22:13:33,464][kfold_wrapper.log_eval_metrics] Accuracy(layer_4 - estimator_1 - 10_folds.train_5.predict)=100.00%
[ 2018-07-31 22:13:34,880][kfold_wrapper.log_eval_metrics] Accuracy(layer_4 - estimator_1 - 10_folds.train_6.predict)=100.00%
[ 2018-07-31 22:13:36,722][kfold_wrapper.log_eval_metrics] Accuracy(layer_4 - estimator_1 - 10_folds.train_7.predict)=98.59%
[ 2018-07-31 22:13:38,297][kfold_wrapper.log_eval_metrics] Accuracy(layer_4 - estimator_1 - 10_folds.train_8.predict)=100.00%
[ 2018-07-31 22:13:39,978][kfold_wrapper.log_eval_metrics] Accuracy(layer_4 - estimator_1 - 10_folds.train_9.predict)=100.00%
[ 2018-07-31 22:13:40,345][kfold_wrapper.log_eval_metrics] Accuracy(layer_4 - estimator_1 - 10_folds.train_cv.predict)=99.86%
[ 2018-07-31 22:13:40,347][kfold_wrapper.log_eval_metrics] Accuracy(layer_4 - estimator_1 - 10_folds.test.predict)=100.00%
[ 2018-07-31 22:13:40,359][kfold_wrapper.log_eval_metrics] Accuracy(layer_4 - estimator_2 - 10_folds.train_0.predict)=98.61%
[ 2018-07-31 22:13:40,369][kfold_wrapper.log_eval_metrics] Accuracy(layer_4 - estimator_2 - 10_folds.train_1.predict)=100.00%
[ 2018-07-31 22:13:40,405][kfold_wrapper.log_eval_metrics] Accuracy(layer_4 - estimator_2 - 10_folds.train_2.predict)=100.00%
[ 2018-07-31 22:13:40,417][kfold_wrapper.log_eval_metrics] Accuracy(layer_4 - estimator_2 - 10_folds.train_3.predict)=98.59%
[ 2018-07-31 22:13:40,427][kfold_wrapper.log_eval_metrics] Accuracy(layer_4 - estimator_2 - 10_folds.train_4.predict)=98.59%
[ 2018-07-31 22:13:40,451][kfold_wrapper.log_eval_metrics] Accuracy(layer_4 - estimator_2 - 10_folds.train_5.predict)=98.59%
[ 2018-07-31 22:13:40,461][kfold_wrapper.log_eval_metrics] Accuracy(layer_4 - estimator_2 - 10_folds.train_6.predict)=100.00%
[ 2018-07-31 22:13:40,477][kfold_wrapper.log_eval_metrics] Accuracy(layer_4 - estimator_2 - 10_folds.train_7.predict)=100.00%
[ 2018-07-31 22:13:40,485][kfold_wrapper.log_eval_metrics] Accuracy(layer_4 - estimator_2 - 10_folds.train_8.predict)=100.00%
[ 2018-07-31 22:13:40,493][kfold_wrapper.log_eval_metrics] Accuracy(layer_4 - estimator_2 - 10_folds.train_9.predict)=100.00%
[ 2018-07-31 22:13:40,495][kfold_wrapper.log_eval_metrics] Accuracy(layer_4 - estimator_2 - 10_folds.train_cv.predict)=99.44%
[ 2018-07-31 22:13:40,496][kfold_wrapper.log_eval_metrics] Accuracy(layer_4 - estimator_2 - 10_folds.test.predict)=100.00%
[ 2018-07-31 22:13:40,501][cascade_classifier.calc_accuracy] Accuracy(layer_4 - train.classifier_average)=99.72%
[ 2018-07-31 22:13:40,502][cascade_classifier.calc_accuracy] Accuracy(layer_4 - test.classifier_average)=100.00%
[ 2018-07-31 22:13:40,504][cascade_classifier.fit_transform] [Result][Optimal Level Detected] opt_layer_num=2, accuracy_train=99.72%, accuracy_test=100.00%
[ 2018-07-31 22:13:40,539][cascade_classifier.transform] X_groups_test.shape=[(304, 9)]
[ 2018-07-31 22:13:40,542][cascade_classifier.transform] group_dims=[9]
[ 2018-07-31 22:13:40,546][cascade_classifier.transform] X_test.shape=(304, 9)
[ 2018-07-31 22:13:40,550][cascade_classifier.transform] [layer=0] look_indexs=[0], X_cur_test.shape=(304, 9)
[ 2018-07-31 22:13:47,396][cascade_classifier.transform] [layer=1] look_indexs=[0], X_cur_test.shape=(304, 15)
