[ 2018-07-31 20:39:27,437][cascade_classifier.fit_transform] X_groups_train.shape=[(330994, 41)],y_train.shape=(330994,),X_groups_test.shape=[(163027, 41)],y_test.shape=(163027,)
[ 2018-07-31 20:39:27,505][cascade_classifier.fit_transform] group_dims=[41]
[ 2018-07-31 20:39:27,507][cascade_classifier.fit_transform] group_starts=[0]
[ 2018-07-31 20:39:27,508][cascade_classifier.fit_transform] group_ends=[41]
[ 2018-07-31 20:39:27,509][cascade_classifier.fit_transform] X_train.shape=(330994, 41),X_test.shape=(163027, 41)
[ 2018-07-31 20:39:27,583][cascade_classifier.fit_transform] [layer=0] look_indexs=[0], X_cur_train.shape=(330994, 41), X_cur_test.shape=(163027, 41)
[ 2018-07-31 20:39:35,469][kfold_wrapper.log_eval_metrics] Accuracy(layer_0 - estimator_0 - 10_folds.train_0.predict)=99.98%
[ 2018-07-31 20:39:42,738][kfold_wrapper.log_eval_metrics] Accuracy(layer_0 - estimator_0 - 10_folds.train_1.predict)=99.98%
[ 2018-07-31 20:39:49,829][kfold_wrapper.log_eval_metrics] Accuracy(layer_0 - estimator_0 - 10_folds.train_2.predict)=99.99%
[ 2018-07-31 20:39:57,192][kfold_wrapper.log_eval_metrics] Accuracy(layer_0 - estimator_0 - 10_folds.train_3.predict)=99.98%
[ 2018-07-31 20:40:04,975][kfold_wrapper.log_eval_metrics] Accuracy(layer_0 - estimator_0 - 10_folds.train_4.predict)=99.96%
[ 2018-07-31 20:40:12,297][kfold_wrapper.log_eval_metrics] Accuracy(layer_0 - estimator_0 - 10_folds.train_5.predict)=99.97%
[ 2018-07-31 20:40:19,285][kfold_wrapper.log_eval_metrics] Accuracy(layer_0 - estimator_0 - 10_folds.train_6.predict)=99.98%
[ 2018-07-31 20:40:26,937][kfold_wrapper.log_eval_metrics] Accuracy(layer_0 - estimator_0 - 10_folds.train_7.predict)=99.97%
[ 2018-07-31 20:40:34,253][kfold_wrapper.log_eval_metrics] Accuracy(layer_0 - estimator_0 - 10_folds.train_8.predict)=99.98%
[ 2018-07-31 20:40:43,127][kfold_wrapper.log_eval_metrics] Accuracy(layer_0 - estimator_0 - 10_folds.train_9.predict)=99.99%
[ 2018-07-31 20:40:43,848][kfold_wrapper.log_eval_metrics] Accuracy(layer_0 - estimator_0 - 10_folds.train_cv.predict)=99.98%
[ 2018-07-31 20:40:43,854][kfold_wrapper.log_eval_metrics] Accuracy(layer_0 - estimator_0 - 10_folds.test.predict)=99.98%
[ 2018-07-31 20:40:54,387][kfold_wrapper.log_eval_metrics] Accuracy(layer_0 - estimator_1 - 10_folds.train_0.predict)=99.98%
[ 2018-07-31 20:41:02,326][kfold_wrapper.log_eval_metrics] Accuracy(layer_0 - estimator_1 - 10_folds.train_1.predict)=99.97%
[ 2018-07-31 20:41:10,119][kfold_wrapper.log_eval_metrics] Accuracy(layer_0 - estimator_1 - 10_folds.train_2.predict)=99.97%
[ 2018-07-31 20:41:19,880][kfold_wrapper.log_eval_metrics] Accuracy(layer_0 - estimator_1 - 10_folds.train_3.predict)=99.98%
[ 2018-07-31 20:41:27,825][kfold_wrapper.log_eval_metrics] Accuracy(layer_0 - estimator_1 - 10_folds.train_4.predict)=99.97%
[ 2018-07-31 20:41:35,172][kfold_wrapper.log_eval_metrics] Accuracy(layer_0 - estimator_1 - 10_folds.train_5.predict)=99.97%
[ 2018-07-31 20:41:45,113][kfold_wrapper.log_eval_metrics] Accuracy(layer_0 - estimator_1 - 10_folds.train_6.predict)=99.97%
[ 2018-07-31 20:41:53,018][kfold_wrapper.log_eval_metrics] Accuracy(layer_0 - estimator_1 - 10_folds.train_7.predict)=99.98%
[ 2018-07-31 20:42:00,149][kfold_wrapper.log_eval_metrics] Accuracy(layer_0 - estimator_1 - 10_folds.train_8.predict)=99.98%
[ 2018-07-31 20:42:11,224][kfold_wrapper.log_eval_metrics] Accuracy(layer_0 - estimator_1 - 10_folds.train_9.predict)=99.99%
[ 2018-07-31 20:42:12,017][kfold_wrapper.log_eval_metrics] Accuracy(layer_0 - estimator_1 - 10_folds.train_cv.predict)=99.98%
[ 2018-07-31 20:42:12,024][kfold_wrapper.log_eval_metrics] Accuracy(layer_0 - estimator_1 - 10_folds.test.predict)=99.98%
[ 2018-07-31 20:42:19,581][kfold_wrapper.log_eval_metrics] Accuracy(layer_0 - estimator_2 - 10_folds.train_0.predict)=98.45%
[ 2018-07-31 20:42:36,137][kfold_wrapper.log_eval_metrics] Accuracy(layer_0 - estimator_2 - 10_folds.train_1.predict)=98.49%
[ 2018-07-31 20:42:56,713][kfold_wrapper.log_eval_metrics] Accuracy(layer_0 - estimator_2 - 10_folds.train_2.predict)=98.40%
[ 2018-07-31 20:43:13,769][kfold_wrapper.log_eval_metrics] Accuracy(layer_0 - estimator_2 - 10_folds.train_3.predict)=97.72%
[ 2018-07-31 20:43:41,845][kfold_wrapper.log_eval_metrics] Accuracy(layer_0 - estimator_2 - 10_folds.train_4.predict)=99.10%
[ 2018-07-31 20:43:51,419][kfold_wrapper.log_eval_metrics] Accuracy(layer_0 - estimator_2 - 10_folds.train_5.predict)=98.65%
[ 2018-07-31 20:44:10,498][kfold_wrapper.log_eval_metrics] Accuracy(layer_0 - estimator_2 - 10_folds.train_6.predict)=98.96%
[ 2018-07-31 20:44:23,390][kfold_wrapper.log_eval_metrics] Accuracy(layer_0 - estimator_2 - 10_folds.train_7.predict)=98.68%
[ 2018-07-31 20:44:42,057][kfold_wrapper.log_eval_metrics] Accuracy(layer_0 - estimator_2 - 10_folds.train_8.predict)=98.45%
[ 2018-07-31 20:44:51,155][kfold_wrapper.log_eval_metrics] Accuracy(layer_0 - estimator_2 - 10_folds.train_9.predict)=98.53%
[ 2018-07-31 20:44:51,193][kfold_wrapper.log_eval_metrics] Accuracy(layer_0 - estimator_2 - 10_folds.train_cv.predict)=98.54%
[ 2018-07-31 20:44:51,202][kfold_wrapper.log_eval_metrics] Accuracy(layer_0 - estimator_2 - 10_folds.test.predict)=98.67%
[ 2018-07-31 20:44:51,219][cascade_classifier.calc_accuracy] Accuracy(layer_0 - train.classifier_average)=99.97%
[ 2018-07-31 20:44:51,226][cascade_classifier.calc_accuracy] Accuracy(layer_0 - test.classifier_average)=99.97%
[ 2018-07-31 20:44:51,328][cascade_classifier.fit_transform] [layer=1] look_indexs=[0], X_cur_train.shape=(330994, 47), X_cur_test.shape=(163027, 47)
[ 2018-07-31 20:44:57,581][kfold_wrapper.log_eval_metrics] Accuracy(layer_1 - estimator_0 - 10_folds.train_0.predict)=99.98%
[ 2018-07-31 20:45:04,696][kfold_wrapper.log_eval_metrics] Accuracy(layer_1 - estimator_0 - 10_folds.train_1.predict)=99.97%
[ 2018-07-31 20:45:13,030][kfold_wrapper.log_eval_metrics] Accuracy(layer_1 - estimator_0 - 10_folds.train_2.predict)=99.99%
[ 2018-07-31 20:45:19,521][kfold_wrapper.log_eval_metrics] Accuracy(layer_1 - estimator_0 - 10_folds.train_3.predict)=99.98%
[ 2018-07-31 20:45:26,430][kfold_wrapper.log_eval_metrics] Accuracy(layer_1 - estimator_0 - 10_folds.train_4.predict)=99.99%
[ 2018-07-31 20:45:33,899][kfold_wrapper.log_eval_metrics] Accuracy(layer_1 - estimator_0 - 10_folds.train_5.predict)=99.98%
[ 2018-07-31 20:45:40,935][kfold_wrapper.log_eval_metrics] Accuracy(layer_1 - estimator_0 - 10_folds.train_6.predict)=99.97%
[ 2018-07-31 20:45:47,979][kfold_wrapper.log_eval_metrics] Accuracy(layer_1 - estimator_0 - 10_folds.train_7.predict)=99.99%
[ 2018-07-31 20:45:57,655][kfold_wrapper.log_eval_metrics] Accuracy(layer_1 - estimator_0 - 10_folds.train_8.predict)=99.99%
[ 2018-07-31 20:46:06,199][kfold_wrapper.log_eval_metrics] Accuracy(layer_1 - estimator_0 - 10_folds.train_9.predict)=99.98%
[ 2018-07-31 20:46:06,598][kfold_wrapper.log_eval_metrics] Accuracy(layer_1 - estimator_0 - 10_folds.train_cv.predict)=99.98%
[ 2018-07-31 20:46:06,606][kfold_wrapper.log_eval_metrics] Accuracy(layer_1 - estimator_0 - 10_folds.test.predict)=99.98%
[ 2018-07-31 20:46:13,205][kfold_wrapper.log_eval_metrics] Accuracy(layer_1 - estimator_1 - 10_folds.train_0.predict)=99.97%
[ 2018-07-31 20:46:19,861][kfold_wrapper.log_eval_metrics] Accuracy(layer_1 - estimator_1 - 10_folds.train_1.predict)=99.99%
[ 2018-07-31 20:46:29,097][kfold_wrapper.log_eval_metrics] Accuracy(layer_1 - estimator_1 - 10_folds.train_2.predict)=99.98%
[ 2018-07-31 20:46:36,160][kfold_wrapper.log_eval_metrics] Accuracy(layer_1 - estimator_1 - 10_folds.train_3.predict)=99.98%
[ 2018-07-31 20:46:42,363][kfold_wrapper.log_eval_metrics] Accuracy(layer_1 - estimator_1 - 10_folds.train_4.predict)=99.98%
[ 2018-07-31 20:46:49,932][kfold_wrapper.log_eval_metrics] Accuracy(layer_1 - estimator_1 - 10_folds.train_5.predict)=100.00%
[ 2018-07-31 20:46:57,985][kfold_wrapper.log_eval_metrics] Accuracy(layer_1 - estimator_1 - 10_folds.train_6.predict)=99.98%
[ 2018-07-31 20:47:04,528][kfold_wrapper.log_eval_metrics] Accuracy(layer_1 - estimator_1 - 10_folds.train_7.predict)=99.99%
[ 2018-07-31 20:47:11,199][kfold_wrapper.log_eval_metrics] Accuracy(layer_1 - estimator_1 - 10_folds.train_8.predict)=99.96%
[ 2018-07-31 20:47:19,643][kfold_wrapper.log_eval_metrics] Accuracy(layer_1 - estimator_1 - 10_folds.train_9.predict)=99.98%
[ 2018-07-31 20:47:20,502][kfold_wrapper.log_eval_metrics] Accuracy(layer_1 - estimator_1 - 10_folds.train_cv.predict)=99.98%
[ 2018-07-31 20:47:20,509][kfold_wrapper.log_eval_metrics] Accuracy(layer_1 - estimator_1 - 10_folds.test.predict)=99.98%
[ 2018-07-31 20:47:46,690][kfold_wrapper.log_eval_metrics] Accuracy(layer_1 - estimator_2 - 10_folds.train_0.predict)=99.97%
[ 2018-07-31 20:48:13,012][kfold_wrapper.log_eval_metrics] Accuracy(layer_1 - estimator_2 - 10_folds.train_1.predict)=99.36%
[ 2018-07-31 20:48:37,277][kfold_wrapper.log_eval_metrics] Accuracy(layer_1 - estimator_2 - 10_folds.train_2.predict)=99.26%
[ 2018-07-31 20:49:01,674][kfold_wrapper.log_eval_metrics] Accuracy(layer_1 - estimator_2 - 10_folds.train_3.predict)=98.98%
[ 2018-07-31 20:49:19,956][kfold_wrapper.log_eval_metrics] Accuracy(layer_1 - estimator_2 - 10_folds.train_4.predict)=98.92%
[ 2018-07-31 20:49:37,265][kfold_wrapper.log_eval_metrics] Accuracy(layer_1 - estimator_2 - 10_folds.train_5.predict)=98.27%
[ 2018-07-31 20:49:58,524][kfold_wrapper.log_eval_metrics] Accuracy(layer_1 - estimator_2 - 10_folds.train_6.predict)=98.60%
[ 2018-07-31 20:50:20,626][kfold_wrapper.log_eval_metrics] Accuracy(layer_1 - estimator_2 - 10_folds.train_7.predict)=99.78%
[ 2018-07-31 20:50:39,374][kfold_wrapper.log_eval_metrics] Accuracy(layer_1 - estimator_2 - 10_folds.train_8.predict)=98.69%
[ 2018-07-31 20:51:01,019][kfold_wrapper.log_eval_metrics] Accuracy(layer_1 - estimator_2 - 10_folds.train_9.predict)=99.31%
[ 2018-07-31 20:51:01,040][kfold_wrapper.log_eval_metrics] Accuracy(layer_1 - estimator_2 - 10_folds.train_cv.predict)=99.11%
[ 2018-07-31 20:51:01,043][kfold_wrapper.log_eval_metrics] Accuracy(layer_1 - estimator_2 - 10_folds.test.predict)=99.17%
[ 2018-07-31 20:51:01,055][cascade_classifier.calc_accuracy] Accuracy(layer_1 - train.classifier_average)=99.98%
[ 2018-07-31 20:51:01,058][cascade_classifier.calc_accuracy] Accuracy(layer_1 - test.classifier_average)=99.98%
[ 2018-07-31 20:51:01,154][cascade_classifier.fit_transform] [layer=2] look_indexs=[0], X_cur_train.shape=(330994, 47), X_cur_test.shape=(163027, 47)
[ 2018-07-31 20:51:07,588][kfold_wrapper.log_eval_metrics] Accuracy(layer_2 - estimator_0 - 10_folds.train_0.predict)=99.97%
[ 2018-07-31 20:51:14,336][kfold_wrapper.log_eval_metrics] Accuracy(layer_2 - estimator_0 - 10_folds.train_1.predict)=99.98%
[ 2018-07-31 20:51:21,506][kfold_wrapper.log_eval_metrics] Accuracy(layer_2 - estimator_0 - 10_folds.train_2.predict)=99.96%
[ 2018-07-31 20:51:27,400][kfold_wrapper.log_eval_metrics] Accuracy(layer_2 - estimator_0 - 10_folds.train_3.predict)=99.97%
[ 2018-07-31 20:51:33,083][kfold_wrapper.log_eval_metrics] Accuracy(layer_2 - estimator_0 - 10_folds.train_4.predict)=99.98%
[ 2018-07-31 20:51:38,852][kfold_wrapper.log_eval_metrics] Accuracy(layer_2 - estimator_0 - 10_folds.train_5.predict)=99.99%
[ 2018-07-31 20:51:45,805][kfold_wrapper.log_eval_metrics] Accuracy(layer_2 - estimator_0 - 10_folds.train_6.predict)=99.99%
[ 2018-07-31 20:51:51,453][kfold_wrapper.log_eval_metrics] Accuracy(layer_2 - estimator_0 - 10_folds.train_7.predict)=99.99%
[ 2018-07-31 20:51:56,989][kfold_wrapper.log_eval_metrics] Accuracy(layer_2 - estimator_0 - 10_folds.train_8.predict)=99.99%
[ 2018-07-31 20:52:02,828][kfold_wrapper.log_eval_metrics] Accuracy(layer_2 - estimator_0 - 10_folds.train_9.predict)=99.98%
[ 2018-07-31 20:52:03,437][kfold_wrapper.log_eval_metrics] Accuracy(layer_2 - estimator_0 - 10_folds.train_cv.predict)=99.98%
[ 2018-07-31 20:52:03,441][kfold_wrapper.log_eval_metrics] Accuracy(layer_2 - estimator_0 - 10_folds.test.predict)=99.98%
[ 2018-07-31 20:52:10,325][kfold_wrapper.log_eval_metrics] Accuracy(layer_2 - estimator_1 - 10_folds.train_0.predict)=99.99%
[ 2018-07-31 20:52:15,850][kfold_wrapper.log_eval_metrics] Accuracy(layer_2 - estimator_1 - 10_folds.train_1.predict)=99.98%
[ 2018-07-31 20:52:21,471][kfold_wrapper.log_eval_metrics] Accuracy(layer_2 - estimator_1 - 10_folds.train_2.predict)=99.99%
[ 2018-07-31 20:52:27,256][kfold_wrapper.log_eval_metrics] Accuracy(layer_2 - estimator_1 - 10_folds.train_3.predict)=99.98%
[ 2018-07-31 20:52:34,635][kfold_wrapper.log_eval_metrics] Accuracy(layer_2 - estimator_1 - 10_folds.train_4.predict)=99.98%
[ 2018-07-31 20:52:40,178][kfold_wrapper.log_eval_metrics] Accuracy(layer_2 - estimator_1 - 10_folds.train_5.predict)=99.98%
[ 2018-07-31 20:52:45,712][kfold_wrapper.log_eval_metrics] Accuracy(layer_2 - estimator_1 - 10_folds.train_6.predict)=99.98%
[ 2018-07-31 20:52:51,247][kfold_wrapper.log_eval_metrics] Accuracy(layer_2 - estimator_1 - 10_folds.train_7.predict)=99.97%
[ 2018-07-31 20:52:59,197][kfold_wrapper.log_eval_metrics] Accuracy(layer_2 - estimator_1 - 10_folds.train_8.predict)=99.97%
[ 2018-07-31 20:53:06,098][kfold_wrapper.log_eval_metrics] Accuracy(layer_2 - estimator_1 - 10_folds.train_9.predict)=99.97%
[ 2018-07-31 20:53:06,492][kfold_wrapper.log_eval_metrics] Accuracy(layer_2 - estimator_1 - 10_folds.train_cv.predict)=99.98%
[ 2018-07-31 20:53:06,495][kfold_wrapper.log_eval_metrics] Accuracy(layer_2 - estimator_1 - 10_folds.test.predict)=99.98%
[ 2018-07-31 20:53:30,644][kfold_wrapper.log_eval_metrics] Accuracy(layer_2 - estimator_2 - 10_folds.train_0.predict)=99.31%
[ 2018-07-31 20:53:54,208][kfold_wrapper.log_eval_metrics] Accuracy(layer_2 - estimator_2 - 10_folds.train_1.predict)=99.73%
[ 2018-07-31 20:54:13,145][kfold_wrapper.log_eval_metrics] Accuracy(layer_2 - estimator_2 - 10_folds.train_2.predict)=98.97%
[ 2018-07-31 20:54:35,044][kfold_wrapper.log_eval_metrics] Accuracy(layer_2 - estimator_2 - 10_folds.train_3.predict)=99.37%
[ 2018-07-31 20:54:53,495][kfold_wrapper.log_eval_metrics] Accuracy(layer_2 - estimator_2 - 10_folds.train_4.predict)=97.54%
[ 2018-07-31 20:55:15,079][kfold_wrapper.log_eval_metrics] Accuracy(layer_2 - estimator_2 - 10_folds.train_5.predict)=99.18%
[ 2018-07-31 20:55:36,793][kfold_wrapper.log_eval_metrics] Accuracy(layer_2 - estimator_2 - 10_folds.train_6.predict)=99.14%
[ 2018-07-31 20:55:56,557][kfold_wrapper.log_eval_metrics] Accuracy(layer_2 - estimator_2 - 10_folds.train_7.predict)=98.36%
[ 2018-07-31 20:56:12,548][kfold_wrapper.log_eval_metrics] Accuracy(layer_2 - estimator_2 - 10_folds.train_8.predict)=98.64%
[ 2018-07-31 20:56:29,664][kfold_wrapper.log_eval_metrics] Accuracy(layer_2 - estimator_2 - 10_folds.train_9.predict)=99.11%
[ 2018-07-31 20:56:29,684][kfold_wrapper.log_eval_metrics] Accuracy(layer_2 - estimator_2 - 10_folds.train_cv.predict)=98.94%
[ 2018-07-31 20:56:29,688][kfold_wrapper.log_eval_metrics] Accuracy(layer_2 - estimator_2 - 10_folds.test.predict)=99.08%
[ 2018-07-31 20:56:29,701][cascade_classifier.calc_accuracy] Accuracy(layer_2 - train.classifier_average)=99.98%
[ 2018-07-31 20:56:29,704][cascade_classifier.calc_accuracy] Accuracy(layer_2 - test.classifier_average)=99.98%
[ 2018-07-31 20:56:29,800][cascade_classifier.fit_transform] [layer=3] look_indexs=[0], X_cur_train.shape=(330994, 47), X_cur_test.shape=(163027, 47)
[ 2018-07-31 20:56:35,023][kfold_wrapper.log_eval_metrics] Accuracy(layer_3 - estimator_0 - 10_folds.train_0.predict)=99.97%
[ 2018-07-31 20:56:40,299][kfold_wrapper.log_eval_metrics] Accuracy(layer_3 - estimator_0 - 10_folds.train_1.predict)=99.98%
[ 2018-07-31 20:56:46,174][kfold_wrapper.log_eval_metrics] Accuracy(layer_3 - estimator_0 - 10_folds.train_2.predict)=99.97%
[ 2018-07-31 20:56:52,890][kfold_wrapper.log_eval_metrics] Accuracy(layer_3 - estimator_0 - 10_folds.train_3.predict)=99.97%
[ 2018-07-31 20:56:58,565][kfold_wrapper.log_eval_metrics] Accuracy(layer_3 - estimator_0 - 10_folds.train_4.predict)=99.98%
[ 2018-07-31 20:57:04,449][kfold_wrapper.log_eval_metrics] Accuracy(layer_3 - estimator_0 - 10_folds.train_5.predict)=99.98%
[ 2018-07-31 20:57:12,594][kfold_wrapper.log_eval_metrics] Accuracy(layer_3 - estimator_0 - 10_folds.train_6.predict)=99.98%
[ 2018-07-31 20:57:19,079][kfold_wrapper.log_eval_metrics] Accuracy(layer_3 - estimator_0 - 10_folds.train_7.predict)=99.98%
[ 2018-07-31 20:57:24,525][kfold_wrapper.log_eval_metrics] Accuracy(layer_3 - estimator_0 - 10_folds.train_8.predict)=99.98%
[ 2018-07-31 20:57:30,445][kfold_wrapper.log_eval_metrics] Accuracy(layer_3 - estimator_0 - 10_folds.train_9.predict)=99.98%
[ 2018-07-31 20:57:30,816][kfold_wrapper.log_eval_metrics] Accuracy(layer_3 - estimator_0 - 10_folds.train_cv.predict)=99.98%
[ 2018-07-31 20:57:30,819][kfold_wrapper.log_eval_metrics] Accuracy(layer_3 - estimator_0 - 10_folds.test.predict)=99.98%
[ 2018-07-31 20:57:37,399][kfold_wrapper.log_eval_metrics] Accuracy(layer_3 - estimator_1 - 10_folds.train_0.predict)=99.98%
[ 2018-07-31 20:57:43,925][kfold_wrapper.log_eval_metrics] Accuracy(layer_3 - estimator_1 - 10_folds.train_1.predict)=99.98%
[ 2018-07-31 20:57:49,463][kfold_wrapper.log_eval_metrics] Accuracy(layer_3 - estimator_1 - 10_folds.train_2.predict)=99.97%
[ 2018-07-31 20:57:55,096][kfold_wrapper.log_eval_metrics] Accuracy(layer_3 - estimator_1 - 10_folds.train_3.predict)=99.99%
[ 2018-07-31 20:58:02,220][kfold_wrapper.log_eval_metrics] Accuracy(layer_3 - estimator_1 - 10_folds.train_4.predict)=99.98%
[ 2018-07-31 20:58:09,070][kfold_wrapper.log_eval_metrics] Accuracy(layer_3 - estimator_1 - 10_folds.train_5.predict)=99.99%
[ 2018-07-31 20:58:16,116][kfold_wrapper.log_eval_metrics] Accuracy(layer_3 - estimator_1 - 10_folds.train_6.predict)=99.99%
[ 2018-07-31 20:58:22,755][kfold_wrapper.log_eval_metrics] Accuracy(layer_3 - estimator_1 - 10_folds.train_7.predict)=99.97%
[ 2018-07-31 20:58:31,190][kfold_wrapper.log_eval_metrics] Accuracy(layer_3 - estimator_1 - 10_folds.train_8.predict)=99.99%
[ 2018-07-31 20:58:37,443][kfold_wrapper.log_eval_metrics] Accuracy(layer_3 - estimator_1 - 10_folds.train_9.predict)=99.96%
[ 2018-07-31 20:58:37,833][kfold_wrapper.log_eval_metrics] Accuracy(layer_3 - estimator_1 - 10_folds.train_cv.predict)=99.98%
[ 2018-07-31 20:58:37,836][kfold_wrapper.log_eval_metrics] Accuracy(layer_3 - estimator_1 - 10_folds.test.predict)=99.98%
[ 2018-07-31 20:58:54,692][kfold_wrapper.log_eval_metrics] Accuracy(layer_3 - estimator_2 - 10_folds.train_0.predict)=99.13%
[ 2018-07-31 20:59:15,238][kfold_wrapper.log_eval_metrics] Accuracy(layer_3 - estimator_2 - 10_folds.train_1.predict)=97.90%
[ 2018-07-31 20:59:37,247][kfold_wrapper.log_eval_metrics] Accuracy(layer_3 - estimator_2 - 10_folds.train_2.predict)=99.75%
[ 2018-07-31 20:59:56,810][kfold_wrapper.log_eval_metrics] Accuracy(layer_3 - estimator_2 - 10_folds.train_3.predict)=98.93%
[ 2018-07-31 21:00:19,913][kfold_wrapper.log_eval_metrics] Accuracy(layer_3 - estimator_2 - 10_folds.train_4.predict)=98.96%
[ 2018-07-31 21:00:38,632][kfold_wrapper.log_eval_metrics] Accuracy(layer_3 - estimator_2 - 10_folds.train_5.predict)=98.85%
[ 2018-07-31 21:01:01,172][kfold_wrapper.log_eval_metrics] Accuracy(layer_3 - estimator_2 - 10_folds.train_6.predict)=97.93%
[ 2018-07-31 21:01:19,243][kfold_wrapper.log_eval_metrics] Accuracy(layer_3 - estimator_2 - 10_folds.train_7.predict)=98.51%
[ 2018-07-31 21:01:42,628][kfold_wrapper.log_eval_metrics] Accuracy(layer_3 - estimator_2 - 10_folds.train_8.predict)=99.28%
[ 2018-07-31 21:02:02,724][kfold_wrapper.log_eval_metrics] Accuracy(layer_3 - estimator_2 - 10_folds.train_9.predict)=98.76%
[ 2018-07-31 21:02:02,746][kfold_wrapper.log_eval_metrics] Accuracy(layer_3 - estimator_2 - 10_folds.train_cv.predict)=98.80%
[ 2018-07-31 21:02:02,750][kfold_wrapper.log_eval_metrics] Accuracy(layer_3 - estimator_2 - 10_folds.test.predict)=99.00%
[ 2018-07-31 21:02:02,762][cascade_classifier.calc_accuracy] Accuracy(layer_3 - train.classifier_average)=99.98%
[ 2018-07-31 21:02:02,765][cascade_classifier.calc_accuracy] Accuracy(layer_3 - test.classifier_average)=99.98%
[ 2018-07-31 21:02:02,863][cascade_classifier.fit_transform] [layer=4] look_indexs=[0], X_cur_train.shape=(330994, 47), X_cur_test.shape=(163027, 47)
[ 2018-07-31 21:02:09,104][kfold_wrapper.log_eval_metrics] Accuracy(layer_4 - estimator_0 - 10_folds.train_0.predict)=99.98%
[ 2018-07-31 21:02:15,464][kfold_wrapper.log_eval_metrics] Accuracy(layer_4 - estimator_0 - 10_folds.train_1.predict)=99.98%
[ 2018-07-31 21:02:21,043][kfold_wrapper.log_eval_metrics] Accuracy(layer_4 - estimator_0 - 10_folds.train_2.predict)=99.99%
[ 2018-07-31 21:02:26,635][kfold_wrapper.log_eval_metrics] Accuracy(layer_4 - estimator_0 - 10_folds.train_3.predict)=99.98%
[ 2018-07-31 21:02:33,305][kfold_wrapper.log_eval_metrics] Accuracy(layer_4 - estimator_0 - 10_folds.train_4.predict)=99.98%
[ 2018-07-31 21:02:39,103][kfold_wrapper.log_eval_metrics] Accuracy(layer_4 - estimator_0 - 10_folds.train_5.predict)=99.97%
[ 2018-07-31 21:02:44,662][kfold_wrapper.log_eval_metrics] Accuracy(layer_4 - estimator_0 - 10_folds.train_6.predict)=99.98%
[ 2018-07-31 21:02:50,104][kfold_wrapper.log_eval_metrics] Accuracy(layer_4 - estimator_0 - 10_folds.train_7.predict)=99.98%
[ 2018-07-31 21:02:56,777][kfold_wrapper.log_eval_metrics] Accuracy(layer_4 - estimator_0 - 10_folds.train_8.predict)=99.97%
[ 2018-07-31 21:03:02,817][kfold_wrapper.log_eval_metrics] Accuracy(layer_4 - estimator_0 - 10_folds.train_9.predict)=99.98%
[ 2018-07-31 21:03:03,405][kfold_wrapper.log_eval_metrics] Accuracy(layer_4 - estimator_0 - 10_folds.train_cv.predict)=99.98%
[ 2018-07-31 21:03:03,408][kfold_wrapper.log_eval_metrics] Accuracy(layer_4 - estimator_0 - 10_folds.test.predict)=99.98%
[ 2018-07-31 21:03:11,218][kfold_wrapper.log_eval_metrics] Accuracy(layer_4 - estimator_1 - 10_folds.train_0.predict)=99.99%
[ 2018-07-31 21:03:19,787][kfold_wrapper.log_eval_metrics] Accuracy(layer_4 - estimator_1 - 10_folds.train_1.predict)=99.98%
[ 2018-07-31 21:03:27,345][kfold_wrapper.log_eval_metrics] Accuracy(layer_4 - estimator_1 - 10_folds.train_2.predict)=99.97%
[ 2018-07-31 21:03:34,217][kfold_wrapper.log_eval_metrics] Accuracy(layer_4 - estimator_1 - 10_folds.train_3.predict)=99.98%
[ 2018-07-31 21:03:40,597][kfold_wrapper.log_eval_metrics] Accuracy(layer_4 - estimator_1 - 10_folds.train_4.predict)=99.98%
[ 2018-07-31 21:03:46,517][kfold_wrapper.log_eval_metrics] Accuracy(layer_4 - estimator_1 - 10_folds.train_5.predict)=99.97%
[ 2018-07-31 21:03:51,972][kfold_wrapper.log_eval_metrics] Accuracy(layer_4 - estimator_1 - 10_folds.train_6.predict)=99.97%
[ 2018-07-31 21:03:57,893][kfold_wrapper.log_eval_metrics] Accuracy(layer_4 - estimator_1 - 10_folds.train_7.predict)=99.98%
[ 2018-07-31 21:04:04,069][kfold_wrapper.log_eval_metrics] Accuracy(layer_4 - estimator_1 - 10_folds.train_8.predict)=99.98%
[ 2018-07-31 21:04:09,790][kfold_wrapper.log_eval_metrics] Accuracy(layer_4 - estimator_1 - 10_folds.train_9.predict)=99.98%
[ 2018-07-31 21:04:10,174][kfold_wrapper.log_eval_metrics] Accuracy(layer_4 - estimator_1 - 10_folds.train_cv.predict)=99.98%
[ 2018-07-31 21:04:10,177][kfold_wrapper.log_eval_metrics] Accuracy(layer_4 - estimator_1 - 10_folds.test.predict)=99.98%
[ 2018-07-31 21:04:25,523][kfold_wrapper.log_eval_metrics] Accuracy(layer_4 - estimator_2 - 10_folds.train_0.predict)=98.95%
[ 2018-07-31 21:04:42,687][kfold_wrapper.log_eval_metrics] Accuracy(layer_4 - estimator_2 - 10_folds.train_1.predict)=99.21%
[ 2018-07-31 21:05:01,997][kfold_wrapper.log_eval_metrics] Accuracy(layer_4 - estimator_2 - 10_folds.train_2.predict)=98.99%
[ 2018-07-31 21:05:28,363][kfold_wrapper.log_eval_metrics] Accuracy(layer_4 - estimator_2 - 10_folds.train_3.predict)=99.21%
[ 2018-07-31 21:05:53,832][kfold_wrapper.log_eval_metrics] Accuracy(layer_4 - estimator_2 - 10_folds.train_4.predict)=99.13%
[ 2018-07-31 21:06:16,068][kfold_wrapper.log_eval_metrics] Accuracy(layer_4 - estimator_2 - 10_folds.train_5.predict)=98.49%
[ 2018-07-31 21:06:33,772][kfold_wrapper.log_eval_metrics] Accuracy(layer_4 - estimator_2 - 10_folds.train_6.predict)=97.68%
[ 2018-07-31 21:06:54,886][kfold_wrapper.log_eval_metrics] Accuracy(layer_4 - estimator_2 - 10_folds.train_7.predict)=98.90%
[ 2018-07-31 21:07:16,898][kfold_wrapper.log_eval_metrics] Accuracy(layer_4 - estimator_2 - 10_folds.train_8.predict)=99.35%
[ 2018-07-31 21:07:35,718][kfold_wrapper.log_eval_metrics] Accuracy(layer_4 - estimator_2 - 10_folds.train_9.predict)=98.02%
[ 2018-07-31 21:07:35,738][kfold_wrapper.log_eval_metrics] Accuracy(layer_4 - estimator_2 - 10_folds.train_cv.predict)=98.79%
[ 2018-07-31 21:07:35,742][kfold_wrapper.log_eval_metrics] Accuracy(layer_4 - estimator_2 - 10_folds.test.predict)=99.03%
[ 2018-07-31 21:07:35,754][cascade_classifier.calc_accuracy] Accuracy(layer_4 - train.classifier_average)=99.98%
[ 2018-07-31 21:07:35,757][cascade_classifier.calc_accuracy] Accuracy(layer_4 - test.classifier_average)=99.98%
[ 2018-07-31 21:07:35,853][cascade_classifier.fit_transform] [layer=5] look_indexs=[0], X_cur_train.shape=(330994, 47), X_cur_test.shape=(163027, 47)
[ 2018-07-31 21:07:41,251][kfold_wrapper.log_eval_metrics] Accuracy(layer_5 - estimator_0 - 10_folds.train_0.predict)=99.98%
[ 2018-07-31 21:07:47,485][kfold_wrapper.log_eval_metrics] Accuracy(layer_5 - estimator_0 - 10_folds.train_1.predict)=99.98%
[ 2018-07-31 21:07:54,268][kfold_wrapper.log_eval_metrics] Accuracy(layer_5 - estimator_0 - 10_folds.train_2.predict)=99.99%
[ 2018-07-31 21:07:59,700][kfold_wrapper.log_eval_metrics] Accuracy(layer_5 - estimator_0 - 10_folds.train_3.predict)=99.98%
[ 2018-07-31 21:08:05,481][kfold_wrapper.log_eval_metrics] Accuracy(layer_5 - estimator_0 - 10_folds.train_4.predict)=99.98%
[ 2018-07-31 21:08:12,031][kfold_wrapper.log_eval_metrics] Accuracy(layer_5 - estimator_0 - 10_folds.train_5.predict)=99.98%
[ 2018-07-31 21:08:20,707][kfold_wrapper.log_eval_metrics] Accuracy(layer_5 - estimator_0 - 10_folds.train_6.predict)=99.99%
[ 2018-07-31 21:08:27,086][kfold_wrapper.log_eval_metrics] Accuracy(layer_5 - estimator_0 - 10_folds.train_7.predict)=99.98%
[ 2018-07-31 21:08:33,879][kfold_wrapper.log_eval_metrics] Accuracy(layer_5 - estimator_0 - 10_folds.train_8.predict)=99.98%
[ 2018-07-31 21:08:39,946][kfold_wrapper.log_eval_metrics] Accuracy(layer_5 - estimator_0 - 10_folds.train_9.predict)=99.97%
[ 2018-07-31 21:08:40,360][kfold_wrapper.log_eval_metrics] Accuracy(layer_5 - estimator_0 - 10_folds.train_cv.predict)=99.98%
[ 2018-07-31 21:08:40,362][kfold_wrapper.log_eval_metrics] Accuracy(layer_5 - estimator_0 - 10_folds.test.predict)=99.98%
[ 2018-07-31 21:08:45,967][kfold_wrapper.log_eval_metrics] Accuracy(layer_5 - estimator_1 - 10_folds.train_0.predict)=99.98%
[ 2018-07-31 21:08:51,813][kfold_wrapper.log_eval_metrics] Accuracy(layer_5 - estimator_1 - 10_folds.train_1.predict)=99.98%
[ 2018-07-31 21:08:57,459][kfold_wrapper.log_eval_metrics] Accuracy(layer_5 - estimator_1 - 10_folds.train_2.predict)=99.97%
[ 2018-07-31 21:09:03,390][kfold_wrapper.log_eval_metrics] Accuracy(layer_5 - estimator_1 - 10_folds.train_3.predict)=99.98%
[ 2018-07-31 21:09:10,727][kfold_wrapper.log_eval_metrics] Accuracy(layer_5 - estimator_1 - 10_folds.train_4.predict)=99.98%
[ 2018-07-31 21:09:16,464][kfold_wrapper.log_eval_metrics] Accuracy(layer_5 - estimator_1 - 10_folds.train_5.predict)=99.98%
[ 2018-07-31 21:09:22,508][kfold_wrapper.log_eval_metrics] Accuracy(layer_5 - estimator_1 - 10_folds.train_6.predict)=99.99%
[ 2018-07-31 21:09:28,540][kfold_wrapper.log_eval_metrics] Accuracy(layer_5 - estimator_1 - 10_folds.train_7.predict)=99.97%
[ 2018-07-31 21:09:34,556][kfold_wrapper.log_eval_metrics] Accuracy(layer_5 - estimator_1 - 10_folds.train_8.predict)=99.97%
[ 2018-07-31 21:09:40,602][kfold_wrapper.log_eval_metrics] Accuracy(layer_5 - estimator_1 - 10_folds.train_9.predict)=99.98%
[ 2018-07-31 21:09:40,976][kfold_wrapper.log_eval_metrics] Accuracy(layer_5 - estimator_1 - 10_folds.train_cv.predict)=99.98%
[ 2018-07-31 21:09:40,979][kfold_wrapper.log_eval_metrics] Accuracy(layer_5 - estimator_1 - 10_folds.test.predict)=99.98%
[ 2018-07-31 21:10:01,558][kfold_wrapper.log_eval_metrics] Accuracy(layer_5 - estimator_2 - 10_folds.train_0.predict)=98.73%
[ 2018-07-31 21:10:17,674][kfold_wrapper.log_eval_metrics] Accuracy(layer_5 - estimator_2 - 10_folds.train_1.predict)=98.83%
[ 2018-07-31 21:10:36,550][kfold_wrapper.log_eval_metrics] Accuracy(layer_5 - estimator_2 - 10_folds.train_2.predict)=98.56%
[ 2018-07-31 21:10:53,972][kfold_wrapper.log_eval_metrics] Accuracy(layer_5 - estimator_2 - 10_folds.train_3.predict)=99.03%
[ 2018-07-31 21:11:17,398][kfold_wrapper.log_eval_metrics] Accuracy(layer_5 - estimator_2 - 10_folds.train_4.predict)=99.13%
[ 2018-07-31 21:11:38,811][kfold_wrapper.log_eval_metrics] Accuracy(layer_5 - estimator_2 - 10_folds.train_5.predict)=99.28%
[ 2018-07-31 21:11:59,700][kfold_wrapper.log_eval_metrics] Accuracy(layer_5 - estimator_2 - 10_folds.train_6.predict)=98.45%
[ 2018-07-31 21:12:21,088][kfold_wrapper.log_eval_metrics] Accuracy(layer_5 - estimator_2 - 10_folds.train_7.predict)=98.92%
[ 2018-07-31 21:12:41,345][kfold_wrapper.log_eval_metrics] Accuracy(layer_5 - estimator_2 - 10_folds.train_8.predict)=99.04%
[ 2018-07-31 21:13:00,784][kfold_wrapper.log_eval_metrics] Accuracy(layer_5 - estimator_2 - 10_folds.train_9.predict)=98.43%
[ 2018-07-31 21:13:00,805][kfold_wrapper.log_eval_metrics] Accuracy(layer_5 - estimator_2 - 10_folds.train_cv.predict)=98.84%
[ 2018-07-31 21:13:00,810][kfold_wrapper.log_eval_metrics] Accuracy(layer_5 - estimator_2 - 10_folds.test.predict)=98.93%
[ 2018-07-31 21:13:00,822][cascade_classifier.calc_accuracy] Accuracy(layer_5 - train.classifier_average)=99.98%
[ 2018-07-31 21:13:00,825][cascade_classifier.calc_accuracy] Accuracy(layer_5 - test.classifier_average)=99.98%
[ 2018-07-31 21:13:00,921][cascade_classifier.fit_transform] [layer=6] look_indexs=[0], X_cur_train.shape=(330994, 47), X_cur_test.shape=(163027, 47)
[ 2018-07-31 21:13:06,463][kfold_wrapper.log_eval_metrics] Accuracy(layer_6 - estimator_0 - 10_folds.train_0.predict)=99.97%
[ 2018-07-31 21:13:12,323][kfold_wrapper.log_eval_metrics] Accuracy(layer_6 - estimator_0 - 10_folds.train_1.predict)=99.99%
[ 2018-07-31 21:13:18,146][kfold_wrapper.log_eval_metrics] Accuracy(layer_6 - estimator_0 - 10_folds.train_2.predict)=99.98%
[ 2018-07-31 21:13:23,822][kfold_wrapper.log_eval_metrics] Accuracy(layer_6 - estimator_0 - 10_folds.train_3.predict)=99.98%
[ 2018-07-31 21:13:29,333][kfold_wrapper.log_eval_metrics] Accuracy(layer_6 - estimator_0 - 10_folds.train_4.predict)=99.97%
[ 2018-07-31 21:13:35,468][kfold_wrapper.log_eval_metrics] Accuracy(layer_6 - estimator_0 - 10_folds.train_5.predict)=99.97%
[ 2018-07-31 21:13:41,064][kfold_wrapper.log_eval_metrics] Accuracy(layer_6 - estimator_0 - 10_folds.train_6.predict)=99.97%
[ 2018-07-31 21:13:46,959][kfold_wrapper.log_eval_metrics] Accuracy(layer_6 - estimator_0 - 10_folds.train_7.predict)=99.98%
[ 2018-07-31 21:13:52,560][kfold_wrapper.log_eval_metrics] Accuracy(layer_6 - estimator_0 - 10_folds.train_8.predict)=99.98%
[ 2018-07-31 21:13:58,306][kfold_wrapper.log_eval_metrics] Accuracy(layer_6 - estimator_0 - 10_folds.train_9.predict)=99.98%
[ 2018-07-31 21:13:58,679][kfold_wrapper.log_eval_metrics] Accuracy(layer_6 - estimator_0 - 10_folds.train_cv.predict)=99.98%
[ 2018-07-31 21:13:58,682][kfold_wrapper.log_eval_metrics] Accuracy(layer_6 - estimator_0 - 10_folds.test.predict)=99.98%
[ 2018-07-31 21:14:04,491][kfold_wrapper.log_eval_metrics] Accuracy(layer_6 - estimator_1 - 10_folds.train_0.predict)=99.98%
[ 2018-07-31 21:14:10,339][kfold_wrapper.log_eval_metrics] Accuracy(layer_6 - estimator_1 - 10_folds.train_1.predict)=99.99%
[ 2018-07-31 21:14:15,989][kfold_wrapper.log_eval_metrics] Accuracy(layer_6 - estimator_1 - 10_folds.train_2.predict)=99.97%
[ 2018-07-31 21:14:21,738][kfold_wrapper.log_eval_metrics] Accuracy(layer_6 - estimator_1 - 10_folds.train_3.predict)=99.98%
[ 2018-07-31 21:14:27,475][kfold_wrapper.log_eval_metrics] Accuracy(layer_6 - estimator_1 - 10_folds.train_4.predict)=99.98%
[ 2018-07-31 21:14:33,611][kfold_wrapper.log_eval_metrics] Accuracy(layer_6 - estimator_1 - 10_folds.train_5.predict)=99.97%
[ 2018-07-31 21:14:39,966][kfold_wrapper.log_eval_metrics] Accuracy(layer_6 - estimator_1 - 10_folds.train_6.predict)=99.98%
[ 2018-07-31 21:14:45,700][kfold_wrapper.log_eval_metrics] Accuracy(layer_6 - estimator_1 - 10_folds.train_7.predict)=99.96%
[ 2018-07-31 21:14:51,543][kfold_wrapper.log_eval_metrics] Accuracy(layer_6 - estimator_1 - 10_folds.train_8.predict)=99.97%
[ 2018-07-31 21:14:57,401][kfold_wrapper.log_eval_metrics] Accuracy(layer_6 - estimator_1 - 10_folds.train_9.predict)=99.98%
[ 2018-07-31 21:14:57,795][kfold_wrapper.log_eval_metrics] Accuracy(layer_6 - estimator_1 - 10_folds.train_cv.predict)=99.98%
[ 2018-07-31 21:14:57,798][kfold_wrapper.log_eval_metrics] Accuracy(layer_6 - estimator_1 - 10_folds.test.predict)=99.98%
[ 2018-07-31 21:15:18,155][kfold_wrapper.log_eval_metrics] Accuracy(layer_6 - estimator_2 - 10_folds.train_0.predict)=98.96%
[ 2018-07-31 21:15:40,797][kfold_wrapper.log_eval_metrics] Accuracy(layer_6 - estimator_2 - 10_folds.train_1.predict)=98.92%
[ 2018-07-31 21:16:01,579][kfold_wrapper.log_eval_metrics] Accuracy(layer_6 - estimator_2 - 10_folds.train_2.predict)=99.12%
[ 2018-07-31 21:16:31,724][kfold_wrapper.log_eval_metrics] Accuracy(layer_6 - estimator_2 - 10_folds.train_3.predict)=99.97%
[ 2018-07-31 21:16:50,171][kfold_wrapper.log_eval_metrics] Accuracy(layer_6 - estimator_2 - 10_folds.train_4.predict)=98.86%
[ 2018-07-31 21:17:09,950][kfold_wrapper.log_eval_metrics] Accuracy(layer_6 - estimator_2 - 10_folds.train_5.predict)=97.78%
[ 2018-07-31 21:17:24,514][kfold_wrapper.log_eval_metrics] Accuracy(layer_6 - estimator_2 - 10_folds.train_6.predict)=98.72%
[ 2018-07-31 21:17:46,521][kfold_wrapper.log_eval_metrics] Accuracy(layer_6 - estimator_2 - 10_folds.train_7.predict)=98.93%
[ 2018-07-31 21:18:07,990][kfold_wrapper.log_eval_metrics] Accuracy(layer_6 - estimator_2 - 10_folds.train_8.predict)=98.96%
[ 2018-07-31 21:18:25,363][kfold_wrapper.log_eval_metrics] Accuracy(layer_6 - estimator_2 - 10_folds.train_9.predict)=98.48%
[ 2018-07-31 21:18:25,384][kfold_wrapper.log_eval_metrics] Accuracy(layer_6 - estimator_2 - 10_folds.train_cv.predict)=98.87%
[ 2018-07-31 21:18:25,387][kfold_wrapper.log_eval_metrics] Accuracy(layer_6 - estimator_2 - 10_folds.test.predict)=99.00%
[ 2018-07-31 21:18:25,399][cascade_classifier.calc_accuracy] Accuracy(layer_6 - train.classifier_average)=99.98%
[ 2018-07-31 21:18:25,402][cascade_classifier.calc_accuracy] Accuracy(layer_6 - test.classifier_average)=99.98%
[ 2018-07-31 21:18:25,403][cascade_classifier.fit_transform] [Result][Optimal Level Detected] opt_layer_num=4, accuracy_train=99.98%, accuracy_test=99.98%
[ 2018-07-31 21:18:25,422][cascade_classifier.transform] X_groups_test.shape=[(163027, 41)]
[ 2018-07-31 21:18:25,430][cascade_classifier.transform] group_dims=[41]
[ 2018-07-31 21:18:25,431][cascade_classifier.transform] X_test.shape=(163027, 41)
[ 2018-07-31 21:18:25,454][cascade_classifier.transform] [layer=0] look_indexs=[0], X_cur_test.shape=(163027, 41)
[ 2018-07-31 21:18:34,268][cascade_classifier.transform] [layer=1] look_indexs=[0], X_cur_test.shape=(163027, 47)
[ 2018-07-31 21:18:42,324][cascade_classifier.transform] [layer=2] look_indexs=[0], X_cur_test.shape=(163027, 47)
[ 2018-07-31 21:18:50,231][cascade_classifier.transform] [layer=3] look_indexs=[0], X_cur_test.shape=(163027, 47)
