[ 2018-07-31 22:11:46,388][cascade_classifier.fit_transform] X_groups_train.shape=[(2944, 57)],y_train.shape=(2944,),X_groups_test.shape=[(1263, 57)],y_test.shape=(1263,)
[ 2018-07-31 22:11:46,391][cascade_classifier.fit_transform] group_dims=[57]
[ 2018-07-31 22:11:46,392][cascade_classifier.fit_transform] group_starts=[0]
[ 2018-07-31 22:11:46,393][cascade_classifier.fit_transform] group_ends=[57]
[ 2018-07-31 22:11:46,394][cascade_classifier.fit_transform] X_train.shape=(2944, 57),X_test.shape=(1263, 57)
[ 2018-07-31 22:11:46,396][cascade_classifier.fit_transform] [layer=0] look_indexs=[0], X_cur_train.shape=(2944, 57), X_cur_test.shape=(1263, 57)
[ 2018-07-31 22:11:47,451][kfold_wrapper.log_eval_metrics] Accuracy(layer_0 - estimator_0 - 10_folds.train_0.predict)=93.22%
[ 2018-07-31 22:11:48,695][kfold_wrapper.log_eval_metrics] Accuracy(layer_0 - estimator_0 - 10_folds.train_1.predict)=94.24%
[ 2018-07-31 22:11:49,878][kfold_wrapper.log_eval_metrics] Accuracy(layer_0 - estimator_0 - 10_folds.train_2.predict)=96.27%
[ 2018-07-31 22:11:51,288][kfold_wrapper.log_eval_metrics] Accuracy(layer_0 - estimator_0 - 10_folds.train_3.predict)=94.58%
[ 2018-07-31 22:11:52,712][kfold_wrapper.log_eval_metrics] Accuracy(layer_0 - estimator_0 - 10_folds.train_4.predict)=93.20%
[ 2018-07-31 22:11:53,812][kfold_wrapper.log_eval_metrics] Accuracy(layer_0 - estimator_0 - 10_folds.train_5.predict)=96.26%
[ 2018-07-31 22:11:55,115][kfold_wrapper.log_eval_metrics] Accuracy(layer_0 - estimator_0 - 10_folds.train_6.predict)=96.60%
[ 2018-07-31 22:11:56,317][kfold_wrapper.log_eval_metrics] Accuracy(layer_0 - estimator_0 - 10_folds.train_7.predict)=92.52%
[ 2018-07-31 22:11:57,532][kfold_wrapper.log_eval_metrics] Accuracy(layer_0 - estimator_0 - 10_folds.train_8.predict)=95.24%
[ 2018-07-31 22:11:58,718][kfold_wrapper.log_eval_metrics] Accuracy(layer_0 - estimator_0 - 10_folds.train_9.predict)=94.90%
[ 2018-07-31 22:11:58,976][kfold_wrapper.log_eval_metrics] Accuracy(layer_0 - estimator_0 - 10_folds.train_cv.predict)=94.70%
[ 2018-07-31 22:11:58,981][kfold_wrapper.log_eval_metrics] Accuracy(layer_0 - estimator_0 - 10_folds.test.predict)=94.22%
[ 2018-07-31 22:11:59,954][kfold_wrapper.log_eval_metrics] Accuracy(layer_0 - estimator_1 - 10_folds.train_0.predict)=94.24%
[ 2018-07-31 22:12:01,403][kfold_wrapper.log_eval_metrics] Accuracy(layer_0 - estimator_1 - 10_folds.train_1.predict)=94.24%
[ 2018-07-31 22:12:02,774][kfold_wrapper.log_eval_metrics] Accuracy(layer_0 - estimator_1 - 10_folds.train_2.predict)=96.27%
[ 2018-07-31 22:12:04,386][kfold_wrapper.log_eval_metrics] Accuracy(layer_0 - estimator_1 - 10_folds.train_3.predict)=95.93%
[ 2018-07-31 22:12:05,719][kfold_wrapper.log_eval_metrics] Accuracy(layer_0 - estimator_1 - 10_folds.train_4.predict)=94.56%
[ 2018-07-31 22:12:08,280][kfold_wrapper.log_eval_metrics] Accuracy(layer_0 - estimator_1 - 10_folds.train_5.predict)=92.86%
[ 2018-07-31 22:12:10,117][kfold_wrapper.log_eval_metrics] Accuracy(layer_0 - estimator_1 - 10_folds.train_6.predict)=96.26%
[ 2018-07-31 22:12:11,992][kfold_wrapper.log_eval_metrics] Accuracy(layer_0 - estimator_1 - 10_folds.train_7.predict)=94.22%
[ 2018-07-31 22:12:13,383][kfold_wrapper.log_eval_metrics] Accuracy(layer_0 - estimator_1 - 10_folds.train_8.predict)=97.62%
[ 2018-07-31 22:12:15,024][kfold_wrapper.log_eval_metrics] Accuracy(layer_0 - estimator_1 - 10_folds.train_9.predict)=95.24%
[ 2018-07-31 22:12:15,237][kfold_wrapper.log_eval_metrics] Accuracy(layer_0 - estimator_1 - 10_folds.train_cv.predict)=95.14%
[ 2018-07-31 22:12:15,239][kfold_wrapper.log_eval_metrics] Accuracy(layer_0 - estimator_1 - 10_folds.test.predict)=94.93%
[ 2018-07-31 22:12:15,325][kfold_wrapper.log_eval_metrics] Accuracy(layer_0 - estimator_2 - 10_folds.train_0.predict)=89.15%
[ 2018-07-31 22:12:15,370][kfold_wrapper.log_eval_metrics] Accuracy(layer_0 - estimator_2 - 10_folds.train_1.predict)=87.46%
[ 2018-07-31 22:12:15,430][kfold_wrapper.log_eval_metrics] Accuracy(layer_0 - estimator_2 - 10_folds.train_2.predict)=88.14%
[ 2018-07-31 22:12:15,449][kfold_wrapper.log_eval_metrics] Accuracy(layer_0 - estimator_2 - 10_folds.train_3.predict)=86.44%
[ 2018-07-31 22:12:15,465][kfold_wrapper.log_eval_metrics] Accuracy(layer_0 - estimator_2 - 10_folds.train_4.predict)=90.14%
[ 2018-07-31 22:12:15,480][kfold_wrapper.log_eval_metrics] Accuracy(layer_0 - estimator_2 - 10_folds.train_5.predict)=86.73%
[ 2018-07-31 22:12:15,497][kfold_wrapper.log_eval_metrics] Accuracy(layer_0 - estimator_2 - 10_folds.train_6.predict)=92.18%
[ 2018-07-31 22:12:15,521][kfold_wrapper.log_eval_metrics] Accuracy(layer_0 - estimator_2 - 10_folds.train_7.predict)=88.44%
[ 2018-07-31 22:12:15,545][kfold_wrapper.log_eval_metrics] Accuracy(layer_0 - estimator_2 - 10_folds.train_8.predict)=87.07%
[ 2018-07-31 22:12:15,564][kfold_wrapper.log_eval_metrics] Accuracy(layer_0 - estimator_2 - 10_folds.train_9.predict)=88.78%
[ 2018-07-31 22:12:15,567][kfold_wrapper.log_eval_metrics] Accuracy(layer_0 - estimator_2 - 10_folds.train_cv.predict)=88.45%
[ 2018-07-31 22:12:15,568][kfold_wrapper.log_eval_metrics] Accuracy(layer_0 - estimator_2 - 10_folds.test.predict)=88.36%
[ 2018-07-31 22:12:15,570][cascade_classifier.calc_accuracy] Accuracy(layer_0 - train.classifier_average)=94.74%
[ 2018-07-31 22:12:15,571][cascade_classifier.calc_accuracy] Accuracy(layer_0 - test.classifier_average)=94.77%
[ 2018-07-31 22:12:15,574][cascade_classifier.fit_transform] [layer=1] look_indexs=[0], X_cur_train.shape=(2944, 63), X_cur_test.shape=(1263, 63)
[ 2018-07-31 22:12:16,971][kfold_wrapper.log_eval_metrics] Accuracy(layer_1 - estimator_0 - 10_folds.train_0.predict)=96.95%
[ 2018-07-31 22:12:18,353][kfold_wrapper.log_eval_metrics] Accuracy(layer_1 - estimator_0 - 10_folds.train_1.predict)=97.97%
[ 2018-07-31 22:12:19,838][kfold_wrapper.log_eval_metrics] Accuracy(layer_1 - estimator_0 - 10_folds.train_2.predict)=94.92%
[ 2018-07-31 22:12:21,859][kfold_wrapper.log_eval_metrics] Accuracy(layer_1 - estimator_0 - 10_folds.train_3.predict)=95.59%
[ 2018-07-31 22:12:23,296][kfold_wrapper.log_eval_metrics] Accuracy(layer_1 - estimator_0 - 10_folds.train_4.predict)=95.58%
[ 2018-07-31 22:12:24,835][kfold_wrapper.log_eval_metrics] Accuracy(layer_1 - estimator_0 - 10_folds.train_5.predict)=93.20%
[ 2018-07-31 22:12:26,264][kfold_wrapper.log_eval_metrics] Accuracy(layer_1 - estimator_0 - 10_folds.train_6.predict)=94.56%
[ 2018-07-31 22:12:27,686][kfold_wrapper.log_eval_metrics] Accuracy(layer_1 - estimator_0 - 10_folds.train_7.predict)=93.88%
[ 2018-07-31 22:12:29,029][kfold_wrapper.log_eval_metrics] Accuracy(layer_1 - estimator_0 - 10_folds.train_8.predict)=96.94%
[ 2018-07-31 22:12:30,430][kfold_wrapper.log_eval_metrics] Accuracy(layer_1 - estimator_0 - 10_folds.train_9.predict)=93.88%
[ 2018-07-31 22:12:30,664][kfold_wrapper.log_eval_metrics] Accuracy(layer_1 - estimator_0 - 10_folds.train_cv.predict)=95.35%
[ 2018-07-31 22:12:30,666][kfold_wrapper.log_eval_metrics] Accuracy(layer_1 - estimator_0 - 10_folds.test.predict)=94.93%
[ 2018-07-31 22:12:32,102][kfold_wrapper.log_eval_metrics] Accuracy(layer_1 - estimator_1 - 10_folds.train_0.predict)=96.27%
[ 2018-07-31 22:12:33,425][kfold_wrapper.log_eval_metrics] Accuracy(layer_1 - estimator_1 - 10_folds.train_1.predict)=95.93%
[ 2018-07-31 22:12:34,581][kfold_wrapper.log_eval_metrics] Accuracy(layer_1 - estimator_1 - 10_folds.train_2.predict)=93.90%
[ 2018-07-31 22:12:35,962][kfold_wrapper.log_eval_metrics] Accuracy(layer_1 - estimator_1 - 10_folds.train_3.predict)=94.92%
[ 2018-07-31 22:12:37,247][kfold_wrapper.log_eval_metrics] Accuracy(layer_1 - estimator_1 - 10_folds.train_4.predict)=94.56%
[ 2018-07-31 22:12:38,935][kfold_wrapper.log_eval_metrics] Accuracy(layer_1 - estimator_1 - 10_folds.train_5.predict)=96.26%
[ 2018-07-31 22:12:40,872][kfold_wrapper.log_eval_metrics] Accuracy(layer_1 - estimator_1 - 10_folds.train_6.predict)=95.92%
[ 2018-07-31 22:12:42,386][kfold_wrapper.log_eval_metrics] Accuracy(layer_1 - estimator_1 - 10_folds.train_7.predict)=94.22%
[ 2018-07-31 22:12:43,973][kfold_wrapper.log_eval_metrics] Accuracy(layer_1 - estimator_1 - 10_folds.train_8.predict)=94.56%
[ 2018-07-31 22:12:45,712][kfold_wrapper.log_eval_metrics] Accuracy(layer_1 - estimator_1 - 10_folds.train_9.predict)=96.94%
[ 2018-07-31 22:12:45,945][kfold_wrapper.log_eval_metrics] Accuracy(layer_1 - estimator_1 - 10_folds.train_cv.predict)=95.35%
[ 2018-07-31 22:12:45,946][kfold_wrapper.log_eval_metrics] Accuracy(layer_1 - estimator_1 - 10_folds.test.predict)=94.54%
[ 2018-07-31 22:12:46,003][kfold_wrapper.log_eval_metrics] Accuracy(layer_1 - estimator_2 - 10_folds.train_0.predict)=95.93%
[ 2018-07-31 22:12:46,066][kfold_wrapper.log_eval_metrics] Accuracy(layer_1 - estimator_2 - 10_folds.train_1.predict)=93.56%
[ 2018-07-31 22:12:46,119][kfold_wrapper.log_eval_metrics] Accuracy(layer_1 - estimator_2 - 10_folds.train_2.predict)=95.59%
[ 2018-07-31 22:12:46,170][kfold_wrapper.log_eval_metrics] Accuracy(layer_1 - estimator_2 - 10_folds.train_3.predict)=95.25%
[ 2018-07-31 22:12:46,208][kfold_wrapper.log_eval_metrics] Accuracy(layer_1 - estimator_2 - 10_folds.train_4.predict)=93.88%
[ 2018-07-31 22:12:46,245][kfold_wrapper.log_eval_metrics] Accuracy(layer_1 - estimator_2 - 10_folds.train_5.predict)=94.56%
[ 2018-07-31 22:12:46,282][kfold_wrapper.log_eval_metrics] Accuracy(layer_1 - estimator_2 - 10_folds.train_6.predict)=95.24%
[ 2018-07-31 22:12:46,317][kfold_wrapper.log_eval_metrics] Accuracy(layer_1 - estimator_2 - 10_folds.train_7.predict)=96.26%
[ 2018-07-31 22:12:46,353][kfold_wrapper.log_eval_metrics] Accuracy(layer_1 - estimator_2 - 10_folds.train_8.predict)=94.22%
[ 2018-07-31 22:12:46,388][kfold_wrapper.log_eval_metrics] Accuracy(layer_1 - estimator_2 - 10_folds.train_9.predict)=96.26%
[ 2018-07-31 22:12:46,390][kfold_wrapper.log_eval_metrics] Accuracy(layer_1 - estimator_2 - 10_folds.train_cv.predict)=95.07%
[ 2018-07-31 22:12:46,396][kfold_wrapper.log_eval_metrics] Accuracy(layer_1 - estimator_2 - 10_folds.test.predict)=95.25%
[ 2018-07-31 22:12:46,397][cascade_classifier.calc_accuracy] Accuracy(layer_1 - train.classifier_average)=95.24%
[ 2018-07-31 22:12:46,398][cascade_classifier.calc_accuracy] Accuracy(layer_1 - test.classifier_average)=95.17%
[ 2018-07-31 22:12:46,404][cascade_classifier.fit_transform] [layer=2] look_indexs=[0], X_cur_train.shape=(2944, 63), X_cur_test.shape=(1263, 63)
[ 2018-07-31 22:12:47,804][kfold_wrapper.log_eval_metrics] Accuracy(layer_2 - estimator_0 - 10_folds.train_0.predict)=94.92%
[ 2018-07-31 22:12:49,184][kfold_wrapper.log_eval_metrics] Accuracy(layer_2 - estimator_0 - 10_folds.train_1.predict)=93.22%
[ 2018-07-31 22:12:50,351][kfold_wrapper.log_eval_metrics] Accuracy(layer_2 - estimator_0 - 10_folds.train_2.predict)=95.25%
[ 2018-07-31 22:12:51,597][kfold_wrapper.log_eval_metrics] Accuracy(layer_2 - estimator_0 - 10_folds.train_3.predict)=95.25%
[ 2018-07-31 22:12:53,072][kfold_wrapper.log_eval_metrics] Accuracy(layer_2 - estimator_0 - 10_folds.train_4.predict)=95.92%
[ 2018-07-31 22:12:54,418][kfold_wrapper.log_eval_metrics] Accuracy(layer_2 - estimator_0 - 10_folds.train_5.predict)=96.60%
[ 2018-07-31 22:12:56,028][kfold_wrapper.log_eval_metrics] Accuracy(layer_2 - estimator_0 - 10_folds.train_6.predict)=95.92%
[ 2018-07-31 22:12:57,459][kfold_wrapper.log_eval_metrics] Accuracy(layer_2 - estimator_0 - 10_folds.train_7.predict)=94.90%
[ 2018-07-31 22:12:58,723][kfold_wrapper.log_eval_metrics] Accuracy(layer_2 - estimator_0 - 10_folds.train_8.predict)=93.88%
[ 2018-07-31 22:13:00,071][kfold_wrapper.log_eval_metrics] Accuracy(layer_2 - estimator_0 - 10_folds.train_9.predict)=96.26%
[ 2018-07-31 22:13:00,430][kfold_wrapper.log_eval_metrics] Accuracy(layer_2 - estimator_0 - 10_folds.train_cv.predict)=95.21%
[ 2018-07-31 22:13:00,431][kfold_wrapper.log_eval_metrics] Accuracy(layer_2 - estimator_0 - 10_folds.test.predict)=94.46%
[ 2018-07-31 22:13:01,479][kfold_wrapper.log_eval_metrics] Accuracy(layer_2 - estimator_1 - 10_folds.train_0.predict)=95.59%
[ 2018-07-31 22:13:02,858][kfold_wrapper.log_eval_metrics] Accuracy(layer_2 - estimator_1 - 10_folds.train_1.predict)=93.90%
[ 2018-07-31 22:13:04,096][kfold_wrapper.log_eval_metrics] Accuracy(layer_2 - estimator_1 - 10_folds.train_2.predict)=95.93%
[ 2018-07-31 22:13:05,365][kfold_wrapper.log_eval_metrics] Accuracy(layer_2 - estimator_1 - 10_folds.train_3.predict)=94.92%
[ 2018-07-31 22:13:06,525][kfold_wrapper.log_eval_metrics] Accuracy(layer_2 - estimator_1 - 10_folds.train_4.predict)=95.92%
[ 2018-07-31 22:13:07,729][kfold_wrapper.log_eval_metrics] Accuracy(layer_2 - estimator_1 - 10_folds.train_5.predict)=96.94%
[ 2018-07-31 22:13:09,272][kfold_wrapper.log_eval_metrics] Accuracy(layer_2 - estimator_1 - 10_folds.train_6.predict)=95.58%
[ 2018-07-31 22:13:10,913][kfold_wrapper.log_eval_metrics] Accuracy(layer_2 - estimator_1 - 10_folds.train_7.predict)=93.20%
[ 2018-07-31 22:13:12,282][kfold_wrapper.log_eval_metrics] Accuracy(layer_2 - estimator_1 - 10_folds.train_8.predict)=94.56%
[ 2018-07-31 22:13:13,618][kfold_wrapper.log_eval_metrics] Accuracy(layer_2 - estimator_1 - 10_folds.train_9.predict)=96.26%
[ 2018-07-31 22:13:13,840][kfold_wrapper.log_eval_metrics] Accuracy(layer_2 - estimator_1 - 10_folds.train_cv.predict)=95.28%
[ 2018-07-31 22:13:13,842][kfold_wrapper.log_eval_metrics] Accuracy(layer_2 - estimator_1 - 10_folds.test.predict)=94.62%
[ 2018-07-31 22:13:13,873][kfold_wrapper.log_eval_metrics] Accuracy(layer_2 - estimator_2 - 10_folds.train_0.predict)=95.25%
[ 2018-07-31 22:13:13,904][kfold_wrapper.log_eval_metrics] Accuracy(layer_2 - estimator_2 - 10_folds.train_1.predict)=94.58%
[ 2018-07-31 22:13:13,977][kfold_wrapper.log_eval_metrics] Accuracy(layer_2 - estimator_2 - 10_folds.train_2.predict)=96.27%
[ 2018-07-31 22:13:14,024][kfold_wrapper.log_eval_metrics] Accuracy(layer_2 - estimator_2 - 10_folds.train_3.predict)=94.58%
[ 2018-07-31 22:13:14,056][kfold_wrapper.log_eval_metrics] Accuracy(layer_2 - estimator_2 - 10_folds.train_4.predict)=94.56%
[ 2018-07-31 22:13:14,084][kfold_wrapper.log_eval_metrics] Accuracy(layer_2 - estimator_2 - 10_folds.train_5.predict)=96.60%
[ 2018-07-31 22:13:14,125][kfold_wrapper.log_eval_metrics] Accuracy(layer_2 - estimator_2 - 10_folds.train_6.predict)=95.24%
[ 2018-07-31 22:13:14,168][kfold_wrapper.log_eval_metrics] Accuracy(layer_2 - estimator_2 - 10_folds.train_7.predict)=95.92%
[ 2018-07-31 22:13:14,192][kfold_wrapper.log_eval_metrics] Accuracy(layer_2 - estimator_2 - 10_folds.train_8.predict)=96.60%
[ 2018-07-31 22:13:14,241][kfold_wrapper.log_eval_metrics] Accuracy(layer_2 - estimator_2 - 10_folds.train_9.predict)=93.54%
[ 2018-07-31 22:13:14,244][kfold_wrapper.log_eval_metrics] Accuracy(layer_2 - estimator_2 - 10_folds.train_cv.predict)=95.31%
[ 2018-07-31 22:13:14,247][kfold_wrapper.log_eval_metrics] Accuracy(layer_2 - estimator_2 - 10_folds.test.predict)=94.77%
[ 2018-07-31 22:13:14,248][cascade_classifier.calc_accuracy] Accuracy(layer_2 - train.classifier_average)=95.38%
[ 2018-07-31 22:13:14,251][cascade_classifier.calc_accuracy] Accuracy(layer_2 - test.classifier_average)=94.70%
[ 2018-07-31 22:13:14,254][cascade_classifier.fit_transform] [layer=3] look_indexs=[0], X_cur_train.shape=(2944, 63), X_cur_test.shape=(1263, 63)
[ 2018-07-31 22:13:15,451][kfold_wrapper.log_eval_metrics] Accuracy(layer_3 - estimator_0 - 10_folds.train_0.predict)=93.56%
[ 2018-07-31 22:13:16,724][kfold_wrapper.log_eval_metrics] Accuracy(layer_3 - estimator_0 - 10_folds.train_1.predict)=94.92%
[ 2018-07-31 22:13:18,026][kfold_wrapper.log_eval_metrics] Accuracy(layer_3 - estimator_0 - 10_folds.train_2.predict)=95.93%
[ 2018-07-31 22:13:19,348][kfold_wrapper.log_eval_metrics] Accuracy(layer_3 - estimator_0 - 10_folds.train_3.predict)=94.92%
[ 2018-07-31 22:13:20,927][kfold_wrapper.log_eval_metrics] Accuracy(layer_3 - estimator_0 - 10_folds.train_4.predict)=94.22%
[ 2018-07-31 22:13:22,608][kfold_wrapper.log_eval_metrics] Accuracy(layer_3 - estimator_0 - 10_folds.train_5.predict)=96.60%
[ 2018-07-31 22:13:24,133][kfold_wrapper.log_eval_metrics] Accuracy(layer_3 - estimator_0 - 10_folds.train_6.predict)=94.90%
[ 2018-07-31 22:13:25,732][kfold_wrapper.log_eval_metrics] Accuracy(layer_3 - estimator_0 - 10_folds.train_7.predict)=94.90%
[ 2018-07-31 22:13:27,480][kfold_wrapper.log_eval_metrics] Accuracy(layer_3 - estimator_0 - 10_folds.train_8.predict)=96.94%
[ 2018-07-31 22:13:29,228][kfold_wrapper.log_eval_metrics] Accuracy(layer_3 - estimator_0 - 10_folds.train_9.predict)=96.26%
[ 2018-07-31 22:13:29,601][kfold_wrapper.log_eval_metrics] Accuracy(layer_3 - estimator_0 - 10_folds.train_cv.predict)=95.31%
[ 2018-07-31 22:13:29,602][kfold_wrapper.log_eval_metrics] Accuracy(layer_3 - estimator_0 - 10_folds.test.predict)=94.70%
[ 2018-07-31 22:13:30,872][kfold_wrapper.log_eval_metrics] Accuracy(layer_3 - estimator_1 - 10_folds.train_0.predict)=95.93%
[ 2018-07-31 22:13:32,398][kfold_wrapper.log_eval_metrics] Accuracy(layer_3 - estimator_1 - 10_folds.train_1.predict)=95.59%
[ 2018-07-31 22:13:34,148][kfold_wrapper.log_eval_metrics] Accuracy(layer_3 - estimator_1 - 10_folds.train_2.predict)=95.59%
[ 2018-07-31 22:13:35,796][kfold_wrapper.log_eval_metrics] Accuracy(layer_3 - estimator_1 - 10_folds.train_3.predict)=95.93%
[ 2018-07-31 22:13:37,436][kfold_wrapper.log_eval_metrics] Accuracy(layer_3 - estimator_1 - 10_folds.train_4.predict)=95.24%
[ 2018-07-31 22:13:39,181][kfold_wrapper.log_eval_metrics] Accuracy(layer_3 - estimator_1 - 10_folds.train_5.predict)=95.58%
[ 2018-07-31 22:13:40,844][kfold_wrapper.log_eval_metrics] Accuracy(layer_3 - estimator_1 - 10_folds.train_6.predict)=95.24%
[ 2018-07-31 22:13:42,514][kfold_wrapper.log_eval_metrics] Accuracy(layer_3 - estimator_1 - 10_folds.train_7.predict)=95.92%
[ 2018-07-31 22:13:44,106][kfold_wrapper.log_eval_metrics] Accuracy(layer_3 - estimator_1 - 10_folds.train_8.predict)=94.22%
[ 2018-07-31 22:13:46,181][kfold_wrapper.log_eval_metrics] Accuracy(layer_3 - estimator_1 - 10_folds.train_9.predict)=95.24%
[ 2018-07-31 22:13:46,454][kfold_wrapper.log_eval_metrics] Accuracy(layer_3 - estimator_1 - 10_folds.train_cv.predict)=95.45%
[ 2018-07-31 22:13:46,456][kfold_wrapper.log_eval_metrics] Accuracy(layer_3 - estimator_1 - 10_folds.test.predict)=94.54%
[ 2018-07-31 22:13:46,521][kfold_wrapper.log_eval_metrics] Accuracy(layer_3 - estimator_2 - 10_folds.train_0.predict)=95.25%
[ 2018-07-31 22:13:46,568][kfold_wrapper.log_eval_metrics] Accuracy(layer_3 - estimator_2 - 10_folds.train_1.predict)=95.59%
[ 2018-07-31 22:13:46,612][kfold_wrapper.log_eval_metrics] Accuracy(layer_3 - estimator_2 - 10_folds.train_2.predict)=93.22%
[ 2018-07-31 22:13:46,657][kfold_wrapper.log_eval_metrics] Accuracy(layer_3 - estimator_2 - 10_folds.train_3.predict)=93.22%
[ 2018-07-31 22:13:46,715][kfold_wrapper.log_eval_metrics] Accuracy(layer_3 - estimator_2 - 10_folds.train_4.predict)=94.22%
[ 2018-07-31 22:13:46,808][kfold_wrapper.log_eval_metrics] Accuracy(layer_3 - estimator_2 - 10_folds.train_5.predict)=96.60%
[ 2018-07-31 22:13:46,856][kfold_wrapper.log_eval_metrics] Accuracy(layer_3 - estimator_2 - 10_folds.train_6.predict)=95.92%
[ 2018-07-31 22:13:46,900][kfold_wrapper.log_eval_metrics] Accuracy(layer_3 - estimator_2 - 10_folds.train_7.predict)=95.92%
[ 2018-07-31 22:13:46,949][kfold_wrapper.log_eval_metrics] Accuracy(layer_3 - estimator_2 - 10_folds.train_8.predict)=96.94%
[ 2018-07-31 22:13:47,096][kfold_wrapper.log_eval_metrics] Accuracy(layer_3 - estimator_2 - 10_folds.train_9.predict)=94.90%
[ 2018-07-31 22:13:47,107][kfold_wrapper.log_eval_metrics] Accuracy(layer_3 - estimator_2 - 10_folds.train_cv.predict)=95.18%
[ 2018-07-31 22:13:47,116][kfold_wrapper.log_eval_metrics] Accuracy(layer_3 - estimator_2 - 10_folds.test.predict)=94.46%
[ 2018-07-31 22:13:47,127][cascade_classifier.calc_accuracy] Accuracy(layer_3 - train.classifier_average)=95.41%
[ 2018-07-31 22:13:47,130][cascade_classifier.calc_accuracy] Accuracy(layer_3 - test.classifier_average)=94.54%
[ 2018-07-31 22:13:47,136][cascade_classifier.fit_transform] [layer=4] look_indexs=[0], X_cur_train.shape=(2944, 63), X_cur_test.shape=(1263, 63)
[ 2018-07-31 22:13:48,450][kfold_wrapper.log_eval_metrics] Accuracy(layer_4 - estimator_0 - 10_folds.train_0.predict)=96.27%
[ 2018-07-31 22:13:50,240][kfold_wrapper.log_eval_metrics] Accuracy(layer_4 - estimator_0 - 10_folds.train_1.predict)=94.58%
[ 2018-07-31 22:13:51,761][kfold_wrapper.log_eval_metrics] Accuracy(layer_4 - estimator_0 - 10_folds.train_2.predict)=95.59%
[ 2018-07-31 22:13:53,378][kfold_wrapper.log_eval_metrics] Accuracy(layer_4 - estimator_0 - 10_folds.train_3.predict)=95.93%
[ 2018-07-31 22:13:54,867][kfold_wrapper.log_eval_metrics] Accuracy(layer_4 - estimator_0 - 10_folds.train_4.predict)=93.88%
[ 2018-07-31 22:13:56,463][kfold_wrapper.log_eval_metrics] Accuracy(layer_4 - estimator_0 - 10_folds.train_5.predict)=94.90%
[ 2018-07-31 22:13:58,351][kfold_wrapper.log_eval_metrics] Accuracy(layer_4 - estimator_0 - 10_folds.train_6.predict)=95.92%
[ 2018-07-31 22:14:00,306][kfold_wrapper.log_eval_metrics] Accuracy(layer_4 - estimator_0 - 10_folds.train_7.predict)=96.26%
[ 2018-07-31 22:14:02,238][kfold_wrapper.log_eval_metrics] Accuracy(layer_4 - estimator_0 - 10_folds.train_8.predict)=95.24%
[ 2018-07-31 22:14:04,275][kfold_wrapper.log_eval_metrics] Accuracy(layer_4 - estimator_0 - 10_folds.train_9.predict)=94.22%
[ 2018-07-31 22:14:04,521][kfold_wrapper.log_eval_metrics] Accuracy(layer_4 - estimator_0 - 10_folds.train_cv.predict)=95.28%
[ 2018-07-31 22:14:04,531][kfold_wrapper.log_eval_metrics] Accuracy(layer_4 - estimator_0 - 10_folds.test.predict)=94.62%
[ 2018-07-31 22:14:06,458][kfold_wrapper.log_eval_metrics] Accuracy(layer_4 - estimator_1 - 10_folds.train_0.predict)=97.29%
[ 2018-07-31 22:14:08,353][kfold_wrapper.log_eval_metrics] Accuracy(layer_4 - estimator_1 - 10_folds.train_1.predict)=96.61%
[ 2018-07-31 22:14:10,314][kfold_wrapper.log_eval_metrics] Accuracy(layer_4 - estimator_1 - 10_folds.train_2.predict)=95.93%
[ 2018-07-31 22:14:12,512][kfold_wrapper.log_eval_metrics] Accuracy(layer_4 - estimator_1 - 10_folds.train_3.predict)=95.25%
[ 2018-07-31 22:14:14,219][kfold_wrapper.log_eval_metrics] Accuracy(layer_4 - estimator_1 - 10_folds.train_4.predict)=95.92%
[ 2018-07-31 22:14:15,908][kfold_wrapper.log_eval_metrics] Accuracy(layer_4 - estimator_1 - 10_folds.train_5.predict)=93.88%
[ 2018-07-31 22:14:17,700][kfold_wrapper.log_eval_metrics] Accuracy(layer_4 - estimator_1 - 10_folds.train_6.predict)=94.90%
[ 2018-07-31 22:14:19,649][kfold_wrapper.log_eval_metrics] Accuracy(layer_4 - estimator_1 - 10_folds.train_7.predict)=95.92%
[ 2018-07-31 22:14:21,817][kfold_wrapper.log_eval_metrics] Accuracy(layer_4 - estimator_1 - 10_folds.train_8.predict)=93.54%
[ 2018-07-31 22:14:23,947][kfold_wrapper.log_eval_metrics] Accuracy(layer_4 - estimator_1 - 10_folds.train_9.predict)=95.58%
[ 2018-07-31 22:14:24,186][kfold_wrapper.log_eval_metrics] Accuracy(layer_4 - estimator_1 - 10_folds.train_cv.predict)=95.48%
[ 2018-07-31 22:14:24,188][kfold_wrapper.log_eval_metrics] Accuracy(layer_4 - estimator_1 - 10_folds.test.predict)=94.54%
[ 2018-07-31 22:14:24,241][kfold_wrapper.log_eval_metrics] Accuracy(layer_4 - estimator_2 - 10_folds.train_0.predict)=95.93%
[ 2018-07-31 22:14:24,318][kfold_wrapper.log_eval_metrics] Accuracy(layer_4 - estimator_2 - 10_folds.train_1.predict)=97.29%
[ 2018-07-31 22:14:24,378][kfold_wrapper.log_eval_metrics] Accuracy(layer_4 - estimator_2 - 10_folds.train_2.predict)=94.92%
[ 2018-07-31 22:14:24,456][kfold_wrapper.log_eval_metrics] Accuracy(layer_4 - estimator_2 - 10_folds.train_3.predict)=95.93%
[ 2018-07-31 22:14:24,605][kfold_wrapper.log_eval_metrics] Accuracy(layer_4 - estimator_2 - 10_folds.train_4.predict)=96.94%
[ 2018-07-31 22:14:24,701][kfold_wrapper.log_eval_metrics] Accuracy(layer_4 - estimator_2 - 10_folds.train_5.predict)=94.56%
[ 2018-07-31 22:14:24,817][kfold_wrapper.log_eval_metrics] Accuracy(layer_4 - estimator_2 - 10_folds.train_6.predict)=95.92%
[ 2018-07-31 22:14:24,870][kfold_wrapper.log_eval_metrics] Accuracy(layer_4 - estimator_2 - 10_folds.train_7.predict)=94.22%
[ 2018-07-31 22:14:24,974][kfold_wrapper.log_eval_metrics] Accuracy(layer_4 - estimator_2 - 10_folds.train_8.predict)=93.88%
[ 2018-07-31 22:14:25,041][kfold_wrapper.log_eval_metrics] Accuracy(layer_4 - estimator_2 - 10_folds.train_9.predict)=94.90%
[ 2018-07-31 22:14:25,061][kfold_wrapper.log_eval_metrics] Accuracy(layer_4 - estimator_2 - 10_folds.train_cv.predict)=95.45%
[ 2018-07-31 22:14:25,069][kfold_wrapper.log_eval_metrics] Accuracy(layer_4 - estimator_2 - 10_folds.test.predict)=94.62%
[ 2018-07-31 22:14:25,071][cascade_classifier.calc_accuracy] Accuracy(layer_4 - train.classifier_average)=95.41%
[ 2018-07-31 22:14:25,073][cascade_classifier.calc_accuracy] Accuracy(layer_4 - test.classifier_average)=94.54%
[ 2018-07-31 22:14:25,076][cascade_classifier.fit_transform] [layer=5] look_indexs=[0], X_cur_train.shape=(2944, 63), X_cur_test.shape=(1263, 63)
[ 2018-07-31 22:14:26,591][kfold_wrapper.log_eval_metrics] Accuracy(layer_5 - estimator_0 - 10_folds.train_0.predict)=94.58%
[ 2018-07-31 22:14:28,615][kfold_wrapper.log_eval_metrics] Accuracy(layer_5 - estimator_0 - 10_folds.train_1.predict)=96.95%
[ 2018-07-31 22:14:31,027][kfold_wrapper.log_eval_metrics] Accuracy(layer_5 - estimator_0 - 10_folds.train_2.predict)=94.92%
[ 2018-07-31 22:14:33,982][kfold_wrapper.log_eval_metrics] Accuracy(layer_5 - estimator_0 - 10_folds.train_3.predict)=94.92%
[ 2018-07-31 22:14:36,750][kfold_wrapper.log_eval_metrics] Accuracy(layer_5 - estimator_0 - 10_folds.train_4.predict)=95.58%
[ 2018-07-31 22:14:38,526][kfold_wrapper.log_eval_metrics] Accuracy(layer_5 - estimator_0 - 10_folds.train_5.predict)=96.26%
[ 2018-07-31 22:14:41,471][kfold_wrapper.log_eval_metrics] Accuracy(layer_5 - estimator_0 - 10_folds.train_6.predict)=93.54%
[ 2018-07-31 22:14:45,276][kfold_wrapper.log_eval_metrics] Accuracy(layer_5 - estimator_0 - 10_folds.train_7.predict)=96.94%
[ 2018-07-31 22:14:48,507][kfold_wrapper.log_eval_metrics] Accuracy(layer_5 - estimator_0 - 10_folds.train_8.predict)=95.58%
[ 2018-07-31 22:14:51,164][kfold_wrapper.log_eval_metrics] Accuracy(layer_5 - estimator_0 - 10_folds.train_9.predict)=96.60%
[ 2018-07-31 22:14:51,375][kfold_wrapper.log_eval_metrics] Accuracy(layer_5 - estimator_0 - 10_folds.train_cv.predict)=95.58%
[ 2018-07-31 22:14:51,377][kfold_wrapper.log_eval_metrics] Accuracy(layer_5 - estimator_0 - 10_folds.test.predict)=94.62%
[ 2018-07-31 22:14:54,071][kfold_wrapper.log_eval_metrics] Accuracy(layer_5 - estimator_1 - 10_folds.train_0.predict)=96.27%
[ 2018-07-31 22:14:56,705][kfold_wrapper.log_eval_metrics] Accuracy(layer_5 - estimator_1 - 10_folds.train_1.predict)=95.25%
[ 2018-07-31 22:14:59,425][kfold_wrapper.log_eval_metrics] Accuracy(layer_5 - estimator_1 - 10_folds.train_2.predict)=95.25%
[ 2018-07-31 22:15:01,199][kfold_wrapper.log_eval_metrics] Accuracy(layer_5 - estimator_1 - 10_folds.train_3.predict)=94.24%
[ 2018-07-31 22:15:03,032][kfold_wrapper.log_eval_metrics] Accuracy(layer_5 - estimator_1 - 10_folds.train_4.predict)=96.60%
[ 2018-07-31 22:15:04,905][kfold_wrapper.log_eval_metrics] Accuracy(layer_5 - estimator_1 - 10_folds.train_5.predict)=94.56%
[ 2018-07-31 22:15:07,203][kfold_wrapper.log_eval_metrics] Accuracy(layer_5 - estimator_1 - 10_folds.train_6.predict)=95.24%
[ 2018-07-31 22:15:11,003][kfold_wrapper.log_eval_metrics] Accuracy(layer_5 - estimator_1 - 10_folds.train_7.predict)=96.94%
[ 2018-07-31 22:15:14,914][kfold_wrapper.log_eval_metrics] Accuracy(layer_5 - estimator_1 - 10_folds.train_8.predict)=94.22%
[ 2018-07-31 22:15:18,552][kfold_wrapper.log_eval_metrics] Accuracy(layer_5 - estimator_1 - 10_folds.train_9.predict)=96.26%
[ 2018-07-31 22:15:19,019][kfold_wrapper.log_eval_metrics] Accuracy(layer_5 - estimator_1 - 10_folds.train_cv.predict)=95.48%
[ 2018-07-31 22:15:19,021][kfold_wrapper.log_eval_metrics] Accuracy(layer_5 - estimator_1 - 10_folds.test.predict)=94.70%
[ 2018-07-31 22:15:19,203][kfold_wrapper.log_eval_metrics] Accuracy(layer_5 - estimator_2 - 10_folds.train_0.predict)=93.90%
[ 2018-07-31 22:15:19,422][kfold_wrapper.log_eval_metrics] Accuracy(layer_5 - estimator_2 - 10_folds.train_1.predict)=95.25%
[ 2018-07-31 22:15:19,546][kfold_wrapper.log_eval_metrics] Accuracy(layer_5 - estimator_2 - 10_folds.train_2.predict)=95.59%
[ 2018-07-31 22:15:19,665][kfold_wrapper.log_eval_metrics] Accuracy(layer_5 - estimator_2 - 10_folds.train_3.predict)=96.95%
[ 2018-07-31 22:15:19,768][kfold_wrapper.log_eval_metrics] Accuracy(layer_5 - estimator_2 - 10_folds.train_4.predict)=94.90%
[ 2018-07-31 22:15:19,899][kfold_wrapper.log_eval_metrics] Accuracy(layer_5 - estimator_2 - 10_folds.train_5.predict)=94.56%
[ 2018-07-31 22:15:20,002][kfold_wrapper.log_eval_metrics] Accuracy(layer_5 - estimator_2 - 10_folds.train_6.predict)=95.24%
[ 2018-07-31 22:15:20,107][kfold_wrapper.log_eval_metrics] Accuracy(layer_5 - estimator_2 - 10_folds.train_7.predict)=94.90%
[ 2018-07-31 22:15:20,207][kfold_wrapper.log_eval_metrics] Accuracy(layer_5 - estimator_2 - 10_folds.train_8.predict)=95.92%
[ 2018-07-31 22:15:20,345][kfold_wrapper.log_eval_metrics] Accuracy(layer_5 - estimator_2 - 10_folds.train_9.predict)=96.94%
[ 2018-07-31 22:15:20,352][kfold_wrapper.log_eval_metrics] Accuracy(layer_5 - estimator_2 - 10_folds.train_cv.predict)=95.41%
[ 2018-07-31 22:15:20,357][kfold_wrapper.log_eval_metrics] Accuracy(layer_5 - estimator_2 - 10_folds.test.predict)=94.54%
[ 2018-07-31 22:15:20,362][cascade_classifier.calc_accuracy] Accuracy(layer_5 - train.classifier_average)=95.48%
[ 2018-07-31 22:15:20,366][cascade_classifier.calc_accuracy] Accuracy(layer_5 - test.classifier_average)=94.62%
[ 2018-07-31 22:15:20,371][cascade_classifier.fit_transform] [layer=6] look_indexs=[0], X_cur_train.shape=(2944, 63), X_cur_test.shape=(1263, 63)
[ 2018-07-31 22:15:23,855][kfold_wrapper.log_eval_metrics] Accuracy(layer_6 - estimator_0 - 10_folds.train_0.predict)=95.25%
[ 2018-07-31 22:15:27,918][kfold_wrapper.log_eval_metrics] Accuracy(layer_6 - estimator_0 - 10_folds.train_1.predict)=97.29%
[ 2018-07-31 22:15:32,014][kfold_wrapper.log_eval_metrics] Accuracy(layer_6 - estimator_0 - 10_folds.train_2.predict)=94.92%
[ 2018-07-31 22:15:34,511][kfold_wrapper.log_eval_metrics] Accuracy(layer_6 - estimator_0 - 10_folds.train_3.predict)=97.29%
[ 2018-07-31 22:15:38,063][kfold_wrapper.log_eval_metrics] Accuracy(layer_6 - estimator_0 - 10_folds.train_4.predict)=94.56%
[ 2018-07-31 22:15:41,274][kfold_wrapper.log_eval_metrics] Accuracy(layer_6 - estimator_0 - 10_folds.train_5.predict)=95.92%
[ 2018-07-31 22:15:44,729][kfold_wrapper.log_eval_metrics] Accuracy(layer_6 - estimator_0 - 10_folds.train_6.predict)=93.54%
[ 2018-07-31 22:15:48,578][kfold_wrapper.log_eval_metrics] Accuracy(layer_6 - estimator_0 - 10_folds.train_7.predict)=94.56%
[ 2018-07-31 22:15:52,082][kfold_wrapper.log_eval_metrics] Accuracy(layer_6 - estimator_0 - 10_folds.train_8.predict)=94.22%
[ 2018-07-31 22:15:56,360][kfold_wrapper.log_eval_metrics] Accuracy(layer_6 - estimator_0 - 10_folds.train_9.predict)=96.94%
[ 2018-07-31 22:15:56,939][kfold_wrapper.log_eval_metrics] Accuracy(layer_6 - estimator_0 - 10_folds.train_cv.predict)=95.45%
[ 2018-07-31 22:15:56,942][kfold_wrapper.log_eval_metrics] Accuracy(layer_6 - estimator_0 - 10_folds.test.predict)=94.70%
[ 2018-07-31 22:15:59,949][kfold_wrapper.log_eval_metrics] Accuracy(layer_6 - estimator_1 - 10_folds.train_0.predict)=95.25%
[ 2018-07-31 22:16:03,432][kfold_wrapper.log_eval_metrics] Accuracy(layer_6 - estimator_1 - 10_folds.train_1.predict)=95.59%
[ 2018-07-31 22:16:06,601][kfold_wrapper.log_eval_metrics] Accuracy(layer_6 - estimator_1 - 10_folds.train_2.predict)=95.59%
[ 2018-07-31 22:16:09,647][kfold_wrapper.log_eval_metrics] Accuracy(layer_6 - estimator_1 - 10_folds.train_3.predict)=93.90%
[ 2018-07-31 22:16:11,859][kfold_wrapper.log_eval_metrics] Accuracy(layer_6 - estimator_1 - 10_folds.train_4.predict)=96.60%
[ 2018-07-31 22:16:14,393][kfold_wrapper.log_eval_metrics] Accuracy(layer_6 - estimator_1 - 10_folds.train_5.predict)=96.26%
[ 2018-07-31 22:16:17,272][kfold_wrapper.log_eval_metrics] Accuracy(layer_6 - estimator_1 - 10_folds.train_6.predict)=96.94%
[ 2018-07-31 22:16:20,805][kfold_wrapper.log_eval_metrics] Accuracy(layer_6 - estimator_1 - 10_folds.train_7.predict)=93.54%
[ 2018-07-31 22:16:23,432][kfold_wrapper.log_eval_metrics] Accuracy(layer_6 - estimator_1 - 10_folds.train_8.predict)=96.26%
[ 2018-07-31 22:16:26,448][kfold_wrapper.log_eval_metrics] Accuracy(layer_6 - estimator_1 - 10_folds.train_9.predict)=93.88%
[ 2018-07-31 22:16:27,280][kfold_wrapper.log_eval_metrics] Accuracy(layer_6 - estimator_1 - 10_folds.train_cv.predict)=95.38%
[ 2018-07-31 22:16:27,288][kfold_wrapper.log_eval_metrics] Accuracy(layer_6 - estimator_1 - 10_folds.test.predict)=94.62%
[ 2018-07-31 22:16:27,476][kfold_wrapper.log_eval_metrics] Accuracy(layer_6 - estimator_2 - 10_folds.train_0.predict)=96.27%
[ 2018-07-31 22:16:27,767][kfold_wrapper.log_eval_metrics] Accuracy(layer_6 - estimator_2 - 10_folds.train_1.predict)=95.93%
[ 2018-07-31 22:16:27,826][kfold_wrapper.log_eval_metrics] Accuracy(layer_6 - estimator_2 - 10_folds.train_2.predict)=96.95%
[ 2018-07-31 22:16:27,963][kfold_wrapper.log_eval_metrics] Accuracy(layer_6 - estimator_2 - 10_folds.train_3.predict)=95.93%
[ 2018-07-31 22:16:28,051][kfold_wrapper.log_eval_metrics] Accuracy(layer_6 - estimator_2 - 10_folds.train_4.predict)=94.22%
[ 2018-07-31 22:16:28,188][kfold_wrapper.log_eval_metrics] Accuracy(layer_6 - estimator_2 - 10_folds.train_5.predict)=95.24%
[ 2018-07-31 22:16:28,321][kfold_wrapper.log_eval_metrics] Accuracy(layer_6 - estimator_2 - 10_folds.train_6.predict)=94.56%
[ 2018-07-31 22:16:28,418][kfold_wrapper.log_eval_metrics] Accuracy(layer_6 - estimator_2 - 10_folds.train_7.predict)=94.56%
[ 2018-07-31 22:16:28,533][kfold_wrapper.log_eval_metrics] Accuracy(layer_6 - estimator_2 - 10_folds.train_8.predict)=96.60%
[ 2018-07-31 22:16:28,648][kfold_wrapper.log_eval_metrics] Accuracy(layer_6 - estimator_2 - 10_folds.train_9.predict)=94.56%
[ 2018-07-31 22:16:28,662][kfold_wrapper.log_eval_metrics] Accuracy(layer_6 - estimator_2 - 10_folds.train_cv.predict)=95.48%
[ 2018-07-31 22:16:28,663][kfold_wrapper.log_eval_metrics] Accuracy(layer_6 - estimator_2 - 10_folds.test.predict)=94.70%
[ 2018-07-31 22:16:28,664][cascade_classifier.calc_accuracy] Accuracy(layer_6 - train.classifier_average)=95.48%
[ 2018-07-31 22:16:28,673][cascade_classifier.calc_accuracy] Accuracy(layer_6 - test.classifier_average)=94.62%
[ 2018-07-31 22:16:28,692][cascade_classifier.fit_transform] [layer=7] look_indexs=[0], X_cur_train.shape=(2944, 63), X_cur_test.shape=(1263, 63)
[ 2018-07-31 22:16:31,343][kfold_wrapper.log_eval_metrics] Accuracy(layer_7 - estimator_0 - 10_folds.train_0.predict)=95.59%
[ 2018-07-31 22:16:33,786][kfold_wrapper.log_eval_metrics] Accuracy(layer_7 - estimator_0 - 10_folds.train_1.predict)=96.27%
[ 2018-07-31 22:16:37,274][kfold_wrapper.log_eval_metrics] Accuracy(layer_7 - estimator_0 - 10_folds.train_2.predict)=93.56%
[ 2018-07-31 22:16:40,863][kfold_wrapper.log_eval_metrics] Accuracy(layer_7 - estimator_0 - 10_folds.train_3.predict)=95.25%
[ 2018-07-31 22:16:44,305][kfold_wrapper.log_eval_metrics] Accuracy(layer_7 - estimator_0 - 10_folds.train_4.predict)=96.26%
[ 2018-07-31 22:16:48,221][kfold_wrapper.log_eval_metrics] Accuracy(layer_7 - estimator_0 - 10_folds.train_5.predict)=96.60%
[ 2018-07-31 22:16:52,539][kfold_wrapper.log_eval_metrics] Accuracy(layer_7 - estimator_0 - 10_folds.train_6.predict)=96.60%
[ 2018-07-31 22:16:55,996][kfold_wrapper.log_eval_metrics] Accuracy(layer_7 - estimator_0 - 10_folds.train_7.predict)=94.22%
[ 2018-07-31 22:16:58,807][kfold_wrapper.log_eval_metrics] Accuracy(layer_7 - estimator_0 - 10_folds.train_8.predict)=94.56%
[ 2018-07-31 22:17:01,832][kfold_wrapper.log_eval_metrics] Accuracy(layer_7 - estimator_0 - 10_folds.train_9.predict)=95.92%
[ 2018-07-31 22:17:02,451][kfold_wrapper.log_eval_metrics] Accuracy(layer_7 - estimator_0 - 10_folds.train_cv.predict)=95.48%
[ 2018-07-31 22:17:02,454][kfold_wrapper.log_eval_metrics] Accuracy(layer_7 - estimator_0 - 10_folds.test.predict)=94.62%
[ 2018-07-31 22:17:04,707][kfold_wrapper.log_eval_metrics] Accuracy(layer_7 - estimator_1 - 10_folds.train_0.predict)=95.93%
[ 2018-07-31 22:17:08,034][kfold_wrapper.log_eval_metrics] Accuracy(layer_7 - estimator_1 - 10_folds.train_1.predict)=94.58%
[ 2018-07-31 22:17:11,448][kfold_wrapper.log_eval_metrics] Accuracy(layer_7 - estimator_1 - 10_folds.train_2.predict)=93.90%
[ 2018-07-31 22:17:14,704][kfold_wrapper.log_eval_metrics] Accuracy(layer_7 - estimator_1 - 10_folds.train_3.predict)=94.92%
[ 2018-07-31 22:17:17,635][kfold_wrapper.log_eval_metrics] Accuracy(layer_7 - estimator_1 - 10_folds.train_4.predict)=95.58%
[ 2018-07-31 22:17:20,528][kfold_wrapper.log_eval_metrics] Accuracy(layer_7 - estimator_1 - 10_folds.train_5.predict)=97.28%
[ 2018-07-31 22:17:23,937][kfold_wrapper.log_eval_metrics] Accuracy(layer_7 - estimator_1 - 10_folds.train_6.predict)=97.62%
[ 2018-07-31 22:17:26,618][kfold_wrapper.log_eval_metrics] Accuracy(layer_7 - estimator_1 - 10_folds.train_7.predict)=96.94%
[ 2018-07-31 22:17:29,065][kfold_wrapper.log_eval_metrics] Accuracy(layer_7 - estimator_1 - 10_folds.train_8.predict)=94.56%
[ 2018-07-31 22:17:32,618][kfold_wrapper.log_eval_metrics] Accuracy(layer_7 - estimator_1 - 10_folds.train_9.predict)=93.88%
[ 2018-07-31 22:17:33,039][kfold_wrapper.log_eval_metrics] Accuracy(layer_7 - estimator_1 - 10_folds.train_cv.predict)=95.52%
[ 2018-07-31 22:17:33,042][kfold_wrapper.log_eval_metrics] Accuracy(layer_7 - estimator_1 - 10_folds.test.predict)=94.62%
[ 2018-07-31 22:17:33,184][kfold_wrapper.log_eval_metrics] Accuracy(layer_7 - estimator_2 - 10_folds.train_0.predict)=97.63%
[ 2018-07-31 22:17:33,295][kfold_wrapper.log_eval_metrics] Accuracy(layer_7 - estimator_2 - 10_folds.train_1.predict)=95.59%
[ 2018-07-31 22:17:33,612][kfold_wrapper.log_eval_metrics] Accuracy(layer_7 - estimator_2 - 10_folds.train_2.predict)=93.90%
[ 2018-07-31 22:17:33,854][kfold_wrapper.log_eval_metrics] Accuracy(layer_7 - estimator_2 - 10_folds.train_3.predict)=95.93%
[ 2018-07-31 22:17:34,064][kfold_wrapper.log_eval_metrics] Accuracy(layer_7 - estimator_2 - 10_folds.train_4.predict)=94.22%
[ 2018-07-31 22:17:34,321][kfold_wrapper.log_eval_metrics] Accuracy(layer_7 - estimator_2 - 10_folds.train_5.predict)=93.54%
[ 2018-07-31 22:17:34,454][kfold_wrapper.log_eval_metrics] Accuracy(layer_7 - estimator_2 - 10_folds.train_6.predict)=96.26%
[ 2018-07-31 22:17:34,571][kfold_wrapper.log_eval_metrics] Accuracy(layer_7 - estimator_2 - 10_folds.train_7.predict)=95.92%
[ 2018-07-31 22:17:34,729][kfold_wrapper.log_eval_metrics] Accuracy(layer_7 - estimator_2 - 10_folds.train_8.predict)=96.26%
[ 2018-07-31 22:17:34,900][kfold_wrapper.log_eval_metrics] Accuracy(layer_7 - estimator_2 - 10_folds.train_9.predict)=96.26%
[ 2018-07-31 22:17:34,913][kfold_wrapper.log_eval_metrics] Accuracy(layer_7 - estimator_2 - 10_folds.train_cv.predict)=95.55%
[ 2018-07-31 22:17:34,914][kfold_wrapper.log_eval_metrics] Accuracy(layer_7 - estimator_2 - 10_folds.test.predict)=94.62%
[ 2018-07-31 22:17:34,916][cascade_classifier.calc_accuracy] Accuracy(layer_7 - train.classifier_average)=95.52%
[ 2018-07-31 22:17:34,964][cascade_classifier.calc_accuracy] Accuracy(layer_7 - test.classifier_average)=94.62%
[ 2018-07-31 22:17:34,967][cascade_classifier.fit_transform] [layer=8] look_indexs=[0], X_cur_train.shape=(2944, 63), X_cur_test.shape=(1263, 63)
[ 2018-07-31 22:17:38,088][kfold_wrapper.log_eval_metrics] Accuracy(layer_8 - estimator_0 - 10_folds.train_0.predict)=94.58%
[ 2018-07-31 22:17:41,328][kfold_wrapper.log_eval_metrics] Accuracy(layer_8 - estimator_0 - 10_folds.train_1.predict)=96.27%
[ 2018-07-31 22:17:44,752][kfold_wrapper.log_eval_metrics] Accuracy(layer_8 - estimator_0 - 10_folds.train_2.predict)=96.61%
[ 2018-07-31 22:17:48,722][kfold_wrapper.log_eval_metrics] Accuracy(layer_8 - estimator_0 - 10_folds.train_3.predict)=95.25%
[ 2018-07-31 22:17:52,267][kfold_wrapper.log_eval_metrics] Accuracy(layer_8 - estimator_0 - 10_folds.train_4.predict)=94.56%
[ 2018-07-31 22:17:56,230][kfold_wrapper.log_eval_metrics] Accuracy(layer_8 - estimator_0 - 10_folds.train_5.predict)=95.24%
[ 2018-07-31 22:17:59,238][kfold_wrapper.log_eval_metrics] Accuracy(layer_8 - estimator_0 - 10_folds.train_6.predict)=95.92%
[ 2018-07-31 22:18:02,757][kfold_wrapper.log_eval_metrics] Accuracy(layer_8 - estimator_0 - 10_folds.train_7.predict)=94.56%
[ 2018-07-31 22:18:06,258][kfold_wrapper.log_eval_metrics] Accuracy(layer_8 - estimator_0 - 10_folds.train_8.predict)=95.58%
[ 2018-07-31 22:18:09,522][kfold_wrapper.log_eval_metrics] Accuracy(layer_8 - estimator_0 - 10_folds.train_9.predict)=95.92%
[ 2018-07-31 22:18:10,039][kfold_wrapper.log_eval_metrics] Accuracy(layer_8 - estimator_0 - 10_folds.train_cv.predict)=95.45%
[ 2018-07-31 22:18:10,040][kfold_wrapper.log_eval_metrics] Accuracy(layer_8 - estimator_0 - 10_folds.test.predict)=94.62%
[ 2018-07-31 22:18:13,562][kfold_wrapper.log_eval_metrics] Accuracy(layer_8 - estimator_1 - 10_folds.train_0.predict)=94.92%
[ 2018-07-31 22:18:18,101][kfold_wrapper.log_eval_metrics] Accuracy(layer_8 - estimator_1 - 10_folds.train_1.predict)=94.58%
[ 2018-07-31 22:18:23,350][kfold_wrapper.log_eval_metrics] Accuracy(layer_8 - estimator_1 - 10_folds.train_2.predict)=96.27%
[ 2018-07-31 22:18:27,556][kfold_wrapper.log_eval_metrics] Accuracy(layer_8 - estimator_1 - 10_folds.train_3.predict)=93.90%
[ 2018-07-31 22:18:31,426][kfold_wrapper.log_eval_metrics] Accuracy(layer_8 - estimator_1 - 10_folds.train_4.predict)=95.58%
[ 2018-07-31 22:18:34,663][kfold_wrapper.log_eval_metrics] Accuracy(layer_8 - estimator_1 - 10_folds.train_5.predict)=97.96%
[ 2018-07-31 22:18:38,694][kfold_wrapper.log_eval_metrics] Accuracy(layer_8 - estimator_1 - 10_folds.train_6.predict)=94.90%
[ 2018-07-31 22:18:41,396][kfold_wrapper.log_eval_metrics] Accuracy(layer_8 - estimator_1 - 10_folds.train_7.predict)=96.94%
[ 2018-07-31 22:18:45,361][kfold_wrapper.log_eval_metrics] Accuracy(layer_8 - estimator_1 - 10_folds.train_8.predict)=95.58%
[ 2018-07-31 22:18:49,083][kfold_wrapper.log_eval_metrics] Accuracy(layer_8 - estimator_1 - 10_folds.train_9.predict)=95.24%
[ 2018-07-31 22:18:50,024][kfold_wrapper.log_eval_metrics] Accuracy(layer_8 - estimator_1 - 10_folds.train_cv.predict)=95.58%
[ 2018-07-31 22:18:50,027][kfold_wrapper.log_eval_metrics] Accuracy(layer_8 - estimator_1 - 10_folds.test.predict)=94.62%
[ 2018-07-31 22:18:50,155][kfold_wrapper.log_eval_metrics] Accuracy(layer_8 - estimator_2 - 10_folds.train_0.predict)=95.93%
[ 2018-07-31 22:18:50,345][kfold_wrapper.log_eval_metrics] Accuracy(layer_8 - estimator_2 - 10_folds.train_1.predict)=93.56%
[ 2018-07-31 22:18:50,526][kfold_wrapper.log_eval_metrics] Accuracy(layer_8 - estimator_2 - 10_folds.train_2.predict)=95.93%
[ 2018-07-31 22:18:50,745][kfold_wrapper.log_eval_metrics] Accuracy(layer_8 - estimator_2 - 10_folds.train_3.predict)=97.63%
[ 2018-07-31 22:18:50,978][kfold_wrapper.log_eval_metrics] Accuracy(layer_8 - estimator_2 - 10_folds.train_4.predict)=92.18%
[ 2018-07-31 22:18:51,162][kfold_wrapper.log_eval_metrics] Accuracy(layer_8 - estimator_2 - 10_folds.train_5.predict)=95.24%
[ 2018-07-31 22:18:51,349][kfold_wrapper.log_eval_metrics] Accuracy(layer_8 - estimator_2 - 10_folds.train_6.predict)=96.94%
[ 2018-07-31 22:18:51,569][kfold_wrapper.log_eval_metrics] Accuracy(layer_8 - estimator_2 - 10_folds.train_7.predict)=96.94%
[ 2018-07-31 22:18:51,809][kfold_wrapper.log_eval_metrics] Accuracy(layer_8 - estimator_2 - 10_folds.train_8.predict)=95.58%
[ 2018-07-31 22:18:51,872][kfold_wrapper.log_eval_metrics] Accuracy(layer_8 - estimator_2 - 10_folds.train_9.predict)=95.58%
[ 2018-07-31 22:18:51,889][kfold_wrapper.log_eval_metrics] Accuracy(layer_8 - estimator_2 - 10_folds.train_cv.predict)=95.55%
[ 2018-07-31 22:18:51,903][kfold_wrapper.log_eval_metrics] Accuracy(layer_8 - estimator_2 - 10_folds.test.predict)=94.62%
[ 2018-07-31 22:18:51,919][cascade_classifier.calc_accuracy] Accuracy(layer_8 - train.classifier_average)=95.52%
[ 2018-07-31 22:18:51,934][cascade_classifier.calc_accuracy] Accuracy(layer_8 - test.classifier_average)=94.62%
[ 2018-07-31 22:18:51,936][cascade_classifier.fit_transform] [layer=9] look_indexs=[0], X_cur_train.shape=(2944, 63), X_cur_test.shape=(1263, 63)
[ 2018-07-31 22:18:54,406][kfold_wrapper.log_eval_metrics] Accuracy(layer_9 - estimator_0 - 10_folds.train_0.predict)=96.95%
[ 2018-07-31 22:18:56,747][kfold_wrapper.log_eval_metrics] Accuracy(layer_9 - estimator_0 - 10_folds.train_1.predict)=95.93%
[ 2018-07-31 22:18:59,633][kfold_wrapper.log_eval_metrics] Accuracy(layer_9 - estimator_0 - 10_folds.train_2.predict)=96.61%
[ 2018-07-31 22:19:02,761][kfold_wrapper.log_eval_metrics] Accuracy(layer_9 - estimator_0 - 10_folds.train_3.predict)=96.61%
[ 2018-07-31 22:19:05,642][kfold_wrapper.log_eval_metrics] Accuracy(layer_9 - estimator_0 - 10_folds.train_4.predict)=96.26%
[ 2018-07-31 22:19:08,420][kfold_wrapper.log_eval_metrics] Accuracy(layer_9 - estimator_0 - 10_folds.train_5.predict)=93.88%
[ 2018-07-31 22:19:11,161][kfold_wrapper.log_eval_metrics] Accuracy(layer_9 - estimator_0 - 10_folds.train_6.predict)=94.90%
[ 2018-07-31 22:19:14,012][kfold_wrapper.log_eval_metrics] Accuracy(layer_9 - estimator_0 - 10_folds.train_7.predict)=93.88%
[ 2018-07-31 22:19:16,599][kfold_wrapper.log_eval_metrics] Accuracy(layer_9 - estimator_0 - 10_folds.train_8.predict)=96.94%
[ 2018-07-31 22:19:19,653][kfold_wrapper.log_eval_metrics] Accuracy(layer_9 - estimator_0 - 10_folds.train_9.predict)=93.54%
[ 2018-07-31 22:19:19,894][kfold_wrapper.log_eval_metrics] Accuracy(layer_9 - estimator_0 - 10_folds.train_cv.predict)=95.55%
[ 2018-07-31 22:19:19,897][kfold_wrapper.log_eval_metrics] Accuracy(layer_9 - estimator_0 - 10_folds.test.predict)=94.62%
[ 2018-07-31 22:19:22,010][kfold_wrapper.log_eval_metrics] Accuracy(layer_9 - estimator_1 - 10_folds.train_0.predict)=96.95%
[ 2018-07-31 22:19:24,354][kfold_wrapper.log_eval_metrics] Accuracy(layer_9 - estimator_1 - 10_folds.train_1.predict)=95.25%
[ 2018-07-31 22:19:27,281][kfold_wrapper.log_eval_metrics] Accuracy(layer_9 - estimator_1 - 10_folds.train_2.predict)=94.24%
[ 2018-07-31 22:19:29,422][kfold_wrapper.log_eval_metrics] Accuracy(layer_9 - estimator_1 - 10_folds.train_3.predict)=95.25%
[ 2018-07-31 22:19:31,876][kfold_wrapper.log_eval_metrics] Accuracy(layer_9 - estimator_1 - 10_folds.train_4.predict)=96.94%
[ 2018-07-31 22:19:34,616][kfold_wrapper.log_eval_metrics] Accuracy(layer_9 - estimator_1 - 10_folds.train_5.predict)=95.58%
[ 2018-07-31 22:19:36,934][kfold_wrapper.log_eval_metrics] Accuracy(layer_9 - estimator_1 - 10_folds.train_6.predict)=94.22%
[ 2018-07-31 22:19:39,829][kfold_wrapper.log_eval_metrics] Accuracy(layer_9 - estimator_1 - 10_folds.train_7.predict)=95.24%
[ 2018-07-31 22:19:43,905][kfold_wrapper.log_eval_metrics] Accuracy(layer_9 - estimator_1 - 10_folds.train_8.predict)=96.94%
[ 2018-07-31 22:19:47,151][kfold_wrapper.log_eval_metrics] Accuracy(layer_9 - estimator_1 - 10_folds.train_9.predict)=95.58%
[ 2018-07-31 22:19:47,701][kfold_wrapper.log_eval_metrics] Accuracy(layer_9 - estimator_1 - 10_folds.train_cv.predict)=95.62%
[ 2018-07-31 22:19:47,707][kfold_wrapper.log_eval_metrics] Accuracy(layer_9 - estimator_1 - 10_folds.test.predict)=94.62%
[ 2018-07-31 22:19:47,858][kfold_wrapper.log_eval_metrics] Accuracy(layer_9 - estimator_2 - 10_folds.train_0.predict)=95.93%
[ 2018-07-31 22:19:48,024][kfold_wrapper.log_eval_metrics] Accuracy(layer_9 - estimator_2 - 10_folds.train_1.predict)=94.24%
[ 2018-07-31 22:19:48,250][kfold_wrapper.log_eval_metrics] Accuracy(layer_9 - estimator_2 - 10_folds.train_2.predict)=96.95%
[ 2018-07-31 22:19:48,453][kfold_wrapper.log_eval_metrics] Accuracy(layer_9 - estimator_2 - 10_folds.train_3.predict)=96.27%
[ 2018-07-31 22:19:48,617][kfold_wrapper.log_eval_metrics] Accuracy(layer_9 - estimator_2 - 10_folds.train_4.predict)=96.26%
[ 2018-07-31 22:19:48,793][kfold_wrapper.log_eval_metrics] Accuracy(layer_9 - estimator_2 - 10_folds.train_5.predict)=94.56%
[ 2018-07-31 22:19:48,898][kfold_wrapper.log_eval_metrics] Accuracy(layer_9 - estimator_2 - 10_folds.train_6.predict)=93.54%
[ 2018-07-31 22:19:49,046][kfold_wrapper.log_eval_metrics] Accuracy(layer_9 - estimator_2 - 10_folds.train_7.predict)=94.90%
[ 2018-07-31 22:19:49,189][kfold_wrapper.log_eval_metrics] Accuracy(layer_9 - estimator_2 - 10_folds.train_8.predict)=95.92%
[ 2018-07-31 22:19:49,304][kfold_wrapper.log_eval_metrics] Accuracy(layer_9 - estimator_2 - 10_folds.train_9.predict)=96.60%
[ 2018-07-31 22:19:49,306][kfold_wrapper.log_eval_metrics] Accuracy(layer_9 - estimator_2 - 10_folds.train_cv.predict)=95.52%
[ 2018-07-31 22:19:49,313][kfold_wrapper.log_eval_metrics] Accuracy(layer_9 - estimator_2 - 10_folds.test.predict)=94.62%
[ 2018-07-31 22:19:49,328][cascade_classifier.calc_accuracy] Accuracy(layer_9 - train.classifier_average)=95.52%
[ 2018-07-31 22:19:49,330][cascade_classifier.calc_accuracy] Accuracy(layer_9 - test.classifier_average)=94.62%
[ 2018-07-31 22:19:49,367][cascade_classifier.fit_transform] [layer=10] look_indexs=[0], X_cur_train.shape=(2944, 63), X_cur_test.shape=(1263, 63)
[ 2018-07-31 22:19:52,166][kfold_wrapper.log_eval_metrics] Accuracy(layer_10 - estimator_0 - 10_folds.train_0.predict)=93.56%
[ 2018-07-31 22:19:55,600][kfold_wrapper.log_eval_metrics] Accuracy(layer_10 - estimator_0 - 10_folds.train_1.predict)=96.61%
[ 2018-07-31 22:19:57,939][kfold_wrapper.log_eval_metrics] Accuracy(layer_10 - estimator_0 - 10_folds.train_2.predict)=95.93%
[ 2018-07-31 22:20:01,133][kfold_wrapper.log_eval_metrics] Accuracy(layer_10 - estimator_0 - 10_folds.train_3.predict)=94.24%
[ 2018-07-31 22:20:03,188][kfold_wrapper.log_eval_metrics] Accuracy(layer_10 - estimator_0 - 10_folds.train_4.predict)=96.94%
[ 2018-07-31 22:20:05,237][kfold_wrapper.log_eval_metrics] Accuracy(layer_10 - estimator_0 - 10_folds.train_5.predict)=95.92%
[ 2018-07-31 22:20:07,347][kfold_wrapper.log_eval_metrics] Accuracy(layer_10 - estimator_0 - 10_folds.train_6.predict)=95.92%
[ 2018-07-31 22:20:09,801][kfold_wrapper.log_eval_metrics] Accuracy(layer_10 - estimator_0 - 10_folds.train_7.predict)=95.92%
[ 2018-07-31 22:20:12,736][kfold_wrapper.log_eval_metrics] Accuracy(layer_10 - estimator_0 - 10_folds.train_8.predict)=94.22%
[ 2018-07-31 22:20:15,369][kfold_wrapper.log_eval_metrics] Accuracy(layer_10 - estimator_0 - 10_folds.train_9.predict)=96.60%
[ 2018-07-31 22:20:15,804][kfold_wrapper.log_eval_metrics] Accuracy(layer_10 - estimator_0 - 10_folds.train_cv.predict)=95.58%
[ 2018-07-31 22:20:15,805][kfold_wrapper.log_eval_metrics] Accuracy(layer_10 - estimator_0 - 10_folds.test.predict)=94.62%
[ 2018-07-31 22:20:18,660][kfold_wrapper.log_eval_metrics] Accuracy(layer_10 - estimator_1 - 10_folds.train_0.predict)=95.93%
[ 2018-07-31 22:20:21,509][kfold_wrapper.log_eval_metrics] Accuracy(layer_10 - estimator_1 - 10_folds.train_1.predict)=96.27%
[ 2018-07-31 22:20:24,384][kfold_wrapper.log_eval_metrics] Accuracy(layer_10 - estimator_1 - 10_folds.train_2.predict)=93.90%
[ 2018-07-31 22:20:27,234][kfold_wrapper.log_eval_metrics] Accuracy(layer_10 - estimator_1 - 10_folds.train_3.predict)=93.90%
[ 2018-07-31 22:20:29,869][kfold_wrapper.log_eval_metrics] Accuracy(layer_10 - estimator_1 - 10_folds.train_4.predict)=96.60%
[ 2018-07-31 22:20:32,990][kfold_wrapper.log_eval_metrics] Accuracy(layer_10 - estimator_1 - 10_folds.train_5.predict)=96.94%
[ 2018-07-31 22:20:35,850][kfold_wrapper.log_eval_metrics] Accuracy(layer_10 - estimator_1 - 10_folds.train_6.predict)=96.94%
[ 2018-07-31 22:20:39,010][kfold_wrapper.log_eval_metrics] Accuracy(layer_10 - estimator_1 - 10_folds.train_7.predict)=93.20%
[ 2018-07-31 22:20:42,273][kfold_wrapper.log_eval_metrics] Accuracy(layer_10 - estimator_1 - 10_folds.train_8.predict)=96.94%
[ 2018-07-31 22:20:45,263][kfold_wrapper.log_eval_metrics] Accuracy(layer_10 - estimator_1 - 10_folds.train_9.predict)=94.56%
[ 2018-07-31 22:20:45,857][kfold_wrapper.log_eval_metrics] Accuracy(layer_10 - estimator_1 - 10_folds.train_cv.predict)=95.52%
[ 2018-07-31 22:20:45,859][kfold_wrapper.log_eval_metrics] Accuracy(layer_10 - estimator_1 - 10_folds.test.predict)=94.62%
[ 2018-07-31 22:20:45,949][kfold_wrapper.log_eval_metrics] Accuracy(layer_10 - estimator_2 - 10_folds.train_0.predict)=95.93%
[ 2018-07-31 22:20:46,180][kfold_wrapper.log_eval_metrics] Accuracy(layer_10 - estimator_2 - 10_folds.train_1.predict)=95.25%
[ 2018-07-31 22:20:46,399][kfold_wrapper.log_eval_metrics] Accuracy(layer_10 - estimator_2 - 10_folds.train_2.predict)=96.27%
[ 2018-07-31 22:20:46,482][kfold_wrapper.log_eval_metrics] Accuracy(layer_10 - estimator_2 - 10_folds.train_3.predict)=96.27%
[ 2018-07-31 22:20:46,788][kfold_wrapper.log_eval_metrics] Accuracy(layer_10 - estimator_2 - 10_folds.train_4.predict)=95.24%
[ 2018-07-31 22:20:46,995][kfold_wrapper.log_eval_metrics] Accuracy(layer_10 - estimator_2 - 10_folds.train_5.predict)=95.92%
[ 2018-07-31 22:20:47,235][kfold_wrapper.log_eval_metrics] Accuracy(layer_10 - estimator_2 - 10_folds.train_6.predict)=95.24%
[ 2018-07-31 22:20:47,411][kfold_wrapper.log_eval_metrics] Accuracy(layer_10 - estimator_2 - 10_folds.train_7.predict)=94.56%
[ 2018-07-31 22:20:47,543][kfold_wrapper.log_eval_metrics] Accuracy(layer_10 - estimator_2 - 10_folds.train_8.predict)=95.24%
[ 2018-07-31 22:20:47,630][kfold_wrapper.log_eval_metrics] Accuracy(layer_10 - estimator_2 - 10_folds.train_9.predict)=95.92%
[ 2018-07-31 22:20:47,644][kfold_wrapper.log_eval_metrics] Accuracy(layer_10 - estimator_2 - 10_folds.train_cv.predict)=95.58%
[ 2018-07-31 22:20:47,646][kfold_wrapper.log_eval_metrics] Accuracy(layer_10 - estimator_2 - 10_folds.test.predict)=94.62%
[ 2018-07-31 22:20:47,651][cascade_classifier.calc_accuracy] Accuracy(layer_10 - train.classifier_average)=95.62%
[ 2018-07-31 22:20:47,652][cascade_classifier.calc_accuracy] Accuracy(layer_10 - test.classifier_average)=94.62%
[ 2018-07-31 22:20:47,655][cascade_classifier.fit_transform] [layer=11] look_indexs=[0], X_cur_train.shape=(2944, 63), X_cur_test.shape=(1263, 63)
[ 2018-07-31 22:20:49,466][kfold_wrapper.log_eval_metrics] Accuracy(layer_11 - estimator_0 - 10_folds.train_0.predict)=95.93%
[ 2018-07-31 22:20:51,603][kfold_wrapper.log_eval_metrics] Accuracy(layer_11 - estimator_0 - 10_folds.train_1.predict)=95.25%
[ 2018-07-31 22:20:54,083][kfold_wrapper.log_eval_metrics] Accuracy(layer_11 - estimator_0 - 10_folds.train_2.predict)=95.59%
[ 2018-07-31 22:20:56,791][kfold_wrapper.log_eval_metrics] Accuracy(layer_11 - estimator_0 - 10_folds.train_3.predict)=94.92%
[ 2018-07-31 22:20:59,750][kfold_wrapper.log_eval_metrics] Accuracy(layer_11 - estimator_0 - 10_folds.train_4.predict)=93.88%
[ 2018-07-31 22:21:01,648][kfold_wrapper.log_eval_metrics] Accuracy(layer_11 - estimator_0 - 10_folds.train_5.predict)=95.24%
[ 2018-07-31 22:21:04,295][kfold_wrapper.log_eval_metrics] Accuracy(layer_11 - estimator_0 - 10_folds.train_6.predict)=95.24%
[ 2018-07-31 22:21:07,802][kfold_wrapper.log_eval_metrics] Accuracy(layer_11 - estimator_0 - 10_folds.train_7.predict)=96.60%
[ 2018-07-31 22:21:10,671][kfold_wrapper.log_eval_metrics] Accuracy(layer_11 - estimator_0 - 10_folds.train_8.predict)=96.94%
[ 2018-07-31 22:21:14,404][kfold_wrapper.log_eval_metrics] Accuracy(layer_11 - estimator_0 - 10_folds.train_9.predict)=96.26%
[ 2018-07-31 22:21:15,164][kfold_wrapper.log_eval_metrics] Accuracy(layer_11 - estimator_0 - 10_folds.train_cv.predict)=95.58%
[ 2018-07-31 22:21:15,166][kfold_wrapper.log_eval_metrics] Accuracy(layer_11 - estimator_0 - 10_folds.test.predict)=94.62%
[ 2018-07-31 22:21:18,509][kfold_wrapper.log_eval_metrics] Accuracy(layer_11 - estimator_1 - 10_folds.train_0.predict)=96.61%
[ 2018-07-31 22:21:21,781][kfold_wrapper.log_eval_metrics] Accuracy(layer_11 - estimator_1 - 10_folds.train_1.predict)=96.27%
[ 2018-07-31 22:21:25,745][kfold_wrapper.log_eval_metrics] Accuracy(layer_11 - estimator_1 - 10_folds.train_2.predict)=96.27%
[ 2018-07-31 22:21:29,406][kfold_wrapper.log_eval_metrics] Accuracy(layer_11 - estimator_1 - 10_folds.train_3.predict)=94.24%
[ 2018-07-31 22:21:32,675][kfold_wrapper.log_eval_metrics] Accuracy(layer_11 - estimator_1 - 10_folds.train_4.predict)=96.60%
[ 2018-07-31 22:21:35,181][kfold_wrapper.log_eval_metrics] Accuracy(layer_11 - estimator_1 - 10_folds.train_5.predict)=94.90%
[ 2018-07-31 22:21:37,551][kfold_wrapper.log_eval_metrics] Accuracy(layer_11 - estimator_1 - 10_folds.train_6.predict)=95.58%
[ 2018-07-31 22:21:40,876][kfold_wrapper.log_eval_metrics] Accuracy(layer_11 - estimator_1 - 10_folds.train_7.predict)=95.24%
[ 2018-07-31 22:21:43,524][kfold_wrapper.log_eval_metrics] Accuracy(layer_11 - estimator_1 - 10_folds.train_8.predict)=95.92%
[ 2018-07-31 22:21:46,844][kfold_wrapper.log_eval_metrics] Accuracy(layer_11 - estimator_1 - 10_folds.train_9.predict)=94.22%
[ 2018-07-31 22:21:47,461][kfold_wrapper.log_eval_metrics] Accuracy(layer_11 - estimator_1 - 10_folds.train_cv.predict)=95.58%
[ 2018-07-31 22:21:47,463][kfold_wrapper.log_eval_metrics] Accuracy(layer_11 - estimator_1 - 10_folds.test.predict)=94.62%
[ 2018-07-31 22:21:47,541][kfold_wrapper.log_eval_metrics] Accuracy(layer_11 - estimator_2 - 10_folds.train_0.predict)=94.92%
[ 2018-07-31 22:21:47,744][kfold_wrapper.log_eval_metrics] Accuracy(layer_11 - estimator_2 - 10_folds.train_1.predict)=96.27%
[ 2018-07-31 22:21:47,959][kfold_wrapper.log_eval_metrics] Accuracy(layer_11 - estimator_2 - 10_folds.train_2.predict)=94.92%
[ 2018-07-31 22:21:48,273][kfold_wrapper.log_eval_metrics] Accuracy(layer_11 - estimator_2 - 10_folds.train_3.predict)=95.93%
[ 2018-07-31 22:21:48,444][kfold_wrapper.log_eval_metrics] Accuracy(layer_11 - estimator_2 - 10_folds.train_4.predict)=96.60%
[ 2018-07-31 22:21:48,595][kfold_wrapper.log_eval_metrics] Accuracy(layer_11 - estimator_2 - 10_folds.train_5.predict)=94.90%
[ 2018-07-31 22:21:48,757][kfold_wrapper.log_eval_metrics] Accuracy(layer_11 - estimator_2 - 10_folds.train_6.predict)=95.58%
[ 2018-07-31 22:21:48,963][kfold_wrapper.log_eval_metrics] Accuracy(layer_11 - estimator_2 - 10_folds.train_7.predict)=95.58%
[ 2018-07-31 22:21:49,133][kfold_wrapper.log_eval_metrics] Accuracy(layer_11 - estimator_2 - 10_folds.train_8.predict)=94.90%
[ 2018-07-31 22:21:49,338][kfold_wrapper.log_eval_metrics] Accuracy(layer_11 - estimator_2 - 10_folds.train_9.predict)=96.26%
[ 2018-07-31 22:21:49,364][kfold_wrapper.log_eval_metrics] Accuracy(layer_11 - estimator_2 - 10_folds.train_cv.predict)=95.58%
[ 2018-07-31 22:21:49,365][kfold_wrapper.log_eval_metrics] Accuracy(layer_11 - estimator_2 - 10_folds.test.predict)=94.62%
[ 2018-07-31 22:21:49,371][cascade_classifier.calc_accuracy] Accuracy(layer_11 - train.classifier_average)=95.62%
[ 2018-07-31 22:21:49,382][cascade_classifier.calc_accuracy] Accuracy(layer_11 - test.classifier_average)=94.62%
[ 2018-07-31 22:21:49,384][cascade_classifier.fit_transform] [layer=12] look_indexs=[0], X_cur_train.shape=(2944, 63), X_cur_test.shape=(1263, 63)
[ 2018-07-31 22:21:52,134][kfold_wrapper.log_eval_metrics] Accuracy(layer_12 - estimator_0 - 10_folds.train_0.predict)=93.90%
[ 2018-07-31 22:21:54,442][kfold_wrapper.log_eval_metrics] Accuracy(layer_12 - estimator_0 - 10_folds.train_1.predict)=93.56%
[ 2018-07-31 22:21:57,286][kfold_wrapper.log_eval_metrics] Accuracy(layer_12 - estimator_0 - 10_folds.train_2.predict)=97.29%
[ 2018-07-31 22:21:59,409][kfold_wrapper.log_eval_metrics] Accuracy(layer_12 - estimator_0 - 10_folds.train_3.predict)=95.93%
[ 2018-07-31 22:22:02,109][kfold_wrapper.log_eval_metrics] Accuracy(layer_12 - estimator_0 - 10_folds.train_4.predict)=96.26%
[ 2018-07-31 22:22:04,986][kfold_wrapper.log_eval_metrics] Accuracy(layer_12 - estimator_0 - 10_folds.train_5.predict)=96.26%
[ 2018-07-31 22:22:07,128][kfold_wrapper.log_eval_metrics] Accuracy(layer_12 - estimator_0 - 10_folds.train_6.predict)=95.92%
[ 2018-07-31 22:22:09,850][kfold_wrapper.log_eval_metrics] Accuracy(layer_12 - estimator_0 - 10_folds.train_7.predict)=96.26%
[ 2018-07-31 22:22:12,152][kfold_wrapper.log_eval_metrics] Accuracy(layer_12 - estimator_0 - 10_folds.train_8.predict)=95.24%
[ 2018-07-31 22:22:15,095][kfold_wrapper.log_eval_metrics] Accuracy(layer_12 - estimator_0 - 10_folds.train_9.predict)=95.58%
[ 2018-07-31 22:22:15,673][kfold_wrapper.log_eval_metrics] Accuracy(layer_12 - estimator_0 - 10_folds.train_cv.predict)=95.62%
[ 2018-07-31 22:22:15,674][kfold_wrapper.log_eval_metrics] Accuracy(layer_12 - estimator_0 - 10_folds.test.predict)=94.70%
[ 2018-07-31 22:22:17,849][kfold_wrapper.log_eval_metrics] Accuracy(layer_12 - estimator_1 - 10_folds.train_0.predict)=95.59%
[ 2018-07-31 22:22:20,786][kfold_wrapper.log_eval_metrics] Accuracy(layer_12 - estimator_1 - 10_folds.train_1.predict)=97.29%
[ 2018-07-31 22:22:23,320][kfold_wrapper.log_eval_metrics] Accuracy(layer_12 - estimator_1 - 10_folds.train_2.predict)=96.95%
[ 2018-07-31 22:22:26,878][kfold_wrapper.log_eval_metrics] Accuracy(layer_12 - estimator_1 - 10_folds.train_3.predict)=96.95%
[ 2018-07-31 22:22:29,158][kfold_wrapper.log_eval_metrics] Accuracy(layer_12 - estimator_1 - 10_folds.train_4.predict)=94.22%
[ 2018-07-31 22:22:32,599][kfold_wrapper.log_eval_metrics] Accuracy(layer_12 - estimator_1 - 10_folds.train_5.predict)=93.88%
[ 2018-07-31 22:22:34,779][kfold_wrapper.log_eval_metrics] Accuracy(layer_12 - estimator_1 - 10_folds.train_6.predict)=95.92%
[ 2018-07-31 22:22:37,637][kfold_wrapper.log_eval_metrics] Accuracy(layer_12 - estimator_1 - 10_folds.train_7.predict)=95.92%
[ 2018-07-31 22:22:40,527][kfold_wrapper.log_eval_metrics] Accuracy(layer_12 - estimator_1 - 10_folds.train_8.predict)=94.22%
[ 2018-07-31 22:22:43,054][kfold_wrapper.log_eval_metrics] Accuracy(layer_12 - estimator_1 - 10_folds.train_9.predict)=95.58%
[ 2018-07-31 22:22:43,846][kfold_wrapper.log_eval_metrics] Accuracy(layer_12 - estimator_1 - 10_folds.train_cv.predict)=95.65%
[ 2018-07-31 22:22:43,849][kfold_wrapper.log_eval_metrics] Accuracy(layer_12 - estimator_1 - 10_folds.test.predict)=94.70%
[ 2018-07-31 22:22:44,003][kfold_wrapper.log_eval_metrics] Accuracy(layer_12 - estimator_2 - 10_folds.train_0.predict)=93.22%
[ 2018-07-31 22:22:44,093][kfold_wrapper.log_eval_metrics] Accuracy(layer_12 - estimator_2 - 10_folds.train_1.predict)=96.27%
[ 2018-07-31 22:22:44,341][kfold_wrapper.log_eval_metrics] Accuracy(layer_12 - estimator_2 - 10_folds.train_2.predict)=97.63%
[ 2018-07-31 22:22:44,591][kfold_wrapper.log_eval_metrics] Accuracy(layer_12 - estimator_2 - 10_folds.train_3.predict)=94.58%
[ 2018-07-31 22:22:44,820][kfold_wrapper.log_eval_metrics] Accuracy(layer_12 - estimator_2 - 10_folds.train_4.predict)=97.62%
[ 2018-07-31 22:22:45,017][kfold_wrapper.log_eval_metrics] Accuracy(layer_12 - estimator_2 - 10_folds.train_5.predict)=96.26%
[ 2018-07-31 22:22:45,240][kfold_wrapper.log_eval_metrics] Accuracy(layer_12 - estimator_2 - 10_folds.train_6.predict)=93.20%
[ 2018-07-31 22:22:45,471][kfold_wrapper.log_eval_metrics] Accuracy(layer_12 - estimator_2 - 10_folds.train_7.predict)=95.24%
[ 2018-07-31 22:22:45,678][kfold_wrapper.log_eval_metrics] Accuracy(layer_12 - estimator_2 - 10_folds.train_8.predict)=96.26%
[ 2018-07-31 22:22:45,875][kfold_wrapper.log_eval_metrics] Accuracy(layer_12 - estimator_2 - 10_folds.train_9.predict)=95.58%
[ 2018-07-31 22:22:45,924][kfold_wrapper.log_eval_metrics] Accuracy(layer_12 - estimator_2 - 10_folds.train_cv.predict)=95.58%
[ 2018-07-31 22:22:45,925][kfold_wrapper.log_eval_metrics] Accuracy(layer_12 - estimator_2 - 10_folds.test.predict)=94.54%
[ 2018-07-31 22:22:45,926][cascade_classifier.calc_accuracy] Accuracy(layer_12 - train.classifier_average)=95.62%
[ 2018-07-31 22:22:45,928][cascade_classifier.calc_accuracy] Accuracy(layer_12 - test.classifier_average)=94.62%
[ 2018-07-31 22:22:45,930][cascade_classifier.fit_transform] [layer=13] look_indexs=[0], X_cur_train.shape=(2944, 63), X_cur_test.shape=(1263, 63)
[ 2018-07-31 22:22:48,607][kfold_wrapper.log_eval_metrics] Accuracy(layer_13 - estimator_0 - 10_folds.train_0.predict)=94.92%
[ 2018-07-31 22:22:51,199][kfold_wrapper.log_eval_metrics] Accuracy(layer_13 - estimator_0 - 10_folds.train_1.predict)=94.92%
[ 2018-07-31 22:22:53,445][kfold_wrapper.log_eval_metrics] Accuracy(layer_13 - estimator_0 - 10_folds.train_2.predict)=95.25%
[ 2018-07-31 22:22:56,236][kfold_wrapper.log_eval_metrics] Accuracy(layer_13 - estimator_0 - 10_folds.train_3.predict)=97.97%
[ 2018-07-31 22:22:58,725][kfold_wrapper.log_eval_metrics] Accuracy(layer_13 - estimator_0 - 10_folds.train_4.predict)=95.58%
[ 2018-07-31 22:23:01,934][kfold_wrapper.log_eval_metrics] Accuracy(layer_13 - estimator_0 - 10_folds.train_5.predict)=95.92%
[ 2018-07-31 22:23:04,603][kfold_wrapper.log_eval_metrics] Accuracy(layer_13 - estimator_0 - 10_folds.train_6.predict)=95.92%
[ 2018-07-31 22:23:07,108][kfold_wrapper.log_eval_metrics] Accuracy(layer_13 - estimator_0 - 10_folds.train_7.predict)=95.92%
[ 2018-07-31 22:23:10,586][kfold_wrapper.log_eval_metrics] Accuracy(layer_13 - estimator_0 - 10_folds.train_8.predict)=95.58%
[ 2018-07-31 22:23:14,141][kfold_wrapper.log_eval_metrics] Accuracy(layer_13 - estimator_0 - 10_folds.train_9.predict)=94.22%
[ 2018-07-31 22:23:14,620][kfold_wrapper.log_eval_metrics] Accuracy(layer_13 - estimator_0 - 10_folds.train_cv.predict)=95.62%
[ 2018-07-31 22:23:14,623][kfold_wrapper.log_eval_metrics] Accuracy(layer_13 - estimator_0 - 10_folds.test.predict)=94.70%
[ 2018-07-31 22:23:17,286][kfold_wrapper.log_eval_metrics] Accuracy(layer_13 - estimator_1 - 10_folds.train_0.predict)=95.59%
[ 2018-07-31 22:23:19,778][kfold_wrapper.log_eval_metrics] Accuracy(layer_13 - estimator_1 - 10_folds.train_1.predict)=93.90%
[ 2018-07-31 22:23:22,479][kfold_wrapper.log_eval_metrics] Accuracy(layer_13 - estimator_1 - 10_folds.train_2.predict)=97.63%
[ 2018-07-31 22:23:25,052][kfold_wrapper.log_eval_metrics] Accuracy(layer_13 - estimator_1 - 10_folds.train_3.predict)=96.61%
[ 2018-07-31 22:23:26,638][kfold_wrapper.log_eval_metrics] Accuracy(layer_13 - estimator_1 - 10_folds.train_4.predict)=95.58%
[ 2018-07-31 22:23:29,092][kfold_wrapper.log_eval_metrics] Accuracy(layer_13 - estimator_1 - 10_folds.train_5.predict)=94.56%
[ 2018-07-31 22:23:31,850][kfold_wrapper.log_eval_metrics] Accuracy(layer_13 - estimator_1 - 10_folds.train_6.predict)=95.24%
[ 2018-07-31 22:23:34,160][kfold_wrapper.log_eval_metrics] Accuracy(layer_13 - estimator_1 - 10_folds.train_7.predict)=96.94%
[ 2018-07-31 22:23:36,847][kfold_wrapper.log_eval_metrics] Accuracy(layer_13 - estimator_1 - 10_folds.train_8.predict)=93.88%
[ 2018-07-31 22:23:39,498][kfold_wrapper.log_eval_metrics] Accuracy(layer_13 - estimator_1 - 10_folds.train_9.predict)=96.26%
[ 2018-07-31 22:23:39,894][kfold_wrapper.log_eval_metrics] Accuracy(layer_13 - estimator_1 - 10_folds.train_cv.predict)=95.62%
[ 2018-07-31 22:23:39,896][kfold_wrapper.log_eval_metrics] Accuracy(layer_13 - estimator_1 - 10_folds.test.predict)=94.62%
[ 2018-07-31 22:23:40,005][kfold_wrapper.log_eval_metrics] Accuracy(layer_13 - estimator_2 - 10_folds.train_0.predict)=95.59%
[ 2018-07-31 22:23:40,122][kfold_wrapper.log_eval_metrics] Accuracy(layer_13 - estimator_2 - 10_folds.train_1.predict)=95.25%
[ 2018-07-31 22:23:40,202][kfold_wrapper.log_eval_metrics] Accuracy(layer_13 - estimator_2 - 10_folds.train_2.predict)=95.25%
[ 2018-07-31 22:23:40,309][kfold_wrapper.log_eval_metrics] Accuracy(layer_13 - estimator_2 - 10_folds.train_3.predict)=97.29%
[ 2018-07-31 22:23:40,457][kfold_wrapper.log_eval_metrics] Accuracy(layer_13 - estimator_2 - 10_folds.train_4.predict)=95.24%
[ 2018-07-31 22:23:40,575][kfold_wrapper.log_eval_metrics] Accuracy(layer_13 - estimator_2 - 10_folds.train_5.predict)=95.92%
[ 2018-07-31 22:23:40,709][kfold_wrapper.log_eval_metrics] Accuracy(layer_13 - estimator_2 - 10_folds.train_6.predict)=95.24%
[ 2018-07-31 22:23:40,872][kfold_wrapper.log_eval_metrics] Accuracy(layer_13 - estimator_2 - 10_folds.train_7.predict)=96.60%
[ 2018-07-31 22:23:41,061][kfold_wrapper.log_eval_metrics] Accuracy(layer_13 - estimator_2 - 10_folds.train_8.predict)=92.86%
[ 2018-07-31 22:23:41,206][kfold_wrapper.log_eval_metrics] Accuracy(layer_13 - estimator_2 - 10_folds.train_9.predict)=96.94%
[ 2018-07-31 22:23:41,213][kfold_wrapper.log_eval_metrics] Accuracy(layer_13 - estimator_2 - 10_folds.train_cv.predict)=95.62%
[ 2018-07-31 22:23:41,225][kfold_wrapper.log_eval_metrics] Accuracy(layer_13 - estimator_2 - 10_folds.test.predict)=94.70%
[ 2018-07-31 22:23:41,246][cascade_classifier.calc_accuracy] Accuracy(layer_13 - train.classifier_average)=95.62%
[ 2018-07-31 22:23:41,261][cascade_classifier.calc_accuracy] Accuracy(layer_13 - test.classifier_average)=94.70%
[ 2018-07-31 22:23:41,263][cascade_classifier.fit_transform] [Result][Optimal Level Detected] opt_layer_num=11, accuracy_train=95.62%, accuracy_test=94.62%
[ 2018-07-31 22:23:41,399][cascade_classifier.transform] X_groups_test.shape=[(1263, 57)]
[ 2018-07-31 22:23:41,407][cascade_classifier.transform] group_dims=[57]
[ 2018-07-31 22:23:41,409][cascade_classifier.transform] X_test.shape=(1263, 57)
[ 2018-07-31 22:23:41,410][cascade_classifier.transform] [layer=0] look_indexs=[0], X_cur_test.shape=(1263, 57)
[ 2018-07-31 22:23:52,208][cascade_classifier.transform] [layer=1] look_indexs=[0], X_cur_test.shape=(1263, 63)
[ 2018-07-31 22:24:01,639][cascade_classifier.transform] [layer=2] look_indexs=[0], X_cur_test.shape=(1263, 63)
[ 2018-07-31 22:24:13,446][cascade_classifier.transform] [layer=3] look_indexs=[0], X_cur_test.shape=(1263, 63)
[ 2018-07-31 22:24:25,002][cascade_classifier.transform] [layer=4] look_indexs=[0], X_cur_test.shape=(1263, 63)
[ 2018-07-31 22:24:34,744][cascade_classifier.transform] [layer=5] look_indexs=[0], X_cur_test.shape=(1263, 63)
[ 2018-07-31 22:24:41,989][cascade_classifier.transform] [layer=6] look_indexs=[0], X_cur_test.shape=(1263, 63)
[ 2018-07-31 22:24:49,843][cascade_classifier.transform] [layer=7] look_indexs=[0], X_cur_test.shape=(1263, 63)
[ 2018-07-31 22:24:59,056][cascade_classifier.transform] [layer=8] look_indexs=[0], X_cur_test.shape=(1263, 63)
[ 2018-07-31 22:25:07,550][cascade_classifier.transform] [layer=9] look_indexs=[0], X_cur_test.shape=(1263, 63)
[ 2018-07-31 22:25:16,374][cascade_classifier.transform] [layer=10] look_indexs=[0], X_cur_test.shape=(1263, 63)
