[ 2018-07-31 17:00:38,453][cascade_classifier.fit_transform] X_groups_train.shape=[(50000, 3072)],y_train.shape=(50000,),X_groups_test.shape=[(10000, 3072)],y_test.shape=(10000,)
[ 2018-07-31 17:00:38,518][cascade_classifier.fit_transform] group_dims=[3072]
[ 2018-07-31 17:00:38,520][cascade_classifier.fit_transform] group_starts=[0]
[ 2018-07-31 17:00:38,520][cascade_classifier.fit_transform] group_ends=[3072]
[ 2018-07-31 17:00:38,521][cascade_classifier.fit_transform] X_train.shape=(50000, 3072),X_test.shape=(10000, 3072)
[ 2018-07-31 17:00:38,884][cascade_classifier.fit_transform] [layer=0] look_indexs=[0], X_cur_train.shape=(50000, 3072), X_cur_test.shape=(10000, 3072)
[ 2018-07-31 17:01:25,069][kfold_wrapper.log_eval_metrics] Accuracy(layer_0 - estimator_0 - 10_folds.train_0.predict)=45.78%
[ 2018-07-31 17:02:11,104][kfold_wrapper.log_eval_metrics] Accuracy(layer_0 - estimator_0 - 10_folds.train_1.predict)=44.80%
[ 2018-07-31 17:02:59,594][kfold_wrapper.log_eval_metrics] Accuracy(layer_0 - estimator_0 - 10_folds.train_2.predict)=45.86%
[ 2018-07-31 17:03:43,507][kfold_wrapper.log_eval_metrics] Accuracy(layer_0 - estimator_0 - 10_folds.train_3.predict)=46.36%
[ 2018-07-31 17:04:25,488][kfold_wrapper.log_eval_metrics] Accuracy(layer_0 - estimator_0 - 10_folds.train_4.predict)=46.06%
[ 2018-07-31 17:05:07,910][kfold_wrapper.log_eval_metrics] Accuracy(layer_0 - estimator_0 - 10_folds.train_5.predict)=46.68%
[ 2018-07-31 17:05:55,260][kfold_wrapper.log_eval_metrics] Accuracy(layer_0 - estimator_0 - 10_folds.train_6.predict)=45.88%
[ 2018-07-31 17:06:42,540][kfold_wrapper.log_eval_metrics] Accuracy(layer_0 - estimator_0 - 10_folds.train_7.predict)=46.00%
[ 2018-07-31 17:07:27,451][kfold_wrapper.log_eval_metrics] Accuracy(layer_0 - estimator_0 - 10_folds.train_8.predict)=46.42%
[ 2018-07-31 17:08:16,034][kfold_wrapper.log_eval_metrics] Accuracy(layer_0 - estimator_0 - 10_folds.train_9.predict)=45.72%
[ 2018-07-31 17:08:16,274][kfold_wrapper.log_eval_metrics] Accuracy(layer_0 - estimator_0 - 10_folds.train_cv.predict)=45.96%
[ 2018-07-31 17:08:16,275][kfold_wrapper.log_eval_metrics] Accuracy(layer_0 - estimator_0 - 10_folds.test.predict)=48.90%
[ 2018-07-31 17:08:33,922][kfold_wrapper.log_eval_metrics] Accuracy(layer_0 - estimator_1 - 10_folds.train_0.predict)=46.10%
[ 2018-07-31 17:08:51,746][kfold_wrapper.log_eval_metrics] Accuracy(layer_0 - estimator_1 - 10_folds.train_1.predict)=46.98%
[ 2018-07-31 17:09:12,832][kfold_wrapper.log_eval_metrics] Accuracy(layer_0 - estimator_1 - 10_folds.train_2.predict)=46.88%
[ 2018-07-31 17:09:30,494][kfold_wrapper.log_eval_metrics] Accuracy(layer_0 - estimator_1 - 10_folds.train_3.predict)=47.38%
[ 2018-07-31 17:09:48,157][kfold_wrapper.log_eval_metrics] Accuracy(layer_0 - estimator_1 - 10_folds.train_4.predict)=46.16%
[ 2018-07-31 17:10:07,708][kfold_wrapper.log_eval_metrics] Accuracy(layer_0 - estimator_1 - 10_folds.train_5.predict)=45.58%
[ 2018-07-31 17:10:25,430][kfold_wrapper.log_eval_metrics] Accuracy(layer_0 - estimator_1 - 10_folds.train_6.predict)=46.78%
[ 2018-07-31 17:10:43,177][kfold_wrapper.log_eval_metrics] Accuracy(layer_0 - estimator_1 - 10_folds.train_7.predict)=46.62%
[ 2018-07-31 17:11:01,864][kfold_wrapper.log_eval_metrics] Accuracy(layer_0 - estimator_1 - 10_folds.train_8.predict)=46.56%
[ 2018-07-31 17:11:19,803][kfold_wrapper.log_eval_metrics] Accuracy(layer_0 - estimator_1 - 10_folds.train_9.predict)=47.76%
[ 2018-07-31 17:11:20,162][kfold_wrapper.log_eval_metrics] Accuracy(layer_0 - estimator_1 - 10_folds.train_cv.predict)=46.68%
[ 2018-07-31 17:11:20,164][kfold_wrapper.log_eval_metrics] Accuracy(layer_0 - estimator_1 - 10_folds.test.predict)=49.81%
[ 2018-07-31 17:11:20,169][cascade_classifier.calc_accuracy] Accuracy(layer_0 - train.classifier_average)=47.59%
[ 2018-07-31 17:11:20,171][cascade_classifier.calc_accuracy] Accuracy(layer_0 - test.classifier_average)=49.61%
[ 2018-07-31 17:11:20,541][cascade_classifier.fit_transform] [layer=1] look_indexs=[0], X_cur_train.shape=(50000, 3092), X_cur_test.shape=(10000, 3092)
[ 2018-07-31 17:12:02,963][kfold_wrapper.log_eval_metrics] Accuracy(layer_1 - estimator_0 - 10_folds.train_0.predict)=48.34%
[ 2018-07-31 17:12:47,142][kfold_wrapper.log_eval_metrics] Accuracy(layer_1 - estimator_0 - 10_folds.train_1.predict)=47.74%
[ 2018-07-31 17:13:30,190][kfold_wrapper.log_eval_metrics] Accuracy(layer_1 - estimator_0 - 10_folds.train_2.predict)=48.52%
[ 2018-07-31 17:14:13,643][kfold_wrapper.log_eval_metrics] Accuracy(layer_1 - estimator_0 - 10_folds.train_3.predict)=48.14%
[ 2018-07-31 17:14:55,018][kfold_wrapper.log_eval_metrics] Accuracy(layer_1 - estimator_0 - 10_folds.train_4.predict)=47.82%
[ 2018-07-31 17:15:40,711][kfold_wrapper.log_eval_metrics] Accuracy(layer_1 - estimator_0 - 10_folds.train_5.predict)=48.96%
[ 2018-07-31 17:16:24,535][kfold_wrapper.log_eval_metrics] Accuracy(layer_1 - estimator_0 - 10_folds.train_6.predict)=47.42%
[ 2018-07-31 17:17:07,352][kfold_wrapper.log_eval_metrics] Accuracy(layer_1 - estimator_0 - 10_folds.train_7.predict)=48.68%
[ 2018-07-31 17:17:48,822][kfold_wrapper.log_eval_metrics] Accuracy(layer_1 - estimator_0 - 10_folds.train_8.predict)=48.42%
[ 2018-07-31 17:18:34,201][kfold_wrapper.log_eval_metrics] Accuracy(layer_1 - estimator_0 - 10_folds.train_9.predict)=47.92%
[ 2018-07-31 17:18:34,440][kfold_wrapper.log_eval_metrics] Accuracy(layer_1 - estimator_0 - 10_folds.train_cv.predict)=48.20%
[ 2018-07-31 17:18:34,441][kfold_wrapper.log_eval_metrics] Accuracy(layer_1 - estimator_0 - 10_folds.test.predict)=50.66%
[ 2018-07-31 17:18:52,248][kfold_wrapper.log_eval_metrics] Accuracy(layer_1 - estimator_1 - 10_folds.train_0.predict)=47.52%
[ 2018-07-31 17:19:12,118][kfold_wrapper.log_eval_metrics] Accuracy(layer_1 - estimator_1 - 10_folds.train_1.predict)=48.16%
[ 2018-07-31 17:19:30,102][kfold_wrapper.log_eval_metrics] Accuracy(layer_1 - estimator_1 - 10_folds.train_2.predict)=46.86%
[ 2018-07-31 17:19:48,248][kfold_wrapper.log_eval_metrics] Accuracy(layer_1 - estimator_1 - 10_folds.train_3.predict)=48.02%
[ 2018-07-31 17:20:07,579][kfold_wrapper.log_eval_metrics] Accuracy(layer_1 - estimator_1 - 10_folds.train_4.predict)=48.28%
[ 2018-07-31 17:20:25,783][kfold_wrapper.log_eval_metrics] Accuracy(layer_1 - estimator_1 - 10_folds.train_5.predict)=48.80%
[ 2018-07-31 17:20:43,613][kfold_wrapper.log_eval_metrics] Accuracy(layer_1 - estimator_1 - 10_folds.train_6.predict)=48.70%
[ 2018-07-31 17:21:02,726][kfold_wrapper.log_eval_metrics] Accuracy(layer_1 - estimator_1 - 10_folds.train_7.predict)=47.08%
[ 2018-07-31 17:21:23,717][kfold_wrapper.log_eval_metrics] Accuracy(layer_1 - estimator_1 - 10_folds.train_8.predict)=46.92%
[ 2018-07-31 17:21:41,643][kfold_wrapper.log_eval_metrics] Accuracy(layer_1 - estimator_1 - 10_folds.train_9.predict)=46.58%
[ 2018-07-31 17:21:42,000][kfold_wrapper.log_eval_metrics] Accuracy(layer_1 - estimator_1 - 10_folds.train_cv.predict)=47.69%
[ 2018-07-31 17:21:42,002][kfold_wrapper.log_eval_metrics] Accuracy(layer_1 - estimator_1 - 10_folds.test.predict)=50.49%
[ 2018-07-31 17:21:42,007][cascade_classifier.calc_accuracy] Accuracy(layer_1 - train.classifier_average)=49.05%
[ 2018-07-31 17:21:42,009][cascade_classifier.calc_accuracy] Accuracy(layer_1 - test.classifier_average)=50.95%
[ 2018-07-31 17:21:42,373][cascade_classifier.fit_transform] [layer=2] look_indexs=[0], X_cur_train.shape=(50000, 3092), X_cur_test.shape=(10000, 3092)
[ 2018-07-31 17:22:25,234][kfold_wrapper.log_eval_metrics] Accuracy(layer_2 - estimator_0 - 10_folds.train_0.predict)=47.36%
[ 2018-07-31 17:23:08,241][kfold_wrapper.log_eval_metrics] Accuracy(layer_2 - estimator_0 - 10_folds.train_1.predict)=49.50%
[ 2018-07-31 17:23:49,542][kfold_wrapper.log_eval_metrics] Accuracy(layer_2 - estimator_0 - 10_folds.train_2.predict)=49.18%
[ 2018-07-31 17:24:35,843][kfold_wrapper.log_eval_metrics] Accuracy(layer_2 - estimator_0 - 10_folds.train_3.predict)=49.28%
[ 2018-07-31 17:25:19,882][kfold_wrapper.log_eval_metrics] Accuracy(layer_2 - estimator_0 - 10_folds.train_4.predict)=48.56%
[ 2018-07-31 17:26:02,091][kfold_wrapper.log_eval_metrics] Accuracy(layer_2 - estimator_0 - 10_folds.train_5.predict)=47.96%
[ 2018-07-31 17:26:44,419][kfold_wrapper.log_eval_metrics] Accuracy(layer_2 - estimator_0 - 10_folds.train_6.predict)=49.88%
[ 2018-07-31 17:27:30,546][kfold_wrapper.log_eval_metrics] Accuracy(layer_2 - estimator_0 - 10_folds.train_7.predict)=47.90%
[ 2018-07-31 17:28:13,761][kfold_wrapper.log_eval_metrics] Accuracy(layer_2 - estimator_0 - 10_folds.train_8.predict)=48.90%
[ 2018-07-31 17:28:55,249][kfold_wrapper.log_eval_metrics] Accuracy(layer_2 - estimator_0 - 10_folds.train_9.predict)=49.18%
[ 2018-07-31 17:28:55,501][kfold_wrapper.log_eval_metrics] Accuracy(layer_2 - estimator_0 - 10_folds.train_cv.predict)=48.77%
[ 2018-07-31 17:28:55,502][kfold_wrapper.log_eval_metrics] Accuracy(layer_2 - estimator_0 - 10_folds.test.predict)=51.59%
[ 2018-07-31 17:29:15,307][kfold_wrapper.log_eval_metrics] Accuracy(layer_2 - estimator_1 - 10_folds.train_0.predict)=49.64%
