[ 2018-07-31 16:52:05,225][cascade_classifier.fit_transform] X_groups_train.shape=[(1181, 21)],y_train.shape=(1181,),X_groups_test.shape=[(507, 21)],y_test.shape=(507,)
[ 2018-07-31 16:52:05,227][cascade_classifier.fit_transform] group_dims=[21]
[ 2018-07-31 16:52:05,228][cascade_classifier.fit_transform] group_starts=[0]
[ 2018-07-31 16:52:05,234][cascade_classifier.fit_transform] group_ends=[21]
[ 2018-07-31 16:52:05,236][cascade_classifier.fit_transform] X_train.shape=(1181, 21),X_test.shape=(507, 21)
[ 2018-07-31 16:52:05,237][cascade_classifier.fit_transform] [layer=0] look_indexs=[0], X_cur_train.shape=(1181, 21), X_cur_test.shape=(507, 21)
[ 2018-07-31 16:52:05,959][kfold_wrapper.log_eval_metrics] Accuracy(layer_0 - estimator_0 - 10_folds.train_0.predict)=98.32%
[ 2018-07-31 16:52:07,114][kfold_wrapper.log_eval_metrics] Accuracy(layer_0 - estimator_0 - 10_folds.train_1.predict)=98.31%
[ 2018-07-31 16:52:07,921][kfold_wrapper.log_eval_metrics] Accuracy(layer_0 - estimator_0 - 10_folds.train_2.predict)=99.15%
[ 2018-07-31 16:52:08,539][kfold_wrapper.log_eval_metrics] Accuracy(layer_0 - estimator_0 - 10_folds.train_3.predict)=98.31%
[ 2018-07-31 16:52:09,273][kfold_wrapper.log_eval_metrics] Accuracy(layer_0 - estimator_0 - 10_folds.train_4.predict)=99.15%
[ 2018-07-31 16:52:10,009][kfold_wrapper.log_eval_metrics] Accuracy(layer_0 - estimator_0 - 10_folds.train_5.predict)=98.31%
[ 2018-07-31 16:52:10,630][kfold_wrapper.log_eval_metrics] Accuracy(layer_0 - estimator_0 - 10_folds.train_6.predict)=98.31%
[ 2018-07-31 16:52:11,378][kfold_wrapper.log_eval_metrics] Accuracy(layer_0 - estimator_0 - 10_folds.train_7.predict)=98.31%
[ 2018-07-31 16:52:11,999][kfold_wrapper.log_eval_metrics] Accuracy(layer_0 - estimator_0 - 10_folds.train_8.predict)=98.31%
[ 2018-07-31 16:52:12,914][kfold_wrapper.log_eval_metrics] Accuracy(layer_0 - estimator_0 - 10_folds.train_9.predict)=99.15%
[ 2018-07-31 16:52:13,136][kfold_wrapper.log_eval_metrics] Accuracy(layer_0 - estimator_0 - 10_folds.train_cv.predict)=98.56%
[ 2018-07-31 16:52:13,137][kfold_wrapper.log_eval_metrics] Accuracy(layer_0 - estimator_0 - 10_folds.test.predict)=97.44%
[ 2018-07-31 16:52:13,632][kfold_wrapper.log_eval_metrics] Accuracy(layer_0 - estimator_1 - 10_folds.train_0.predict)=98.32%
[ 2018-07-31 16:52:14,231][kfold_wrapper.log_eval_metrics] Accuracy(layer_0 - estimator_1 - 10_folds.train_1.predict)=98.31%
[ 2018-07-31 16:52:14,944][kfold_wrapper.log_eval_metrics] Accuracy(layer_0 - estimator_1 - 10_folds.train_2.predict)=98.31%
[ 2018-07-31 16:52:15,551][kfold_wrapper.log_eval_metrics] Accuracy(layer_0 - estimator_1 - 10_folds.train_3.predict)=98.31%
[ 2018-07-31 16:52:16,266][kfold_wrapper.log_eval_metrics] Accuracy(layer_0 - estimator_1 - 10_folds.train_4.predict)=98.31%
[ 2018-07-31 16:52:17,130][kfold_wrapper.log_eval_metrics] Accuracy(layer_0 - estimator_1 - 10_folds.train_5.predict)=98.31%
[ 2018-07-31 16:52:18,069][kfold_wrapper.log_eval_metrics] Accuracy(layer_0 - estimator_1 - 10_folds.train_6.predict)=98.31%
[ 2018-07-31 16:52:18,819][kfold_wrapper.log_eval_metrics] Accuracy(layer_0 - estimator_1 - 10_folds.train_7.predict)=99.15%
[ 2018-07-31 16:52:19,524][kfold_wrapper.log_eval_metrics] Accuracy(layer_0 - estimator_1 - 10_folds.train_8.predict)=98.31%
[ 2018-07-31 16:52:20,250][kfold_wrapper.log_eval_metrics] Accuracy(layer_0 - estimator_1 - 10_folds.train_9.predict)=98.31%
[ 2018-07-31 16:52:20,472][kfold_wrapper.log_eval_metrics] Accuracy(layer_0 - estimator_1 - 10_folds.train_cv.predict)=98.39%
[ 2018-07-31 16:52:20,473][kfold_wrapper.log_eval_metrics] Accuracy(layer_0 - estimator_1 - 10_folds.test.predict)=97.63%
[ 2018-07-31 16:52:20,512][kfold_wrapper.log_eval_metrics] Accuracy(layer_0 - estimator_2 - 10_folds.train_0.predict)=99.16%
[ 2018-07-31 16:52:20,537][kfold_wrapper.log_eval_metrics] Accuracy(layer_0 - estimator_2 - 10_folds.train_1.predict)=98.31%
[ 2018-07-31 16:52:20,564][kfold_wrapper.log_eval_metrics] Accuracy(layer_0 - estimator_2 - 10_folds.train_2.predict)=98.31%
[ 2018-07-31 16:52:20,587][kfold_wrapper.log_eval_metrics] Accuracy(layer_0 - estimator_2 - 10_folds.train_3.predict)=98.31%
[ 2018-07-31 16:52:20,612][kfold_wrapper.log_eval_metrics] Accuracy(layer_0 - estimator_2 - 10_folds.train_4.predict)=99.15%
[ 2018-07-31 16:52:20,637][kfold_wrapper.log_eval_metrics] Accuracy(layer_0 - estimator_2 - 10_folds.train_5.predict)=98.31%
[ 2018-07-31 16:52:20,661][kfold_wrapper.log_eval_metrics] Accuracy(layer_0 - estimator_2 - 10_folds.train_6.predict)=97.46%
[ 2018-07-31 16:52:20,682][kfold_wrapper.log_eval_metrics] Accuracy(layer_0 - estimator_2 - 10_folds.train_7.predict)=97.46%
[ 2018-07-31 16:52:20,702][kfold_wrapper.log_eval_metrics] Accuracy(layer_0 - estimator_2 - 10_folds.train_8.predict)=98.31%
[ 2018-07-31 16:52:20,724][kfold_wrapper.log_eval_metrics] Accuracy(layer_0 - estimator_2 - 10_folds.train_9.predict)=98.31%
[ 2018-07-31 16:52:20,725][kfold_wrapper.log_eval_metrics] Accuracy(layer_0 - estimator_2 - 10_folds.train_cv.predict)=98.31%
[ 2018-07-31 16:52:20,726][kfold_wrapper.log_eval_metrics] Accuracy(layer_0 - estimator_2 - 10_folds.test.predict)=97.83%
[ 2018-07-31 16:52:20,727][cascade_classifier.calc_accuracy] Accuracy(layer_0 - train.classifier_average)=98.56%
[ 2018-07-31 16:52:20,728][cascade_classifier.calc_accuracy] Accuracy(layer_0 - test.classifier_average)=97.63%
[ 2018-07-31 16:52:20,729][cascade_classifier.fit_transform] [layer=1] look_indexs=[0], X_cur_train.shape=(1181, 27), X_cur_test.shape=(507, 27)
[ 2018-07-31 16:52:21,259][kfold_wrapper.log_eval_metrics] Accuracy(layer_1 - estimator_0 - 10_folds.train_0.predict)=99.16%
[ 2018-07-31 16:52:22,129][kfold_wrapper.log_eval_metrics] Accuracy(layer_1 - estimator_0 - 10_folds.train_1.predict)=99.15%
[ 2018-07-31 16:52:23,119][kfold_wrapper.log_eval_metrics] Accuracy(layer_1 - estimator_0 - 10_folds.train_2.predict)=99.15%
[ 2018-07-31 16:52:24,249][kfold_wrapper.log_eval_metrics] Accuracy(layer_1 - estimator_0 - 10_folds.train_3.predict)=99.15%
[ 2018-07-31 16:52:25,267][kfold_wrapper.log_eval_metrics] Accuracy(layer_1 - estimator_0 - 10_folds.train_4.predict)=98.31%
[ 2018-07-31 16:52:26,208][kfold_wrapper.log_eval_metrics] Accuracy(layer_1 - estimator_0 - 10_folds.train_5.predict)=98.31%
[ 2018-07-31 16:52:26,931][kfold_wrapper.log_eval_metrics] Accuracy(layer_1 - estimator_0 - 10_folds.train_6.predict)=98.31%
[ 2018-07-31 16:52:27,798][kfold_wrapper.log_eval_metrics] Accuracy(layer_1 - estimator_0 - 10_folds.train_7.predict)=98.31%
[ 2018-07-31 16:52:28,555][kfold_wrapper.log_eval_metrics] Accuracy(layer_1 - estimator_0 - 10_folds.train_8.predict)=98.31%
[ 2018-07-31 16:52:29,505][kfold_wrapper.log_eval_metrics] Accuracy(layer_1 - estimator_0 - 10_folds.train_9.predict)=98.31%
[ 2018-07-31 16:52:29,743][kfold_wrapper.log_eval_metrics] Accuracy(layer_1 - estimator_0 - 10_folds.train_cv.predict)=98.65%
[ 2018-07-31 16:52:29,745][kfold_wrapper.log_eval_metrics] Accuracy(layer_1 - estimator_0 - 10_folds.test.predict)=97.63%
[ 2018-07-31 16:52:30,486][kfold_wrapper.log_eval_metrics] Accuracy(layer_1 - estimator_1 - 10_folds.train_0.predict)=99.16%
[ 2018-07-31 16:52:31,216][kfold_wrapper.log_eval_metrics] Accuracy(layer_1 - estimator_1 - 10_folds.train_1.predict)=99.15%
[ 2018-07-31 16:52:32,107][kfold_wrapper.log_eval_metrics] Accuracy(layer_1 - estimator_1 - 10_folds.train_2.predict)=98.31%
[ 2018-07-31 16:52:32,838][kfold_wrapper.log_eval_metrics] Accuracy(layer_1 - estimator_1 - 10_folds.train_3.predict)=99.15%
[ 2018-07-31 16:52:33,435][kfold_wrapper.log_eval_metrics] Accuracy(layer_1 - estimator_1 - 10_folds.train_4.predict)=98.31%
[ 2018-07-31 16:52:34,148][kfold_wrapper.log_eval_metrics] Accuracy(layer_1 - estimator_1 - 10_folds.train_5.predict)=99.15%
[ 2018-07-31 16:52:34,871][kfold_wrapper.log_eval_metrics] Accuracy(layer_1 - estimator_1 - 10_folds.train_6.predict)=99.15%
[ 2018-07-31 16:52:35,584][kfold_wrapper.log_eval_metrics] Accuracy(layer_1 - estimator_1 - 10_folds.train_7.predict)=99.15%
[ 2018-07-31 16:52:36,304][kfold_wrapper.log_eval_metrics] Accuracy(layer_1 - estimator_1 - 10_folds.train_8.predict)=98.31%
[ 2018-07-31 16:52:37,024][kfold_wrapper.log_eval_metrics] Accuracy(layer_1 - estimator_1 - 10_folds.train_9.predict)=98.31%
[ 2018-07-31 16:52:37,247][kfold_wrapper.log_eval_metrics] Accuracy(layer_1 - estimator_1 - 10_folds.train_cv.predict)=98.81%
[ 2018-07-31 16:52:37,248][kfold_wrapper.log_eval_metrics] Accuracy(layer_1 - estimator_1 - 10_folds.test.predict)=97.63%
[ 2018-07-31 16:52:37,281][kfold_wrapper.log_eval_metrics] Accuracy(layer_1 - estimator_2 - 10_folds.train_0.predict)=98.32%
[ 2018-07-31 16:52:37,311][kfold_wrapper.log_eval_metrics] Accuracy(layer_1 - estimator_2 - 10_folds.train_1.predict)=98.31%
[ 2018-07-31 16:52:37,339][kfold_wrapper.log_eval_metrics] Accuracy(layer_1 - estimator_2 - 10_folds.train_2.predict)=98.31%
[ 2018-07-31 16:52:37,370][kfold_wrapper.log_eval_metrics] Accuracy(layer_1 - estimator_2 - 10_folds.train_3.predict)=98.31%
[ 2018-07-31 16:52:37,405][kfold_wrapper.log_eval_metrics] Accuracy(layer_1 - estimator_2 - 10_folds.train_4.predict)=98.31%
[ 2018-07-31 16:52:37,432][kfold_wrapper.log_eval_metrics] Accuracy(layer_1 - estimator_2 - 10_folds.train_5.predict)=98.31%
[ 2018-07-31 16:52:37,463][kfold_wrapper.log_eval_metrics] Accuracy(layer_1 - estimator_2 - 10_folds.train_6.predict)=98.31%
[ 2018-07-31 16:52:37,495][kfold_wrapper.log_eval_metrics] Accuracy(layer_1 - estimator_2 - 10_folds.train_7.predict)=99.15%
[ 2018-07-31 16:52:37,526][kfold_wrapper.log_eval_metrics] Accuracy(layer_1 - estimator_2 - 10_folds.train_8.predict)=99.15%
[ 2018-07-31 16:52:37,553][kfold_wrapper.log_eval_metrics] Accuracy(layer_1 - estimator_2 - 10_folds.train_9.predict)=98.31%
[ 2018-07-31 16:52:37,554][kfold_wrapper.log_eval_metrics] Accuracy(layer_1 - estimator_2 - 10_folds.train_cv.predict)=98.48%
[ 2018-07-31 16:52:37,555][kfold_wrapper.log_eval_metrics] Accuracy(layer_1 - estimator_2 - 10_folds.test.predict)=97.83%
[ 2018-07-31 16:52:37,556][cascade_classifier.calc_accuracy] Accuracy(layer_1 - train.classifier_average)=98.56%
[ 2018-07-31 16:52:37,557][cascade_classifier.calc_accuracy] Accuracy(layer_1 - test.classifier_average)=97.63%
[ 2018-07-31 16:52:37,558][cascade_classifier.fit_transform] [layer=2] look_indexs=[0], X_cur_train.shape=(1181, 27), X_cur_test.shape=(507, 27)
[ 2018-07-31 16:52:38,076][kfold_wrapper.log_eval_metrics] Accuracy(layer_2 - estimator_0 - 10_folds.train_0.predict)=100.00%
[ 2018-07-31 16:52:38,701][kfold_wrapper.log_eval_metrics] Accuracy(layer_2 - estimator_0 - 10_folds.train_1.predict)=98.31%
[ 2018-07-31 16:52:39,324][kfold_wrapper.log_eval_metrics] Accuracy(layer_2 - estimator_0 - 10_folds.train_2.predict)=98.31%
[ 2018-07-31 16:52:40,063][kfold_wrapper.log_eval_metrics] Accuracy(layer_2 - estimator_0 - 10_folds.train_3.predict)=97.46%
[ 2018-07-31 16:52:40,793][kfold_wrapper.log_eval_metrics] Accuracy(layer_2 - estimator_0 - 10_folds.train_4.predict)=99.15%
[ 2018-07-31 16:52:41,416][kfold_wrapper.log_eval_metrics] Accuracy(layer_2 - estimator_0 - 10_folds.train_5.predict)=98.31%
[ 2018-07-31 16:52:42,165][kfold_wrapper.log_eval_metrics] Accuracy(layer_2 - estimator_0 - 10_folds.train_6.predict)=99.15%
[ 2018-07-31 16:52:42,902][kfold_wrapper.log_eval_metrics] Accuracy(layer_2 - estimator_0 - 10_folds.train_7.predict)=98.31%
[ 2018-07-31 16:52:43,636][kfold_wrapper.log_eval_metrics] Accuracy(layer_2 - estimator_0 - 10_folds.train_8.predict)=98.31%
[ 2018-07-31 16:52:44,389][kfold_wrapper.log_eval_metrics] Accuracy(layer_2 - estimator_0 - 10_folds.train_9.predict)=99.15%
[ 2018-07-31 16:52:44,494][kfold_wrapper.log_eval_metrics] Accuracy(layer_2 - estimator_0 - 10_folds.train_cv.predict)=98.65%
[ 2018-07-31 16:52:44,496][kfold_wrapper.log_eval_metrics] Accuracy(layer_2 - estimator_0 - 10_folds.test.predict)=97.63%
[ 2018-07-31 16:52:44,992][kfold_wrapper.log_eval_metrics] Accuracy(layer_2 - estimator_1 - 10_folds.train_0.predict)=97.48%
[ 2018-07-31 16:52:45,713][kfold_wrapper.log_eval_metrics] Accuracy(layer_2 - estimator_1 - 10_folds.train_1.predict)=99.15%
[ 2018-07-31 16:52:46,436][kfold_wrapper.log_eval_metrics] Accuracy(layer_2 - estimator_1 - 10_folds.train_2.predict)=98.31%
[ 2018-07-31 16:52:47,037][kfold_wrapper.log_eval_metrics] Accuracy(layer_2 - estimator_1 - 10_folds.train_3.predict)=99.15%
[ 2018-07-31 16:52:47,748][kfold_wrapper.log_eval_metrics] Accuracy(layer_2 - estimator_1 - 10_folds.train_4.predict)=98.31%
[ 2018-07-31 16:52:48,460][kfold_wrapper.log_eval_metrics] Accuracy(layer_2 - estimator_1 - 10_folds.train_5.predict)=99.15%
[ 2018-07-31 16:52:49,292][kfold_wrapper.log_eval_metrics] Accuracy(layer_2 - estimator_1 - 10_folds.train_6.predict)=99.15%
[ 2018-07-31 16:52:50,014][kfold_wrapper.log_eval_metrics] Accuracy(layer_2 - estimator_1 - 10_folds.train_7.predict)=98.31%
[ 2018-07-31 16:52:50,743][kfold_wrapper.log_eval_metrics] Accuracy(layer_2 - estimator_1 - 10_folds.train_8.predict)=98.31%
[ 2018-07-31 16:52:51,599][kfold_wrapper.log_eval_metrics] Accuracy(layer_2 - estimator_1 - 10_folds.train_9.predict)=99.15%
[ 2018-07-31 16:52:51,824][kfold_wrapper.log_eval_metrics] Accuracy(layer_2 - estimator_1 - 10_folds.train_cv.predict)=98.65%
[ 2018-07-31 16:52:51,826][kfold_wrapper.log_eval_metrics] Accuracy(layer_2 - estimator_1 - 10_folds.test.predict)=97.83%
[ 2018-07-31 16:52:51,861][kfold_wrapper.log_eval_metrics] Accuracy(layer_2 - estimator_2 - 10_folds.train_0.predict)=99.16%
[ 2018-07-31 16:52:51,896][kfold_wrapper.log_eval_metrics] Accuracy(layer_2 - estimator_2 - 10_folds.train_1.predict)=98.31%
[ 2018-07-31 16:52:51,931][kfold_wrapper.log_eval_metrics] Accuracy(layer_2 - estimator_2 - 10_folds.train_2.predict)=98.31%
[ 2018-07-31 16:52:51,969][kfold_wrapper.log_eval_metrics] Accuracy(layer_2 - estimator_2 - 10_folds.train_3.predict)=98.31%
[ 2018-07-31 16:52:52,002][kfold_wrapper.log_eval_metrics] Accuracy(layer_2 - estimator_2 - 10_folds.train_4.predict)=99.15%
[ 2018-07-31 16:52:52,036][kfold_wrapper.log_eval_metrics] Accuracy(layer_2 - estimator_2 - 10_folds.train_5.predict)=98.31%
[ 2018-07-31 16:52:52,065][kfold_wrapper.log_eval_metrics] Accuracy(layer_2 - estimator_2 - 10_folds.train_6.predict)=98.31%
[ 2018-07-31 16:52:52,103][kfold_wrapper.log_eval_metrics] Accuracy(layer_2 - estimator_2 - 10_folds.train_7.predict)=98.31%
[ 2018-07-31 16:52:52,136][kfold_wrapper.log_eval_metrics] Accuracy(layer_2 - estimator_2 - 10_folds.train_8.predict)=98.31%
[ 2018-07-31 16:52:52,170][kfold_wrapper.log_eval_metrics] Accuracy(layer_2 - estimator_2 - 10_folds.train_9.predict)=98.31%
[ 2018-07-31 16:52:52,171][kfold_wrapper.log_eval_metrics] Accuracy(layer_2 - estimator_2 - 10_folds.train_cv.predict)=98.48%
[ 2018-07-31 16:52:52,172][kfold_wrapper.log_eval_metrics] Accuracy(layer_2 - estimator_2 - 10_folds.test.predict)=97.63%
[ 2018-07-31 16:52:52,173][cascade_classifier.calc_accuracy] Accuracy(layer_2 - train.classifier_average)=98.65%
[ 2018-07-31 16:52:52,174][cascade_classifier.calc_accuracy] Accuracy(layer_2 - test.classifier_average)=97.83%
[ 2018-07-31 16:52:52,176][cascade_classifier.fit_transform] [layer=3] look_indexs=[0], X_cur_train.shape=(1181, 27), X_cur_test.shape=(507, 27)
[ 2018-07-31 16:52:52,822][kfold_wrapper.log_eval_metrics] Accuracy(layer_3 - estimator_0 - 10_folds.train_0.predict)=99.16%
[ 2018-07-31 16:52:53,588][kfold_wrapper.log_eval_metrics] Accuracy(layer_3 - estimator_0 - 10_folds.train_1.predict)=99.15%
[ 2018-07-31 16:52:54,445][kfold_wrapper.log_eval_metrics] Accuracy(layer_3 - estimator_0 - 10_folds.train_2.predict)=98.31%
[ 2018-07-31 16:52:55,359][kfold_wrapper.log_eval_metrics] Accuracy(layer_3 - estimator_0 - 10_folds.train_3.predict)=99.15%
[ 2018-07-31 16:52:56,233][kfold_wrapper.log_eval_metrics] Accuracy(layer_3 - estimator_0 - 10_folds.train_4.predict)=98.31%
[ 2018-07-31 16:52:57,068][kfold_wrapper.log_eval_metrics] Accuracy(layer_3 - estimator_0 - 10_folds.train_5.predict)=98.31%
[ 2018-07-31 16:52:57,980][kfold_wrapper.log_eval_metrics] Accuracy(layer_3 - estimator_0 - 10_folds.train_6.predict)=96.61%
[ 2018-07-31 16:52:58,599][kfold_wrapper.log_eval_metrics] Accuracy(layer_3 - estimator_0 - 10_folds.train_7.predict)=98.31%
[ 2018-07-31 16:52:59,222][kfold_wrapper.log_eval_metrics] Accuracy(layer_3 - estimator_0 - 10_folds.train_8.predict)=99.15%
[ 2018-07-31 16:52:59,960][kfold_wrapper.log_eval_metrics] Accuracy(layer_3 - estimator_0 - 10_folds.train_9.predict)=99.15%
[ 2018-07-31 16:53:00,067][kfold_wrapper.log_eval_metrics] Accuracy(layer_3 - estimator_0 - 10_folds.train_cv.predict)=98.56%
[ 2018-07-31 16:53:00,068][kfold_wrapper.log_eval_metrics] Accuracy(layer_3 - estimator_0 - 10_folds.test.predict)=97.83%
[ 2018-07-31 16:53:00,562][kfold_wrapper.log_eval_metrics] Accuracy(layer_3 - estimator_1 - 10_folds.train_0.predict)=99.16%
[ 2018-07-31 16:53:01,278][kfold_wrapper.log_eval_metrics] Accuracy(layer_3 - estimator_1 - 10_folds.train_1.predict)=98.31%
[ 2018-07-31 16:53:01,998][kfold_wrapper.log_eval_metrics] Accuracy(layer_3 - estimator_1 - 10_folds.train_2.predict)=98.31%
[ 2018-07-31 16:53:02,847][kfold_wrapper.log_eval_metrics] Accuracy(layer_3 - estimator_1 - 10_folds.train_3.predict)=99.15%
[ 2018-07-31 16:53:03,570][kfold_wrapper.log_eval_metrics] Accuracy(layer_3 - estimator_1 - 10_folds.train_4.predict)=98.31%
[ 2018-07-31 16:53:04,285][kfold_wrapper.log_eval_metrics] Accuracy(layer_3 - estimator_1 - 10_folds.train_5.predict)=99.15%
[ 2018-07-31 16:53:05,002][kfold_wrapper.log_eval_metrics] Accuracy(layer_3 - estimator_1 - 10_folds.train_6.predict)=98.31%
[ 2018-07-31 16:53:05,835][kfold_wrapper.log_eval_metrics] Accuracy(layer_3 - estimator_1 - 10_folds.train_7.predict)=98.31%
[ 2018-07-31 16:53:06,550][kfold_wrapper.log_eval_metrics] Accuracy(layer_3 - estimator_1 - 10_folds.train_8.predict)=98.31%
[ 2018-07-31 16:53:07,153][kfold_wrapper.log_eval_metrics] Accuracy(layer_3 - estimator_1 - 10_folds.train_9.predict)=99.15%
[ 2018-07-31 16:53:07,260][kfold_wrapper.log_eval_metrics] Accuracy(layer_3 - estimator_1 - 10_folds.train_cv.predict)=98.65%
[ 2018-07-31 16:53:07,261][kfold_wrapper.log_eval_metrics] Accuracy(layer_3 - estimator_1 - 10_folds.test.predict)=97.63%
[ 2018-07-31 16:53:07,296][kfold_wrapper.log_eval_metrics] Accuracy(layer_3 - estimator_2 - 10_folds.train_0.predict)=98.32%
[ 2018-07-31 16:53:07,327][kfold_wrapper.log_eval_metrics] Accuracy(layer_3 - estimator_2 - 10_folds.train_1.predict)=99.15%
[ 2018-07-31 16:53:07,363][kfold_wrapper.log_eval_metrics] Accuracy(layer_3 - estimator_2 - 10_folds.train_2.predict)=98.31%
[ 2018-07-31 16:53:07,395][kfold_wrapper.log_eval_metrics] Accuracy(layer_3 - estimator_2 - 10_folds.train_3.predict)=98.31%
[ 2018-07-31 16:53:07,426][kfold_wrapper.log_eval_metrics] Accuracy(layer_3 - estimator_2 - 10_folds.train_4.predict)=97.46%
[ 2018-07-31 16:53:07,461][kfold_wrapper.log_eval_metrics] Accuracy(layer_3 - estimator_2 - 10_folds.train_5.predict)=98.31%
[ 2018-07-31 16:53:07,496][kfold_wrapper.log_eval_metrics] Accuracy(layer_3 - estimator_2 - 10_folds.train_6.predict)=99.15%
[ 2018-07-31 16:53:07,525][kfold_wrapper.log_eval_metrics] Accuracy(layer_3 - estimator_2 - 10_folds.train_7.predict)=99.15%
[ 2018-07-31 16:53:07,556][kfold_wrapper.log_eval_metrics] Accuracy(layer_3 - estimator_2 - 10_folds.train_8.predict)=97.46%
[ 2018-07-31 16:53:07,591][kfold_wrapper.log_eval_metrics] Accuracy(layer_3 - estimator_2 - 10_folds.train_9.predict)=99.15%
[ 2018-07-31 16:53:07,592][kfold_wrapper.log_eval_metrics] Accuracy(layer_3 - estimator_2 - 10_folds.train_cv.predict)=98.48%
[ 2018-07-31 16:53:07,593][kfold_wrapper.log_eval_metrics] Accuracy(layer_3 - estimator_2 - 10_folds.test.predict)=97.83%
[ 2018-07-31 16:53:07,594][cascade_classifier.calc_accuracy] Accuracy(layer_3 - train.classifier_average)=98.48%
[ 2018-07-31 16:53:07,595][cascade_classifier.calc_accuracy] Accuracy(layer_3 - test.classifier_average)=97.63%
[ 2018-07-31 16:53:07,596][cascade_classifier.fit_transform] [layer=4] look_indexs=[0], X_cur_train.shape=(1181, 27), X_cur_test.shape=(507, 27)
[ 2018-07-31 16:53:08,118][kfold_wrapper.log_eval_metrics] Accuracy(layer_4 - estimator_0 - 10_folds.train_0.predict)=99.16%
[ 2018-07-31 16:53:08,859][kfold_wrapper.log_eval_metrics] Accuracy(layer_4 - estimator_0 - 10_folds.train_1.predict)=99.15%
[ 2018-07-31 16:53:09,593][kfold_wrapper.log_eval_metrics] Accuracy(layer_4 - estimator_0 - 10_folds.train_2.predict)=97.46%
[ 2018-07-31 16:53:10,333][kfold_wrapper.log_eval_metrics] Accuracy(layer_4 - estimator_0 - 10_folds.train_3.predict)=99.15%
[ 2018-07-31 16:53:11,117][kfold_wrapper.log_eval_metrics] Accuracy(layer_4 - estimator_0 - 10_folds.train_4.predict)=99.15%
[ 2018-07-31 16:53:11,853][kfold_wrapper.log_eval_metrics] Accuracy(layer_4 - estimator_0 - 10_folds.train_5.predict)=99.15%
[ 2018-07-31 16:53:12,593][kfold_wrapper.log_eval_metrics] Accuracy(layer_4 - estimator_0 - 10_folds.train_6.predict)=98.31%
[ 2018-07-31 16:53:13,452][kfold_wrapper.log_eval_metrics] Accuracy(layer_4 - estimator_0 - 10_folds.train_7.predict)=97.46%
[ 2018-07-31 16:53:14,194][kfold_wrapper.log_eval_metrics] Accuracy(layer_4 - estimator_0 - 10_folds.train_8.predict)=98.31%
[ 2018-07-31 16:53:14,939][kfold_wrapper.log_eval_metrics] Accuracy(layer_4 - estimator_0 - 10_folds.train_9.predict)=98.31%
[ 2018-07-31 16:53:15,047][kfold_wrapper.log_eval_metrics] Accuracy(layer_4 - estimator_0 - 10_folds.train_cv.predict)=98.56%
[ 2018-07-31 16:53:15,048][kfold_wrapper.log_eval_metrics] Accuracy(layer_4 - estimator_0 - 10_folds.test.predict)=97.63%
[ 2018-07-31 16:53:15,544][kfold_wrapper.log_eval_metrics] Accuracy(layer_4 - estimator_1 - 10_folds.train_0.predict)=98.32%
[ 2018-07-31 16:53:16,395][kfold_wrapper.log_eval_metrics] Accuracy(layer_4 - estimator_1 - 10_folds.train_1.predict)=98.31%
[ 2018-07-31 16:53:17,114][kfold_wrapper.log_eval_metrics] Accuracy(layer_4 - estimator_1 - 10_folds.train_2.predict)=98.31%
[ 2018-07-31 16:53:17,724][kfold_wrapper.log_eval_metrics] Accuracy(layer_4 - estimator_1 - 10_folds.train_3.predict)=98.31%
[ 2018-07-31 16:53:18,437][kfold_wrapper.log_eval_metrics] Accuracy(layer_4 - estimator_1 - 10_folds.train_4.predict)=100.00%
[ 2018-07-31 16:53:19,153][kfold_wrapper.log_eval_metrics] Accuracy(layer_4 - estimator_1 - 10_folds.train_5.predict)=99.15%
[ 2018-07-31 16:53:19,982][kfold_wrapper.log_eval_metrics] Accuracy(layer_4 - estimator_1 - 10_folds.train_6.predict)=97.46%
[ 2018-07-31 16:53:20,698][kfold_wrapper.log_eval_metrics] Accuracy(layer_4 - estimator_1 - 10_folds.train_7.predict)=99.15%
[ 2018-07-31 16:53:21,297][kfold_wrapper.log_eval_metrics] Accuracy(layer_4 - estimator_1 - 10_folds.train_8.predict)=98.31%
[ 2018-07-31 16:53:22,019][kfold_wrapper.log_eval_metrics] Accuracy(layer_4 - estimator_1 - 10_folds.train_9.predict)=99.15%
[ 2018-07-31 16:53:22,125][kfold_wrapper.log_eval_metrics] Accuracy(layer_4 - estimator_1 - 10_folds.train_cv.predict)=98.65%
[ 2018-07-31 16:53:22,126][kfold_wrapper.log_eval_metrics] Accuracy(layer_4 - estimator_1 - 10_folds.test.predict)=97.83%
[ 2018-07-31 16:53:22,158][kfold_wrapper.log_eval_metrics] Accuracy(layer_4 - estimator_2 - 10_folds.train_0.predict)=99.16%
[ 2018-07-31 16:53:22,202][kfold_wrapper.log_eval_metrics] Accuracy(layer_4 - estimator_2 - 10_folds.train_1.predict)=98.31%
[ 2018-07-31 16:53:22,235][kfold_wrapper.log_eval_metrics] Accuracy(layer_4 - estimator_2 - 10_folds.train_2.predict)=98.31%
[ 2018-07-31 16:53:22,276][kfold_wrapper.log_eval_metrics] Accuracy(layer_4 - estimator_2 - 10_folds.train_3.predict)=98.31%
[ 2018-07-31 16:53:22,310][kfold_wrapper.log_eval_metrics] Accuracy(layer_4 - estimator_2 - 10_folds.train_4.predict)=98.31%
[ 2018-07-31 16:53:22,342][kfold_wrapper.log_eval_metrics] Accuracy(layer_4 - estimator_2 - 10_folds.train_5.predict)=98.31%
[ 2018-07-31 16:53:22,373][kfold_wrapper.log_eval_metrics] Accuracy(layer_4 - estimator_2 - 10_folds.train_6.predict)=99.15%
[ 2018-07-31 16:53:22,404][kfold_wrapper.log_eval_metrics] Accuracy(layer_4 - estimator_2 - 10_folds.train_7.predict)=99.15%
[ 2018-07-31 16:53:22,434][kfold_wrapper.log_eval_metrics] Accuracy(layer_4 - estimator_2 - 10_folds.train_8.predict)=97.46%
[ 2018-07-31 16:53:22,474][kfold_wrapper.log_eval_metrics] Accuracy(layer_4 - estimator_2 - 10_folds.train_9.predict)=99.15%
[ 2018-07-31 16:53:22,476][kfold_wrapper.log_eval_metrics] Accuracy(layer_4 - estimator_2 - 10_folds.train_cv.predict)=98.56%
[ 2018-07-31 16:53:22,477][kfold_wrapper.log_eval_metrics] Accuracy(layer_4 - estimator_2 - 10_folds.test.predict)=97.63%
[ 2018-07-31 16:53:22,477][cascade_classifier.calc_accuracy] Accuracy(layer_4 - train.classifier_average)=98.48%
[ 2018-07-31 16:53:22,478][cascade_classifier.calc_accuracy] Accuracy(layer_4 - test.classifier_average)=97.63%
[ 2018-07-31 16:53:22,479][cascade_classifier.fit_transform] [layer=5] look_indexs=[0], X_cur_train.shape=(1181, 27), X_cur_test.shape=(507, 27)
[ 2018-07-31 16:53:23,124][kfold_wrapper.log_eval_metrics] Accuracy(layer_5 - estimator_0 - 10_folds.train_0.predict)=98.32%
[ 2018-07-31 16:53:23,911][kfold_wrapper.log_eval_metrics] Accuracy(layer_5 - estimator_0 - 10_folds.train_1.predict)=99.15%
[ 2018-07-31 16:53:24,532][kfold_wrapper.log_eval_metrics] Accuracy(layer_5 - estimator_0 - 10_folds.train_2.predict)=99.15%
[ 2018-07-31 16:53:25,155][kfold_wrapper.log_eval_metrics] Accuracy(layer_5 - estimator_0 - 10_folds.train_3.predict)=98.31%
[ 2018-07-31 16:53:25,893][kfold_wrapper.log_eval_metrics] Accuracy(layer_5 - estimator_0 - 10_folds.train_4.predict)=98.31%
[ 2018-07-31 16:53:26,636][kfold_wrapper.log_eval_metrics] Accuracy(layer_5 - estimator_0 - 10_folds.train_5.predict)=98.31%
[ 2018-07-31 16:53:27,367][kfold_wrapper.log_eval_metrics] Accuracy(layer_5 - estimator_0 - 10_folds.train_6.predict)=97.46%
[ 2018-07-31 16:53:28,101][kfold_wrapper.log_eval_metrics] Accuracy(layer_5 - estimator_0 - 10_folds.train_7.predict)=98.31%
[ 2018-07-31 16:53:28,839][kfold_wrapper.log_eval_metrics] Accuracy(layer_5 - estimator_0 - 10_folds.train_8.predict)=98.31%
[ 2018-07-31 16:53:29,470][kfold_wrapper.log_eval_metrics] Accuracy(layer_5 - estimator_0 - 10_folds.train_9.predict)=99.15%
[ 2018-07-31 16:53:29,691][kfold_wrapper.log_eval_metrics] Accuracy(layer_5 - estimator_0 - 10_folds.train_cv.predict)=98.48%
[ 2018-07-31 16:53:29,692][kfold_wrapper.log_eval_metrics] Accuracy(layer_5 - estimator_0 - 10_folds.test.predict)=97.63%
[ 2018-07-31 16:53:30,189][kfold_wrapper.log_eval_metrics] Accuracy(layer_5 - estimator_1 - 10_folds.train_0.predict)=98.32%
[ 2018-07-31 16:53:31,030][kfold_wrapper.log_eval_metrics] Accuracy(layer_5 - estimator_1 - 10_folds.train_1.predict)=98.31%
[ 2018-07-31 16:53:31,744][kfold_wrapper.log_eval_metrics] Accuracy(layer_5 - estimator_1 - 10_folds.train_2.predict)=98.31%
[ 2018-07-31 16:53:32,460][kfold_wrapper.log_eval_metrics] Accuracy(layer_5 - estimator_1 - 10_folds.train_3.predict)=97.46%
[ 2018-07-31 16:53:33,065][kfold_wrapper.log_eval_metrics] Accuracy(layer_5 - estimator_1 - 10_folds.train_4.predict)=99.15%
[ 2018-07-31 16:53:33,779][kfold_wrapper.log_eval_metrics] Accuracy(layer_5 - estimator_1 - 10_folds.train_5.predict)=98.31%
[ 2018-07-31 16:53:34,505][kfold_wrapper.log_eval_metrics] Accuracy(layer_5 - estimator_1 - 10_folds.train_6.predict)=98.31%
[ 2018-07-31 16:53:35,227][kfold_wrapper.log_eval_metrics] Accuracy(layer_5 - estimator_1 - 10_folds.train_7.predict)=98.31%
[ 2018-07-31 16:53:35,942][kfold_wrapper.log_eval_metrics] Accuracy(layer_5 - estimator_1 - 10_folds.train_8.predict)=98.31%
[ 2018-07-31 16:53:36,710][kfold_wrapper.log_eval_metrics] Accuracy(layer_5 - estimator_1 - 10_folds.train_9.predict)=99.15%
[ 2018-07-31 16:53:36,817][kfold_wrapper.log_eval_metrics] Accuracy(layer_5 - estimator_1 - 10_folds.train_cv.predict)=98.39%
[ 2018-07-31 16:53:36,818][kfold_wrapper.log_eval_metrics] Accuracy(layer_5 - estimator_1 - 10_folds.test.predict)=97.83%
[ 2018-07-31 16:53:36,853][kfold_wrapper.log_eval_metrics] Accuracy(layer_5 - estimator_2 - 10_folds.train_0.predict)=98.32%
[ 2018-07-31 16:53:36,887][kfold_wrapper.log_eval_metrics] Accuracy(layer_5 - estimator_2 - 10_folds.train_1.predict)=97.46%
[ 2018-07-31 16:53:36,918][kfold_wrapper.log_eval_metrics] Accuracy(layer_5 - estimator_2 - 10_folds.train_2.predict)=99.15%
[ 2018-07-31 16:53:36,956][kfold_wrapper.log_eval_metrics] Accuracy(layer_5 - estimator_2 - 10_folds.train_3.predict)=97.46%
[ 2018-07-31 16:53:36,989][kfold_wrapper.log_eval_metrics] Accuracy(layer_5 - estimator_2 - 10_folds.train_4.predict)=98.31%
[ 2018-07-31 16:53:37,021][kfold_wrapper.log_eval_metrics] Accuracy(layer_5 - estimator_2 - 10_folds.train_5.predict)=98.31%
[ 2018-07-31 16:53:37,056][kfold_wrapper.log_eval_metrics] Accuracy(layer_5 - estimator_2 - 10_folds.train_6.predict)=98.31%
[ 2018-07-31 16:53:37,092][kfold_wrapper.log_eval_metrics] Accuracy(layer_5 - estimator_2 - 10_folds.train_7.predict)=98.31%
[ 2018-07-31 16:53:37,128][kfold_wrapper.log_eval_metrics] Accuracy(layer_5 - estimator_2 - 10_folds.train_8.predict)=98.31%
[ 2018-07-31 16:53:37,164][kfold_wrapper.log_eval_metrics] Accuracy(layer_5 - estimator_2 - 10_folds.train_9.predict)=99.15%
[ 2018-07-31 16:53:37,166][kfold_wrapper.log_eval_metrics] Accuracy(layer_5 - estimator_2 - 10_folds.train_cv.predict)=98.31%
[ 2018-07-31 16:53:37,167][kfold_wrapper.log_eval_metrics] Accuracy(layer_5 - estimator_2 - 10_folds.test.predict)=97.83%
[ 2018-07-31 16:53:37,168][cascade_classifier.calc_accuracy] Accuracy(layer_5 - train.classifier_average)=98.39%
[ 2018-07-31 16:53:37,168][cascade_classifier.calc_accuracy] Accuracy(layer_5 - test.classifier_average)=97.83%
[ 2018-07-31 16:53:37,169][cascade_classifier.fit_transform] [Result][Optimal Level Detected] opt_layer_num=3, accuracy_train=98.65%, accuracy_test=97.83%
[ 2018-07-31 16:53:37,184][cascade_classifier.transform] X_groups_test.shape=[(507, 21)]
[ 2018-07-31 16:53:37,186][cascade_classifier.transform] group_dims=[21]
[ 2018-07-31 16:53:37,186][cascade_classifier.transform] X_test.shape=(507, 21)
[ 2018-07-31 16:53:37,188][cascade_classifier.transform] [layer=0] look_indexs=[0], X_cur_test.shape=(507, 21)
[ 2018-07-31 16:53:41,036][cascade_classifier.transform] [layer=1] look_indexs=[0], X_cur_test.shape=(507, 27)
[ 2018-07-31 16:53:43,704][cascade_classifier.transform] [layer=2] look_indexs=[0], X_cur_test.shape=(507, 27)
