[ 2018-07-28 00:24:42,786][cascade_classifier.fit_transform] X_groups_train.shape=[(3228, 5)],y_train.shape=(3228,),X_groups_test.shape=[(1591, 5)],y_test.shape=(1591,)
[ 2018-07-28 00:24:42,787][cascade_classifier.fit_transform] group_dims=[5]
[ 2018-07-28 00:24:42,789][cascade_classifier.fit_transform] group_starts=[0]
[ 2018-07-28 00:24:42,790][cascade_classifier.fit_transform] group_ends=[5]
[ 2018-07-28 00:24:42,792][cascade_classifier.fit_transform] X_train.shape=(3228, 5),X_test.shape=(1591, 5)
[ 2018-07-28 00:24:42,793][cascade_classifier.fit_transform] [layer=0] look_indexs=[0], X_cur_train.shape=(3228, 5), X_cur_test.shape=(1591, 5)
[ 2018-07-28 00:24:43,454][kfold_wrapper.log_eval_metrics] Accuracy(layer_0 - estimator_0 - 10_folds.train_0.predict)=98.45%
[ 2018-07-28 00:24:44,353][kfold_wrapper.log_eval_metrics] Accuracy(layer_0 - estimator_0 - 10_folds.train_1.predict)=96.90%
[ 2018-07-28 00:24:45,202][kfold_wrapper.log_eval_metrics] Accuracy(layer_0 - estimator_0 - 10_folds.train_2.predict)=98.14%
[ 2018-07-28 00:24:46,047][kfold_wrapper.log_eval_metrics] Accuracy(layer_0 - estimator_0 - 10_folds.train_3.predict)=97.83%
[ 2018-07-28 00:24:46,845][kfold_wrapper.log_eval_metrics] Accuracy(layer_0 - estimator_0 - 10_folds.train_4.predict)=98.14%
[ 2018-07-28 00:24:47,716][kfold_wrapper.log_eval_metrics] Accuracy(layer_0 - estimator_0 - 10_folds.train_5.predict)=96.90%
[ 2018-07-28 00:24:48,579][kfold_wrapper.log_eval_metrics] Accuracy(layer_0 - estimator_0 - 10_folds.train_6.predict)=98.45%
[ 2018-07-28 00:24:49,442][kfold_wrapper.log_eval_metrics] Accuracy(layer_0 - estimator_0 - 10_folds.train_7.predict)=98.76%
[ 2018-07-28 00:24:50,302][kfold_wrapper.log_eval_metrics] Accuracy(layer_0 - estimator_0 - 10_folds.train_8.predict)=97.20%
[ 2018-07-28 00:24:51,146][kfold_wrapper.log_eval_metrics] Accuracy(layer_0 - estimator_0 - 10_folds.train_9.predict)=97.52%
[ 2018-07-28 00:24:51,369][kfold_wrapper.log_eval_metrics] Accuracy(layer_0 - estimator_0 - 10_folds.train_cv.predict)=97.83%
[ 2018-07-28 00:24:51,371][kfold_wrapper.log_eval_metrics] Accuracy(layer_0 - estimator_0 - 10_folds.test.predict)=98.18%
[ 2018-07-28 00:24:51,372][cascade_classifier.calc_accuracy] Accuracy(layer_0 - train.classifier_average)=97.83%
[ 2018-07-28 00:24:51,373][cascade_classifier.calc_accuracy] Accuracy(layer_0 - test.classifier_average)=98.18%
[ 2018-07-28 00:24:51,374][cascade_classifier.fit_transform] [Result][Reach Max Layer] opt_layer_num=1, accuracy_train=97.83%, accuracy_test=98.18%
[ 2018-07-28 00:24:51,375][cascade_classifier.transform] X_groups_test.shape=[(1591, 5)]
[ 2018-07-28 00:24:51,376][cascade_classifier.transform] group_dims=[5]
[ 2018-07-28 00:24:51,378][cascade_classifier.transform] X_test.shape=(1591, 5)
[ 2018-07-28 00:24:51,379][cascade_classifier.transform] [layer=0] look_indexs=[0], X_cur_test.shape=(1591, 5)
[ 2018-07-28 00:24:53,674][cascade_classifier.transform] X_groups_test.shape=[(1591, 5)]
[ 2018-07-28 00:24:53,675][cascade_classifier.transform] group_dims=[5]
[ 2018-07-28 00:24:53,676][cascade_classifier.transform] X_test.shape=(1591, 5)
[ 2018-07-28 00:24:53,677][cascade_classifier.transform] [layer=0] look_indexs=[0], X_cur_test.shape=(1591, 5)
[ 2018-07-28 00:24:55,820][cascade_classifier.fit_transform] X_groups_train.shape=[(3228, 7)],y_train.shape=(3228,),X_groups_test.shape=[(1591, 7)],y_test.shape=(1591,)
[ 2018-07-28 00:24:55,821][cascade_classifier.fit_transform] group_dims=[7]
[ 2018-07-28 00:24:55,822][cascade_classifier.fit_transform] group_starts=[0]
[ 2018-07-28 00:24:55,823][cascade_classifier.fit_transform] group_ends=[7]
[ 2018-07-28 00:24:55,823][cascade_classifier.fit_transform] X_train.shape=(3228, 7),X_test.shape=(1591, 7)
[ 2018-07-28 00:24:55,824][cascade_classifier.fit_transform] [layer=0] look_indexs=[0], X_cur_train.shape=(3228, 7), X_cur_test.shape=(1591, 7)
[ 2018-07-28 00:24:56,451][kfold_wrapper.log_eval_metrics] Accuracy(layer_0 - estimator_0 - 10_folds.train_0.predict)=98.76%
[ 2018-07-28 00:24:57,310][kfold_wrapper.log_eval_metrics] Accuracy(layer_0 - estimator_0 - 10_folds.train_1.predict)=97.83%
[ 2018-07-28 00:24:58,168][kfold_wrapper.log_eval_metrics] Accuracy(layer_0 - estimator_0 - 10_folds.train_2.predict)=98.45%
[ 2018-07-28 00:24:59,034][kfold_wrapper.log_eval_metrics] Accuracy(layer_0 - estimator_0 - 10_folds.train_3.predict)=98.76%
[ 2018-07-28 00:24:59,890][kfold_wrapper.log_eval_metrics] Accuracy(layer_0 - estimator_0 - 10_folds.train_4.predict)=98.45%
[ 2018-07-28 00:25:00,729][kfold_wrapper.log_eval_metrics] Accuracy(layer_0 - estimator_0 - 10_folds.train_5.predict)=97.83%
[ 2018-07-28 00:25:01,594][kfold_wrapper.log_eval_metrics] Accuracy(layer_0 - estimator_0 - 10_folds.train_6.predict)=99.07%
[ 2018-07-28 00:25:02,459][kfold_wrapper.log_eval_metrics] Accuracy(layer_0 - estimator_0 - 10_folds.train_7.predict)=97.83%
[ 2018-07-28 00:25:03,312][kfold_wrapper.log_eval_metrics] Accuracy(layer_0 - estimator_0 - 10_folds.train_8.predict)=97.52%
[ 2018-07-28 00:25:04,026][kfold_wrapper.log_eval_metrics] Accuracy(layer_0 - estimator_0 - 10_folds.train_9.predict)=97.20%
[ 2018-07-28 00:25:04,252][kfold_wrapper.log_eval_metrics] Accuracy(layer_0 - estimator_0 - 10_folds.train_cv.predict)=98.17%
[ 2018-07-28 00:25:04,253][kfold_wrapper.log_eval_metrics] Accuracy(layer_0 - estimator_0 - 10_folds.test.predict)=98.55%
[ 2018-07-28 00:25:04,256][cascade_classifier.calc_accuracy] Accuracy(layer_0 - train.classifier_average)=98.17%
[ 2018-07-28 00:25:04,257][cascade_classifier.calc_accuracy] Accuracy(layer_0 - test.classifier_average)=98.55%
[ 2018-07-28 00:25:04,257][cascade_classifier.fit_transform] [Result][Reach Max Layer] opt_layer_num=1, accuracy_train=98.17%, accuracy_test=98.55%
[ 2018-07-28 00:25:04,258][cascade_classifier.transform] X_groups_test.shape=[(1591, 7)]
[ 2018-07-28 00:25:04,259][cascade_classifier.transform] group_dims=[7]
[ 2018-07-28 00:25:04,260][cascade_classifier.transform] X_test.shape=(1591, 7)
[ 2018-07-28 00:25:04,261][cascade_classifier.transform] [layer=0] look_indexs=[0], X_cur_test.shape=(1591, 7)
[ 2018-07-28 00:25:06,595][cascade_classifier.fit_transform] X_groups_train.shape=[(3228, 7)],y_train.shape=(3228,),X_groups_test.shape=[(1591, 7)],y_test.shape=(1591,)
[ 2018-07-28 00:25:06,596][cascade_classifier.fit_transform] group_dims=[7]
[ 2018-07-28 00:25:06,597][cascade_classifier.fit_transform] group_starts=[0]
[ 2018-07-28 00:25:06,598][cascade_classifier.fit_transform] group_ends=[7]
[ 2018-07-28 00:25:06,598][cascade_classifier.fit_transform] X_train.shape=(3228, 7),X_test.shape=(1591, 7)
[ 2018-07-28 00:25:06,599][cascade_classifier.fit_transform] [layer=0] look_indexs=[0], X_cur_train.shape=(3228, 7), X_cur_test.shape=(1591, 7)
[ 2018-07-28 00:25:07,219][kfold_wrapper.log_eval_metrics] Accuracy(layer_0 - estimator_0 - 10_folds.train_0.predict)=99.07%
[ 2018-07-28 00:25:08,089][kfold_wrapper.log_eval_metrics] Accuracy(layer_0 - estimator_0 - 10_folds.train_1.predict)=97.83%
[ 2018-07-28 00:25:08,922][kfold_wrapper.log_eval_metrics] Accuracy(layer_0 - estimator_0 - 10_folds.train_2.predict)=98.45%
[ 2018-07-28 00:25:09,784][kfold_wrapper.log_eval_metrics] Accuracy(layer_0 - estimator_0 - 10_folds.train_3.predict)=99.07%
[ 2018-07-28 00:25:10,626][kfold_wrapper.log_eval_metrics] Accuracy(layer_0 - estimator_0 - 10_folds.train_4.predict)=98.14%
[ 2018-07-28 00:25:11,492][kfold_wrapper.log_eval_metrics] Accuracy(layer_0 - estimator_0 - 10_folds.train_5.predict)=98.14%
[ 2018-07-28 00:25:12,350][kfold_wrapper.log_eval_metrics] Accuracy(layer_0 - estimator_0 - 10_folds.train_6.predict)=98.76%
[ 2018-07-28 00:25:13,216][kfold_wrapper.log_eval_metrics] Accuracy(layer_0 - estimator_0 - 10_folds.train_7.predict)=98.76%
[ 2018-07-28 00:25:13,951][kfold_wrapper.log_eval_metrics] Accuracy(layer_0 - estimator_0 - 10_folds.train_8.predict)=97.83%
[ 2018-07-28 00:25:14,662][kfold_wrapper.log_eval_metrics] Accuracy(layer_0 - estimator_0 - 10_folds.train_9.predict)=97.20%
[ 2018-07-28 00:25:14,889][kfold_wrapper.log_eval_metrics] Accuracy(layer_0 - estimator_0 - 10_folds.train_cv.predict)=98.33%
[ 2018-07-28 00:25:14,890][kfold_wrapper.log_eval_metrics] Accuracy(layer_0 - estimator_0 - 10_folds.test.predict)=98.74%
[ 2018-07-28 00:25:14,893][cascade_classifier.calc_accuracy] Accuracy(layer_0 - train.classifier_average)=98.33%
[ 2018-07-28 00:25:14,894][cascade_classifier.calc_accuracy] Accuracy(layer_0 - test.classifier_average)=98.74%
[ 2018-07-28 00:25:14,895][cascade_classifier.fit_transform] [Result][Reach Max Layer] opt_layer_num=1, accuracy_train=98.33%, accuracy_test=98.74%
[ 2018-07-28 00:25:14,896][cascade_classifier.transform] X_groups_test.shape=[(1591, 7)]
[ 2018-07-28 00:25:14,897][cascade_classifier.transform] group_dims=[7]
[ 2018-07-28 00:25:14,898][cascade_classifier.transform] X_test.shape=(1591, 7)
[ 2018-07-28 00:25:14,899][cascade_classifier.transform] [layer=0] look_indexs=[0], X_cur_test.shape=(1591, 7)
[ 2018-07-28 00:25:17,194][cascade_classifier.fit_transform] X_groups_train.shape=[(3228, 7)],y_train.shape=(3228,),X_groups_test.shape=[(1591, 7)],y_test.shape=(1591,)
[ 2018-07-28 00:25:17,195][cascade_classifier.fit_transform] group_dims=[7]
[ 2018-07-28 00:25:17,196][cascade_classifier.fit_transform] group_starts=[0]
[ 2018-07-28 00:25:17,197][cascade_classifier.fit_transform] group_ends=[7]
[ 2018-07-28 00:25:17,198][cascade_classifier.fit_transform] X_train.shape=(3228, 7),X_test.shape=(1591, 7)
[ 2018-07-28 00:25:17,199][cascade_classifier.fit_transform] [layer=0] look_indexs=[0], X_cur_train.shape=(3228, 7), X_cur_test.shape=(1591, 7)
[ 2018-07-28 00:25:17,822][kfold_wrapper.log_eval_metrics] Accuracy(layer_0 - estimator_0 - 10_folds.train_0.predict)=98.76%
[ 2018-07-28 00:25:18,683][kfold_wrapper.log_eval_metrics] Accuracy(layer_0 - estimator_0 - 10_folds.train_1.predict)=97.83%
[ 2018-07-28 00:25:19,595][kfold_wrapper.log_eval_metrics] Accuracy(layer_0 - estimator_0 - 10_folds.train_2.predict)=97.83%
[ 2018-07-28 00:25:20,439][kfold_wrapper.log_eval_metrics] Accuracy(layer_0 - estimator_0 - 10_folds.train_3.predict)=98.76%
[ 2018-07-28 00:25:21,344][kfold_wrapper.log_eval_metrics] Accuracy(layer_0 - estimator_0 - 10_folds.train_4.predict)=98.45%
[ 2018-07-28 00:25:22,203][kfold_wrapper.log_eval_metrics] Accuracy(layer_0 - estimator_0 - 10_folds.train_5.predict)=98.14%
[ 2018-07-28 00:25:23,066][kfold_wrapper.log_eval_metrics] Accuracy(layer_0 - estimator_0 - 10_folds.train_6.predict)=98.76%
[ 2018-07-28 00:25:24,200][kfold_wrapper.log_eval_metrics] Accuracy(layer_0 - estimator_0 - 10_folds.train_7.predict)=98.45%
[ 2018-07-28 00:25:25,177][kfold_wrapper.log_eval_metrics] Accuracy(layer_0 - estimator_0 - 10_folds.train_8.predict)=98.45%
[ 2018-07-28 00:25:26,202][kfold_wrapper.log_eval_metrics] Accuracy(layer_0 - estimator_0 - 10_folds.train_9.predict)=97.52%
[ 2018-07-28 00:25:26,411][kfold_wrapper.log_eval_metrics] Accuracy(layer_0 - estimator_0 - 10_folds.train_cv.predict)=98.30%
[ 2018-07-28 00:25:26,412][kfold_wrapper.log_eval_metrics] Accuracy(layer_0 - estimator_0 - 10_folds.test.predict)=98.62%
[ 2018-07-28 00:25:26,416][cascade_classifier.calc_accuracy] Accuracy(layer_0 - train.classifier_average)=98.30%
[ 2018-07-28 00:25:26,417][cascade_classifier.calc_accuracy] Accuracy(layer_0 - test.classifier_average)=98.62%
[ 2018-07-28 00:25:26,418][cascade_classifier.fit_transform] [Result][Reach Max Layer] opt_layer_num=1, accuracy_train=98.30%, accuracy_test=98.62%
[ 2018-07-28 00:25:26,419][cascade_classifier.transform] X_groups_test.shape=[(1591, 7)]
[ 2018-07-28 00:25:26,420][cascade_classifier.transform] group_dims=[7]
[ 2018-07-28 00:25:26,421][cascade_classifier.transform] X_test.shape=(1591, 7)
[ 2018-07-28 00:25:26,422][cascade_classifier.transform] [layer=0] look_indexs=[0], X_cur_test.shape=(1591, 7)
[ 2018-07-28 00:25:28,691][cascade_classifier.fit_transform] X_groups_train.shape=[(3228, 7)],y_train.shape=(3228,),X_groups_test.shape=[(1591, 7)],y_test.shape=(1591,)
[ 2018-07-28 00:25:28,692][cascade_classifier.fit_transform] group_dims=[7]
[ 2018-07-28 00:25:28,696][cascade_classifier.fit_transform] group_starts=[0]
[ 2018-07-28 00:25:28,697][cascade_classifier.fit_transform] group_ends=[7]
[ 2018-07-28 00:25:28,698][cascade_classifier.fit_transform] X_train.shape=(3228, 7),X_test.shape=(1591, 7)
[ 2018-07-28 00:25:28,700][cascade_classifier.fit_transform] [layer=0] look_indexs=[0], X_cur_train.shape=(3228, 7), X_cur_test.shape=(1591, 7)
[ 2018-07-28 00:25:29,401][kfold_wrapper.log_eval_metrics] Accuracy(layer_0 - estimator_0 - 10_folds.train_0.predict)=98.76%
[ 2018-07-28 00:25:30,245][kfold_wrapper.log_eval_metrics] Accuracy(layer_0 - estimator_0 - 10_folds.train_1.predict)=97.21%
[ 2018-07-28 00:25:30,835][kfold_wrapper.log_eval_metrics] Accuracy(layer_0 - estimator_0 - 10_folds.train_2.predict)=97.83%
[ 2018-07-28 00:25:31,427][kfold_wrapper.log_eval_metrics] Accuracy(layer_0 - estimator_0 - 10_folds.train_3.predict)=99.07%
[ 2018-07-28 00:25:32,023][kfold_wrapper.log_eval_metrics] Accuracy(layer_0 - estimator_0 - 10_folds.train_4.predict)=98.45%
[ 2018-07-28 00:25:32,625][kfold_wrapper.log_eval_metrics] Accuracy(layer_0 - estimator_0 - 10_folds.train_5.predict)=98.14%
[ 2018-07-28 00:25:33,218][kfold_wrapper.log_eval_metrics] Accuracy(layer_0 - estimator_0 - 10_folds.train_6.predict)=98.76%
[ 2018-07-28 00:25:33,924][kfold_wrapper.log_eval_metrics] Accuracy(layer_0 - estimator_0 - 10_folds.train_7.predict)=98.14%
[ 2018-07-28 00:25:34,631][kfold_wrapper.log_eval_metrics] Accuracy(layer_0 - estimator_0 - 10_folds.train_8.predict)=98.76%
[ 2018-07-28 00:25:35,226][kfold_wrapper.log_eval_metrics] Accuracy(layer_0 - estimator_0 - 10_folds.train_9.predict)=97.52%
[ 2018-07-28 00:25:35,331][kfold_wrapper.log_eval_metrics] Accuracy(layer_0 - estimator_0 - 10_folds.train_cv.predict)=98.27%
[ 2018-07-28 00:25:35,332][kfold_wrapper.log_eval_metrics] Accuracy(layer_0 - estimator_0 - 10_folds.test.predict)=98.74%
[ 2018-07-28 00:25:35,335][cascade_classifier.calc_accuracy] Accuracy(layer_0 - train.classifier_average)=98.27%
[ 2018-07-28 00:25:35,336][cascade_classifier.calc_accuracy] Accuracy(layer_0 - test.classifier_average)=98.74%
[ 2018-07-28 00:25:35,337][cascade_classifier.fit_transform] [Result][Reach Max Layer] opt_layer_num=1, accuracy_train=98.27%, accuracy_test=98.74%
[ 2018-07-28 00:25:35,338][cascade_classifier.transform] X_groups_test.shape=[(1591, 7)]
[ 2018-07-28 00:25:35,339][cascade_classifier.transform] group_dims=[7]
[ 2018-07-28 00:25:35,340][cascade_classifier.transform] X_test.shape=(1591, 7)
[ 2018-07-28 00:25:35,341][cascade_classifier.transform] [layer=0] look_indexs=[0], X_cur_test.shape=(1591, 7)
[ 2018-07-28 00:25:36,385][cascade_classifier.fit_transform] X_groups_train.shape=[(3228, 7)],y_train.shape=(3228,),X_groups_test.shape=[(1591, 7)],y_test.shape=(1591,)
[ 2018-07-28 00:25:36,386][cascade_classifier.fit_transform] group_dims=[7]
[ 2018-07-28 00:25:36,387][cascade_classifier.fit_transform] group_starts=[0]
[ 2018-07-28 00:25:36,388][cascade_classifier.fit_transform] group_ends=[7]
[ 2018-07-28 00:25:36,388][cascade_classifier.fit_transform] X_train.shape=(3228, 7),X_test.shape=(1591, 7)
[ 2018-07-28 00:25:36,389][cascade_classifier.fit_transform] [layer=0] look_indexs=[0], X_cur_train.shape=(3228, 7), X_cur_test.shape=(1591, 7)
[ 2018-07-28 00:25:36,883][kfold_wrapper.log_eval_metrics] Accuracy(layer_0 - estimator_0 - 10_folds.train_0.predict)=98.45%
[ 2018-07-28 00:25:37,473][kfold_wrapper.log_eval_metrics] Accuracy(layer_0 - estimator_0 - 10_folds.train_1.predict)=96.90%
[ 2018-07-28 00:25:38,064][kfold_wrapper.log_eval_metrics] Accuracy(layer_0 - estimator_0 - 10_folds.train_2.predict)=97.83%
[ 2018-07-28 00:25:38,656][kfold_wrapper.log_eval_metrics] Accuracy(layer_0 - estimator_0 - 10_folds.train_3.predict)=99.07%
[ 2018-07-28 00:25:39,522][kfold_wrapper.log_eval_metrics] Accuracy(layer_0 - estimator_0 - 10_folds.train_4.predict)=99.07%
[ 2018-07-28 00:25:40,242][kfold_wrapper.log_eval_metrics] Accuracy(layer_0 - estimator_0 - 10_folds.train_5.predict)=98.14%
[ 2018-07-28 00:25:41,091][kfold_wrapper.log_eval_metrics] Accuracy(layer_0 - estimator_0 - 10_folds.train_6.predict)=98.45%
[ 2018-07-28 00:25:41,799][kfold_wrapper.log_eval_metrics] Accuracy(layer_0 - estimator_0 - 10_folds.train_7.predict)=98.45%
[ 2018-07-28 00:25:42,510][kfold_wrapper.log_eval_metrics] Accuracy(layer_0 - estimator_0 - 10_folds.train_8.predict)=97.83%
[ 2018-07-28 00:25:43,104][kfold_wrapper.log_eval_metrics] Accuracy(layer_0 - estimator_0 - 10_folds.train_9.predict)=97.52%
[ 2018-07-28 00:25:43,211][kfold_wrapper.log_eval_metrics] Accuracy(layer_0 - estimator_0 - 10_folds.train_cv.predict)=98.17%
[ 2018-07-28 00:25:43,212][kfold_wrapper.log_eval_metrics] Accuracy(layer_0 - estimator_0 - 10_folds.test.predict)=98.62%
[ 2018-07-28 00:25:43,214][cascade_classifier.calc_accuracy] Accuracy(layer_0 - train.classifier_average)=98.17%
[ 2018-07-28 00:25:43,215][cascade_classifier.calc_accuracy] Accuracy(layer_0 - test.classifier_average)=98.62%
[ 2018-07-28 00:25:43,216][cascade_classifier.fit_transform] [Result][Reach Max Layer] opt_layer_num=1, accuracy_train=98.17%, accuracy_test=98.62%
[ 2018-07-28 00:25:43,217][cascade_classifier.transform] X_groups_test.shape=[(1591, 7)]
[ 2018-07-28 00:25:43,218][cascade_classifier.transform] group_dims=[7]
[ 2018-07-28 00:25:43,219][cascade_classifier.transform] X_test.shape=(1591, 7)
[ 2018-07-28 00:25:43,219][cascade_classifier.transform] [layer=0] look_indexs=[0], X_cur_test.shape=(1591, 7)
[ 2018-07-28 00:25:44,262][cascade_classifier.fit_transform] X_groups_train.shape=[(3228, 7)],y_train.shape=(3228,),X_groups_test.shape=[(1591, 7)],y_test.shape=(1591,)
[ 2018-07-28 00:25:44,263][cascade_classifier.fit_transform] group_dims=[7]
[ 2018-07-28 00:25:44,264][cascade_classifier.fit_transform] group_starts=[0]
[ 2018-07-28 00:25:44,265][cascade_classifier.fit_transform] group_ends=[7]
[ 2018-07-28 00:25:44,266][cascade_classifier.fit_transform] X_train.shape=(3228, 7),X_test.shape=(1591, 7)
[ 2018-07-28 00:25:44,267][cascade_classifier.fit_transform] [layer=0] look_indexs=[0], X_cur_train.shape=(3228, 7), X_cur_test.shape=(1591, 7)
[ 2018-07-28 00:25:44,879][kfold_wrapper.log_eval_metrics] Accuracy(layer_0 - estimator_0 - 10_folds.train_0.predict)=98.76%
[ 2018-07-28 00:25:45,734][kfold_wrapper.log_eval_metrics] Accuracy(layer_0 - estimator_0 - 10_folds.train_1.predict)=96.90%
[ 2018-07-28 00:25:46,634][kfold_wrapper.log_eval_metrics] Accuracy(layer_0 - estimator_0 - 10_folds.train_2.predict)=97.83%
[ 2018-07-28 00:25:47,661][kfold_wrapper.log_eval_metrics] Accuracy(layer_0 - estimator_0 - 10_folds.train_3.predict)=99.07%
[ 2018-07-28 00:25:48,616][kfold_wrapper.log_eval_metrics] Accuracy(layer_0 - estimator_0 - 10_folds.train_4.predict)=98.45%
[ 2018-07-28 00:25:49,327][kfold_wrapper.log_eval_metrics] Accuracy(layer_0 - estimator_0 - 10_folds.train_5.predict)=98.14%
[ 2018-07-28 00:25:49,921][kfold_wrapper.log_eval_metrics] Accuracy(layer_0 - estimator_0 - 10_folds.train_6.predict)=99.07%
[ 2018-07-28 00:25:50,513][kfold_wrapper.log_eval_metrics] Accuracy(layer_0 - estimator_0 - 10_folds.train_7.predict)=98.76%
[ 2018-07-28 00:25:51,248][kfold_wrapper.log_eval_metrics] Accuracy(layer_0 - estimator_0 - 10_folds.train_8.predict)=97.52%
[ 2018-07-28 00:25:51,837][kfold_wrapper.log_eval_metrics] Accuracy(layer_0 - estimator_0 - 10_folds.train_9.predict)=96.89%
[ 2018-07-28 00:25:51,942][kfold_wrapper.log_eval_metrics] Accuracy(layer_0 - estimator_0 - 10_folds.train_cv.predict)=98.14%
[ 2018-07-28 00:25:51,943][kfold_wrapper.log_eval_metrics] Accuracy(layer_0 - estimator_0 - 10_folds.test.predict)=98.43%
[ 2018-07-28 00:25:51,946][cascade_classifier.calc_accuracy] Accuracy(layer_0 - train.classifier_average)=98.14%
[ 2018-07-28 00:25:51,947][cascade_classifier.calc_accuracy] Accuracy(layer_0 - test.classifier_average)=98.43%
[ 2018-07-28 00:25:51,948][cascade_classifier.fit_transform] [Result][Reach Max Layer] opt_layer_num=1, accuracy_train=98.14%, accuracy_test=98.43%
[ 2018-07-28 00:25:51,949][cascade_classifier.transform] X_groups_test.shape=[(1591, 7)]
[ 2018-07-28 00:25:51,950][cascade_classifier.transform] group_dims=[7]
[ 2018-07-28 00:25:51,950][cascade_classifier.transform] X_test.shape=(1591, 7)
[ 2018-07-28 00:25:51,951][cascade_classifier.transform] [layer=0] look_indexs=[0], X_cur_test.shape=(1591, 7)
[ 2018-07-28 00:25:52,993][cascade_classifier.fit_transform] X_groups_train.shape=[(3228, 7)],y_train.shape=(3228,),X_groups_test.shape=[(1591, 7)],y_test.shape=(1591,)
[ 2018-07-28 00:25:52,994][cascade_classifier.fit_transform] group_dims=[7]
[ 2018-07-28 00:25:52,996][cascade_classifier.fit_transform] group_starts=[0]
[ 2018-07-28 00:25:52,997][cascade_classifier.fit_transform] group_ends=[7]
[ 2018-07-28 00:25:52,998][cascade_classifier.fit_transform] X_train.shape=(3228, 7),X_test.shape=(1591, 7)
[ 2018-07-28 00:25:52,999][cascade_classifier.fit_transform] [layer=0] look_indexs=[0], X_cur_train.shape=(3228, 7), X_cur_test.shape=(1591, 7)
[ 2018-07-28 00:25:53,492][kfold_wrapper.log_eval_metrics] Accuracy(layer_0 - estimator_0 - 10_folds.train_0.predict)=98.76%
[ 2018-07-28 00:25:54,084][kfold_wrapper.log_eval_metrics] Accuracy(layer_0 - estimator_0 - 10_folds.train_1.predict)=96.90%
[ 2018-07-28 00:25:54,676][kfold_wrapper.log_eval_metrics] Accuracy(layer_0 - estimator_0 - 10_folds.train_2.predict)=97.83%
[ 2018-07-28 00:25:55,268][kfold_wrapper.log_eval_metrics] Accuracy(layer_0 - estimator_0 - 10_folds.train_3.predict)=98.76%
[ 2018-07-28 00:25:55,856][kfold_wrapper.log_eval_metrics] Accuracy(layer_0 - estimator_0 - 10_folds.train_4.predict)=98.14%
[ 2018-07-28 00:25:56,450][kfold_wrapper.log_eval_metrics] Accuracy(layer_0 - estimator_0 - 10_folds.train_5.predict)=98.14%
[ 2018-07-28 00:25:57,042][kfold_wrapper.log_eval_metrics] Accuracy(layer_0 - estimator_0 - 10_folds.train_6.predict)=98.76%
[ 2018-07-28 00:25:57,631][kfold_wrapper.log_eval_metrics] Accuracy(layer_0 - estimator_0 - 10_folds.train_7.predict)=98.14%
[ 2018-07-28 00:25:58,235][kfold_wrapper.log_eval_metrics] Accuracy(layer_0 - estimator_0 - 10_folds.train_8.predict)=97.83%
[ 2018-07-28 00:25:58,826][kfold_wrapper.log_eval_metrics] Accuracy(layer_0 - estimator_0 - 10_folds.train_9.predict)=97.83%
[ 2018-07-28 00:25:58,932][kfold_wrapper.log_eval_metrics] Accuracy(layer_0 - estimator_0 - 10_folds.train_cv.predict)=98.11%
[ 2018-07-28 00:25:58,932][kfold_wrapper.log_eval_metrics] Accuracy(layer_0 - estimator_0 - 10_folds.test.predict)=98.43%
[ 2018-07-28 00:25:58,935][cascade_classifier.calc_accuracy] Accuracy(layer_0 - train.classifier_average)=98.11%
[ 2018-07-28 00:25:58,936][cascade_classifier.calc_accuracy] Accuracy(layer_0 - test.classifier_average)=98.43%
[ 2018-07-28 00:25:58,937][cascade_classifier.fit_transform] [Result][Reach Max Layer] opt_layer_num=1, accuracy_train=98.11%, accuracy_test=98.43%
[ 2018-07-28 00:25:58,937][cascade_classifier.transform] X_groups_test.shape=[(1591, 7)]
[ 2018-07-28 00:25:58,938][cascade_classifier.transform] group_dims=[7]
[ 2018-07-28 00:25:58,939][cascade_classifier.transform] X_test.shape=(1591, 7)
[ 2018-07-28 00:25:58,940][cascade_classifier.transform] [layer=0] look_indexs=[0], X_cur_test.shape=(1591, 7)
[ 2018-07-28 00:26:00,096][cascade_classifier.fit_transform] X_groups_train.shape=[(3228, 7)],y_train.shape=(3228,),X_groups_test.shape=[(1591, 7)],y_test.shape=(1591,)
[ 2018-07-28 00:26:00,097][cascade_classifier.fit_transform] group_dims=[7]
[ 2018-07-28 00:26:00,097][cascade_classifier.fit_transform] group_starts=[0]
[ 2018-07-28 00:26:00,098][cascade_classifier.fit_transform] group_ends=[7]
[ 2018-07-28 00:26:00,099][cascade_classifier.fit_transform] X_train.shape=(3228, 7),X_test.shape=(1591, 7)
[ 2018-07-28 00:26:00,100][cascade_classifier.fit_transform] [layer=0] look_indexs=[0], X_cur_train.shape=(3228, 7), X_cur_test.shape=(1591, 7)
[ 2018-07-28 00:26:00,591][kfold_wrapper.log_eval_metrics] Accuracy(layer_0 - estimator_0 - 10_folds.train_0.predict)=98.45%
[ 2018-07-28 00:26:01,218][kfold_wrapper.log_eval_metrics] Accuracy(layer_0 - estimator_0 - 10_folds.train_1.predict)=97.21%
[ 2018-07-28 00:26:01,926][kfold_wrapper.log_eval_metrics] Accuracy(layer_0 - estimator_0 - 10_folds.train_2.predict)=97.83%
[ 2018-07-28 00:26:02,518][kfold_wrapper.log_eval_metrics] Accuracy(layer_0 - estimator_0 - 10_folds.train_3.predict)=98.45%
[ 2018-07-28 00:26:03,110][kfold_wrapper.log_eval_metrics] Accuracy(layer_0 - estimator_0 - 10_folds.train_4.predict)=98.14%
[ 2018-07-28 00:26:03,953][kfold_wrapper.log_eval_metrics] Accuracy(layer_0 - estimator_0 - 10_folds.train_5.predict)=97.83%
[ 2018-07-28 00:26:04,878][kfold_wrapper.log_eval_metrics] Accuracy(layer_0 - estimator_0 - 10_folds.train_6.predict)=98.45%
[ 2018-07-28 00:26:05,950][kfold_wrapper.log_eval_metrics] Accuracy(layer_0 - estimator_0 - 10_folds.train_7.predict)=98.45%
[ 2018-07-28 00:26:06,921][kfold_wrapper.log_eval_metrics] Accuracy(layer_0 - estimator_0 - 10_folds.train_8.predict)=98.14%
[ 2018-07-28 00:26:07,630][kfold_wrapper.log_eval_metrics] Accuracy(layer_0 - estimator_0 - 10_folds.train_9.predict)=97.52%
[ 2018-07-28 00:26:07,735][kfold_wrapper.log_eval_metrics] Accuracy(layer_0 - estimator_0 - 10_folds.train_cv.predict)=98.05%
[ 2018-07-28 00:26:07,736][kfold_wrapper.log_eval_metrics] Accuracy(layer_0 - estimator_0 - 10_folds.test.predict)=98.43%
[ 2018-07-28 00:26:07,739][cascade_classifier.calc_accuracy] Accuracy(layer_0 - train.classifier_average)=98.05%
[ 2018-07-28 00:26:07,740][cascade_classifier.calc_accuracy] Accuracy(layer_0 - test.classifier_average)=98.43%
[ 2018-07-28 00:26:07,741][cascade_classifier.fit_transform] [Result][Reach Max Layer] opt_layer_num=1, accuracy_train=98.05%, accuracy_test=98.43%
[ 2018-07-28 00:26:07,741][cascade_classifier.transform] X_groups_test.shape=[(1591, 7)]
[ 2018-07-28 00:26:07,742][cascade_classifier.transform] group_dims=[7]
[ 2018-07-28 00:26:07,743][cascade_classifier.transform] X_test.shape=(1591, 7)
[ 2018-07-28 00:26:07,744][cascade_classifier.transform] [layer=0] look_indexs=[0], X_cur_test.shape=(1591, 7)
[ 2018-07-28 00:26:08,901][cascade_classifier.fit_transform] X_groups_train.shape=[(3228, 7)],y_train.shape=(3228,),X_groups_test.shape=[(1591, 7)],y_test.shape=(1591,)
[ 2018-07-28 00:26:08,902][cascade_classifier.fit_transform] group_dims=[7]
[ 2018-07-28 00:26:08,903][cascade_classifier.fit_transform] group_starts=[0]
[ 2018-07-28 00:26:08,904][cascade_classifier.fit_transform] group_ends=[7]
[ 2018-07-28 00:26:08,905][cascade_classifier.fit_transform] X_train.shape=(3228, 7),X_test.shape=(1591, 7)
[ 2018-07-28 00:26:08,906][cascade_classifier.fit_transform] [layer=0] look_indexs=[0], X_cur_train.shape=(3228, 7), X_cur_test.shape=(1591, 7)
[ 2018-07-28 00:26:09,396][kfold_wrapper.log_eval_metrics] Accuracy(layer_0 - estimator_0 - 10_folds.train_0.predict)=97.83%
[ 2018-07-28 00:26:09,987][kfold_wrapper.log_eval_metrics] Accuracy(layer_0 - estimator_0 - 10_folds.train_1.predict)=96.90%
[ 2018-07-28 00:26:10,579][kfold_wrapper.log_eval_metrics] Accuracy(layer_0 - estimator_0 - 10_folds.train_2.predict)=96.90%
[ 2018-07-28 00:26:11,172][kfold_wrapper.log_eval_metrics] Accuracy(layer_0 - estimator_0 - 10_folds.train_3.predict)=99.07%
[ 2018-07-28 00:26:11,908][kfold_wrapper.log_eval_metrics] Accuracy(layer_0 - estimator_0 - 10_folds.train_4.predict)=98.76%
[ 2018-07-28 00:26:12,615][kfold_wrapper.log_eval_metrics] Accuracy(layer_0 - estimator_0 - 10_folds.train_5.predict)=98.14%
[ 2018-07-28 00:26:13,205][kfold_wrapper.log_eval_metrics] Accuracy(layer_0 - estimator_0 - 10_folds.train_6.predict)=98.45%
[ 2018-07-28 00:26:13,799][kfold_wrapper.log_eval_metrics] Accuracy(layer_0 - estimator_0 - 10_folds.train_7.predict)=98.45%
[ 2018-07-28 00:26:14,393][kfold_wrapper.log_eval_metrics] Accuracy(layer_0 - estimator_0 - 10_folds.train_8.predict)=98.14%
[ 2018-07-28 00:26:14,982][kfold_wrapper.log_eval_metrics] Accuracy(layer_0 - estimator_0 - 10_folds.train_9.predict)=97.83%
[ 2018-07-28 00:26:15,088][kfold_wrapper.log_eval_metrics] Accuracy(layer_0 - estimator_0 - 10_folds.train_cv.predict)=98.05%
[ 2018-07-28 00:26:15,089][kfold_wrapper.log_eval_metrics] Accuracy(layer_0 - estimator_0 - 10_folds.test.predict)=98.55%
[ 2018-07-28 00:26:15,092][cascade_classifier.calc_accuracy] Accuracy(layer_0 - train.classifier_average)=98.05%
[ 2018-07-28 00:26:15,093][cascade_classifier.calc_accuracy] Accuracy(layer_0 - test.classifier_average)=98.55%
[ 2018-07-28 00:26:15,094][cascade_classifier.fit_transform] [Result][Reach Max Layer] opt_layer_num=1, accuracy_train=98.05%, accuracy_test=98.55%
[ 2018-07-28 00:26:15,095][cascade_classifier.transform] X_groups_test.shape=[(1591, 7)]
[ 2018-07-28 00:26:15,096][cascade_classifier.transform] group_dims=[7]
[ 2018-07-28 00:26:15,097][cascade_classifier.transform] X_test.shape=(1591, 7)
[ 2018-07-28 00:26:15,097][cascade_classifier.transform] [layer=0] look_indexs=[0], X_cur_test.shape=(1591, 7)
[ 2018-07-28 00:26:16,381][cascade_classifier.fit_transform] X_groups_train.shape=[(3228, 7)],y_train.shape=(3228,),X_groups_test.shape=[(1591, 7)],y_test.shape=(1591,)
[ 2018-07-28 00:26:16,382][cascade_classifier.fit_transform] group_dims=[7]
[ 2018-07-28 00:26:16,383][cascade_classifier.fit_transform] group_starts=[0]
[ 2018-07-28 00:26:16,384][cascade_classifier.fit_transform] group_ends=[7]
[ 2018-07-28 00:26:16,385][cascade_classifier.fit_transform] X_train.shape=(3228, 7),X_test.shape=(1591, 7)
[ 2018-07-28 00:26:16,386][cascade_classifier.fit_transform] [layer=0] look_indexs=[0], X_cur_train.shape=(3228, 7), X_cur_test.shape=(1591, 7)
[ 2018-07-28 00:26:16,879][kfold_wrapper.log_eval_metrics] Accuracy(layer_0 - estimator_0 - 10_folds.train_0.predict)=98.14%
[ 2018-07-28 00:26:17,474][kfold_wrapper.log_eval_metrics] Accuracy(layer_0 - estimator_0 - 10_folds.train_1.predict)=97.21%
[ 2018-07-28 00:26:18,066][kfold_wrapper.log_eval_metrics] Accuracy(layer_0 - estimator_0 - 10_folds.train_2.predict)=97.83%
[ 2018-07-28 00:26:18,661][kfold_wrapper.log_eval_metrics] Accuracy(layer_0 - estimator_0 - 10_folds.train_3.predict)=99.07%
[ 2018-07-28 00:26:19,257][kfold_wrapper.log_eval_metrics] Accuracy(layer_0 - estimator_0 - 10_folds.train_4.predict)=98.45%
[ 2018-07-28 00:26:19,961][kfold_wrapper.log_eval_metrics] Accuracy(layer_0 - estimator_0 - 10_folds.train_5.predict)=97.83%
[ 2018-07-28 00:26:20,555][kfold_wrapper.log_eval_metrics] Accuracy(layer_0 - estimator_0 - 10_folds.train_6.predict)=98.76%
[ 2018-07-28 00:26:21,150][kfold_wrapper.log_eval_metrics] Accuracy(layer_0 - estimator_0 - 10_folds.train_7.predict)=98.45%
[ 2018-07-28 00:26:21,864][kfold_wrapper.log_eval_metrics] Accuracy(layer_0 - estimator_0 - 10_folds.train_8.predict)=98.45%
[ 2018-07-28 00:26:22,860][kfold_wrapper.log_eval_metrics] Accuracy(layer_0 - estimator_0 - 10_folds.train_9.predict)=98.14%
[ 2018-07-28 00:26:23,109][kfold_wrapper.log_eval_metrics] Accuracy(layer_0 - estimator_0 - 10_folds.train_cv.predict)=98.23%
[ 2018-07-28 00:26:23,111][kfold_wrapper.log_eval_metrics] Accuracy(layer_0 - estimator_0 - 10_folds.test.predict)=98.49%
[ 2018-07-28 00:26:23,117][cascade_classifier.calc_accuracy] Accuracy(layer_0 - train.classifier_average)=98.23%
[ 2018-07-28 00:26:23,118][cascade_classifier.calc_accuracy] Accuracy(layer_0 - test.classifier_average)=98.49%
[ 2018-07-28 00:26:23,119][cascade_classifier.fit_transform] [Result][Reach Max Layer] opt_layer_num=1, accuracy_train=98.23%, accuracy_test=98.49%
[ 2018-07-28 00:26:23,120][cascade_classifier.transform] X_groups_test.shape=[(1591, 7)]
[ 2018-07-28 00:26:23,122][cascade_classifier.transform] group_dims=[7]
[ 2018-07-28 00:26:23,123][cascade_classifier.transform] X_test.shape=(1591, 7)
[ 2018-07-28 00:26:23,124][cascade_classifier.transform] [layer=0] look_indexs=[0], X_cur_test.shape=(1591, 7)
[ 2018-07-28 00:26:25,443][cascade_classifier.fit_transform] X_groups_train.shape=[(3228, 7)],y_train.shape=(3228,),X_groups_test.shape=[(1591, 7)],y_test.shape=(1591,)
[ 2018-07-28 00:26:25,444][cascade_classifier.fit_transform] group_dims=[7]
[ 2018-07-28 00:26:25,445][cascade_classifier.fit_transform] group_starts=[0]
[ 2018-07-28 00:26:25,446][cascade_classifier.fit_transform] group_ends=[7]
[ 2018-07-28 00:26:25,447][cascade_classifier.fit_transform] X_train.shape=(3228, 7),X_test.shape=(1591, 7)
[ 2018-07-28 00:26:25,449][cascade_classifier.fit_transform] [layer=0] look_indexs=[0], X_cur_train.shape=(3228, 7), X_cur_test.shape=(1591, 7)
[ 2018-07-28 00:26:25,940][kfold_wrapper.log_eval_metrics] Accuracy(layer_0 - estimator_0 - 10_folds.train_0.predict)=97.83%
[ 2018-07-28 00:26:26,531][kfold_wrapper.log_eval_metrics] Accuracy(layer_0 - estimator_0 - 10_folds.train_1.predict)=97.52%
[ 2018-07-28 00:26:27,125][kfold_wrapper.log_eval_metrics] Accuracy(layer_0 - estimator_0 - 10_folds.train_2.predict)=97.83%
[ 2018-07-28 00:26:27,716][kfold_wrapper.log_eval_metrics] Accuracy(layer_0 - estimator_0 - 10_folds.train_3.predict)=98.76%
[ 2018-07-28 00:26:28,307][kfold_wrapper.log_eval_metrics] Accuracy(layer_0 - estimator_0 - 10_folds.train_4.predict)=98.14%
[ 2018-07-28 00:26:28,895][kfold_wrapper.log_eval_metrics] Accuracy(layer_0 - estimator_0 - 10_folds.train_5.predict)=97.83%
[ 2018-07-28 00:26:29,485][kfold_wrapper.log_eval_metrics] Accuracy(layer_0 - estimator_0 - 10_folds.train_6.predict)=98.45%
[ 2018-07-28 00:26:30,076][kfold_wrapper.log_eval_metrics] Accuracy(layer_0 - estimator_0 - 10_folds.train_7.predict)=98.45%
[ 2018-07-28 00:26:30,784][kfold_wrapper.log_eval_metrics] Accuracy(layer_0 - estimator_0 - 10_folds.train_8.predict)=97.83%
[ 2018-07-28 00:26:31,378][kfold_wrapper.log_eval_metrics] Accuracy(layer_0 - estimator_0 - 10_folds.train_9.predict)=98.14%
[ 2018-07-28 00:26:31,598][kfold_wrapper.log_eval_metrics] Accuracy(layer_0 - estimator_0 - 10_folds.train_cv.predict)=98.08%
[ 2018-07-28 00:26:31,599][kfold_wrapper.log_eval_metrics] Accuracy(layer_0 - estimator_0 - 10_folds.test.predict)=98.62%
[ 2018-07-28 00:26:31,602][cascade_classifier.calc_accuracy] Accuracy(layer_0 - train.classifier_average)=98.08%
[ 2018-07-28 00:26:31,603][cascade_classifier.calc_accuracy] Accuracy(layer_0 - test.classifier_average)=98.62%
[ 2018-07-28 00:26:31,603][cascade_classifier.fit_transform] [Result][Reach Max Layer] opt_layer_num=1, accuracy_train=98.08%, accuracy_test=98.62%
[ 2018-07-28 00:26:31,604][cascade_classifier.transform] X_groups_test.shape=[(1591, 7)]
[ 2018-07-28 00:26:31,605][cascade_classifier.transform] group_dims=[7]
[ 2018-07-28 00:26:31,606][cascade_classifier.transform] X_test.shape=(1591, 7)
[ 2018-07-28 00:26:31,607][cascade_classifier.transform] [layer=0] look_indexs=[0], X_cur_test.shape=(1591, 7)
[ 2018-07-28 00:26:32,651][cascade_classifier.fit_transform] X_groups_train.shape=[(3228, 7)],y_train.shape=(3228,),X_groups_test.shape=[(1591, 7)],y_test.shape=(1591,)
[ 2018-07-28 00:26:32,653][cascade_classifier.fit_transform] group_dims=[7]
[ 2018-07-28 00:26:32,653][cascade_classifier.fit_transform] group_starts=[0]
[ 2018-07-28 00:26:32,654][cascade_classifier.fit_transform] group_ends=[7]
[ 2018-07-28 00:26:32,655][cascade_classifier.fit_transform] X_train.shape=(3228, 7),X_test.shape=(1591, 7)
[ 2018-07-28 00:26:32,656][cascade_classifier.fit_transform] [layer=0] look_indexs=[0], X_cur_train.shape=(3228, 7), X_cur_test.shape=(1591, 7)
[ 2018-07-28 00:26:33,147][kfold_wrapper.log_eval_metrics] Accuracy(layer_0 - estimator_0 - 10_folds.train_0.predict)=97.83%
[ 2018-07-28 00:26:33,773][kfold_wrapper.log_eval_metrics] Accuracy(layer_0 - estimator_0 - 10_folds.train_1.predict)=97.21%
[ 2018-07-28 00:26:34,370][kfold_wrapper.log_eval_metrics] Accuracy(layer_0 - estimator_0 - 10_folds.train_2.predict)=97.52%
[ 2018-07-28 00:26:34,973][kfold_wrapper.log_eval_metrics] Accuracy(layer_0 - estimator_0 - 10_folds.train_3.predict)=98.14%
[ 2018-07-28 00:26:35,679][kfold_wrapper.log_eval_metrics] Accuracy(layer_0 - estimator_0 - 10_folds.train_4.predict)=98.45%
[ 2018-07-28 00:26:36,268][kfold_wrapper.log_eval_metrics] Accuracy(layer_0 - estimator_0 - 10_folds.train_5.predict)=98.14%
[ 2018-07-28 00:26:36,859][kfold_wrapper.log_eval_metrics] Accuracy(layer_0 - estimator_0 - 10_folds.train_6.predict)=98.76%
[ 2018-07-28 00:26:37,452][kfold_wrapper.log_eval_metrics] Accuracy(layer_0 - estimator_0 - 10_folds.train_7.predict)=98.14%
[ 2018-07-28 00:26:38,159][kfold_wrapper.log_eval_metrics] Accuracy(layer_0 - estimator_0 - 10_folds.train_8.predict)=98.14%
[ 2018-07-28 00:26:38,753][kfold_wrapper.log_eval_metrics] Accuracy(layer_0 - estimator_0 - 10_folds.train_9.predict)=97.83%
[ 2018-07-28 00:26:38,973][kfold_wrapper.log_eval_metrics] Accuracy(layer_0 - estimator_0 - 10_folds.train_cv.predict)=98.02%
[ 2018-07-28 00:26:38,974][kfold_wrapper.log_eval_metrics] Accuracy(layer_0 - estimator_0 - 10_folds.test.predict)=98.62%
[ 2018-07-28 00:26:38,977][cascade_classifier.calc_accuracy] Accuracy(layer_0 - train.classifier_average)=98.02%
[ 2018-07-28 00:26:38,977][cascade_classifier.calc_accuracy] Accuracy(layer_0 - test.classifier_average)=98.62%
[ 2018-07-28 00:26:38,978][cascade_classifier.fit_transform] [Result][Reach Max Layer] opt_layer_num=1, accuracy_train=98.02%, accuracy_test=98.62%
[ 2018-07-28 00:26:38,979][cascade_classifier.transform] X_groups_test.shape=[(1591, 7)]
[ 2018-07-28 00:26:38,980][cascade_classifier.transform] group_dims=[7]
[ 2018-07-28 00:26:38,981][cascade_classifier.transform] X_test.shape=(1591, 7)
[ 2018-07-28 00:26:38,982][cascade_classifier.transform] [layer=0] look_indexs=[0], X_cur_test.shape=(1591, 7)
[ 2018-07-28 00:26:41,009][cascade_classifier.fit_transform] X_groups_train.shape=[(3228, 7)],y_train.shape=(3228,),X_groups_test.shape=[(1591, 7)],y_test.shape=(1591,)
[ 2018-07-28 00:26:41,011][cascade_classifier.fit_transform] group_dims=[7]
[ 2018-07-28 00:26:41,016][cascade_classifier.fit_transform] group_starts=[0]
[ 2018-07-28 00:26:41,019][cascade_classifier.fit_transform] group_ends=[7]
[ 2018-07-28 00:26:41,020][cascade_classifier.fit_transform] X_train.shape=(3228, 7),X_test.shape=(1591, 7)
[ 2018-07-28 00:26:41,021][cascade_classifier.fit_transform] [layer=0] look_indexs=[0], X_cur_train.shape=(3228, 7), X_cur_test.shape=(1591, 7)
[ 2018-07-28 00:26:41,929][kfold_wrapper.log_eval_metrics] Accuracy(layer_0 - estimator_0 - 10_folds.train_0.predict)=97.21%
[ 2018-07-28 00:26:43,110][kfold_wrapper.log_eval_metrics] Accuracy(layer_0 - estimator_0 - 10_folds.train_1.predict)=96.90%
[ 2018-07-28 00:26:44,412][kfold_wrapper.log_eval_metrics] Accuracy(layer_0 - estimator_0 - 10_folds.train_2.predict)=97.52%
[ 2018-07-28 00:26:45,516][kfold_wrapper.log_eval_metrics] Accuracy(layer_0 - estimator_0 - 10_folds.train_3.predict)=98.45%
[ 2018-07-28 00:26:46,449][kfold_wrapper.log_eval_metrics] Accuracy(layer_0 - estimator_0 - 10_folds.train_4.predict)=98.76%
[ 2018-07-28 00:26:47,182][kfold_wrapper.log_eval_metrics] Accuracy(layer_0 - estimator_0 - 10_folds.train_5.predict)=97.83%
[ 2018-07-28 00:26:47,884][kfold_wrapper.log_eval_metrics] Accuracy(layer_0 - estimator_0 - 10_folds.train_6.predict)=99.07%
[ 2018-07-28 00:26:48,474][kfold_wrapper.log_eval_metrics] Accuracy(layer_0 - estimator_0 - 10_folds.train_7.predict)=98.14%
[ 2018-07-28 00:26:49,065][kfold_wrapper.log_eval_metrics] Accuracy(layer_0 - estimator_0 - 10_folds.train_8.predict)=98.45%
[ 2018-07-28 00:26:49,661][kfold_wrapper.log_eval_metrics] Accuracy(layer_0 - estimator_0 - 10_folds.train_9.predict)=97.52%
[ 2018-07-28 00:26:49,766][kfold_wrapper.log_eval_metrics] Accuracy(layer_0 - estimator_0 - 10_folds.train_cv.predict)=97.99%
[ 2018-07-28 00:26:49,767][kfold_wrapper.log_eval_metrics] Accuracy(layer_0 - estimator_0 - 10_folds.test.predict)=98.49%
[ 2018-07-28 00:26:49,770][cascade_classifier.calc_accuracy] Accuracy(layer_0 - train.classifier_average)=97.99%
[ 2018-07-28 00:26:49,771][cascade_classifier.calc_accuracy] Accuracy(layer_0 - test.classifier_average)=98.49%
[ 2018-07-28 00:26:49,772][cascade_classifier.fit_transform] [Result][Reach Max Layer] opt_layer_num=1, accuracy_train=97.99%, accuracy_test=98.49%
[ 2018-07-28 00:26:49,772][cascade_classifier.transform] X_groups_test.shape=[(1591, 7)]
[ 2018-07-28 00:26:49,773][cascade_classifier.transform] group_dims=[7]
[ 2018-07-28 00:26:49,774][cascade_classifier.transform] X_test.shape=(1591, 7)
[ 2018-07-28 00:26:49,775][cascade_classifier.transform] [layer=0] look_indexs=[0], X_cur_test.shape=(1591, 7)
[ 2018-07-28 00:26:50,934][cascade_classifier.fit_transform] X_groups_train.shape=[(3228, 7)],y_train.shape=(3228,),X_groups_test.shape=[(1591, 7)],y_test.shape=(1591,)
[ 2018-07-28 00:26:50,935][cascade_classifier.fit_transform] group_dims=[7]
[ 2018-07-28 00:26:50,936][cascade_classifier.fit_transform] group_starts=[0]
[ 2018-07-28 00:26:50,937][cascade_classifier.fit_transform] group_ends=[7]
[ 2018-07-28 00:26:50,938][cascade_classifier.fit_transform] X_train.shape=(3228, 7),X_test.shape=(1591, 7)
[ 2018-07-28 00:26:50,939][cascade_classifier.fit_transform] [layer=0] look_indexs=[0], X_cur_train.shape=(3228, 7), X_cur_test.shape=(1591, 7)
[ 2018-07-28 00:26:51,430][kfold_wrapper.log_eval_metrics] Accuracy(layer_0 - estimator_0 - 10_folds.train_0.predict)=97.83%
[ 2018-07-28 00:26:52,024][kfold_wrapper.log_eval_metrics] Accuracy(layer_0 - estimator_0 - 10_folds.train_1.predict)=97.21%
[ 2018-07-28 00:26:52,617][kfold_wrapper.log_eval_metrics] Accuracy(layer_0 - estimator_0 - 10_folds.train_2.predict)=97.21%
[ 2018-07-28 00:26:53,206][kfold_wrapper.log_eval_metrics] Accuracy(layer_0 - estimator_0 - 10_folds.train_3.predict)=98.45%
[ 2018-07-28 00:26:53,798][kfold_wrapper.log_eval_metrics] Accuracy(layer_0 - estimator_0 - 10_folds.train_4.predict)=98.45%
[ 2018-07-28 00:26:54,388][kfold_wrapper.log_eval_metrics] Accuracy(layer_0 - estimator_0 - 10_folds.train_5.predict)=98.14%
[ 2018-07-28 00:26:54,981][kfold_wrapper.log_eval_metrics] Accuracy(layer_0 - estimator_0 - 10_folds.train_6.predict)=98.76%
[ 2018-07-28 00:26:55,686][kfold_wrapper.log_eval_metrics] Accuracy(layer_0 - estimator_0 - 10_folds.train_7.predict)=99.07%
[ 2018-07-28 00:26:56,420][kfold_wrapper.log_eval_metrics] Accuracy(layer_0 - estimator_0 - 10_folds.train_8.predict)=98.14%
[ 2018-07-28 00:26:57,014][kfold_wrapper.log_eval_metrics] Accuracy(layer_0 - estimator_0 - 10_folds.train_9.predict)=98.45%
[ 2018-07-28 00:26:57,118][kfold_wrapper.log_eval_metrics] Accuracy(layer_0 - estimator_0 - 10_folds.train_cv.predict)=98.17%
[ 2018-07-28 00:26:57,119][kfold_wrapper.log_eval_metrics] Accuracy(layer_0 - estimator_0 - 10_folds.test.predict)=98.49%
[ 2018-07-28 00:26:57,122][cascade_classifier.calc_accuracy] Accuracy(layer_0 - train.classifier_average)=98.17%
[ 2018-07-28 00:26:57,123][cascade_classifier.calc_accuracy] Accuracy(layer_0 - test.classifier_average)=98.49%
[ 2018-07-28 00:26:57,124][cascade_classifier.fit_transform] [Result][Reach Max Layer] opt_layer_num=1, accuracy_train=98.17%, accuracy_test=98.49%
[ 2018-07-28 00:26:57,125][cascade_classifier.transform] X_groups_test.shape=[(1591, 7)]
[ 2018-07-28 00:26:57,126][cascade_classifier.transform] group_dims=[7]
[ 2018-07-28 00:26:57,126][cascade_classifier.transform] X_test.shape=(1591, 7)
[ 2018-07-28 00:26:57,127][cascade_classifier.transform] [layer=0] look_indexs=[0], X_cur_test.shape=(1591, 7)
[ 2018-07-28 00:26:58,170][cascade_classifier.fit_transform] X_groups_train.shape=[(3228, 7)],y_train.shape=(3228,),X_groups_test.shape=[(1591, 7)],y_test.shape=(1591,)
[ 2018-07-28 00:26:58,171][cascade_classifier.fit_transform] group_dims=[7]
[ 2018-07-28 00:26:58,172][cascade_classifier.fit_transform] group_starts=[0]
[ 2018-07-28 00:26:58,172][cascade_classifier.fit_transform] group_ends=[7]
[ 2018-07-28 00:26:58,173][cascade_classifier.fit_transform] X_train.shape=(3228, 7),X_test.shape=(1591, 7)
[ 2018-07-28 00:26:58,174][cascade_classifier.fit_transform] [layer=0] look_indexs=[0], X_cur_train.shape=(3228, 7), X_cur_test.shape=(1591, 7)
[ 2018-07-28 00:26:58,663][kfold_wrapper.log_eval_metrics] Accuracy(layer_0 - estimator_0 - 10_folds.train_0.predict)=97.52%
[ 2018-07-28 00:26:59,254][kfold_wrapper.log_eval_metrics] Accuracy(layer_0 - estimator_0 - 10_folds.train_1.predict)=97.21%
[ 2018-07-28 00:26:59,842][kfold_wrapper.log_eval_metrics] Accuracy(layer_0 - estimator_0 - 10_folds.train_2.predict)=96.90%
[ 2018-07-28 00:27:00,430][kfold_wrapper.log_eval_metrics] Accuracy(layer_0 - estimator_0 - 10_folds.train_3.predict)=98.14%
[ 2018-07-28 00:27:01,152][kfold_wrapper.log_eval_metrics] Accuracy(layer_0 - estimator_0 - 10_folds.train_4.predict)=98.76%
[ 2018-07-28 00:27:02,005][kfold_wrapper.log_eval_metrics] Accuracy(layer_0 - estimator_0 - 10_folds.train_5.predict)=97.52%
[ 2018-07-28 00:27:02,961][kfold_wrapper.log_eval_metrics] Accuracy(layer_0 - estimator_0 - 10_folds.train_6.predict)=98.76%
[ 2018-07-28 00:27:03,965][kfold_wrapper.log_eval_metrics] Accuracy(layer_0 - estimator_0 - 10_folds.train_7.predict)=97.83%
[ 2018-07-28 00:27:04,812][kfold_wrapper.log_eval_metrics] Accuracy(layer_0 - estimator_0 - 10_folds.train_8.predict)=97.83%
[ 2018-07-28 00:27:05,408][kfold_wrapper.log_eval_metrics] Accuracy(layer_0 - estimator_0 - 10_folds.train_9.predict)=98.14%
[ 2018-07-28 00:27:05,512][kfold_wrapper.log_eval_metrics] Accuracy(layer_0 - estimator_0 - 10_folds.train_cv.predict)=97.86%
[ 2018-07-28 00:27:05,513][kfold_wrapper.log_eval_metrics] Accuracy(layer_0 - estimator_0 - 10_folds.test.predict)=98.37%
[ 2018-07-28 00:27:05,516][cascade_classifier.calc_accuracy] Accuracy(layer_0 - train.classifier_average)=97.86%
[ 2018-07-28 00:27:05,517][cascade_classifier.calc_accuracy] Accuracy(layer_0 - test.classifier_average)=98.37%
[ 2018-07-28 00:27:05,519][cascade_classifier.fit_transform] [Result][Reach Max Layer] opt_layer_num=1, accuracy_train=97.86%, accuracy_test=98.37%
[ 2018-07-28 00:27:05,520][cascade_classifier.transform] X_groups_test.shape=[(1591, 7)]
[ 2018-07-28 00:27:05,521][cascade_classifier.transform] group_dims=[7]
[ 2018-07-28 00:27:05,522][cascade_classifier.transform] X_test.shape=(1591, 7)
[ 2018-07-28 00:27:05,523][cascade_classifier.transform] [layer=0] look_indexs=[0], X_cur_test.shape=(1591, 7)
[ 2018-07-28 00:27:06,676][cascade_classifier.fit_transform] X_groups_train.shape=[(3228, 7)],y_train.shape=(3228,),X_groups_test.shape=[(1591, 7)],y_test.shape=(1591,)
[ 2018-07-28 00:27:06,678][cascade_classifier.fit_transform] group_dims=[7]
[ 2018-07-28 00:27:06,678][cascade_classifier.fit_transform] group_starts=[0]
[ 2018-07-28 00:27:06,679][cascade_classifier.fit_transform] group_ends=[7]
[ 2018-07-28 00:27:06,680][cascade_classifier.fit_transform] X_train.shape=(3228, 7),X_test.shape=(1591, 7)
[ 2018-07-28 00:27:06,681][cascade_classifier.fit_transform] [layer=0] look_indexs=[0], X_cur_train.shape=(3228, 7), X_cur_test.shape=(1591, 7)
[ 2018-07-28 00:27:07,175][kfold_wrapper.log_eval_metrics] Accuracy(layer_0 - estimator_0 - 10_folds.train_0.predict)=97.52%
[ 2018-07-28 00:27:07,801][kfold_wrapper.log_eval_metrics] Accuracy(layer_0 - estimator_0 - 10_folds.train_1.predict)=97.52%
[ 2018-07-28 00:27:08,395][kfold_wrapper.log_eval_metrics] Accuracy(layer_0 - estimator_0 - 10_folds.train_2.predict)=96.59%
[ 2018-07-28 00:27:09,102][kfold_wrapper.log_eval_metrics] Accuracy(layer_0 - estimator_0 - 10_folds.train_3.predict)=99.07%
[ 2018-07-28 00:27:09,697][kfold_wrapper.log_eval_metrics] Accuracy(layer_0 - estimator_0 - 10_folds.train_4.predict)=97.83%
[ 2018-07-28 00:27:10,402][kfold_wrapper.log_eval_metrics] Accuracy(layer_0 - estimator_0 - 10_folds.train_5.predict)=97.52%
[ 2018-07-28 00:27:10,995][kfold_wrapper.log_eval_metrics] Accuracy(layer_0 - estimator_0 - 10_folds.train_6.predict)=98.14%
[ 2018-07-28 00:27:11,587][kfold_wrapper.log_eval_metrics] Accuracy(layer_0 - estimator_0 - 10_folds.train_7.predict)=98.14%
[ 2018-07-28 00:27:12,177][kfold_wrapper.log_eval_metrics] Accuracy(layer_0 - estimator_0 - 10_folds.train_8.predict)=97.83%
[ 2018-07-28 00:27:12,770][kfold_wrapper.log_eval_metrics] Accuracy(layer_0 - estimator_0 - 10_folds.train_9.predict)=97.83%
[ 2018-07-28 00:27:12,874][kfold_wrapper.log_eval_metrics] Accuracy(layer_0 - estimator_0 - 10_folds.train_cv.predict)=97.80%
[ 2018-07-28 00:27:12,875][kfold_wrapper.log_eval_metrics] Accuracy(layer_0 - estimator_0 - 10_folds.test.predict)=98.43%
[ 2018-07-28 00:27:12,878][cascade_classifier.calc_accuracy] Accuracy(layer_0 - train.classifier_average)=97.80%
[ 2018-07-28 00:27:12,878][cascade_classifier.calc_accuracy] Accuracy(layer_0 - test.classifier_average)=98.43%
[ 2018-07-28 00:27:12,879][cascade_classifier.fit_transform] [Result][Reach Max Layer] opt_layer_num=1, accuracy_train=97.80%, accuracy_test=98.43%
[ 2018-07-28 00:27:12,880][cascade_classifier.transform] X_groups_test.shape=[(1591, 7)]
[ 2018-07-28 00:27:12,881][cascade_classifier.transform] group_dims=[7]
[ 2018-07-28 00:27:12,882][cascade_classifier.transform] X_test.shape=(1591, 7)
[ 2018-07-28 00:27:12,883][cascade_classifier.transform] [layer=0] look_indexs=[0], X_cur_test.shape=(1591, 7)
[ 2018-07-28 00:27:14,390][cascade_classifier.fit_transform] X_groups_train.shape=[(3228, 7)],y_train.shape=(3228,),X_groups_test.shape=[(1591, 7)],y_test.shape=(1591,)
[ 2018-07-28 00:27:14,391][cascade_classifier.fit_transform] group_dims=[7]
[ 2018-07-28 00:27:14,392][cascade_classifier.fit_transform] group_starts=[0]
[ 2018-07-28 00:27:14,393][cascade_classifier.fit_transform] group_ends=[7]
[ 2018-07-28 00:27:14,394][cascade_classifier.fit_transform] X_train.shape=(3228, 7),X_test.shape=(1591, 7)
[ 2018-07-28 00:27:14,395][cascade_classifier.fit_transform] [layer=0] look_indexs=[0], X_cur_train.shape=(3228, 7), X_cur_test.shape=(1591, 7)
[ 2018-07-28 00:27:14,887][kfold_wrapper.log_eval_metrics] Accuracy(layer_0 - estimator_0 - 10_folds.train_0.predict)=97.52%
[ 2018-07-28 00:27:15,476][kfold_wrapper.log_eval_metrics] Accuracy(layer_0 - estimator_0 - 10_folds.train_1.predict)=97.52%
[ 2018-07-28 00:27:16,068][kfold_wrapper.log_eval_metrics] Accuracy(layer_0 - estimator_0 - 10_folds.train_2.predict)=96.90%
[ 2018-07-28 00:27:16,657][kfold_wrapper.log_eval_metrics] Accuracy(layer_0 - estimator_0 - 10_folds.train_3.predict)=98.14%
[ 2018-07-28 00:27:17,289][kfold_wrapper.log_eval_metrics] Accuracy(layer_0 - estimator_0 - 10_folds.train_4.predict)=98.14%
[ 2018-07-28 00:27:17,885][kfold_wrapper.log_eval_metrics] Accuracy(layer_0 - estimator_0 - 10_folds.train_5.predict)=97.83%
[ 2018-07-28 00:27:18,477][kfold_wrapper.log_eval_metrics] Accuracy(layer_0 - estimator_0 - 10_folds.train_6.predict)=99.07%
[ 2018-07-28 00:27:19,072][kfold_wrapper.log_eval_metrics] Accuracy(layer_0 - estimator_0 - 10_folds.train_7.predict)=98.14%
[ 2018-07-28 00:27:19,979][kfold_wrapper.log_eval_metrics] Accuracy(layer_0 - estimator_0 - 10_folds.train_8.predict)=97.83%
[ 2018-07-28 00:27:20,977][kfold_wrapper.log_eval_metrics] Accuracy(layer_0 - estimator_0 - 10_folds.train_9.predict)=97.83%
[ 2018-07-28 00:27:21,216][kfold_wrapper.log_eval_metrics] Accuracy(layer_0 - estimator_0 - 10_folds.train_cv.predict)=97.89%
[ 2018-07-28 00:27:21,218][kfold_wrapper.log_eval_metrics] Accuracy(layer_0 - estimator_0 - 10_folds.test.predict)=98.37%
[ 2018-07-28 00:27:21,221][cascade_classifier.calc_accuracy] Accuracy(layer_0 - train.classifier_average)=97.89%
[ 2018-07-28 00:27:21,222][cascade_classifier.calc_accuracy] Accuracy(layer_0 - test.classifier_average)=98.37%
[ 2018-07-28 00:27:21,223][cascade_classifier.fit_transform] [Result][Reach Max Layer] opt_layer_num=1, accuracy_train=97.89%, accuracy_test=98.37%
[ 2018-07-28 00:27:21,224][cascade_classifier.transform] X_groups_test.shape=[(1591, 7)]
[ 2018-07-28 00:27:21,226][cascade_classifier.transform] group_dims=[7]
[ 2018-07-28 00:27:21,227][cascade_classifier.transform] X_test.shape=(1591, 7)
[ 2018-07-28 00:27:21,229][cascade_classifier.transform] [layer=0] look_indexs=[0], X_cur_test.shape=(1591, 7)
[ 2018-07-28 00:27:23,319][cascade_classifier.fit_transform] X_groups_train.shape=[(3228, 7)],y_train.shape=(3228,),X_groups_test.shape=[(1591, 7)],y_test.shape=(1591,)
[ 2018-07-28 00:27:23,320][cascade_classifier.fit_transform] group_dims=[7]
[ 2018-07-28 00:27:23,321][cascade_classifier.fit_transform] group_starts=[0]
[ 2018-07-28 00:27:23,322][cascade_classifier.fit_transform] group_ends=[7]
[ 2018-07-28 00:27:23,323][cascade_classifier.fit_transform] X_train.shape=(3228, 7),X_test.shape=(1591, 7)
[ 2018-07-28 00:27:23,325][cascade_classifier.fit_transform] [layer=0] look_indexs=[0], X_cur_train.shape=(3228, 7), X_cur_test.shape=(1591, 7)
[ 2018-07-28 00:27:23,815][kfold_wrapper.log_eval_metrics] Accuracy(layer_0 - estimator_0 - 10_folds.train_0.predict)=97.21%
[ 2018-07-28 00:27:24,550][kfold_wrapper.log_eval_metrics] Accuracy(layer_0 - estimator_0 - 10_folds.train_1.predict)=97.21%
[ 2018-07-28 00:27:25,266][kfold_wrapper.log_eval_metrics] Accuracy(layer_0 - estimator_0 - 10_folds.train_2.predict)=96.90%
[ 2018-07-28 00:27:25,975][kfold_wrapper.log_eval_metrics] Accuracy(layer_0 - estimator_0 - 10_folds.train_3.predict)=98.45%
[ 2018-07-28 00:27:26,569][kfold_wrapper.log_eval_metrics] Accuracy(layer_0 - estimator_0 - 10_folds.train_4.predict)=98.14%
[ 2018-07-28 00:27:27,158][kfold_wrapper.log_eval_metrics] Accuracy(layer_0 - estimator_0 - 10_folds.train_5.predict)=97.21%
[ 2018-07-28 00:27:27,752][kfold_wrapper.log_eval_metrics] Accuracy(layer_0 - estimator_0 - 10_folds.train_6.predict)=98.45%
[ 2018-07-28 00:27:28,344][kfold_wrapper.log_eval_metrics] Accuracy(layer_0 - estimator_0 - 10_folds.train_7.predict)=97.83%
[ 2018-07-28 00:27:29,100][kfold_wrapper.log_eval_metrics] Accuracy(layer_0 - estimator_0 - 10_folds.train_8.predict)=97.83%
[ 2018-07-28 00:27:30,052][kfold_wrapper.log_eval_metrics] Accuracy(layer_0 - estimator_0 - 10_folds.train_9.predict)=97.20%
[ 2018-07-28 00:27:30,294][kfold_wrapper.log_eval_metrics] Accuracy(layer_0 - estimator_0 - 10_folds.train_cv.predict)=97.65%
[ 2018-07-28 00:27:30,295][kfold_wrapper.log_eval_metrics] Accuracy(layer_0 - estimator_0 - 10_folds.test.predict)=98.49%
[ 2018-07-28 00:27:30,298][cascade_classifier.calc_accuracy] Accuracy(layer_0 - train.classifier_average)=97.65%
[ 2018-07-28 00:27:30,299][cascade_classifier.calc_accuracy] Accuracy(layer_0 - test.classifier_average)=98.49%
[ 2018-07-28 00:27:30,300][cascade_classifier.fit_transform] [Result][Reach Max Layer] opt_layer_num=1, accuracy_train=97.65%, accuracy_test=98.49%
[ 2018-07-28 00:27:30,301][cascade_classifier.transform] X_groups_test.shape=[(1591, 7)]
[ 2018-07-28 00:27:30,301][cascade_classifier.transform] group_dims=[7]
[ 2018-07-28 00:27:30,302][cascade_classifier.transform] X_test.shape=(1591, 7)
[ 2018-07-28 00:27:30,303][cascade_classifier.transform] [layer=0] look_indexs=[0], X_cur_test.shape=(1591, 7)
[ 2018-07-28 00:27:32,077][cascade_classifier.fit_transform] X_groups_train.shape=[(3228, 7)],y_train.shape=(3228,),X_groups_test.shape=[(1591, 7)],y_test.shape=(1591,)
[ 2018-07-28 00:27:32,078][cascade_classifier.fit_transform] group_dims=[7]
[ 2018-07-28 00:27:32,079][cascade_classifier.fit_transform] group_starts=[0]
[ 2018-07-28 00:27:32,080][cascade_classifier.fit_transform] group_ends=[7]
[ 2018-07-28 00:27:32,081][cascade_classifier.fit_transform] X_train.shape=(3228, 7),X_test.shape=(1591, 7)
[ 2018-07-28 00:27:32,082][cascade_classifier.fit_transform] [layer=0] look_indexs=[0], X_cur_train.shape=(3228, 7), X_cur_test.shape=(1591, 7)
[ 2018-07-28 00:27:32,572][kfold_wrapper.log_eval_metrics] Accuracy(layer_0 - estimator_0 - 10_folds.train_0.predict)=98.14%
[ 2018-07-28 00:27:33,284][kfold_wrapper.log_eval_metrics] Accuracy(layer_0 - estimator_0 - 10_folds.train_1.predict)=97.83%
[ 2018-07-28 00:27:33,992][kfold_wrapper.log_eval_metrics] Accuracy(layer_0 - estimator_0 - 10_folds.train_2.predict)=97.21%
[ 2018-07-28 00:27:34,683][kfold_wrapper.log_eval_metrics] Accuracy(layer_0 - estimator_0 - 10_folds.train_3.predict)=98.14%
[ 2018-07-28 00:27:35,594][kfold_wrapper.log_eval_metrics] Accuracy(layer_0 - estimator_0 - 10_folds.train_4.predict)=98.76%
[ 2018-07-28 00:27:36,423][kfold_wrapper.log_eval_metrics] Accuracy(layer_0 - estimator_0 - 10_folds.train_5.predict)=97.21%
[ 2018-07-28 00:27:37,031][kfold_wrapper.log_eval_metrics] Accuracy(layer_0 - estimator_0 - 10_folds.train_6.predict)=97.52%
[ 2018-07-28 00:27:37,993][kfold_wrapper.log_eval_metrics] Accuracy(layer_0 - estimator_0 - 10_folds.train_7.predict)=98.14%
[ 2018-07-28 00:27:38,985][kfold_wrapper.log_eval_metrics] Accuracy(layer_0 - estimator_0 - 10_folds.train_8.predict)=98.14%
[ 2018-07-28 00:27:40,007][kfold_wrapper.log_eval_metrics] Accuracy(layer_0 - estimator_0 - 10_folds.train_9.predict)=97.52%
[ 2018-07-28 00:27:40,231][kfold_wrapper.log_eval_metrics] Accuracy(layer_0 - estimator_0 - 10_folds.train_cv.predict)=97.86%
[ 2018-07-28 00:27:40,233][kfold_wrapper.log_eval_metrics] Accuracy(layer_0 - estimator_0 - 10_folds.test.predict)=98.55%
[ 2018-07-28 00:27:40,237][cascade_classifier.calc_accuracy] Accuracy(layer_0 - train.classifier_average)=97.86%
[ 2018-07-28 00:27:40,238][cascade_classifier.calc_accuracy] Accuracy(layer_0 - test.classifier_average)=98.55%
[ 2018-07-28 00:27:40,240][cascade_classifier.fit_transform] [Result][Reach Max Layer] opt_layer_num=1, accuracy_train=97.86%, accuracy_test=98.55%
[ 2018-07-28 00:27:40,241][cascade_classifier.transform] X_groups_test.shape=[(1591, 7)]
[ 2018-07-28 00:27:40,242][cascade_classifier.transform] group_dims=[7]
[ 2018-07-28 00:27:40,243][cascade_classifier.transform] X_test.shape=(1591, 7)
[ 2018-07-28 00:27:40,245][cascade_classifier.transform] [layer=0] look_indexs=[0], X_cur_test.shape=(1591, 7)
[ 2018-07-28 00:27:42,588][cascade_classifier.fit_transform] X_groups_train.shape=[(3228, 7)],y_train.shape=(3228,),X_groups_test.shape=[(1591, 7)],y_test.shape=(1591,)
[ 2018-07-28 00:27:42,589][cascade_classifier.fit_transform] group_dims=[7]
[ 2018-07-28 00:27:42,590][cascade_classifier.fit_transform] group_starts=[0]
[ 2018-07-28 00:27:42,591][cascade_classifier.fit_transform] group_ends=[7]
[ 2018-07-28 00:27:42,591][cascade_classifier.fit_transform] X_train.shape=(3228, 7),X_test.shape=(1591, 7)
[ 2018-07-28 00:27:42,592][cascade_classifier.fit_transform] [layer=0] look_indexs=[0], X_cur_train.shape=(3228, 7), X_cur_test.shape=(1591, 7)
[ 2018-07-28 00:27:43,090][kfold_wrapper.log_eval_metrics] Accuracy(layer_0 - estimator_0 - 10_folds.train_0.predict)=97.52%
[ 2018-07-28 00:27:43,811][kfold_wrapper.log_eval_metrics] Accuracy(layer_0 - estimator_0 - 10_folds.train_1.predict)=97.83%
[ 2018-07-28 00:27:44,643][kfold_wrapper.log_eval_metrics] Accuracy(layer_0 - estimator_0 - 10_folds.train_2.predict)=97.21%
[ 2018-07-28 00:27:45,362][kfold_wrapper.log_eval_metrics] Accuracy(layer_0 - estimator_0 - 10_folds.train_3.predict)=98.14%
[ 2018-07-28 00:27:46,072][kfold_wrapper.log_eval_metrics] Accuracy(layer_0 - estimator_0 - 10_folds.train_4.predict)=98.45%
[ 2018-07-28 00:27:46,666][kfold_wrapper.log_eval_metrics] Accuracy(layer_0 - estimator_0 - 10_folds.train_5.predict)=97.21%
[ 2018-07-28 00:27:47,255][kfold_wrapper.log_eval_metrics] Accuracy(layer_0 - estimator_0 - 10_folds.train_6.predict)=98.14%
[ 2018-07-28 00:27:47,851][kfold_wrapper.log_eval_metrics] Accuracy(layer_0 - estimator_0 - 10_folds.train_7.predict)=98.45%
[ 2018-07-28 00:27:48,445][kfold_wrapper.log_eval_metrics] Accuracy(layer_0 - estimator_0 - 10_folds.train_8.predict)=98.14%
[ 2018-07-28 00:27:49,038][kfold_wrapper.log_eval_metrics] Accuracy(layer_0 - estimator_0 - 10_folds.train_9.predict)=97.52%
[ 2018-07-28 00:27:49,143][kfold_wrapper.log_eval_metrics] Accuracy(layer_0 - estimator_0 - 10_folds.train_cv.predict)=97.86%
[ 2018-07-28 00:27:49,144][kfold_wrapper.log_eval_metrics] Accuracy(layer_0 - estimator_0 - 10_folds.test.predict)=98.62%
[ 2018-07-28 00:27:49,148][cascade_classifier.calc_accuracy] Accuracy(layer_0 - train.classifier_average)=97.86%
[ 2018-07-28 00:27:49,149][cascade_classifier.calc_accuracy] Accuracy(layer_0 - test.classifier_average)=98.62%
[ 2018-07-28 00:27:49,150][cascade_classifier.fit_transform] [Result][Reach Max Layer] opt_layer_num=1, accuracy_train=97.86%, accuracy_test=98.62%
[ 2018-07-28 00:27:49,150][cascade_classifier.transform] X_groups_test.shape=[(1591, 7)]
[ 2018-07-28 00:27:49,151][cascade_classifier.transform] group_dims=[7]
[ 2018-07-28 00:27:49,152][cascade_classifier.transform] X_test.shape=(1591, 7)
[ 2018-07-28 00:27:49,153][cascade_classifier.transform] [layer=0] look_indexs=[0], X_cur_test.shape=(1591, 7)
[ 2018-07-28 00:27:50,194][cascade_classifier.fit_transform] X_groups_train.shape=[(3228, 7)],y_train.shape=(3228,),X_groups_test.shape=[(1591, 7)],y_test.shape=(1591,)
[ 2018-07-28 00:27:50,195][cascade_classifier.fit_transform] group_dims=[7]
[ 2018-07-28 00:27:50,196][cascade_classifier.fit_transform] group_starts=[0]
[ 2018-07-28 00:27:50,197][cascade_classifier.fit_transform] group_ends=[7]
[ 2018-07-28 00:27:50,198][cascade_classifier.fit_transform] X_train.shape=(3228, 7),X_test.shape=(1591, 7)
[ 2018-07-28 00:27:50,200][cascade_classifier.fit_transform] [layer=0] look_indexs=[0], X_cur_train.shape=(3228, 7), X_cur_test.shape=(1591, 7)
[ 2018-07-28 00:27:50,695][kfold_wrapper.log_eval_metrics] Accuracy(layer_0 - estimator_0 - 10_folds.train_0.predict)=97.52%
[ 2018-07-28 00:27:51,284][kfold_wrapper.log_eval_metrics] Accuracy(layer_0 - estimator_0 - 10_folds.train_1.predict)=97.83%
[ 2018-07-28 00:27:51,992][kfold_wrapper.log_eval_metrics] Accuracy(layer_0 - estimator_0 - 10_folds.train_2.predict)=96.59%
[ 2018-07-28 00:27:52,589][kfold_wrapper.log_eval_metrics] Accuracy(layer_0 - estimator_0 - 10_folds.train_3.predict)=98.45%
[ 2018-07-28 00:27:53,184][kfold_wrapper.log_eval_metrics] Accuracy(layer_0 - estimator_0 - 10_folds.train_4.predict)=98.76%
[ 2018-07-28 00:27:53,814][kfold_wrapper.log_eval_metrics] Accuracy(layer_0 - estimator_0 - 10_folds.train_5.predict)=97.21%
[ 2018-07-28 00:27:54,405][kfold_wrapper.log_eval_metrics] Accuracy(layer_0 - estimator_0 - 10_folds.train_6.predict)=97.83%
[ 2018-07-28 00:27:55,113][kfold_wrapper.log_eval_metrics] Accuracy(layer_0 - estimator_0 - 10_folds.train_7.predict)=97.52%
[ 2018-07-28 00:27:55,705][kfold_wrapper.log_eval_metrics] Accuracy(layer_0 - estimator_0 - 10_folds.train_8.predict)=97.83%
[ 2018-07-28 00:27:56,301][kfold_wrapper.log_eval_metrics] Accuracy(layer_0 - estimator_0 - 10_folds.train_9.predict)=97.83%
[ 2018-07-28 00:27:56,406][kfold_wrapper.log_eval_metrics] Accuracy(layer_0 - estimator_0 - 10_folds.train_cv.predict)=97.74%
[ 2018-07-28 00:27:56,407][kfold_wrapper.log_eval_metrics] Accuracy(layer_0 - estimator_0 - 10_folds.test.predict)=98.68%
[ 2018-07-28 00:27:56,410][cascade_classifier.calc_accuracy] Accuracy(layer_0 - train.classifier_average)=97.74%
[ 2018-07-28 00:27:56,411][cascade_classifier.calc_accuracy] Accuracy(layer_0 - test.classifier_average)=98.68%
[ 2018-07-28 00:27:56,411][cascade_classifier.fit_transform] [Result][Reach Max Layer] opt_layer_num=1, accuracy_train=97.74%, accuracy_test=98.68%
[ 2018-07-28 00:27:56,412][cascade_classifier.transform] X_groups_test.shape=[(1591, 7)]
[ 2018-07-28 00:27:56,413][cascade_classifier.transform] group_dims=[7]
[ 2018-07-28 00:27:56,414][cascade_classifier.transform] X_test.shape=(1591, 7)
[ 2018-07-28 00:27:56,415][cascade_classifier.transform] [layer=0] look_indexs=[0], X_cur_test.shape=(1591, 7)
